src/main/services/dashboardService.ts(200,41): error TS2677: A type predicate's type must be assignable to its parameter's type.
  Type 'ActivityItem' is not assignable to type '{ id: string; type: ActivityType; title: string; description: string; timestamp: string; status: "info"; actionUrl: string; }'.
    Types of property 'status' are incompatible.
      Type '"error" | "warning" | "success" | "info"' is not assignable to type '"info"'.
        Type '"error"' is not assignable to type '"info"'.
src/renderer/components/organisms/Modal.tsx(9,20): error TS2307: Cannot find module '../../lib/utils' or its corresponding type declarations.
src/renderer/hooks/useMigrationReportLogic.ts(128,53): error TS2363: The right-hand side of an arithmetic operation must be of type 'any', 'number', 'bigint' or an enum type.
src/renderer/hooks/useUserDetailLogic.ts(147,7): error TS2353: Object literal may only specify known properties, and 'component' does not exist in type 'Omit<Modal, "id" | "openedAt">'.
src/renderer/lib/converters/index.ts(288,5): error TS1117: An object literal cannot have multiple properties with the same name.
src/renderer/lib/performanceMonitor.ts(479,41): error TS2339: Property 'onFID' does not exist on type '{ default: typeof import("D:/Scripts/UserMandA/guiv2/node_modules/web-vitals/dist/modules/index"); onCLS: (onReport: (metric: CLSMetric) => void, opts?: ReportOpts) => void; ... 8 more ...; TTFBThresholds: MetricRatingThresholds; }'.
src/renderer/services/dataTransformationService.ts(120,25): error TS2322: Type 'T' is not assignable to type 'object'.
src/renderer/services/dataTransformationService.ts(148,20): error TS2322: Type 'T' is not assignable to type 'object'.
src/renderer/services/dataTransformationService.ts(451,22): error TS2322: Type 'T1 & T2' is not assignable to type 'object'.
src/renderer/services/dataTransformationService.ts(452,29): error TS7053: Element implicitly has an 'any' type because expression of type 'string' can't be used to index type '{}'.
  No index signature with a parameter of type 'string' was found on type '{}'.
src/renderer/services/importService.ts(259,7): error TS2322: Type '(progress: number, message: string) => void' is not assignable to type '(progress: number, rows: number) => void'.
  Types of parameters 'message' and 'rows' are incompatible.
    Type 'number' is not assignable to type 'string'.
src/renderer/services/themeService.test.ts(12,3): error TS7018: Object literal's property 'onchange' implicitly has an 'any' type.
src/renderer/store/useMigrationStore.ts(498,55): error TS2339: Property 'type' does not exist on type 'MigrationTask'.
src/renderer/store/useMigrationStore.ts(499,46): error TS2339: Property 'type' does not exist on type 'MigrationTask'.
src/renderer/store/useMigrationStore.ts(500,34): error TS2339: Property 'parameters' does not exist on type 'MigrationTask'.
src/renderer/store/useMigrationStore.ts(504,33): error TS2339: Property 'timeout' does not exist on type 'MigrationTask'.
src/renderer/store/useMigrationStore.ts(514,26): error TS2339: Property 'critical' does not exist on type 'MigrationTask'.
src/renderer/store/useMigrationStore.ts(521,24): error TS2339: Property 'critical' does not exist on type 'MigrationTask'.
src/renderer/types/models/user.ts(12,18): error TS2430: Interface 'UserData' incorrectly extends interface 'Identifiable'.
  Property 'id' is optional in type 'UserData' but required in type 'Identifiable'.
src/renderer/types/models/user.ts(12,18): error TS2430: Interface 'UserData' incorrectly extends interface 'Named'.
  Property 'name' is optional in type 'UserData' but required in type 'Named'.
src/renderer/views/admin/AboutView.test.tsx(30,5): error TS7018: Object literal's property 'error' implicitly has an 'any' type.
src/renderer/views/admin/AboutView.tsx(152,44): error TS2322: Type 'ForwardRefExoticComponent<Omit<LucideProps, "ref"> & RefAttributes<SVGSVGElement>>' is not assignable to type 'ReactNode'.
src/renderer/views/admin/AboutView.tsx(156,44): error TS2322: Type 'ForwardRefExoticComponent<Omit<LucideProps, "ref"> & RefAttributes<SVGSVGElement>>' is not assignable to type 'ReactNode'.
src/renderer/views/admin/AboutView.tsx(160,44): error TS2322: Type 'ForwardRefExoticComponent<Omit<LucideProps, "ref"> & RefAttributes<SVGSVGElement>>' is not assignable to type 'ReactNode'.
src/renderer/views/admin/AboutView.tsx(163,44): error TS2322: Type 'ForwardRefExoticComponent<Omit<LucideProps, "ref"> & RefAttributes<SVGSVGElement>>' is not assignable to type 'ReactNode'.
src/renderer/views/admin/AuditLogView.test.tsx(30,5): error TS7018: Object literal's property 'error' implicitly has an 'any' type.
src/renderer/views/admin/AuditLogView.tsx(79,11): error TS2322: Type '"error" | "warning" | "success" | "info"' is not assignable to type '"warning" | "success" | "info" | "default" | "primary" | "danger"'.
  Type '"error"' is not assignable to type '"warning" | "success" | "info" | "default" | "primary" | "danger"'.
src/renderer/views/admin/AuditLogView.tsx(110,16): error TS2322: Type '"error" | "success"' is not assignable to type '"warning" | "success" | "info" | "default" | "primary" | "danger"'.
  Type '"error"' is not assignable to type '"warning" | "success" | "info" | "default" | "primary" | "danger"'.
src/renderer/views/admin/AuditLogView.tsx(128,44): error TS2322: Type 'ForwardRefExoticComponent<Omit<LucideProps, "ref"> & RefAttributes<SVGSVGElement>>' is not assignable to type 'ReactNode'.
src/renderer/views/admin/AuditLogView.tsx(131,42): error TS2322: Type 'ForwardRefExoticComponent<Omit<LucideProps, "ref"> & RefAttributes<SVGSVGElement>>' is not assignable to type 'ReactNode'.
src/renderer/views/admin/AuditLogView.tsx(148,12): error TS2322: Type '{ children: Element[]; label: string; value: string; onChange: (e: string) => void; }' is not assignable to type 'IntrinsicAttributes & SelectProps'.
  Property 'children' does not exist on type 'IntrinsicAttributes & SelectProps'.
src/renderer/views/admin/AuditLogView.tsx(151,48): error TS2339: Property 'target' does not exist on type 'string'.
src/renderer/views/admin/AuditLogView.tsx(165,12): error TS2322: Type '{ children: Element[]; label: string; value: string; onChange: (e: string) => void; }' is not assignable to type 'IntrinsicAttributes & SelectProps'.
  Property 'children' does not exist on type 'IntrinsicAttributes & SelectProps'.
src/renderer/views/admin/AuditLogView.tsx(168,50): error TS2339: Property 'target' does not exist on type 'string'.
src/renderer/views/admin/AuditLogView.tsx(178,12): error TS2322: Type '{ children: Element[]; label: string; value: string; onChange: (e: string) => void; }' is not assignable to type 'IntrinsicAttributes & SelectProps'.
  Property 'children' does not exist on type 'IntrinsicAttributes & SelectProps'.
src/renderer/views/admin/AuditLogView.tsx(181,45): error TS2339: Property 'target' does not exist on type 'string'.
src/renderer/views/admin/AuditLogView.tsx(232,11): error TS2322: Type '{ data: AuditLog[]; columns: ({ field: string; headerName: string; sortable: boolean; filter: string; width: number; valueFormatter: (params: any) => string; sort: "desc"; cellRenderer?: undefined; flex?: undefined; } | { ...; } | { ...; } | { ...; })[]; loading: boolean; rowSelection: string; }' is not assignable to type 'IntrinsicAttributes & VirtualizedDataGridProps<AuditLog>'.
  Property 'rowSelection' does not exist on type 'IntrinsicAttributes & VirtualizedDataGridProps<AuditLog>'.
src/renderer/views/admin/BackupRestoreView.test.tsx(30,5): error TS7018: Object literal's property 'error' implicitly has an 'any' type.
src/renderer/views/admin/BackupRestoreView.tsx(31,42): error TS2322: Type 'ForwardRefExoticComponent<Omit<LucideProps, "ref"> & RefAttributes<SVGSVGElement>>' is not assignable to type 'ReactNode'.
src/renderer/views/admin/BackupRestoreView.tsx(44,44): error TS2322: Type 'ForwardRefExoticComponent<Omit<LucideProps, "ref"> & RefAttributes<SVGSVGElement>>' is not assignable to type 'ReactNode'.
src/renderer/views/admin/LicenseActivationView.test.tsx(30,5): error TS7018: Object literal's property 'error' implicitly has an 'any' type.
src/renderer/views/admin/PermissionsView.test.tsx(30,5): error TS7018: Object literal's property 'error' implicitly has an 'any' type.
src/renderer/views/admin/PermissionsView.tsx(39,10): error TS2322: Type '{ children: Element[]; label: string; value: string; onChange: (e: string) => void; }' is not assignable to type 'IntrinsicAttributes & SelectProps'.
  Property 'children' does not exist on type 'IntrinsicAttributes & SelectProps'.
src/renderer/views/admin/PermissionsView.tsx(39,93): error TS2339: Property 'target' does not exist on type 'string'.
src/renderer/views/admin/RoleManagementView.test.tsx(30,5): error TS7018: Object literal's property 'error' implicitly has an 'any' type.
src/renderer/views/admin/RoleManagementView.tsx(94,18): error TS2322: Type 'ForwardRefExoticComponent<Omit<LucideProps, "ref"> & RefAttributes<SVGSVGElement>>' is not assignable to type 'ReactNode'.
src/renderer/views/admin/RoleManagementView.tsx(123,42): error TS2322: Type 'ForwardRefExoticComponent<Omit<LucideProps, "ref"> & RefAttributes<SVGSVGElement>>' is not assignable to type 'ReactNode'.
src/renderer/views/admin/RoleManagementView.tsx(128,18): error TS2322: Type 'ForwardRefExoticComponent<Omit<LucideProps, "ref"> & RefAttributes<SVGSVGElement>>' is not assignable to type 'ReactNode'.
src/renderer/views/admin/RoleManagementView.tsx(184,11): error TS2322: Type '{ data: Role[]; columns: ({ field: string; headerName: string; sortable: boolean; filter: string; flex: number; cellRenderer: (params: any) => Element; width?: undefined; valueFormatter?: undefined; } | ... 4 more ... | { ...; })[]; loading: boolean; rowSelection: string; onSelectionChanged: (selected: any) => void; }' is not assignable to type 'IntrinsicAttributes & VirtualizedDataGridProps<Role>'.
  Property 'rowSelection' does not exist on type 'IntrinsicAttributes & VirtualizedDataGridProps<Role>'.
src/renderer/views/admin/RoleManagementView.tsx(185,32): error TS7006: Parameter 'selected' implicitly has an 'any' type.
src/renderer/views/admin/SystemConfigurationView.test.tsx(30,5): error TS7018: Object literal's property 'error' implicitly has an 'any' type.
src/renderer/views/admin/SystemConfigurationView.tsx(29,44): error TS2322: Type 'ForwardRefExoticComponent<Omit<LucideProps, "ref"> & RefAttributes<SVGSVGElement>>' is not assignable to type 'ReactNode'.
src/renderer/views/admin/SystemConfigurationView.tsx(32,42): error TS2322: Type 'ForwardRefExoticComponent<Omit<LucideProps, "ref"> & RefAttributes<SVGSVGElement>>' is not assignable to type 'ReactNode'.
src/renderer/views/admin/SystemConfigurationView.tsx(107,64): error TS2339: Property 'target' does not exist on type 'boolean'.
src/renderer/views/admin/SystemConfigurationView.tsx(136,79): error TS2339: Property 'target' does not exist on type 'boolean'.
src/renderer/views/admin/SystemConfigurationView.tsx(141,72): error TS2339: Property 'target' does not exist on type 'boolean'.
src/renderer/views/admin/SystemConfigurationView.tsx(153,12): error TS2322: Type '{ children: Element[]; label: string; value: "system" | "light" | "dark"; onChange: (e: string) => void; }' is not assignable to type 'IntrinsicAttributes & SelectProps'.
  Property 'children' does not exist on type 'IntrinsicAttributes & SelectProps'.
src/renderer/views/admin/SystemConfigurationView.tsx(156,73): error TS2339: Property 'target' does not exist on type 'string'.
src/renderer/views/admin/SystemConfigurationView.tsx(162,12): error TS2322: Type '{ children: Element[]; label: string; value: string; onChange: (e: string) => void; }' is not assignable to type 'IntrinsicAttributes & SelectProps'.
  Property 'children' does not exist on type 'IntrinsicAttributes & SelectProps'.
src/renderer/views/admin/SystemConfigurationView.tsx(165,71): error TS2339: Property 'target' does not exist on type 'string'.
src/renderer/views/admin/UserManagementView.test.tsx(30,5): error TS7018: Object literal's property 'error' implicitly has an 'any' type.
src/renderer/views/admin/UserManagementView.tsx(58,16): error TS2322: Type '"error" | "warning" | "info"' is not assignable to type '"warning" | "success" | "info" | "default" | "primary" | "danger"'.
  Type '"error"' is not assignable to type '"warning" | "success" | "info" | "default" | "primary" | "danger"'.
src/renderer/views/admin/UserManagementView.tsx(99,18): error TS2322: Type 'ForwardRefExoticComponent<Omit<LucideProps, "ref"> & RefAttributes<SVGSVGElement>>' is not assignable to type 'ReactNode'.
src/renderer/views/admin/UserManagementView.tsx(106,18): error TS2322: Type 'ForwardRefExoticComponent<Omit<LucideProps, "ref"> & RefAttributes<SVGSVGElement>>' is not assignable to type 'ReactNode'.
src/renderer/views/admin/UserManagementView.tsx(113,18): error TS2322: Type 'ForwardRefExoticComponent<Omit<LucideProps, "ref"> & RefAttributes<SVGSVGElement>>' is not assignable to type 'ReactNode'.
src/renderer/views/admin/UserManagementView.tsx(135,18): error TS2322: Type 'ForwardRefExoticComponent<Omit<LucideProps, "ref"> & RefAttributes<SVGSVGElement>>' is not assignable to type 'ReactNode'.
src/renderer/views/admin/UserManagementView.tsx(142,18): error TS2322: Type 'ForwardRefExoticComponent<Omit<LucideProps, "ref"> & RefAttributes<SVGSVGElement>>' is not assignable to type 'ReactNode'.
src/renderer/views/admin/UserManagementView.tsx(162,12): error TS2322: Type '{ children: Element[]; label: string; value: string; onChange: (e: string) => void; }' is not assignable to type 'IntrinsicAttributes & SelectProps'.
  Property 'children' does not exist on type 'IntrinsicAttributes & SelectProps'.
src/renderer/views/admin/UserManagementView.tsx(165,46): error TS2339: Property 'target' does not exist on type 'string'.
src/renderer/views/admin/UserManagementView.tsx(175,12): error TS2322: Type '{ children: Element[]; label: string; value: string; onChange: (e: string) => void; }' is not assignable to type 'IntrinsicAttributes & SelectProps'.
  Property 'children' does not exist on type 'IntrinsicAttributes & SelectProps'.
src/renderer/views/admin/UserManagementView.tsx(178,48): error TS2339: Property 'target' does not exist on type 'string'.
src/renderer/views/admin/UserManagementView.tsx(223,11): error TS2322: Type '{ data: User[]; columns: ({ field: string; headerName: string; sortable: boolean; filter: string; flex: number; cellRenderer?: undefined; valueFormatter?: undefined; } | { field: string; headerName: string; ... 4 more ...; valueFormatter?: undefined; } | { ...; } | { ...; })[]; loading: boolean; rowSelection: string...' is not assignable to type 'IntrinsicAttributes & VirtualizedDataGridProps<User>'.
  Property 'rowSelection' does not exist on type 'IntrinsicAttributes & VirtualizedDataGridProps<User>'.
src/renderer/views/admin/UserManagementView.tsx(224,32): error TS7006: Parameter 'selected' implicitly has an 'any' type.
src/renderer/views/advanced/APIManagementView.test.tsx(23,5): error TS7018: Object literal's property 'data' implicitly has an 'any[]' type.
src/renderer/views/advanced/APIManagementView.test.tsx(28,5): error TS7018: Object literal's property 'selectedItems' implicitly has an 'any[]' type.
src/renderer/views/advanced/APIManagementView.test.tsx(31,5): error TS7018: Object literal's property 'error' implicitly has an 'any' type.
src/renderer/views/advanced/APIManagementView.tsx(21,40): error TS2322: Type 'ForwardRefExoticComponent<Omit<LucideProps, "ref"> & RefAttributes<SVGSVGElement>>' is not assignable to type 'ReactNode'.
src/renderer/views/advanced/AssetLifecycleView.test.tsx(23,5): error TS7018: Object literal's property 'data' implicitly has an 'any[]' type.
src/renderer/views/advanced/AssetLifecycleView.test.tsx(28,5): error TS7018: Object literal's property 'selectedItems' implicitly has an 'any[]' type.
src/renderer/views/advanced/AssetLifecycleView.test.tsx(31,5): error TS7018: Object literal's property 'error' implicitly has an 'any' type.
src/renderer/views/advanced/BulkOperationsView.test.tsx(23,5): error TS7018: Object literal's property 'data' implicitly has an 'any[]' type.
src/renderer/views/advanced/BulkOperationsView.test.tsx(28,5): error TS7018: Object literal's property 'selectedItems' implicitly has an 'any[]' type.
src/renderer/views/advanced/BulkOperationsView.test.tsx(31,5): error TS7018: Object literal's property 'error' implicitly has an 'any' type.
src/renderer/views/advanced/BulkOperationsView.tsx(21,40): error TS2322: Type 'ForwardRefExoticComponent<Omit<LucideProps, "ref"> & RefAttributes<SVGSVGElement>>' is not assignable to type 'ReactNode'.
src/renderer/views/advanced/CapacityPlanningView.test.tsx(23,5): error TS7018: Object literal's property 'data' implicitly has an 'any[]' type.
src/renderer/views/advanced/CapacityPlanningView.test.tsx(28,5): error TS7018: Object literal's property 'selectedItems' implicitly has an 'any[]' type.
src/renderer/views/advanced/CapacityPlanningView.test.tsx(31,5): error TS7018: Object literal's property 'error' implicitly has an 'any' type.
src/renderer/views/advanced/ChangeManagementView.test.tsx(23,5): error TS7018: Object literal's property 'data' implicitly has an 'any[]' type.
src/renderer/views/advanced/ChangeManagementView.test.tsx(28,5): error TS7018: Object literal's property 'selectedItems' implicitly has an 'any[]' type.
src/renderer/views/advanced/ChangeManagementView.test.tsx(31,5): error TS7018: Object literal's property 'error' implicitly has an 'any' type.
src/renderer/views/advanced/CloudMigrationPlannerView.test.tsx(23,5): error TS7018: Object literal's property 'data' implicitly has an 'any[]' type.
src/renderer/views/advanced/CloudMigrationPlannerView.test.tsx(28,5): error TS7018: Object literal's property 'selectedItems' implicitly has an 'any[]' type.
src/renderer/views/advanced/CloudMigrationPlannerView.test.tsx(31,5): error TS7018: Object literal's property 'error' implicitly has an 'any' type.
src/renderer/views/advanced/CostOptimizationView.test.tsx(23,5): error TS7018: Object literal's property 'data' implicitly has an 'any[]' type.
src/renderer/views/advanced/CostOptimizationView.test.tsx(28,5): error TS7018: Object literal's property 'selectedItems' implicitly has an 'any[]' type.
src/renderer/views/advanced/CostOptimizationView.test.tsx(31,5): error TS7018: Object literal's property 'error' implicitly has an 'any' type.
src/renderer/views/advanced/CustomFieldsView.test.tsx(23,5): error TS7018: Object literal's property 'data' implicitly has an 'any[]' type.
src/renderer/views/advanced/CustomFieldsView.test.tsx(28,5): error TS7018: Object literal's property 'selectedItems' implicitly has an 'any[]' type.
src/renderer/views/advanced/CustomFieldsView.test.tsx(31,5): error TS7018: Object literal's property 'error' implicitly has an 'any' type.
src/renderer/views/advanced/CustomFieldsView.tsx(21,40): error TS2322: Type 'ForwardRefExoticComponent<Omit<LucideProps, "ref"> & RefAttributes<SVGSVGElement>>' is not assignable to type 'ReactNode'.
src/renderer/views/advanced/DataGovernanceView.test.tsx(23,5): error TS7018: Object literal's property 'data' implicitly has an 'any[]' type.
src/renderer/views/advanced/DataGovernanceView.test.tsx(28,5): error TS7018: Object literal's property 'selectedItems' implicitly has an 'any[]' type.
src/renderer/views/advanced/DataGovernanceView.test.tsx(31,5): error TS7018: Object literal's property 'error' implicitly has an 'any' type.
src/renderer/views/advanced/DataImportExportView.test.tsx(23,5): error TS7018: Object literal's property 'data' implicitly has an 'any[]' type.
src/renderer/views/advanced/DataImportExportView.test.tsx(28,5): error TS7018: Object literal's property 'selectedItems' implicitly has an 'any[]' type.
src/renderer/views/advanced/DataImportExportView.test.tsx(31,5): error TS7018: Object literal's property 'error' implicitly has an 'any' type.
src/renderer/views/advanced/DataImportExportView.tsx(21,40): error TS2322: Type 'ForwardRefExoticComponent<Omit<LucideProps, "ref"> & RefAttributes<SVGSVGElement>>' is not assignable to type 'ReactNode'.
src/renderer/views/advanced/DiagnosticsView.test.tsx(23,5): error TS7018: Object literal's property 'data' implicitly has an 'any[]' type.
src/renderer/views/advanced/DiagnosticsView.test.tsx(28,5): error TS7018: Object literal's property 'selectedItems' implicitly has an 'any[]' type.
src/renderer/views/advanced/DiagnosticsView.test.tsx(31,5): error TS7018: Object literal's property 'error' implicitly has an 'any' type.
src/renderer/views/advanced/DiagnosticsView.tsx(21,40): error TS2322: Type 'ForwardRefExoticComponent<Omit<LucideProps, "ref"> & RefAttributes<SVGSVGElement>>' is not assignable to type 'ReactNode'.
src/renderer/views/advanced/DisasterRecoveryView.test.tsx(23,5): error TS7018: Object literal's property 'data' implicitly has an 'any[]' type.
src/renderer/views/advanced/DisasterRecoveryView.test.tsx(28,5): error TS7018: Object literal's property 'selectedItems' implicitly has an 'any[]' type.
src/renderer/views/advanced/DisasterRecoveryView.test.tsx(31,5): error TS7018: Object literal's property 'error' implicitly has an 'any' type.
src/renderer/views/advanced/eDiscoveryView.test.tsx(23,5): error TS7018: Object literal's property 'data' implicitly has an 'any[]' type.
src/renderer/views/advanced/eDiscoveryView.test.tsx(28,5): error TS7018: Object literal's property 'selectedItems' implicitly has an 'any[]' type.
src/renderer/views/advanced/eDiscoveryView.test.tsx(31,5): error TS7018: Object literal's property 'error' implicitly has an 'any' type.
src/renderer/views/advanced/eDiscoveryView.test.tsx(51,14): error TS2339: Property 'eDiscoveryView' does not exist on type 'JSX.IntrinsicElements'.
src/renderer/views/advanced/eDiscoveryView.test.tsx(56,14): error TS2339: Property 'eDiscoveryView' does not exist on type 'JSX.IntrinsicElements'.
src/renderer/views/advanced/eDiscoveryView.test.tsx(61,14): error TS2339: Property 'eDiscoveryView' does not exist on type 'JSX.IntrinsicElements'.
src/renderer/views/advanced/eDiscoveryView.test.tsx(68,36): error TS2339: Property 'eDiscoveryView' does not exist on type 'JSX.IntrinsicElements'.
src/renderer/views/advanced/eDiscoveryView.test.tsx(74,14): error TS2339: Property 'eDiscoveryView' does not exist on type 'JSX.IntrinsicElements'.
src/renderer/views/advanced/eDiscoveryView.test.tsx(91,14): error TS2339: Property 'eDiscoveryView' does not exist on type 'JSX.IntrinsicElements'.
src/renderer/views/advanced/eDiscoveryView.test.tsx(96,14): error TS2339: Property 'eDiscoveryView' does not exist on type 'JSX.IntrinsicElements'.
src/renderer/views/advanced/eDiscoveryView.test.tsx(112,14): error TS2339: Property 'eDiscoveryView' does not exist on type 'JSX.IntrinsicElements'.
src/renderer/views/advanced/eDiscoveryView.test.tsx(122,14): error TS2339: Property 'eDiscoveryView' does not exist on type 'JSX.IntrinsicElements'.
src/renderer/views/advanced/eDiscoveryView.test.tsx(143,14): error TS2339: Property 'eDiscoveryView' does not exist on type 'JSX.IntrinsicElements'.
src/renderer/views/advanced/eDiscoveryView.test.tsx(149,14): error TS2339: Property 'eDiscoveryView' does not exist on type 'JSX.IntrinsicElements'.
src/renderer/views/advanced/eDiscoveryView.test.tsx(164,14): error TS2339: Property 'eDiscoveryView' does not exist on type 'JSX.IntrinsicElements'.
src/renderer/views/advanced/eDiscoveryView.test.tsx(177,14): error TS2339: Property 'eDiscoveryView' does not exist on type 'JSX.IntrinsicElements'.
src/renderer/views/advanced/eDiscoveryView.test.tsx(192,14): error TS2339: Property 'eDiscoveryView' does not exist on type 'JSX.IntrinsicElements'.
src/renderer/views/advanced/eDiscoveryView.test.tsx(206,14): error TS2339: Property 'eDiscoveryView' does not exist on type 'JSX.IntrinsicElements'.
src/renderer/views/advanced/eDiscoveryView.test.tsx(225,14): error TS2339: Property 'eDiscoveryView' does not exist on type 'JSX.IntrinsicElements'.
src/renderer/views/advanced/eDiscoveryView.test.tsx(236,14): error TS2339: Property 'eDiscoveryView' does not exist on type 'JSX.IntrinsicElements'.
src/renderer/views/advanced/eDiscoveryView.test.tsx(252,14): error TS2339: Property 'eDiscoveryView' does not exist on type 'JSX.IntrinsicElements'.
src/renderer/views/advanced/eDiscoveryView.test.tsx(257,14): error TS2339: Property 'eDiscoveryView' does not exist on type 'JSX.IntrinsicElements'.
src/renderer/views/advanced/eDiscoveryView.test.tsx(267,36): error TS2339: Property 'eDiscoveryView' does not exist on type 'JSX.IntrinsicElements'.
src/renderer/views/advanced/eDiscoveryView.test.tsx(279,14): error TS2339: Property 'eDiscoveryView' does not exist on type 'JSX.IntrinsicElements'.
src/renderer/views/advanced/eDiscoveryView.test.tsx(284,14): error TS2339: Property 'eDiscoveryView' does not exist on type 'JSX.IntrinsicElements'.
src/renderer/views/advanced/eDiscoveryView.test.tsx(294,14): error TS2339: Property 'eDiscoveryView' does not exist on type 'JSX.IntrinsicElements'.
src/renderer/views/advanced/eDiscoveryView.test.tsx(318,35): error TS2339: Property 'eDiscoveryView' does not exist on type 'JSX.IntrinsicElements'.
src/renderer/views/advanced/eDiscoveryView.test.tsx(329,16): error TS2339: Property 'eDiscoveryView' does not exist on type 'JSX.IntrinsicElements'.
src/renderer/views/advanced/EndpointProtectionView.test.tsx(23,5): error TS7018: Object literal's property 'data' implicitly has an 'any[]' type.
src/renderer/views/advanced/EndpointProtectionView.test.tsx(28,5): error TS7018: Object literal's property 'selectedItems' implicitly has an 'any[]' type.
src/renderer/views/advanced/EndpointProtectionView.test.tsx(31,5): error TS7018: Object literal's property 'error' implicitly has an 'any' type.
src/renderer/views/advanced/HardwareRefreshPlanningView.test.tsx(23,5): error TS7018: Object literal's property 'data' implicitly has an 'any[]' type.
src/renderer/views/advanced/HardwareRefreshPlanningView.test.tsx(28,5): error TS7018: Object literal's property 'selectedItems' implicitly has an 'any[]' type.
src/renderer/views/advanced/HardwareRefreshPlanningView.test.tsx(31,5): error TS7018: Object literal's property 'error' implicitly has an 'any' type.
src/renderer/views/advanced/HealthMonitoringView.test.tsx(23,5): error TS7018: Object literal's property 'data' implicitly has an 'any[]' type.
src/renderer/views/advanced/HealthMonitoringView.test.tsx(28,5): error TS7018: Object literal's property 'selectedItems' implicitly has an 'any[]' type.
src/renderer/views/advanced/HealthMonitoringView.test.tsx(31,5): error TS7018: Object literal's property 'error' implicitly has an 'any' type.
src/renderer/views/advanced/HealthMonitoringView.tsx(21,40): error TS2322: Type 'ForwardRefExoticComponent<Omit<LucideProps, "ref"> & RefAttributes<SVGSVGElement>>' is not assignable to type 'ReactNode'.
src/renderer/views/advanced/HybridIdentityView.test.tsx(23,5): error TS7018: Object literal's property 'data' implicitly has an 'any[]' type.
src/renderer/views/advanced/HybridIdentityView.test.tsx(28,5): error TS7018: Object literal's property 'selectedItems' implicitly has an 'any[]' type.
src/renderer/views/advanced/HybridIdentityView.test.tsx(31,5): error TS7018: Object literal's property 'error' implicitly has an 'any' type.
src/renderer/views/advanced/IncidentResponseView.test.tsx(23,5): error TS7018: Object literal's property 'data' implicitly has an 'any[]' type.
src/renderer/views/advanced/IncidentResponseView.test.tsx(28,5): error TS7018: Object literal's property 'selectedItems' implicitly has an 'any[]' type.
src/renderer/views/advanced/IncidentResponseView.test.tsx(31,5): error TS7018: Object literal's property 'error' implicitly has an 'any' type.
src/renderer/views/advanced/KnowledgeBaseView.test.tsx(23,5): error TS7018: Object literal's property 'data' implicitly has an 'any[]' type.
src/renderer/views/advanced/KnowledgeBaseView.test.tsx(28,5): error TS7018: Object literal's property 'selectedItems' implicitly has an 'any[]' type.
src/renderer/views/advanced/KnowledgeBaseView.test.tsx(31,5): error TS7018: Object literal's property 'error' implicitly has an 'any' type.
src/renderer/views/advanced/LicenseOptimizationView.test.tsx(23,5): error TS7018: Object literal's property 'data' implicitly has an 'any[]' type.
src/renderer/views/advanced/LicenseOptimizationView.test.tsx(28,5): error TS7018: Object literal's property 'selectedItems' implicitly has an 'any[]' type.
src/renderer/views/advanced/LicenseOptimizationView.test.tsx(31,5): error TS7018: Object literal's property 'error' implicitly has an 'any' type.
src/renderer/views/advanced/MFAManagementView.test.tsx(23,5): error TS7018: Object literal's property 'data' implicitly has an 'any[]' type.
src/renderer/views/advanced/MFAManagementView.test.tsx(28,5): error TS7018: Object literal's property 'selectedItems' implicitly has an 'any[]' type.
src/renderer/views/advanced/MFAManagementView.test.tsx(31,5): error TS7018: Object literal's property 'error' implicitly has an 'any' type.
src/renderer/views/advanced/NotificationRulesView.test.tsx(23,5): error TS7018: Object literal's property 'data' implicitly has an 'any[]' type.
src/renderer/views/advanced/NotificationRulesView.test.tsx(28,5): error TS7018: Object literal's property 'selectedItems' implicitly has an 'any[]' type.
src/renderer/views/advanced/NotificationRulesView.test.tsx(31,5): error TS7018: Object literal's property 'error' implicitly has an 'any' type.
src/renderer/views/advanced/NotificationRulesView.tsx(21,40): error TS2322: Type 'ForwardRefExoticComponent<Omit<LucideProps, "ref"> & RefAttributes<SVGSVGElement>>' is not assignable to type 'ReactNode'.
src/renderer/views/advanced/PerformanceDashboardView.test.tsx(23,5): error TS7018: Object literal's property 'data' implicitly has an 'any[]' type.
src/renderer/views/advanced/PerformanceDashboardView.test.tsx(28,5): error TS7018: Object literal's property 'selectedItems' implicitly has an 'any[]' type.
src/renderer/views/advanced/PerformanceDashboardView.test.tsx(31,5): error TS7018: Object literal's property 'error' implicitly has an 'any' type.
src/renderer/views/advanced/PerformanceDashboardView.tsx(21,40): error TS2322: Type 'ForwardRefExoticComponent<Omit<LucideProps, "ref"> & RefAttributes<SVGSVGElement>>' is not assignable to type 'ReactNode'.
src/renderer/views/advanced/PrivilegedAccessView.test.tsx(23,5): error TS7018: Object literal's property 'data' implicitly has an 'any[]' type.
src/renderer/views/advanced/PrivilegedAccessView.test.tsx(28,5): error TS7018: Object literal's property 'selectedItems' implicitly has an 'any[]' type.
src/renderer/views/advanced/PrivilegedAccessView.test.tsx(31,5): error TS7018: Object literal's property 'error' implicitly has an 'any' type.
src/renderer/views/advanced/ResourceOptimizationView.test.tsx(23,5): error TS7018: Object literal's property 'data' implicitly has an 'any[]' type.
src/renderer/views/advanced/ResourceOptimizationView.test.tsx(28,5): error TS7018: Object literal's property 'selectedItems' implicitly has an 'any[]' type.
src/renderer/views/advanced/ResourceOptimizationView.test.tsx(31,5): error TS7018: Object literal's property 'error' implicitly has an 'any' type.
src/renderer/views/advanced/RetentionPolicyView.test.tsx(23,5): error TS7018: Object literal's property 'data' implicitly has an 'any[]' type.
src/renderer/views/advanced/RetentionPolicyView.test.tsx(28,5): error TS7018: Object literal's property 'selectedItems' implicitly has an 'any[]' type.
src/renderer/views/advanced/RetentionPolicyView.test.tsx(31,5): error TS7018: Object literal's property 'error' implicitly has an 'any' type.
src/renderer/views/advanced/ScriptLibraryView.test.tsx(23,5): error TS7018: Object literal's property 'data' implicitly has an 'any[]' type.
src/renderer/views/advanced/ScriptLibraryView.test.tsx(28,5): error TS7018: Object literal's property 'selectedItems' implicitly has an 'any[]' type.
src/renderer/views/advanced/ScriptLibraryView.test.tsx(31,5): error TS7018: Object literal's property 'error' implicitly has an 'any' type.
src/renderer/views/advanced/ScriptLibraryView.tsx(23,50): error TS2322: Type 'ForwardRefExoticComponent<Omit<LucideProps, "ref"> & RefAttributes<SVGSVGElement>>' is not assignable to type 'ReactNode'.
src/renderer/views/advanced/ScriptLibraryView.tsx(24,52): error TS2322: Type 'ForwardRefExoticComponent<Omit<LucideProps, "ref"> & RefAttributes<SVGSVGElement>>' is not assignable to type 'ReactNode'.
src/renderer/views/advanced/ScriptLibraryView.tsx(36,40): error TS2322: Type 'ForwardRefExoticComponent<Omit<LucideProps, "ref"> & RefAttributes<SVGSVGElement>>' is not assignable to type 'ReactNode'.
src/renderer/views/advanced/ScriptLibraryView.tsx(40,48): error TS2322: Type '{ placeholder: string; icon: ForwardRefExoticComponent<Omit<LucideProps, "ref"> & RefAttributes<SVGSVGElement>>; className: string; }' is not assignable to type 'IntrinsicAttributes & InputProps & RefAttributes<HTMLInputElement>'.
  Property 'icon' does not exist on type 'IntrinsicAttributes & InputProps & RefAttributes<HTMLInputElement>'.
src/renderer/views/advanced/SecurityPostureView.test.tsx(23,5): error TS7018: Object literal's property 'data' implicitly has an 'any[]' type.
src/renderer/views/advanced/SecurityPostureView.test.tsx(28,5): error TS7018: Object literal's property 'selectedItems' implicitly has an 'any[]' type.
src/renderer/views/advanced/SecurityPostureView.test.tsx(31,5): error TS7018: Object literal's property 'error' implicitly has an 'any' type.
src/renderer/views/advanced/ServiceCatalogView.test.tsx(23,5): error TS7018: Object literal's property 'data' implicitly has an 'any[]' type.
src/renderer/views/advanced/ServiceCatalogView.test.tsx(28,5): error TS7018: Object literal's property 'selectedItems' implicitly has an 'any[]' type.
src/renderer/views/advanced/ServiceCatalogView.test.tsx(31,5): error TS7018: Object literal's property 'error' implicitly has an 'any' type.
src/renderer/views/advanced/SoftwareLicenseComplianceView.test.tsx(23,5): error TS7018: Object literal's property 'data' implicitly has an 'any[]' type.
src/renderer/views/advanced/SoftwareLicenseComplianceView.test.tsx(28,5): error TS7018: Object literal's property 'selectedItems' implicitly has an 'any[]' type.
src/renderer/views/advanced/SoftwareLicenseComplianceView.test.tsx(31,5): error TS7018: Object literal's property 'error' implicitly has an 'any' type.
src/renderer/views/advanced/SSOConfigurationView.test.tsx(23,5): error TS7018: Object literal's property 'data' implicitly has an 'any[]' type.
src/renderer/views/advanced/SSOConfigurationView.test.tsx(28,5): error TS7018: Object literal's property 'selectedItems' implicitly has an 'any[]' type.
src/renderer/views/advanced/SSOConfigurationView.test.tsx(31,5): error TS7018: Object literal's property 'error' implicitly has an 'any' type.
src/renderer/views/advanced/TagManagementView.test.tsx(23,5): error TS7018: Object literal's property 'data' implicitly has an 'any[]' type.
src/renderer/views/advanced/TagManagementView.test.tsx(28,5): error TS7018: Object literal's property 'selectedItems' implicitly has an 'any[]' type.
src/renderer/views/advanced/TagManagementView.test.tsx(31,5): error TS7018: Object literal's property 'error' implicitly has an 'any' type.
src/renderer/views/advanced/TagManagementView.tsx(21,40): error TS2322: Type 'ForwardRefExoticComponent<Omit<LucideProps, "ref"> & RefAttributes<SVGSVGElement>>' is not assignable to type 'ReactNode'.
src/renderer/views/advanced/TicketingSystemView.test.tsx(23,5): error TS7018: Object literal's property 'data' implicitly has an 'any[]' type.
src/renderer/views/advanced/TicketingSystemView.test.tsx(28,5): error TS7018: Object literal's property 'selectedItems' implicitly has an 'any[]' type.
src/renderer/views/advanced/TicketingSystemView.test.tsx(31,5): error TS7018: Object literal's property 'error' implicitly has an 'any' type.
src/renderer/views/advanced/WebhooksView.test.tsx(23,5): error TS7018: Object literal's property 'data' implicitly has an 'any[]' type.
src/renderer/views/advanced/WebhooksView.test.tsx(28,5): error TS7018: Object literal's property 'selectedItems' implicitly has an 'any[]' type.
src/renderer/views/advanced/WebhooksView.test.tsx(31,5): error TS7018: Object literal's property 'error' implicitly has an 'any' type.
src/renderer/views/advanced/WebhooksView.tsx(21,40): error TS2322: Type 'ForwardRefExoticComponent<Omit<LucideProps, "ref"> & RefAttributes<SVGSVGElement>>' is not assignable to type 'ReactNode'.
src/renderer/views/advanced/WorkflowAutomationView.test.tsx(23,5): error TS7018: Object literal's property 'data' implicitly has an 'any[]' type.
src/renderer/views/advanced/WorkflowAutomationView.test.tsx(28,5): error TS7018: Object literal's property 'selectedItems' implicitly has an 'any[]' type.
src/renderer/views/advanced/WorkflowAutomationView.test.tsx(31,5): error TS7018: Object literal's property 'error' implicitly has an 'any' type.
src/renderer/views/advanced/WorkflowAutomationView.tsx(21,40): error TS2322: Type 'ForwardRefExoticComponent<Omit<LucideProps, "ref"> & RefAttributes<SVGSVGElement>>' is not assignable to type 'ReactNode'.
src/renderer/views/analytics/ApplicationUsageView.tsx(19,28): error TS2307: Cannot find module '../../components/atoms/LoadingSpinner' or its corresponding type declarations.
src/renderer/views/analytics/ApplicationUsageView.tsx(134,12): error TS2322: Type '{ children: (Element | Element[])[]; value: string; onChange: (e: string) => void; className: string; }' is not assignable to type 'IntrinsicAttributes & SelectProps'.
  Property 'children' does not exist on type 'IntrinsicAttributes & SelectProps'.
src/renderer/views/analytics/ApplicationUsageView.tsx(136,52): error TS2339: Property 'target' does not exist on type 'string'.
src/renderer/views/analytics/ApplicationUsageView.tsx(144,12): error TS2322: Type '{ children: Element[]; value: "userCount" | "utilizationRate" | "totalCost"; onChange: (e: string) => void; className: string; }' is not assignable to type 'IntrinsicAttributes & SelectProps'.
  Property 'children' does not exist on type 'IntrinsicAttributes & SelectProps'.
src/renderer/views/analytics/ApplicationUsageView.tsx(146,42): error TS2339: Property 'target' does not exist on type 'string'.
src/renderer/views/analytics/ApplicationUsageView.tsx(243,17): error TS2322: Type 'CategoryDistribution[]' is not assignable to type 'ChartDataInput[]'.
  Type 'CategoryDistribution' is not assignable to type 'ChartDataInput'.
    Index signature for type 'string' is missing in type 'CategoryDistribution'.
src/renderer/views/analytics/BenchmarkingView.test.tsx(29,5): error TS7018: Object literal's property 'data' implicitly has an 'any' type.
src/renderer/views/analytics/BenchmarkingView.test.tsx(30,5): error TS7018: Object literal's property 'chartData' implicitly has an 'any[]' type.
src/renderer/views/analytics/BenchmarkingView.test.tsx(31,5): error TS7018: Object literal's property 'kpis' implicitly has an 'any[]' type.
src/renderer/views/analytics/BenchmarkingView.test.tsx(34,5): error TS7018: Object literal's property 'error' implicitly has an 'any' type.
src/renderer/views/analytics/BenchmarkingView.test.tsx(114,15): error TS2339: Property 'container' does not exist on type 'HTMLElement'.
src/renderer/views/analytics/CostAnalysisView.test.tsx(29,5): error TS7018: Object literal's property 'data' implicitly has an 'any' type.
src/renderer/views/analytics/CostAnalysisView.test.tsx(30,5): error TS7018: Object literal's property 'chartData' implicitly has an 'any[]' type.
src/renderer/views/analytics/CostAnalysisView.test.tsx(31,5): error TS7018: Object literal's property 'kpis' implicitly has an 'any[]' type.
src/renderer/views/analytics/CostAnalysisView.test.tsx(34,5): error TS7018: Object literal's property 'error' implicitly has an 'any' type.
src/renderer/views/analytics/CostAnalysisView.test.tsx(114,15): error TS2339: Property 'container' does not exist on type 'HTMLElement'.
src/renderer/views/analytics/CostAnalysisView.tsx(8,38): error TS2307: Cannot find module '../../hooks/useCostAnalysisLogic' or its corresponding type declarations.
src/renderer/views/analytics/CustomReportBuilderView.test.tsx(8,10): error TS2614: Module '"./CustomReportBuilderView"' has no exported member 'CustomReportBuilderView'. Did you mean to use 'import CustomReportBuilderView from "./CustomReportBuilderView"' instead?
src/renderer/views/analytics/CustomReportBuilderView.test.tsx(29,5): error TS7018: Object literal's property 'data' implicitly has an 'any' type.
src/renderer/views/analytics/CustomReportBuilderView.test.tsx(30,5): error TS7018: Object literal's property 'chartData' implicitly has an 'any[]' type.
src/renderer/views/analytics/CustomReportBuilderView.test.tsx(31,5): error TS7018: Object literal's property 'kpis' implicitly has an 'any[]' type.
src/renderer/views/analytics/CustomReportBuilderView.test.tsx(34,5): error TS7018: Object literal's property 'error' implicitly has an 'any' type.
src/renderer/views/analytics/CustomReportBuilderView.test.tsx(114,15): error TS2339: Property 'container' does not exist on type 'HTMLElement'.
src/renderer/views/analytics/CustomReportBuilderView.tsx(271,18): error TS2322: Type '{ children: Element[]; label: string; value: string; onChange: (e: string) => void; }' is not assignable to type 'IntrinsicAttributes & SelectProps'.
  Property 'children' does not exist on type 'IntrinsicAttributes & SelectProps'.
src/renderer/views/analytics/CustomReportBuilderView.tsx(274,85): error TS2339: Property 'target' does not exist on type 'string'.
src/renderer/views/analytics/CustomReportBuilderView.tsx(349,26): error TS2322: Type '{ children: Element[]; label: string; value: string; onChange: (e: string) => void; size: string; }' is not assignable to type 'IntrinsicAttributes & SelectProps'.
  Property 'children' does not exist on type 'IntrinsicAttributes & SelectProps'.
src/renderer/views/analytics/CustomReportBuilderView.tsx(352,85): error TS2339: Property 'target' does not exist on type 'string'.
src/renderer/views/analytics/CustomReportBuilderView.tsx(361,26): error TS2322: Type '{ children: Element[]; label: string; value: "equals" | "contains" | "starts_with" | "greater_than" | "less_than"; onChange: (e: string) => void; size: string; }' is not assignable to type 'IntrinsicAttributes & SelectProps'.
  Property 'children' does not exist on type 'IntrinsicAttributes & SelectProps'.
src/renderer/views/analytics/CustomReportBuilderView.tsx(364,88): error TS2339: Property 'target' does not exist on type 'string'.
src/renderer/views/analytics/CustomReportBuilderView.tsx(379,27): error TS2322: Type 'string' is not assignable to type 'number'.
src/renderer/views/analytics/CustomReportBuilderView.tsx(395,18): error TS2322: Type '{ children: (Element | Element[])[]; label: string; value: string; onChange: (e: string) => void; }' is not assignable to type 'IntrinsicAttributes & SelectProps'.
  Property 'children' does not exist on type 'IntrinsicAttributes & SelectProps'.
src/renderer/views/analytics/CustomReportBuilderView.tsx(398,82): error TS2339: Property 'target' does not exist on type 'string'.
src/renderer/views/analytics/CustomReportBuilderView.tsx(411,20): error TS2322: Type '{ children: (Element | Element[])[]; label: string; value: string; onChange: (e: string) => void; }' is not assignable to type 'IntrinsicAttributes & SelectProps'.
  Property 'children' does not exist on type 'IntrinsicAttributes & SelectProps'.
src/renderer/views/analytics/CustomReportBuilderView.tsx(414,83): error TS2339: Property 'target' does not exist on type 'string'.
src/renderer/views/analytics/CustomReportBuilderView.tsx(426,20): error TS2322: Type '{ children: Element[]; label: string; value: "asc" | "desc"; onChange: (e: string) => void; }' is not assignable to type 'IntrinsicAttributes & SelectProps'.
  Property 'children' does not exist on type 'IntrinsicAttributes & SelectProps'.
src/renderer/views/analytics/CustomReportBuilderView.tsx(429,90): error TS2339: Property 'target' does not exist on type 'string'.
src/renderer/views/analytics/DataVisualizationView.test.tsx(8,10): error TS2614: Module '"./DataVisualizationView"' has no exported member 'DataVisualizationView'. Did you mean to use 'import DataVisualizationView from "./DataVisualizationView"' instead?
src/renderer/views/analytics/DataVisualizationView.test.tsx(29,5): error TS7018: Object literal's property 'data' implicitly has an 'any' type.
src/renderer/views/analytics/DataVisualizationView.test.tsx(30,5): error TS7018: Object literal's property 'chartData' implicitly has an 'any[]' type.
src/renderer/views/analytics/DataVisualizationView.test.tsx(31,5): error TS7018: Object literal's property 'kpis' implicitly has an 'any[]' type.
src/renderer/views/analytics/DataVisualizationView.test.tsx(34,5): error TS7018: Object literal's property 'error' implicitly has an 'any' type.
src/renderer/views/analytics/DataVisualizationView.test.tsx(114,15): error TS2339: Property 'container' does not exist on type 'HTMLElement'.
src/renderer/views/analytics/DataVisualizationView.tsx(707,14): error TS2322: Type '{ children: Element[]; label: string; value: DataSource; onChange: (e: string) => void; "data-cy": string; }' is not assignable to type 'IntrinsicAttributes & SelectProps'.
  Property 'children' does not exist on type 'IntrinsicAttributes & SelectProps'.
src/renderer/views/analytics/DataVisualizationView.tsx(710,74): error TS2339: Property 'target' does not exist on type 'string'.
src/renderer/views/analytics/DataVisualizationView.tsx(723,14): error TS2322: Type '{ children: Element[]; label: string; value: ChartType; onChange: (e: string) => void; "data-cy": string; }' is not assignable to type 'IntrinsicAttributes & SelectProps'.
  Property 'children' does not exist on type 'IntrinsicAttributes & SelectProps'.
src/renderer/views/analytics/DataVisualizationView.tsx(726,68): error TS2339: Property 'target' does not exist on type 'string'.
src/renderer/views/analytics/DataVisualizationView.tsx(742,16): error TS2322: Type '{ children: Element[]; label: string; value: string; onChange: (e: string) => void; "data-cy": string; }' is not assignable to type 'IntrinsicAttributes & SelectProps'.
  Property 'children' does not exist on type 'IntrinsicAttributes & SelectProps'.
src/renderer/views/analytics/DataVisualizationView.tsx(745,71): error TS2339: Property 'target' does not exist on type 'string'.
src/renderer/views/analytics/DataVisualizationView.tsx(759,14): error TS2322: Type '{ children: (Element | Element[])[]; label: string; value: string; onChange: (e: string) => void; "data-cy": string; }' is not assignable to type 'IntrinsicAttributes & SelectProps'.
  Property 'children' does not exist on type 'IntrinsicAttributes & SelectProps'.
src/renderer/views/analytics/DataVisualizationView.tsx(763,33): error TS2339: Property 'target' does not exist on type 'string'.
src/renderer/views/analytics/DataVisualizationView.tsx(782,14): error TS2322: Type '{ children: Element[]; label: string; value: "custom" | "month" | "week" | "year" | "quarter" | "today"; onChange: (e: string) => void; "data-cy": string; }' is not assignable to type 'IntrinsicAttributes & SelectProps'.
  Property 'children' does not exist on type 'IntrinsicAttributes & SelectProps'.
src/renderer/views/analytics/DataVisualizationView.tsx(785,54): error TS2339: Property 'target' does not exist on type 'string'.
src/renderer/views/analytics/DataVisualizationView.tsx(798,14): error TS2322: Type '{ children: Element[]; label: string; value: "default" | "pastel" | "vibrant" | "professional" | "monochrome"; onChange: (e: string) => void; "data-cy": string; }' is not assignable to type 'IntrinsicAttributes & SelectProps'.
  Property 'children' does not exist on type 'IntrinsicAttributes & SelectProps'.
src/renderer/views/analytics/DataVisualizationView.tsx(802,35): error TS2339: Property 'target' does not exist on type 'string'.
src/renderer/views/analytics/ExecutiveDashboardView.test.tsx(8,10): error TS2614: Module '"./ExecutiveDashboardView"' has no exported member 'ExecutiveDashboardView'. Did you mean to use 'import ExecutiveDashboardView from "./ExecutiveDashboardView"' instead?
src/renderer/views/analytics/ExecutiveDashboardView.test.tsx(29,5): error TS7018: Object literal's property 'data' implicitly has an 'any' type.
src/renderer/views/analytics/ExecutiveDashboardView.test.tsx(30,5): error TS7018: Object literal's property 'chartData' implicitly has an 'any[]' type.
src/renderer/views/analytics/ExecutiveDashboardView.test.tsx(31,5): error TS7018: Object literal's property 'kpis' implicitly has an 'any[]' type.
src/renderer/views/analytics/ExecutiveDashboardView.test.tsx(34,5): error TS7018: Object literal's property 'error' implicitly has an 'any' type.
src/renderer/views/analytics/ExecutiveDashboardView.test.tsx(114,15): error TS2339: Property 'container' does not exist on type 'HTMLElement'.
src/renderer/views/analytics/ExecutiveDashboardView.tsx(295,19): error TS2322: Type 'MigrationStatusData[]' is not assignable to type 'ChartDataInput[]'.
  Type 'MigrationStatusData' is not assignable to type 'ChartDataInput'.
    Index signature for type 'string' is missing in type 'MigrationStatusData'.
src/renderer/views/analytics/GroupAnalyticsView.tsx(19,28): error TS2307: Cannot find module '../../components/atoms/LoadingSpinner' or its corresponding type declarations.
src/renderer/views/analytics/GroupAnalyticsView.tsx(115,12): error TS2322: Type '{ children: (Element | Element[])[]; value: string; onChange: (e: string) => void; className: string; }' is not assignable to type 'IntrinsicAttributes & SelectProps'.
  Property 'children' does not exist on type 'IntrinsicAttributes & SelectProps'.
src/renderer/views/analytics/GroupAnalyticsView.tsx(117,53): error TS2339: Property 'target' does not exist on type 'string'.
src/renderer/views/analytics/GroupAnalyticsView.tsx(209,17): error TS2322: Type 'GroupTypeData[]' is not assignable to type 'ChartDataInput[]'.
  Type 'GroupTypeData' is not assignable to type 'ChartDataInput'.
    Index signature for type 'string' is missing in type 'GroupTypeData'.
src/renderer/views/analytics/index.ts(2,10): error TS2614: Module '"./ExecutiveDashboardView"' has no exported member 'ExecutiveDashboardView'. Did you mean to use 'import ExecutiveDashboardView from "./ExecutiveDashboardView"' instead?
src/renderer/views/analytics/index.ts(3,10): error TS2614: Module '"./UserAnalyticsView"' has no exported member 'UserAnalyticsView'. Did you mean to use 'import UserAnalyticsView from "./UserAnalyticsView"' instead?
src/renderer/views/analytics/index.ts(4,10): error TS2614: Module '"./MigrationReportView"' has no exported member 'MigrationReportView'. Did you mean to use 'import MigrationReportView from "./MigrationReportView"' instead?
src/renderer/views/analytics/index.ts(6,10): error TS2614: Module '"./CustomReportBuilderView"' has no exported member 'CustomReportBuilderView'. Did you mean to use 'import CustomReportBuilderView from "./CustomReportBuilderView"' instead?
src/renderer/views/analytics/index.ts(7,10): error TS2614: Module '"./ScheduledReportsView"' has no exported member 'ScheduledReportsView'. Did you mean to use 'import ScheduledReportsView from "./ScheduledReportsView"' instead?
src/renderer/views/analytics/index.ts(8,10): error TS2614: Module '"./ReportTemplatesView"' has no exported member 'ReportTemplatesView'. Did you mean to use 'import ReportTemplatesView from "./ReportTemplatesView"' instead?
src/renderer/views/analytics/index.ts(9,10): error TS2614: Module '"./DataVisualizationView"' has no exported member 'DataVisualizationView'. Did you mean to use 'import DataVisualizationView from "./DataVisualizationView"' instead?
src/renderer/views/analytics/MigrationReportView.test.tsx(8,10): error TS2614: Module '"./MigrationReportView"' has no exported member 'MigrationReportView'. Did you mean to use 'import MigrationReportView from "./MigrationReportView"' instead?
src/renderer/views/analytics/MigrationReportView.test.tsx(29,5): error TS7018: Object literal's property 'data' implicitly has an 'any' type.
src/renderer/views/analytics/MigrationReportView.test.tsx(30,5): error TS7018: Object literal's property 'chartData' implicitly has an 'any[]' type.
src/renderer/views/analytics/MigrationReportView.test.tsx(31,5): error TS7018: Object literal's property 'kpis' implicitly has an 'any[]' type.
src/renderer/views/analytics/MigrationReportView.test.tsx(34,5): error TS7018: Object literal's property 'error' implicitly has an 'any' type.
src/renderer/views/analytics/MigrationReportView.test.tsx(114,15): error TS2339: Property 'container' does not exist on type 'HTMLElement'.
src/renderer/views/analytics/MigrationReportView.tsx(249,14): error TS2322: Type '{ children: (Element | Element[])[]; value: string; onChange: (e: string) => void; className: string; "data-cy": string; }' is not assignable to type 'IntrinsicAttributes & SelectProps'.
  Property 'children' does not exist on type 'IntrinsicAttributes & SelectProps'.
src/renderer/views/analytics/MigrationReportView.tsx(251,50): error TS2339: Property 'target' does not exist on type 'string'.
src/renderer/views/analytics/MigrationReportView.tsx(372,19): error TS2322: Type 'ErrorBreakdownData[]' is not assignable to type 'ChartDataInput[]'.
  Type 'ErrorBreakdownData' is not assignable to type 'ChartDataInput'.
    Index signature for type 'string' is missing in type 'ErrorBreakdownData'.
src/renderer/views/analytics/PerformanceMetricsView.tsx(18,28): error TS2307: Cannot find module '../../components/atoms/LoadingSpinner' or its corresponding type declarations.
src/renderer/views/analytics/ReportTemplatesView.test.tsx(8,10): error TS2614: Module '"./ReportTemplatesView"' has no exported member 'ReportTemplatesView'. Did you mean to use 'import ReportTemplatesView from "./ReportTemplatesView"' instead?
src/renderer/views/analytics/ReportTemplatesView.test.tsx(29,5): error TS7018: Object literal's property 'data' implicitly has an 'any' type.
src/renderer/views/analytics/ReportTemplatesView.test.tsx(30,5): error TS7018: Object literal's property 'chartData' implicitly has an 'any[]' type.
src/renderer/views/analytics/ReportTemplatesView.test.tsx(31,5): error TS7018: Object literal's property 'kpis' implicitly has an 'any[]' type.
src/renderer/views/analytics/ReportTemplatesView.test.tsx(34,5): error TS7018: Object literal's property 'error' implicitly has an 'any' type.
src/renderer/views/analytics/ReportTemplatesView.test.tsx(114,15): error TS2339: Property 'container' does not exist on type 'HTMLElement'.
src/renderer/views/analytics/ReportTemplatesView.tsx(131,32): error TS2554: Expected 1 arguments, but got 2.
src/renderer/views/analytics/ReportTemplatesView.tsx(241,34): error TS2554: Expected 1 arguments, but got 2.
src/renderer/views/analytics/ReportTemplatesView.tsx(250,34): error TS2554: Expected 1 arguments, but got 2.
src/renderer/views/analytics/ReportTemplatesView.tsx(269,34): error TS2554: Expected 1 arguments, but got 2.
src/renderer/views/analytics/ReportTemplatesView.tsx(285,34): error TS2554: Expected 1 arguments, but got 2.
src/renderer/views/analytics/ReportTemplatesView.tsx(295,34): error TS2554: Expected 1 arguments, but got 2.
src/renderer/views/analytics/ReportTemplatesView.tsx(299,34): error TS2554: Expected 1 arguments, but got 2.
src/renderer/views/analytics/ReportTemplatesView.tsx(357,15): error TS2322: Type '{ type: "text"; placeholder: string; value: string; onChange: (e: ChangeEvent<HTMLInputElement>) => void; icon: Element; }' is not assignable to type 'IntrinsicAttributes & InputProps & RefAttributes<HTMLInputElement>'.
  Property 'icon' does not exist on type 'IntrinsicAttributes & InputProps & RefAttributes<HTMLInputElement>'.
src/renderer/views/analytics/ReportTemplatesView.tsx(361,14): error TS2322: Type '{ children: Element[]; label: string; value: string; onChange: (e: string) => void; }' is not assignable to type 'IntrinsicAttributes & SelectProps'.
  Property 'children' does not exist on type 'IntrinsicAttributes & SelectProps'.
src/renderer/views/analytics/ReportTemplatesView.tsx(361,88): error TS2339: Property 'target' does not exist on type 'string'.
src/renderer/views/analytics/ReportTemplatesView.tsx(405,11): error TS2322: Type '{ data: ReportTemplate[]; columns: ColDef<any, any>[]; loading: boolean; enableExport: true; onCellClicked: (event: any) => void; "data-cy": string; }' is not assignable to type 'IntrinsicAttributes & VirtualizedDataGridProps<ReportTemplate>'.
  Property 'onCellClicked' does not exist on type 'IntrinsicAttributes & VirtualizedDataGridProps<ReportTemplate>'.
src/renderer/views/analytics/ReportTemplatesView.tsx(461,14): error TS2322: Type '{ children: Element[]; label: string; value: string; onChange: (e: string) => void; required: true; }' is not assignable to type 'IntrinsicAttributes & SelectProps'.
  Property 'children' does not exist on type 'IntrinsicAttributes & SelectProps'.
src/renderer/views/analytics/ReportTemplatesView.tsx(461,118): error TS2339: Property 'target' does not exist on type 'string'.
src/renderer/views/analytics/ReportTemplatesView.tsx(469,14): error TS2322: Type '{ children: Element[]; label: string; value: string; onChange: (e: string) => void; required: true; }' is not assignable to type 'IntrinsicAttributes & SelectProps'.
  Property 'children' does not exist on type 'IntrinsicAttributes & SelectProps'.
src/renderer/views/analytics/ReportTemplatesView.tsx(472,71): error TS2339: Property 'target' does not exist on type 'string'.
src/renderer/views/analytics/ScheduledReportsView.test.tsx(8,10): error TS2614: Module '"./ScheduledReportsView"' has no exported member 'ScheduledReportsView'. Did you mean to use 'import ScheduledReportsView from "./ScheduledReportsView"' instead?
src/renderer/views/analytics/ScheduledReportsView.test.tsx(29,5): error TS7018: Object literal's property 'data' implicitly has an 'any' type.
src/renderer/views/analytics/ScheduledReportsView.test.tsx(30,5): error TS7018: Object literal's property 'chartData' implicitly has an 'any[]' type.
src/renderer/views/analytics/ScheduledReportsView.test.tsx(31,5): error TS7018: Object literal's property 'kpis' implicitly has an 'any[]' type.
src/renderer/views/analytics/ScheduledReportsView.test.tsx(34,5): error TS7018: Object literal's property 'error' implicitly has an 'any' type.
src/renderer/views/analytics/ScheduledReportsView.test.tsx(114,15): error TS2339: Property 'container' does not exist on type 'HTMLElement'.
src/renderer/views/analytics/TrendAnalysisView.test.tsx(29,5): error TS7018: Object literal's property 'data' implicitly has an 'any' type.
src/renderer/views/analytics/TrendAnalysisView.test.tsx(30,5): error TS7018: Object literal's property 'chartData' implicitly has an 'any[]' type.
src/renderer/views/analytics/TrendAnalysisView.test.tsx(31,5): error TS7018: Object literal's property 'kpis' implicitly has an 'any[]' type.
src/renderer/views/analytics/TrendAnalysisView.test.tsx(34,5): error TS7018: Object literal's property 'error' implicitly has an 'any' type.
src/renderer/views/analytics/TrendAnalysisView.test.tsx(114,15): error TS2339: Property 'container' does not exist on type 'HTMLElement'.
src/renderer/views/analytics/TrendAnalysisView.tsx(18,28): error TS2307: Cannot find module '../../components/atoms/LoadingSpinner' or its corresponding type declarations.
src/renderer/views/analytics/TrendAnalysisView.tsx(152,12): error TS2322: Type '{ children: Element[]; value: MetricType; onChange: (e: string) => void; className: string; }' is not assignable to type 'IntrinsicAttributes & SelectProps'.
  Property 'children' does not exist on type 'IntrinsicAttributes & SelectProps'.
src/renderer/views/analytics/TrendAnalysisView.tsx(154,50): error TS2339: Property 'target' does not exist on type 'string'.
src/renderer/views/analytics/TrendAnalysisView.tsx(163,12): error TS2322: Type '{ children: Element[]; value: TimeRange; onChange: (e: string) => void; className: string; }' is not assignable to type 'IntrinsicAttributes & SelectProps'.
  Property 'children' does not exist on type 'IntrinsicAttributes & SelectProps'.
src/renderer/views/analytics/TrendAnalysisView.tsx(165,45): error TS2339: Property 'target' does not exist on type 'string'.
src/renderer/views/analytics/UserAnalyticsView.test.tsx(8,10): error TS2614: Module '"./UserAnalyticsView"' has no exported member 'UserAnalyticsView'. Did you mean to use 'import UserAnalyticsView from "./UserAnalyticsView"' instead?
src/renderer/views/analytics/UserAnalyticsView.test.tsx(29,5): error TS7018: Object literal's property 'data' implicitly has an 'any' type.
src/renderer/views/analytics/UserAnalyticsView.test.tsx(30,5): error TS7018: Object literal's property 'chartData' implicitly has an 'any[]' type.
src/renderer/views/analytics/UserAnalyticsView.test.tsx(31,5): error TS7018: Object literal's property 'kpis' implicitly has an 'any[]' type.
src/renderer/views/analytics/UserAnalyticsView.test.tsx(34,5): error TS7018: Object literal's property 'error' implicitly has an 'any' type.
src/renderer/views/analytics/UserAnalyticsView.test.tsx(114,15): error TS2339: Property 'container' does not exist on type 'HTMLElement'.
src/renderer/views/analytics/UserAnalyticsView.tsx(156,5): error TS2339: Property 'filteredLicenseUsage' does not exist on type '{ analyticsData: AnalyticsData; isLoading: boolean; error: string; dateRange: DateRange; setDateRange: Dispatch<SetStateAction<DateRange>>; ... 5 more ...; refreshData: () => Promise<...>; }'.
src/renderer/views/analytics/UserAnalyticsView.tsx(157,5): error TS2339: Property 'filteredDepartmentBreakdown' does not exist on type '{ analyticsData: AnalyticsData; isLoading: boolean; error: string; dateRange: DateRange; setDateRange: Dispatch<SetStateAction<DateRange>>; ... 5 more ...; refreshData: () => Promise<...>; }'.
src/renderer/views/analytics/UserAnalyticsView.tsx(161,5): error TS2339: Property 'handleExportPDF' does not exist on type '{ analyticsData: AnalyticsData; isLoading: boolean; error: string; dateRange: DateRange; setDateRange: Dispatch<SetStateAction<DateRange>>; ... 5 more ...; refreshData: () => Promise<...>; }'.
src/renderer/views/analytics/UserAnalyticsView.tsx(215,14): error TS2322: Type '{ children: Element[]; value: DateRange; onChange: (e: string) => void; className: string; "data-cy": string; }' is not assignable to type 'IntrinsicAttributes & SelectProps'.
  Property 'children' does not exist on type 'IntrinsicAttributes & SelectProps'.
src/renderer/views/analytics/UserAnalyticsView.tsx(217,47): error TS2339: Property 'target' does not exist on type 'string'.
src/renderer/views/analytics/UserAnalyticsView.tsx(228,14): error TS2322: Type '{ children: (Element | Element[])[]; value: string; onChange: (e: string) => void; className: string; "data-cy": string; }' is not assignable to type 'IntrinsicAttributes & SelectProps'.
  Property 'children' does not exist on type 'IntrinsicAttributes & SelectProps'.
src/renderer/views/analytics/UserAnalyticsView.tsx(230,56): error TS2339: Property 'target' does not exist on type 'string'.
src/renderer/views/analytics/UserAnalyticsView.tsx(236,25): error TS2322: Type '{ id: string; name: string; }' is not assignable to type 'Key'.
src/renderer/views/analytics/UserAnalyticsView.tsx(236,36): error TS2322: Type '{ id: string; name: string; }' is not assignable to type 'string | number | readonly string[]'.
src/renderer/views/analytics/UserAnalyticsView.tsx(237,19): error TS2322: Type '{ id: string; name: string; }' is not assignable to type 'ReactNode'.
src/renderer/views/analytics/UserAnalyticsView.tsx(316,42): error TS7006: Parameter 'license' implicitly has an 'any' type.
src/renderer/views/analytics/UserAnalyticsView.tsx(316,51): error TS7006: Parameter 'index' implicitly has an 'any' type.
src/renderer/views/analytics/UserAnalyticsView.tsx(352,53): error TS7006: Parameter 'entry' implicitly has an 'any' type.
src/renderer/views/analytics/UserAnalyticsView.tsx(352,60): error TS7006: Parameter 'index' implicitly has an 'any' type.
src/renderer/views/assets/AssetInventoryView.test.tsx(23,5): error TS7018: Object literal's property 'data' implicitly has an 'any[]' type.
src/renderer/views/assets/AssetInventoryView.test.tsx(24,5): error TS7018: Object literal's property 'assets' implicitly has an 'any[]' type.
src/renderer/views/assets/AssetInventoryView.test.tsx(28,5): error TS7018: Object literal's property 'selectedItems' implicitly has an 'any[]' type.
src/renderer/views/assets/AssetInventoryView.test.tsx(31,5): error TS7018: Object literal's property 'error' implicitly has an 'any' type.
src/renderer/views/assets/AssetInventoryView.tsx(18,5): error TS2339: Property 'stats' does not exist on type '{ assets: AssetData[]; statistics: AssetStatistics; isLoading: boolean; error: string; searchText: string; setSearchText: Dispatch<SetStateAction<string>>; ... 5 more ...; exportAssets: () => Promise<...>; }'.
src/renderer/views/assets/AssetInventoryView.tsx(21,5): error TS2339: Property 'selectedAssetType' does not exist on type '{ assets: AssetData[]; statistics: AssetStatistics; isLoading: boolean; error: string; searchText: string; setSearchText: Dispatch<SetStateAction<string>>; ... 5 more ...; exportAssets: () => Promise<...>; }'.
src/renderer/views/assets/AssetInventoryView.tsx(22,5): error TS2339: Property 'setSelectedAssetType' does not exist on type '{ assets: AssetData[]; statistics: AssetStatistics; isLoading: boolean; error: string; searchText: string; setSearchText: Dispatch<SetStateAction<string>>; ... 5 more ...; exportAssets: () => Promise<...>; }'.
src/renderer/views/assets/AssetInventoryView.tsx(23,5): error TS2339: Property 'handleExport' does not exist on type '{ assets: AssetData[]; statistics: AssetStatistics; isLoading: boolean; error: string; searchText: string; setSearchText: Dispatch<SetStateAction<string>>; ... 5 more ...; exportAssets: () => Promise<...>; }'.
src/renderer/views/assets/AssetInventoryView.tsx(24,5): error TS2339: Property 'handleRefresh' does not exist on type '{ assets: AssetData[]; statistics: AssetStatistics; isLoading: boolean; error: string; searchText: string; setSearchText: Dispatch<SetStateAction<string>>; ... 5 more ...; exportAssets: () => Promise<...>; }'.
src/renderer/views/assets/AssetInventoryView.tsx(25,5): error TS2339: Property 'columnDefs' does not exist on type '{ assets: AssetData[]; statistics: AssetStatistics; isLoading: boolean; error: string; searchText: string; setSearchText: Dispatch<SetStateAction<string>>; ... 5 more ...; exportAssets: () => Promise<...>; }'.
src/renderer/views/assets/AssetInventoryView.tsx(83,24): error TS2322: Type '"primary" | "secondary"' is not assignable to type '"warning" | "success" | "info" | "default" | "primary" | "danger"'.
  Type '"secondary"' is not assignable to type '"warning" | "success" | "info" | "default" | "primary" | "danger"'.
src/renderer/views/assets/ComputerInventoryView.test.tsx(8,10): error TS2614: Module '"./ComputerInventoryView"' has no exported member 'ComputerInventoryView'. Did you mean to use 'import ComputerInventoryView from "./ComputerInventoryView"' instead?
src/renderer/views/assets/ComputerInventoryView.test.tsx(23,5): error TS7018: Object literal's property 'data' implicitly has an 'any[]' type.
src/renderer/views/assets/ComputerInventoryView.test.tsx(24,5): error TS7018: Object literal's property 'assets' implicitly has an 'any[]' type.
src/renderer/views/assets/ComputerInventoryView.test.tsx(28,5): error TS7018: Object literal's property 'selectedItems' implicitly has an 'any[]' type.
src/renderer/views/assets/ComputerInventoryView.test.tsx(31,5): error TS7018: Object literal's property 'error' implicitly has an 'any' type.
src/renderer/views/assets/ComputerInventoryView.tsx(114,12): error TS2322: Type '{ children: (Element | Element[])[]; value: string; onChange: (e: string) => void; "data-cy": string; }' is not assignable to type 'IntrinsicAttributes & SelectProps'.
  Property 'children' does not exist on type 'IntrinsicAttributes & SelectProps'.
src/renderer/views/assets/ComputerInventoryView.tsx(116,55): error TS2339: Property 'target' does not exist on type 'string'.
src/renderer/views/assets/ComputerInventoryView.tsx(126,12): error TS2322: Type '{ children: (Element | Element[])[]; value: string; onChange: (e: string) => void; "data-cy": string; }' is not assignable to type 'IntrinsicAttributes & SelectProps'.
  Property 'children' does not exist on type 'IntrinsicAttributes & SelectProps'.
src/renderer/views/assets/ComputerInventoryView.tsx(128,55): error TS2339: Property 'target' does not exist on type 'string'.
src/renderer/views/assets/ComputerInventoryView.tsx(138,12): error TS2322: Type '{ children: (Element | Element[])[]; value: string; onChange: (e: string) => void; "data-cy": string; }' is not assignable to type 'IntrinsicAttributes & SelectProps'.
  Property 'children' does not exist on type 'IntrinsicAttributes & SelectProps'.
src/renderer/views/assets/ComputerInventoryView.tsx(140,51): error TS2339: Property 'target' does not exist on type 'string'.
src/renderer/views/assets/ComputerInventoryView.tsx(150,12): error TS2322: Type '{ children: (Element | Element[])[]; value: string; onChange: (e: string) => void; "data-cy": string; }' is not assignable to type 'IntrinsicAttributes & SelectProps'.
  Property 'children' does not exist on type 'IntrinsicAttributes & SelectProps'.
src/renderer/views/assets/ComputerInventoryView.tsx(152,55): error TS2339: Property 'target' does not exist on type 'string'.
src/renderer/views/assets/NetworkDeviceInventoryView.test.tsx(8,10): error TS2614: Module '"./NetworkDeviceInventoryView"' has no exported member 'NetworkDeviceInventoryView'. Did you mean to use 'import NetworkDeviceInventoryView from "./NetworkDeviceInventoryView"' instead?
src/renderer/views/assets/NetworkDeviceInventoryView.test.tsx(23,5): error TS7018: Object literal's property 'data' implicitly has an 'any[]' type.
src/renderer/views/assets/NetworkDeviceInventoryView.test.tsx(24,5): error TS7018: Object literal's property 'assets' implicitly has an 'any[]' type.
src/renderer/views/assets/NetworkDeviceInventoryView.test.tsx(28,5): error TS7018: Object literal's property 'selectedItems' implicitly has an 'any[]' type.
src/renderer/views/assets/NetworkDeviceInventoryView.test.tsx(31,5): error TS7018: Object literal's property 'error' implicitly has an 'any' type.
src/renderer/views/assets/NetworkDeviceInventoryView.tsx(156,12): error TS2322: Type '{ children: (Element | Element[])[]; value: string; onChange: (e: string) => void; "data-cy": string; }' is not assignable to type 'IntrinsicAttributes & SelectProps'.
  Property 'children' does not exist on type 'IntrinsicAttributes & SelectProps'.
src/renderer/views/assets/NetworkDeviceInventoryView.tsx(158,59): error TS2339: Property 'target' does not exist on type 'string'.
src/renderer/views/assets/NetworkDeviceInventoryView.tsx(168,12): error TS2322: Type '{ children: (Element | Element[])[]; value: string; onChange: (e: string) => void; "data-cy": string; }' is not assignable to type 'IntrinsicAttributes & SelectProps'.
  Property 'children' does not exist on type 'IntrinsicAttributes & SelectProps'.
src/renderer/views/assets/NetworkDeviceInventoryView.tsx(170,55): error TS2339: Property 'target' does not exist on type 'string'.
src/renderer/views/assets/NetworkDeviceInventoryView.tsx(180,12): error TS2322: Type '{ children: (Element | Element[])[]; value: string; onChange: (e: string) => void; "data-cy": string; }' is not assignable to type 'IntrinsicAttributes & SelectProps'.
  Property 'children' does not exist on type 'IntrinsicAttributes & SelectProps'.
src/renderer/views/assets/NetworkDeviceInventoryView.tsx(182,55): error TS2339: Property 'target' does not exist on type 'string'.
src/renderer/views/assets/NetworkDeviceInventoryView.tsx(192,12): error TS2322: Type '{ children: (Element | Element[])[]; value: string; onChange: (e: string) => void; "data-cy": string; }' is not assignable to type 'IntrinsicAttributes & SelectProps'.
  Property 'children' does not exist on type 'IntrinsicAttributes & SelectProps'.
src/renderer/views/assets/NetworkDeviceInventoryView.tsx(194,57): error TS2339: Property 'target' does not exist on type 'string'.
src/renderer/views/assets/ServerInventoryView.test.tsx(8,10): error TS2614: Module '"./ServerInventoryView"' has no exported member 'ServerInventoryView'. Did you mean to use 'import ServerInventoryView from "./ServerInventoryView"' instead?
src/renderer/views/assets/ServerInventoryView.test.tsx(23,5): error TS7018: Object literal's property 'data' implicitly has an 'any[]' type.
src/renderer/views/assets/ServerInventoryView.test.tsx(24,5): error TS7018: Object literal's property 'assets' implicitly has an 'any[]' type.
src/renderer/views/assets/ServerInventoryView.test.tsx(28,5): error TS7018: Object literal's property 'selectedItems' implicitly has an 'any[]' type.
src/renderer/views/assets/ServerInventoryView.test.tsx(31,5): error TS7018: Object literal's property 'error' implicitly has an 'any' type.
src/renderer/views/assets/ServerInventoryView.tsx(145,12): error TS2322: Type '{ children: (Element | Element[])[]; value: string; onChange: (e: string) => void; "data-cy": string; }' is not assignable to type 'IntrinsicAttributes & SelectProps'.
  Property 'children' does not exist on type 'IntrinsicAttributes & SelectProps'.
src/renderer/views/assets/ServerInventoryView.tsx(147,53): error TS2339: Property 'target' does not exist on type 'string'.
src/renderer/views/assets/ServerInventoryView.tsx(157,12): error TS2322: Type '{ children: (Element | Element[])[]; value: string; onChange: (e: string) => void; "data-cy": string; }' is not assignable to type 'IntrinsicAttributes & SelectProps'.
  Property 'children' does not exist on type 'IntrinsicAttributes & SelectProps'.
src/renderer/views/assets/ServerInventoryView.tsx(159,55): error TS2339: Property 'target' does not exist on type 'string'.
src/renderer/views/assets/ServerInventoryView.tsx(169,12): error TS2322: Type '{ children: (Element | Element[])[]; value: string; onChange: (e: string) => void; "data-cy": string; }' is not assignable to type 'IntrinsicAttributes & SelectProps'.
  Property 'children' does not exist on type 'IntrinsicAttributes & SelectProps'.
src/renderer/views/assets/ServerInventoryView.tsx(171,60): error TS2339: Property 'target' does not exist on type 'string'.
src/renderer/views/assets/ServerInventoryView.tsx(181,12): error TS2322: Type '{ children: (Element | Element[])[]; value: string; onChange: (e: string) => void; "data-cy": string; }' is not assignable to type 'IntrinsicAttributes & SelectProps'.
  Property 'children' does not exist on type 'IntrinsicAttributes & SelectProps'.
src/renderer/views/assets/ServerInventoryView.tsx(183,66): error TS2339: Property 'target' does not exist on type 'string'.
src/renderer/views/compliance/ComplianceDashboardView.test.tsx(23,5): error TS7018: Object literal's property 'data' implicitly has an 'any[]' type.
src/renderer/views/compliance/ComplianceDashboardView.test.tsx(27,5): error TS7018: Object literal's property 'complianceStatus' implicitly has an 'any' type.
src/renderer/views/compliance/ComplianceDashboardView.test.tsx(28,5): error TS7018: Object literal's property 'selectedItems' implicitly has an 'any[]' type.
src/renderer/views/compliance/ComplianceDashboardView.test.tsx(31,5): error TS7018: Object literal's property 'error' implicitly has an 'any' type.
src/renderer/views/compliance/ComplianceReportView.test.tsx(8,10): error TS2614: Module '"./ComplianceReportView"' has no exported member 'ComplianceReportView'. Did you mean to use 'import ComplianceReportView from "./ComplianceReportView"' instead?
src/renderer/views/compliance/ComplianceReportView.test.tsx(23,5): error TS7018: Object literal's property 'data' implicitly has an 'any[]' type.
src/renderer/views/compliance/ComplianceReportView.test.tsx(27,5): error TS7018: Object literal's property 'complianceStatus' implicitly has an 'any' type.
src/renderer/views/compliance/ComplianceReportView.test.tsx(28,5): error TS7018: Object literal's property 'selectedItems' implicitly has an 'any[]' type.
src/renderer/views/compliance/ComplianceReportView.test.tsx(31,5): error TS7018: Object literal's property 'error' implicitly has an 'any' type.
src/renderer/views/compliance/ComplianceReportView.tsx(77,12): error TS2322: Type '{ children: (Element | Element[])[]; value: string; onChange: (e: string) => void; "data-cy": string; }' is not assignable to type 'IntrinsicAttributes & SelectProps'.
  Property 'children' does not exist on type 'IntrinsicAttributes & SelectProps'.
src/renderer/views/compliance/ComplianceReportView.tsx(77,90): error TS2339: Property 'target' does not exist on type 'string'.
src/renderer/views/compliance/ComplianceReportView.tsx(81,12): error TS2322: Type '{ children: (Element | Element[])[]; value: string; onChange: (e: string) => void; "data-cy": string; }' is not assignable to type 'IntrinsicAttributes & SelectProps'.
  Property 'children' does not exist on type 'IntrinsicAttributes & SelectProps'.
src/renderer/views/compliance/ComplianceReportView.tsx(81,84): error TS2339: Property 'target' does not exist on type 'string'.
src/renderer/views/compliance/ComplianceReportView.tsx(85,12): error TS2322: Type '{ children: (Element | Element[])[]; value: string; onChange: (e: string) => void; "data-cy": string; }' is not assignable to type 'IntrinsicAttributes & SelectProps'.
  Property 'children' does not exist on type 'IntrinsicAttributes & SelectProps'.
src/renderer/views/compliance/ComplianceReportView.tsx(85,90): error TS2339: Property 'target' does not exist on type 'string'.
src/renderer/views/compliance/ComplianceReportView.tsx(89,12): error TS2322: Type '{ children: (Element | Element[])[]; value: string; onChange: (e: string) => void; "data-cy": string; }' is not assignable to type 'IntrinsicAttributes & SelectProps'.
  Property 'children' does not exist on type 'IntrinsicAttributes & SelectProps'.
src/renderer/views/compliance/ComplianceReportView.tsx(89,82): error TS2339: Property 'target' does not exist on type 'string'.
src/renderer/views/computers/ComputerDetailView.tsx(22,10): error TS2614: Module '"../../components/molecules/LoadingOverlay"' has no exported member 'LoadingOverlay'. Did you mean to use 'import LoadingOverlay from "../../components/molecules/LoadingOverlay"' instead?
src/renderer/views/discovery/ActiveDirectoryDiscoveryView.test.tsx(8,10): error TS2614: Module '"./ActiveDirectoryDiscoveryView"' has no exported member 'ActiveDirectoryDiscoveryView'. Did you mean to use 'import ActiveDirectoryDiscoveryView from "./ActiveDirectoryDiscoveryView"' instead?
src/renderer/views/discovery/ActiveDirectoryDiscoveryView.test.tsx(27,5): error TS7018: Object literal's property 'progress' implicitly has an 'any' type.
src/renderer/views/discovery/ActiveDirectoryDiscoveryView.test.tsx(28,5): error TS7018: Object literal's property 'results' implicitly has an 'any' type.
src/renderer/views/discovery/ActiveDirectoryDiscoveryView.test.tsx(29,5): error TS7018: Object literal's property 'error' implicitly has an 'any' type.
src/renderer/views/discovery/ActiveDirectoryDiscoveryView.test.tsx(30,5): error TS7018: Object literal's property 'logs' implicitly has an 'any[]' type.
src/renderer/views/discovery/ActiveDirectoryDiscoveryView.test.tsx(35,5): error TS7018: Object literal's property 'selectedProfile' implicitly has an 'any' type.
src/renderer/views/discovery/ActiveDirectoryDiscoveryView.tsx(11,8): error TS2613: Module '"D:/Scripts/UserMandA/guiv2/src/renderer/components/atoms/Spinner"' has no default export. Did you mean to use 'import { Spinner } from "D:/Scripts/UserMandA/guiv2/src/renderer/components/atoms/Spinner"' instead?
src/renderer/views/discovery/ApplicationDiscoveryView.test.tsx(8,10): error TS2614: Module '"./ApplicationDiscoveryView"' has no exported member 'ApplicationDiscoveryView'. Did you mean to use 'import ApplicationDiscoveryView from "./ApplicationDiscoveryView"' instead?
src/renderer/views/discovery/ApplicationDiscoveryView.test.tsx(27,5): error TS7018: Object literal's property 'progress' implicitly has an 'any' type.
src/renderer/views/discovery/ApplicationDiscoveryView.test.tsx(28,5): error TS7018: Object literal's property 'results' implicitly has an 'any' type.
src/renderer/views/discovery/ApplicationDiscoveryView.test.tsx(29,5): error TS7018: Object literal's property 'error' implicitly has an 'any' type.
src/renderer/views/discovery/ApplicationDiscoveryView.test.tsx(30,5): error TS7018: Object literal's property 'logs' implicitly has an 'any[]' type.
src/renderer/views/discovery/ApplicationDiscoveryView.test.tsx(35,5): error TS7018: Object literal's property 'selectedProfile' implicitly has an 'any' type.
src/renderer/views/discovery/AWSCloudInfrastructureDiscoveryView.test.tsx(8,10): error TS2614: Module '"./AWSCloudInfrastructureDiscoveryView"' has no exported member 'AWSCloudInfrastructureDiscoveryView'. Did you mean to use 'import AWSCloudInfrastructureDiscoveryView from "./AWSCloudInfrastructureDiscoveryView"' instead?
src/renderer/views/discovery/AWSCloudInfrastructureDiscoveryView.test.tsx(27,5): error TS7018: Object literal's property 'progress' implicitly has an 'any' type.
src/renderer/views/discovery/AWSCloudInfrastructureDiscoveryView.test.tsx(28,5): error TS7018: Object literal's property 'results' implicitly has an 'any' type.
src/renderer/views/discovery/AWSCloudInfrastructureDiscoveryView.test.tsx(29,5): error TS7018: Object literal's property 'error' implicitly has an 'any' type.
src/renderer/views/discovery/AWSCloudInfrastructureDiscoveryView.test.tsx(30,5): error TS7018: Object literal's property 'logs' implicitly has an 'any[]' type.
src/renderer/views/discovery/AWSCloudInfrastructureDiscoveryView.test.tsx(35,5): error TS7018: Object literal's property 'selectedProfile' implicitly has an 'any' type.
src/renderer/views/discovery/AWSCloudInfrastructureDiscoveryView.tsx(320,71): error TS2339: Property 'target' does not exist on type 'boolean'.
src/renderer/views/discovery/AWSCloudInfrastructureDiscoveryView.tsx(327,74): error TS2339: Property 'target' does not exist on type 'boolean'.
src/renderer/views/discovery/AWSCloudInfrastructureDiscoveryView.tsx(334,77): error TS2339: Property 'target' does not exist on type 'boolean'.
src/renderer/views/discovery/AzureDiscoveryView.test.tsx(8,10): error TS2614: Module '"./AzureDiscoveryView"' has no exported member 'AzureDiscoveryView'. Did you mean to use 'import AzureDiscoveryView from "./AzureDiscoveryView"' instead?
src/renderer/views/discovery/AzureDiscoveryView.test.tsx(27,5): error TS7018: Object literal's property 'progress' implicitly has an 'any' type.
src/renderer/views/discovery/AzureDiscoveryView.test.tsx(28,5): error TS7018: Object literal's property 'results' implicitly has an 'any' type.
src/renderer/views/discovery/AzureDiscoveryView.test.tsx(29,5): error TS7018: Object literal's property 'error' implicitly has an 'any' type.
src/renderer/views/discovery/AzureDiscoveryView.test.tsx(30,5): error TS7018: Object literal's property 'logs' implicitly has an 'any[]' type.
src/renderer/views/discovery/AzureDiscoveryView.test.tsx(35,5): error TS7018: Object literal's property 'selectedProfile' implicitly has an 'any' type.
src/renderer/views/discovery/AzureDiscoveryView.tsx(59,15): error TS2322: Type '{ status: "error" | "warning" | "success"; label: string; }' is not assignable to type 'IntrinsicAttributes & StatusIndicatorProps'.
  Property 'label' does not exist on type 'IntrinsicAttributes & StatusIndicatorProps'.
src/renderer/views/discovery/AzureDiscoveryView.tsx(88,19): error TS2322: Type '{ label: string; placeholder: string; value: string; onChange: (e: ChangeEvent<HTMLInputElement>) => void; disabled: boolean; required: true; helpText: string; "data-cy": string; }' is not assignable to type 'IntrinsicAttributes & InputProps & RefAttributes<HTMLInputElement>'.
  Property 'helpText' does not exist on type 'IntrinsicAttributes & InputProps & RefAttributes<HTMLInputElement>'. Did you mean 'helperText'?
src/renderer/views/discovery/AzureDiscoveryView.tsx(191,19): error TS2322: Type '{ label: string; type: "number"; value: string; onChange: (e: ChangeEvent<HTMLInputElement>) => void; disabled: boolean; min: number; max: number; helpText: string; "data-cy": string; }' is not assignable to type 'IntrinsicAttributes & InputProps & RefAttributes<HTMLInputElement>'.
  Property 'helpText' does not exist on type 'IntrinsicAttributes & InputProps & RefAttributes<HTMLInputElement>'. Did you mean 'helperText'?
src/renderer/views/discovery/ConditionalAccessPoliciesDiscoveryView.test.tsx(8,10): error TS2614: Module '"./ConditionalAccessPoliciesDiscoveryView"' has no exported member 'ConditionalAccessPoliciesDiscoveryView'. Did you mean to use 'import ConditionalAccessPoliciesDiscoveryView from "./ConditionalAccessPoliciesDiscoveryView"' instead?
src/renderer/views/discovery/ConditionalAccessPoliciesDiscoveryView.test.tsx(27,5): error TS7018: Object literal's property 'progress' implicitly has an 'any' type.
src/renderer/views/discovery/ConditionalAccessPoliciesDiscoveryView.test.tsx(28,5): error TS7018: Object literal's property 'results' implicitly has an 'any' type.
src/renderer/views/discovery/ConditionalAccessPoliciesDiscoveryView.test.tsx(29,5): error TS7018: Object literal's property 'error' implicitly has an 'any' type.
src/renderer/views/discovery/ConditionalAccessPoliciesDiscoveryView.test.tsx(30,5): error TS7018: Object literal's property 'logs' implicitly has an 'any[]' type.
src/renderer/views/discovery/ConditionalAccessPoliciesDiscoveryView.test.tsx(35,5): error TS7018: Object literal's property 'selectedProfile' implicitly has an 'any' type.
src/renderer/views/discovery/ConditionalAccessPoliciesDiscoveryView.tsx(144,73): error TS2339: Property 'target' does not exist on type 'boolean'.
src/renderer/views/discovery/ConditionalAccessPoliciesDiscoveryView.tsx(150,72): error TS2339: Property 'target' does not exist on type 'boolean'.
src/renderer/views/discovery/ConditionalAccessPoliciesDiscoveryView.tsx(156,70): error TS2339: Property 'target' does not exist on type 'boolean'.
src/renderer/views/discovery/DataLossPreventionDiscoveryView.test.tsx(8,10): error TS2614: Module '"./DataLossPreventionDiscoveryView"' has no exported member 'DataLossPreventionDiscoveryView'. Did you mean to use 'import DataLossPreventionDiscoveryView from "./DataLossPreventionDiscoveryView"' instead?
src/renderer/views/discovery/DataLossPreventionDiscoveryView.test.tsx(27,5): error TS7018: Object literal's property 'progress' implicitly has an 'any' type.
src/renderer/views/discovery/DataLossPreventionDiscoveryView.test.tsx(28,5): error TS7018: Object literal's property 'results' implicitly has an 'any' type.
src/renderer/views/discovery/DataLossPreventionDiscoveryView.test.tsx(29,5): error TS7018: Object literal's property 'error' implicitly has an 'any' type.
src/renderer/views/discovery/DataLossPreventionDiscoveryView.test.tsx(30,5): error TS7018: Object literal's property 'logs' implicitly has an 'any[]' type.
src/renderer/views/discovery/DataLossPreventionDiscoveryView.test.tsx(35,5): error TS7018: Object literal's property 'selectedProfile' implicitly has an 'any' type.
src/renderer/views/discovery/DataLossPreventionDiscoveryView.tsx(113,145): error TS2339: Property 'target' does not exist on type 'boolean'.
src/renderer/views/discovery/DataLossPreventionDiscoveryView.tsx(114,136): error TS2339: Property 'target' does not exist on type 'boolean'.
src/renderer/views/discovery/DataLossPreventionDiscoveryView.tsx(115,148): error TS2339: Property 'target' does not exist on type 'boolean'.
src/renderer/views/discovery/DomainDiscoveryView.test.tsx(8,10): error TS2614: Module '"./DomainDiscoveryView"' has no exported member 'DomainDiscoveryView'. Did you mean to use 'import DomainDiscoveryView from "./DomainDiscoveryView"' instead?
src/renderer/views/discovery/DomainDiscoveryView.test.tsx(38,5): error TS7018: Object literal's property 'progress' implicitly has an 'any' type.
src/renderer/views/discovery/DomainDiscoveryView.test.tsx(39,5): error TS7018: Object literal's property 'results' implicitly has an 'any' type.
src/renderer/views/discovery/DomainDiscoveryView.test.tsx(40,5): error TS7018: Object literal's property 'error' implicitly has an 'any' type.
src/renderer/views/discovery/DomainDiscoveryView.test.tsx(41,5): error TS7018: Object literal's property 'logs' implicitly has an 'any[]' type.
src/renderer/views/discovery/DomainDiscoveryView.test.tsx(46,5): error TS7018: Object literal's property 'selectedProfile' implicitly has an 'any' type.
src/renderer/views/discovery/DomainDiscoveryView.tsx(84,19): error TS2322: Type '{ label: string; placeholder: string; value: string; onChange: (e: ChangeEvent<HTMLInputElement>) => void; disabled: boolean; helpText: string; "data-cy": string; }' is not assignable to type 'IntrinsicAttributes & InputProps & RefAttributes<HTMLInputElement>'.
  Property 'helpText' does not exist on type 'IntrinsicAttributes & InputProps & RefAttributes<HTMLInputElement>'. Did you mean 'helperText'?
src/renderer/views/discovery/EnvironmentDetectionView.test.tsx(8,10): error TS2614: Module '"./EnvironmentDetectionView"' has no exported member 'EnvironmentDetectionView'. Did you mean to use 'import EnvironmentDetectionView from "./EnvironmentDetectionView"' instead?
src/renderer/views/discovery/EnvironmentDetectionView.test.tsx(27,5): error TS7018: Object literal's property 'progress' implicitly has an 'any' type.
src/renderer/views/discovery/EnvironmentDetectionView.test.tsx(28,5): error TS7018: Object literal's property 'results' implicitly has an 'any' type.
src/renderer/views/discovery/EnvironmentDetectionView.test.tsx(29,5): error TS7018: Object literal's property 'error' implicitly has an 'any' type.
src/renderer/views/discovery/EnvironmentDetectionView.test.tsx(30,5): error TS7018: Object literal's property 'logs' implicitly has an 'any[]' type.
src/renderer/views/discovery/EnvironmentDetectionView.test.tsx(35,5): error TS7018: Object literal's property 'selectedProfile' implicitly has an 'any' type.
src/renderer/views/discovery/EnvironmentDetectionView.tsx(111,66): error TS2339: Property 'target' does not exist on type 'boolean'.
src/renderer/views/discovery/EnvironmentDetectionView.tsx(116,71): error TS2339: Property 'target' does not exist on type 'boolean'.
src/renderer/views/discovery/EnvironmentDetectionView.tsx(121,64): error TS2339: Property 'target' does not exist on type 'boolean'.
src/renderer/views/discovery/EnvironmentDetectionView.tsx(126,64): error TS2339: Property 'target' does not exist on type 'boolean'.
src/renderer/views/discovery/EnvironmentDetectionView.tsx(316,70): error TS2339: Property 'target' does not exist on type 'boolean'.
src/renderer/views/discovery/ExchangeDiscoveryView.test.tsx(8,10): error TS2614: Module '"./ExchangeDiscoveryView"' has no exported member 'ExchangeDiscoveryView'. Did you mean to use 'import ExchangeDiscoveryView from "./ExchangeDiscoveryView"' instead?
src/renderer/views/discovery/ExchangeDiscoveryView.test.tsx(27,5): error TS7018: Object literal's property 'progress' implicitly has an 'any' type.
src/renderer/views/discovery/ExchangeDiscoveryView.test.tsx(28,5): error TS7018: Object literal's property 'results' implicitly has an 'any' type.
src/renderer/views/discovery/ExchangeDiscoveryView.test.tsx(29,5): error TS7018: Object literal's property 'error' implicitly has an 'any' type.
src/renderer/views/discovery/ExchangeDiscoveryView.test.tsx(30,5): error TS7018: Object literal's property 'logs' implicitly has an 'any[]' type.
src/renderer/views/discovery/ExchangeDiscoveryView.test.tsx(35,5): error TS7018: Object literal's property 'selectedProfile' implicitly has an 'any' type.
src/renderer/views/discovery/FileSystemDiscoveryView.test.tsx(8,10): error TS2614: Module '"./FileSystemDiscoveryView"' has no exported member 'FileSystemDiscoveryView'. Did you mean to use 'import FileSystemDiscoveryView from "./FileSystemDiscoveryView"' instead?
src/renderer/views/discovery/FileSystemDiscoveryView.test.tsx(27,5): error TS7018: Object literal's property 'progress' implicitly has an 'any' type.
src/renderer/views/discovery/FileSystemDiscoveryView.test.tsx(28,5): error TS7018: Object literal's property 'results' implicitly has an 'any' type.
src/renderer/views/discovery/FileSystemDiscoveryView.test.tsx(29,5): error TS7018: Object literal's property 'error' implicitly has an 'any' type.
src/renderer/views/discovery/FileSystemDiscoveryView.test.tsx(30,5): error TS7018: Object literal's property 'logs' implicitly has an 'any[]' type.
src/renderer/views/discovery/FileSystemDiscoveryView.test.tsx(35,5): error TS7018: Object literal's property 'selectedProfile' implicitly has an 'any' type.
src/renderer/views/discovery/GoogleWorkspaceDiscoveryView.test.tsx(8,10): error TS2614: Module '"./GoogleWorkspaceDiscoveryView"' has no exported member 'GoogleWorkspaceDiscoveryView'. Did you mean to use 'import GoogleWorkspaceDiscoveryView from "./GoogleWorkspaceDiscoveryView"' instead?
src/renderer/views/discovery/GoogleWorkspaceDiscoveryView.test.tsx(27,5): error TS7018: Object literal's property 'progress' implicitly has an 'any' type.
src/renderer/views/discovery/GoogleWorkspaceDiscoveryView.test.tsx(28,5): error TS7018: Object literal's property 'results' implicitly has an 'any' type.
src/renderer/views/discovery/GoogleWorkspaceDiscoveryView.test.tsx(29,5): error TS7018: Object literal's property 'error' implicitly has an 'any' type.
src/renderer/views/discovery/GoogleWorkspaceDiscoveryView.test.tsx(30,5): error TS7018: Object literal's property 'logs' implicitly has an 'any[]' type.
src/renderer/views/discovery/GoogleWorkspaceDiscoveryView.test.tsx(35,5): error TS7018: Object literal's property 'selectedProfile' implicitly has an 'any' type.
src/renderer/views/discovery/GoogleWorkspaceDiscoveryView.tsx(135,73): error TS2339: Property 'target' does not exist on type 'boolean'.
src/renderer/views/discovery/GoogleWorkspaceDiscoveryView.tsx(140,77): error TS2339: Property 'target' does not exist on type 'boolean'.
src/renderer/views/discovery/GoogleWorkspaceDiscoveryView.tsx(145,73): error TS2339: Property 'target' does not exist on type 'boolean'.
src/renderer/views/discovery/GoogleWorkspaceDiscoveryView.tsx(150,72): error TS2339: Property 'target' does not exist on type 'boolean'.
src/renderer/views/discovery/GoogleWorkspaceDiscoveryView.tsx(155,77): error TS2339: Property 'target' does not exist on type 'boolean'.
src/renderer/views/discovery/GoogleWorkspaceDiscoveryView.tsx(281,67): error TS2339: Property 'target' does not exist on type 'boolean'.
src/renderer/views/discovery/HyperVDiscoveryView.test.tsx(8,10): error TS2614: Module '"./HyperVDiscoveryView"' has no exported member 'HyperVDiscoveryView'. Did you mean to use 'import HyperVDiscoveryView from "./HyperVDiscoveryView"' instead?
src/renderer/views/discovery/HyperVDiscoveryView.test.tsx(27,5): error TS7018: Object literal's property 'progress' implicitly has an 'any' type.
src/renderer/views/discovery/HyperVDiscoveryView.test.tsx(28,5): error TS7018: Object literal's property 'results' implicitly has an 'any' type.
src/renderer/views/discovery/HyperVDiscoveryView.test.tsx(29,5): error TS7018: Object literal's property 'error' implicitly has an 'any' type.
src/renderer/views/discovery/HyperVDiscoveryView.test.tsx(30,5): error TS7018: Object literal's property 'logs' implicitly has an 'any[]' type.
src/renderer/views/discovery/HyperVDiscoveryView.test.tsx(35,5): error TS7018: Object literal's property 'selectedProfile' implicitly has an 'any' type.
src/renderer/views/discovery/IdentityGovernanceDiscoveryView.test.tsx(8,10): error TS2614: Module '"./IdentityGovernanceDiscoveryView"' has no exported member 'IdentityGovernanceDiscoveryView'. Did you mean to use 'import IdentityGovernanceDiscoveryView from "./IdentityGovernanceDiscoveryView"' instead?
src/renderer/views/discovery/IdentityGovernanceDiscoveryView.test.tsx(27,5): error TS7018: Object literal's property 'progress' implicitly has an 'any' type.
src/renderer/views/discovery/IdentityGovernanceDiscoveryView.test.tsx(28,5): error TS7018: Object literal's property 'results' implicitly has an 'any' type.
src/renderer/views/discovery/IdentityGovernanceDiscoveryView.test.tsx(29,5): error TS7018: Object literal's property 'error' implicitly has an 'any' type.
src/renderer/views/discovery/IdentityGovernanceDiscoveryView.test.tsx(30,5): error TS7018: Object literal's property 'logs' implicitly has an 'any[]' type.
src/renderer/views/discovery/IdentityGovernanceDiscoveryView.test.tsx(35,5): error TS7018: Object literal's property 'selectedProfile' implicitly has an 'any' type.
src/renderer/views/discovery/IdentityGovernanceDiscoveryView.tsx(147,75): error TS2339: Property 'target' does not exist on type 'boolean'.
src/renderer/views/discovery/IdentityGovernanceDiscoveryView.tsx(153,74): error TS2339: Property 'target' does not exist on type 'boolean'.
src/renderer/views/discovery/IdentityGovernanceDiscoveryView.tsx(159,65): error TS2339: Property 'target' does not exist on type 'boolean'.
src/renderer/views/discovery/InfrastructureDiscoveryHubView.test.tsx(8,10): error TS2614: Module '"./InfrastructureDiscoveryHubView"' has no exported member 'InfrastructureDiscoveryHubView'. Did you mean to use 'import InfrastructureDiscoveryHubView from "./InfrastructureDiscoveryHubView"' instead?
src/renderer/views/discovery/InfrastructureDiscoveryHubView.test.tsx(27,5): error TS7018: Object literal's property 'progress' implicitly has an 'any' type.
src/renderer/views/discovery/InfrastructureDiscoveryHubView.test.tsx(28,5): error TS7018: Object literal's property 'results' implicitly has an 'any' type.
src/renderer/views/discovery/InfrastructureDiscoveryHubView.test.tsx(29,5): error TS7018: Object literal's property 'error' implicitly has an 'any' type.
src/renderer/views/discovery/InfrastructureDiscoveryHubView.test.tsx(30,5): error TS7018: Object literal's property 'logs' implicitly has an 'any[]' type.
src/renderer/views/discovery/InfrastructureDiscoveryHubView.test.tsx(35,5): error TS7018: Object literal's property 'selectedProfile' implicitly has an 'any' type.
src/renderer/views/discovery/InfrastructureDiscoveryHubView.tsx(10,8): error TS2613: Module '"D:/Scripts/UserMandA/guiv2/src/renderer/components/atoms/Spinner"' has no default export. Did you mean to use 'import { Spinner } from "D:/Scripts/UserMandA/guiv2/src/renderer/components/atoms/Spinner"' instead?
src/renderer/views/discovery/InfrastructureDiscoveryHubView.tsx(177,46): error TS2322: Type '"loading"' is not assignable to type 'StatusType'.
src/renderer/views/discovery/InfrastructureDiscoveryHubView.tsx(329,25): error TS2322: Type '"error" | "warning" | "success" | "loading" | "info" | "neutral"' is not assignable to type 'StatusType'.
  Type '"loading"' is not assignable to type 'StatusType'.
src/renderer/views/discovery/InfrastructureDiscoveryHubView.tsx(330,25): error TS2322: Type '"xs"' is not assignable to type '"sm" | "md" | "lg"'.
src/renderer/views/discovery/IntuneDiscoveryView.test.tsx(8,10): error TS2614: Module '"./IntuneDiscoveryView"' has no exported member 'IntuneDiscoveryView'. Did you mean to use 'import IntuneDiscoveryView from "./IntuneDiscoveryView"' instead?
src/renderer/views/discovery/IntuneDiscoveryView.test.tsx(27,5): error TS7018: Object literal's property 'progress' implicitly has an 'any' type.
src/renderer/views/discovery/IntuneDiscoveryView.test.tsx(28,5): error TS7018: Object literal's property 'results' implicitly has an 'any' type.
src/renderer/views/discovery/IntuneDiscoveryView.test.tsx(29,5): error TS7018: Object literal's property 'error' implicitly has an 'any' type.
src/renderer/views/discovery/IntuneDiscoveryView.test.tsx(30,5): error TS7018: Object literal's property 'logs' implicitly has an 'any[]' type.
src/renderer/views/discovery/IntuneDiscoveryView.test.tsx(35,5): error TS7018: Object literal's property 'selectedProfile' implicitly has an 'any' type.
src/renderer/views/discovery/IntuneDiscoveryView.tsx(100,17): error TS2322: Type '(data: any[], filename: string) => void' is not assignable to type 'MouseEventHandler<HTMLButtonElement>'.
  Target signature provides too few arguments. Expected 2 or more, but got 1.
src/renderer/views/discovery/IntuneDiscoveryView.tsx(108,17): error TS2322: Type '(data: any[], filename: string) => Promise<void>' is not assignable to type 'MouseEventHandler<HTMLButtonElement>'.
  Target signature provides too few arguments. Expected 2 or more, but got 1.
src/renderer/views/discovery/IntuneDiscoveryView.tsx(502,17): error TS2322: Type 'IntuneDevice[] | IntuneApplication[] | ConfigurationPolicy[] | CompliancePolicy[] | AppProtectionPolicy[]' is not assignable to type 'IntuneDevice[]'.
  Type 'IntuneApplication[]' is not assignable to type 'IntuneDevice[]'.
    Type 'IntuneApplication' is missing the following properties from type 'IntuneDevice': deviceName, userDisplayName, userPrincipalName, deviceType, and 16 more.
src/renderer/views/discovery/LicensingDiscoveryView.test.tsx(8,10): error TS2614: Module '"./LicensingDiscoveryView"' has no exported member 'LicensingDiscoveryView'. Did you mean to use 'import LicensingDiscoveryView from "./LicensingDiscoveryView"' instead?
src/renderer/views/discovery/LicensingDiscoveryView.test.tsx(27,5): error TS7018: Object literal's property 'progress' implicitly has an 'any' type.
src/renderer/views/discovery/LicensingDiscoveryView.test.tsx(28,5): error TS7018: Object literal's property 'results' implicitly has an 'any' type.
src/renderer/views/discovery/LicensingDiscoveryView.test.tsx(29,5): error TS7018: Object literal's property 'error' implicitly has an 'any' type.
src/renderer/views/discovery/LicensingDiscoveryView.test.tsx(30,5): error TS7018: Object literal's property 'logs' implicitly has an 'any[]' type.
src/renderer/views/discovery/LicensingDiscoveryView.test.tsx(35,5): error TS7018: Object literal's property 'selectedProfile' implicitly has an 'any' type.
src/renderer/views/discovery/LicensingDiscoveryView.tsx(82,17): error TS2322: Type '(data: any[], filename: string) => void' is not assignable to type 'MouseEventHandler<HTMLButtonElement>'.
  Target signature provides too few arguments. Expected 2 or more, but got 1.
src/renderer/views/discovery/LicensingDiscoveryView.tsx(90,17): error TS2322: Type '(data: any[], filename: string) => Promise<void>' is not assignable to type 'MouseEventHandler<HTMLButtonElement>'.
  Target signature provides too few arguments. Expected 2 or more, but got 1.
src/renderer/views/discovery/LicensingDiscoveryView.tsx(557,17): error TS2322: Type 'License[] | LicenseAssignment[] | Subscription[]' is not assignable to type 'License[]'.
  Type 'LicenseAssignment[]' is not assignable to type 'License[]'.
    Type 'LicenseAssignment' is missing the following properties from type 'License': skuPartNumber, productName, servicePlans, prepaidUnits, and 6 more.
src/renderer/views/discovery/NetworkDiscoveryView.test.tsx(8,10): error TS2614: Module '"./NetworkDiscoveryView"' has no exported member 'NetworkDiscoveryView'. Did you mean to use 'import NetworkDiscoveryView from "./NetworkDiscoveryView"' instead?
src/renderer/views/discovery/NetworkDiscoveryView.test.tsx(27,5): error TS7018: Object literal's property 'progress' implicitly has an 'any' type.
src/renderer/views/discovery/NetworkDiscoveryView.test.tsx(28,5): error TS7018: Object literal's property 'results' implicitly has an 'any' type.
src/renderer/views/discovery/NetworkDiscoveryView.test.tsx(29,5): error TS7018: Object literal's property 'error' implicitly has an 'any' type.
src/renderer/views/discovery/NetworkDiscoveryView.test.tsx(30,5): error TS7018: Object literal's property 'logs' implicitly has an 'any[]' type.
src/renderer/views/discovery/NetworkDiscoveryView.test.tsx(35,5): error TS7018: Object literal's property 'selectedProfile' implicitly has an 'any' type.
src/renderer/views/discovery/Office365DiscoveryView.test.tsx(8,10): error TS2614: Module '"./Office365DiscoveryView"' has no exported member 'Office365DiscoveryView'. Did you mean to use 'import Office365DiscoveryView from "./Office365DiscoveryView"' instead?
src/renderer/views/discovery/Office365DiscoveryView.test.tsx(27,5): error TS7018: Object literal's property 'progress' implicitly has an 'any' type.
src/renderer/views/discovery/Office365DiscoveryView.test.tsx(28,5): error TS7018: Object literal's property 'results' implicitly has an 'any' type.
src/renderer/views/discovery/Office365DiscoveryView.test.tsx(29,5): error TS7018: Object literal's property 'error' implicitly has an 'any' type.
src/renderer/views/discovery/Office365DiscoveryView.test.tsx(30,5): error TS7018: Object literal's property 'logs' implicitly has an 'any[]' type.
src/renderer/views/discovery/Office365DiscoveryView.test.tsx(35,5): error TS7018: Object literal's property 'selectedProfile' implicitly has an 'any' type.
src/renderer/views/discovery/OneDriveDiscoveryView.test.tsx(8,10): error TS2614: Module '"./OneDriveDiscoveryView"' has no exported member 'OneDriveDiscoveryView'. Did you mean to use 'import OneDriveDiscoveryView from "./OneDriveDiscoveryView"' instead?
src/renderer/views/discovery/OneDriveDiscoveryView.test.tsx(27,5): error TS7018: Object literal's property 'progress' implicitly has an 'any' type.
src/renderer/views/discovery/OneDriveDiscoveryView.test.tsx(28,5): error TS7018: Object literal's property 'results' implicitly has an 'any' type.
src/renderer/views/discovery/OneDriveDiscoveryView.test.tsx(29,5): error TS7018: Object literal's property 'error' implicitly has an 'any' type.
src/renderer/views/discovery/OneDriveDiscoveryView.test.tsx(30,5): error TS7018: Object literal's property 'logs' implicitly has an 'any[]' type.
src/renderer/views/discovery/OneDriveDiscoveryView.test.tsx(35,5): error TS7018: Object literal's property 'selectedProfile' implicitly has an 'any' type.
src/renderer/views/discovery/OneDriveDiscoveryView.tsx(191,13): error TS2322: Type '"primary"' is not assignable to type '"warning" | "success" | "info" | "default" | "danger"'.
src/renderer/views/discovery/OneDriveDiscoveryView.tsx(351,28): error TS2322: Type '"secondary"' is not assignable to type '"warning" | "success" | "info" | "default" | "primary" | "danger"'.
src/renderer/views/discovery/OneDriveDiscoveryView.tsx(373,28): error TS2322: Type '"secondary"' is not assignable to type '"warning" | "success" | "info" | "default" | "primary" | "danger"'.
src/renderer/views/discovery/OneDriveDiscoveryView.tsx(395,28): error TS2322: Type '"secondary"' is not assignable to type '"warning" | "success" | "info" | "default" | "primary" | "danger"'.
src/renderer/views/discovery/OneDriveDiscoveryView.tsx(481,25): error TS2322: Type '"primary"' is not assignable to type '"warning" | "success" | "info" | "default" | "danger"'.
src/renderer/views/discovery/PowerPlatformDiscoveryView.test.tsx(8,10): error TS2614: Module '"./PowerPlatformDiscoveryView"' has no exported member 'PowerPlatformDiscoveryView'. Did you mean to use 'import PowerPlatformDiscoveryView from "./PowerPlatformDiscoveryView"' instead?
src/renderer/views/discovery/PowerPlatformDiscoveryView.test.tsx(27,5): error TS7018: Object literal's property 'progress' implicitly has an 'any' type.
src/renderer/views/discovery/PowerPlatformDiscoveryView.test.tsx(28,5): error TS7018: Object literal's property 'results' implicitly has an 'any' type.
src/renderer/views/discovery/PowerPlatformDiscoveryView.test.tsx(29,5): error TS7018: Object literal's property 'error' implicitly has an 'any' type.
src/renderer/views/discovery/PowerPlatformDiscoveryView.test.tsx(30,5): error TS7018: Object literal's property 'logs' implicitly has an 'any[]' type.
src/renderer/views/discovery/PowerPlatformDiscoveryView.test.tsx(35,5): error TS7018: Object literal's property 'selectedProfile' implicitly has an 'any' type.
src/renderer/views/discovery/PowerPlatformDiscoveryView.tsx(91,17): error TS2322: Type '(data: any[], filename: string) => void' is not assignable to type 'MouseEventHandler<HTMLButtonElement>'.
  Target signature provides too few arguments. Expected 2 or more, but got 1.
src/renderer/views/discovery/PowerPlatformDiscoveryView.tsx(99,17): error TS2322: Type '(data: any[], filename: string) => Promise<void>' is not assignable to type 'MouseEventHandler<HTMLButtonElement>'.
  Target signature provides too few arguments. Expected 2 or more, but got 1.
src/renderer/views/discovery/SecurityInfrastructureDiscoveryView.test.tsx(8,10): error TS2614: Module '"./SecurityInfrastructureDiscoveryView"' has no exported member 'SecurityInfrastructureDiscoveryView'. Did you mean to use 'import SecurityInfrastructureDiscoveryView from "./SecurityInfrastructureDiscoveryView"' instead?
src/renderer/views/discovery/SecurityInfrastructureDiscoveryView.test.tsx(27,5): error TS7018: Object literal's property 'progress' implicitly has an 'any' type.
src/renderer/views/discovery/SecurityInfrastructureDiscoveryView.test.tsx(28,5): error TS7018: Object literal's property 'results' implicitly has an 'any' type.
src/renderer/views/discovery/SecurityInfrastructureDiscoveryView.test.tsx(29,5): error TS7018: Object literal's property 'error' implicitly has an 'any' type.
src/renderer/views/discovery/SecurityInfrastructureDiscoveryView.test.tsx(30,5): error TS7018: Object literal's property 'logs' implicitly has an 'any[]' type.
src/renderer/views/discovery/SecurityInfrastructureDiscoveryView.test.tsx(35,5): error TS7018: Object literal's property 'selectedProfile' implicitly has an 'any' type.
src/renderer/views/discovery/SecurityInfrastructureDiscoveryView.tsx(200,13): error TS2322: Type '"primary"' is not assignable to type '"warning" | "success" | "info" | "default" | "danger"'.
src/renderer/views/discovery/SecurityInfrastructureDiscoveryView.tsx(364,28): error TS2322: Type '"secondary"' is not assignable to type '"warning" | "success" | "info" | "default" | "primary" | "danger"'.
src/renderer/views/discovery/SecurityInfrastructureDiscoveryView.tsx(386,28): error TS2322: Type '"secondary"' is not assignable to type '"warning" | "success" | "info" | "default" | "primary" | "danger"'.
src/renderer/views/discovery/SecurityInfrastructureDiscoveryView.tsx(408,28): error TS2322: Type '"secondary"' is not assignable to type '"warning" | "success" | "info" | "default" | "primary" | "danger"'.
src/renderer/views/discovery/SecurityInfrastructureDiscoveryView.tsx(430,28): error TS2322: Type '"secondary"' is not assignable to type '"warning" | "success" | "info" | "default" | "primary" | "danger"'.
src/renderer/views/discovery/SecurityInfrastructureDiscoveryView.tsx(503,25): error TS2322: Type '{ progress: number; variant: "warning" | "success" | "danger"; showLabel: true; }' is not assignable to type 'IntrinsicAttributes & ProgressBarProps'.
  Property 'progress' does not exist on type 'IntrinsicAttributes & ProgressBarProps'.
src/renderer/views/discovery/SharePointDiscoveryView.test.tsx(8,10): error TS2614: Module '"./SharePointDiscoveryView"' has no exported member 'SharePointDiscoveryView'. Did you mean to use 'import SharePointDiscoveryView from "./SharePointDiscoveryView"' instead?
src/renderer/views/discovery/SharePointDiscoveryView.test.tsx(27,5): error TS7018: Object literal's property 'progress' implicitly has an 'any' type.
src/renderer/views/discovery/SharePointDiscoveryView.test.tsx(28,5): error TS7018: Object literal's property 'results' implicitly has an 'any' type.
src/renderer/views/discovery/SharePointDiscoveryView.test.tsx(29,5): error TS7018: Object literal's property 'error' implicitly has an 'any' type.
src/renderer/views/discovery/SharePointDiscoveryView.test.tsx(30,5): error TS7018: Object literal's property 'logs' implicitly has an 'any[]' type.
src/renderer/views/discovery/SharePointDiscoveryView.test.tsx(35,5): error TS7018: Object literal's property 'selectedProfile' implicitly has an 'any' type.
src/renderer/views/discovery/SQLServerDiscoveryView.test.tsx(8,10): error TS2614: Module '"./SQLServerDiscoveryView"' has no exported member 'SQLServerDiscoveryView'. Did you mean to use 'import SQLServerDiscoveryView from "./SQLServerDiscoveryView"' instead?
src/renderer/views/discovery/SQLServerDiscoveryView.test.tsx(27,5): error TS7018: Object literal's property 'progress' implicitly has an 'any' type.
src/renderer/views/discovery/SQLServerDiscoveryView.test.tsx(28,5): error TS7018: Object literal's property 'results' implicitly has an 'any' type.
src/renderer/views/discovery/SQLServerDiscoveryView.test.tsx(29,5): error TS7018: Object literal's property 'error' implicitly has an 'any' type.
src/renderer/views/discovery/SQLServerDiscoveryView.test.tsx(30,5): error TS7018: Object literal's property 'logs' implicitly has an 'any[]' type.
src/renderer/views/discovery/SQLServerDiscoveryView.test.tsx(35,5): error TS7018: Object literal's property 'selectedProfile' implicitly has an 'any' type.
src/renderer/views/discovery/TeamsDiscoveryView.test.tsx(8,10): error TS2614: Module '"./TeamsDiscoveryView"' has no exported member 'TeamsDiscoveryView'. Did you mean to use 'import TeamsDiscoveryView from "./TeamsDiscoveryView"' instead?
src/renderer/views/discovery/TeamsDiscoveryView.test.tsx(27,5): error TS7018: Object literal's property 'progress' implicitly has an 'any' type.
src/renderer/views/discovery/TeamsDiscoveryView.test.tsx(28,5): error TS7018: Object literal's property 'results' implicitly has an 'any' type.
src/renderer/views/discovery/TeamsDiscoveryView.test.tsx(29,5): error TS7018: Object literal's property 'error' implicitly has an 'any' type.
src/renderer/views/discovery/TeamsDiscoveryView.test.tsx(30,5): error TS7018: Object literal's property 'logs' implicitly has an 'any[]' type.
src/renderer/views/discovery/TeamsDiscoveryView.test.tsx(35,5): error TS7018: Object literal's property 'selectedProfile' implicitly has an 'any' type.
src/renderer/views/discovery/TeamsDiscoveryView.tsx(337,19): error TS2322: Type 'TeamMember[] | TeamChannel[] | Team[]' is not assignable to type 'TeamMember[]'.
  Type 'TeamChannel[]' is not assignable to type 'TeamMember[]'.
    Type 'TeamChannel' is missing the following properties from type 'TeamMember': userId, userPrincipalName, role, isGuest, and 2 more.
src/renderer/views/discovery/VMwareDiscoveryView.test.tsx(8,10): error TS2614: Module '"./VMwareDiscoveryView"' has no exported member 'VMwareDiscoveryView'. Did you mean to use 'import VMwareDiscoveryView from "./VMwareDiscoveryView"' instead?
src/renderer/views/discovery/VMwareDiscoveryView.test.tsx(27,5): error TS7018: Object literal's property 'progress' implicitly has an 'any' type.
src/renderer/views/discovery/VMwareDiscoveryView.test.tsx(28,5): error TS7018: Object literal's property 'results' implicitly has an 'any' type.
src/renderer/views/discovery/VMwareDiscoveryView.test.tsx(29,5): error TS7018: Object literal's property 'error' implicitly has an 'any' type.
src/renderer/views/discovery/VMwareDiscoveryView.test.tsx(30,5): error TS7018: Object literal's property 'logs' implicitly has an 'any[]' type.
src/renderer/views/discovery/VMwareDiscoveryView.test.tsx(35,5): error TS7018: Object literal's property 'selectedProfile' implicitly has an 'any' type.
src/renderer/views/discovery/WebServerConfigurationDiscoveryView.test.tsx(8,10): error TS2614: Module '"./WebServerConfigurationDiscoveryView"' has no exported member 'WebServerConfigurationDiscoveryView'. Did you mean to use 'import WebServerConfigurationDiscoveryView from "./WebServerConfigurationDiscoveryView"' instead?
src/renderer/views/discovery/WebServerConfigurationDiscoveryView.test.tsx(27,5): error TS7018: Object literal's property 'progress' implicitly has an 'any' type.
src/renderer/views/discovery/WebServerConfigurationDiscoveryView.test.tsx(28,5): error TS7018: Object literal's property 'results' implicitly has an 'any' type.
src/renderer/views/discovery/WebServerConfigurationDiscoveryView.test.tsx(29,5): error TS7018: Object literal's property 'error' implicitly has an 'any' type.
src/renderer/views/discovery/WebServerConfigurationDiscoveryView.test.tsx(30,5): error TS7018: Object literal's property 'logs' implicitly has an 'any[]' type.
src/renderer/views/discovery/WebServerConfigurationDiscoveryView.test.tsx(35,5): error TS7018: Object literal's property 'selectedProfile' implicitly has an 'any' type.
src/renderer/views/groups/GroupDetailView.tsx(22,10): error TS2614: Module '"../../components/molecules/LoadingOverlay"' has no exported member 'LoadingOverlay'. Did you mean to use 'import LoadingOverlay from "../../components/molecules/LoadingOverlay"' instead?
src/renderer/views/groups/GroupsView.test.tsx(30,5): error TS7018: Object literal's property 'data' implicitly has an 'any[]' type.
src/renderer/views/groups/GroupsView.test.tsx(31,5): error TS7018: Object literal's property 'selectedItems' implicitly has an 'any[]' type.
src/renderer/views/groups/GroupsView.test.tsx(34,5): error TS7018: Object literal's property 'error' implicitly has an 'any' type.
src/renderer/views/groups/GroupsView.tsx(40,7): error TS2322: Type 'ConnectDragSource' is not assignable to type 'Ref<HTMLDivElement>'.
  Type 'ConnectDragSource' is not assignable to type '(instance: HTMLDivElement) => void | (() => VoidOrUndefinedOnly)'.
    Type 'ReactElement<unknown, string | JSXElementConstructor<any>>' is not assignable to type 'void | (() => VoidOrUndefinedOnly)'.
src/renderer/views/infrastructure/ApplicationServersView.tsx(2,10): error TS2614: Module '"../../components/organisms/DataTable"' has no exported member 'DataTable'. Did you mean to use 'import DataTable from "../../components/organisms/DataTable"' instead?
src/renderer/views/infrastructure/ApplicationServersView.tsx(6,32): error TS2307: Cannot find module '@tanstack/react-table' or its corresponding type declarations.
src/renderer/views/infrastructure/ApplicationServersView.tsx(41,16): error TS7031: Binding element 'getValue' implicitly has an 'any' type.
src/renderer/views/infrastructure/ApplicationServersView.tsx(58,34): error TS2322: Type '"outline"' is not assignable to type '"link" | "primary" | "secondary" | "danger" | "ghost"'.
src/renderer/views/infrastructure/AssetInventoryView.tsx(6,24): error TS2307: Cannot find module '@tanstack/react-table' or its corresponding type declarations.
src/renderer/views/infrastructure/AssetInventoryView.tsx(287,11): error TS2322: Type '({ accessorKey: string; header: string; size: number; cell: (info: any) => Element; } | { accessorKey: string; header: string; size: number; cell?: undefined; })[]' is not assignable to type 'ColDef<any, any>[]'.
  Type '{ accessorKey: string; header: string; size: number; cell: (info: any) => Element; } | { accessorKey: string; header: string; size: number; cell?: undefined; }' is not assignable to type 'ColDef<any, any>'.
    Type '{ accessorKey: string; header: string; size: number; cell: (info: any) => Element; }' has no properties in common with type 'ColDef<any, any>'.
src/renderer/views/infrastructure/BackupSystemsView.tsx(2,10): error TS2614: Module '"../../components/organisms/DataTable"' has no exported member 'DataTable'. Did you mean to use 'import DataTable from "../../components/organisms/DataTable"' instead?
src/renderer/views/infrastructure/BackupSystemsView.tsx(6,32): error TS2307: Cannot find module '@tanstack/react-table' or its corresponding type declarations.
src/renderer/views/infrastructure/BackupSystemsView.tsx(35,16): error TS7031: Binding element 'getValue' implicitly has an 'any' type.
src/renderer/views/infrastructure/BackupSystemsView.tsx(57,34): error TS2322: Type '"outline"' is not assignable to type '"link" | "primary" | "secondary" | "danger" | "ghost"'.
src/renderer/views/infrastructure/CloudResourcesView.tsx(2,10): error TS2614: Module '"../../components/organisms/DataTable"' has no exported member 'DataTable'. Did you mean to use 'import DataTable from "../../components/organisms/DataTable"' instead?
src/renderer/views/infrastructure/CloudResourcesView.tsx(6,32): error TS2307: Cannot find module '@tanstack/react-table' or its corresponding type declarations.
src/renderer/views/infrastructure/CloudResourcesView.tsx(47,16): error TS7031: Binding element 'getValue' implicitly has an 'any' type.
src/renderer/views/infrastructure/CloudResourcesView.tsx(64,34): error TS2322: Type '"outline"' is not assignable to type '"link" | "primary" | "secondary" | "danger" | "ghost"'.
src/renderer/views/infrastructure/ComputerInventoryView.tsx(130,12): error TS2322: Type '{ children: (Element | Element[])[]; value: string; onChange: (e: string) => void; className: string; }' is not assignable to type 'IntrinsicAttributes & SelectProps'.
  Property 'children' does not exist on type 'IntrinsicAttributes & SelectProps'.
src/renderer/views/infrastructure/ComputerInventoryView.tsx(132,55): error TS2339: Property 'target' does not exist on type 'string'.
src/renderer/views/infrastructure/ComputerInventoryView.tsx(142,12): error TS2322: Type '{ children: (Element | Element[])[]; value: string; onChange: (e: string) => void; className: string; }' is not assignable to type 'IntrinsicAttributes & SelectProps'.
  Property 'children' does not exist on type 'IntrinsicAttributes & SelectProps'.
src/renderer/views/infrastructure/ComputerInventoryView.tsx(144,55): error TS2339: Property 'target' does not exist on type 'string'.
src/renderer/views/infrastructure/ComputerInventoryView.tsx(154,12): error TS2322: Type '{ children: (Element | Element[])[]; value: string; onChange: (e: string) => void; className: string; }' is not assignable to type 'IntrinsicAttributes & SelectProps'.
  Property 'children' does not exist on type 'IntrinsicAttributes & SelectProps'.
src/renderer/views/infrastructure/ComputerInventoryView.tsx(156,55): error TS2339: Property 'target' does not exist on type 'string'.
src/renderer/views/infrastructure/ComputerInventoryView.tsx(186,11): error TS2322: Type '{ rowData: ComputerInventoryData[]; columnDefs: ColDef<ComputerInventoryData, any>[]; loading: boolean; onSelectionChanged: (selectedRows: any) => void; }' is not assignable to type 'IntrinsicAttributes & VirtualizedDataGridProps<any>'.
  Property 'rowData' does not exist on type 'IntrinsicAttributes & VirtualizedDataGridProps<any>'.
src/renderer/views/infrastructure/ComputerInventoryView.tsx(189,32): error TS7006: Parameter 'selectedRows' implicitly has an 'any' type.
src/renderer/views/infrastructure/DatabaseInventoryView.tsx(2,10): error TS2614: Module '"../../components/organisms/DataTable"' has no exported member 'DataTable'. Did you mean to use 'import DataTable from "../../components/organisms/DataTable"' instead?
src/renderer/views/infrastructure/DatabaseInventoryView.tsx(6,32): error TS2307: Cannot find module '@tanstack/react-table' or its corresponding type declarations.
src/renderer/views/infrastructure/DatabaseInventoryView.tsx(47,16): error TS7031: Binding element 'getValue' implicitly has an 'any' type.
src/renderer/views/infrastructure/DatabaseInventoryView.tsx(64,34): error TS2322: Type '"outline"' is not assignable to type '"link" | "primary" | "secondary" | "danger" | "ghost"'.
src/renderer/views/infrastructure/DeviceManagementView.tsx(162,12): error TS2322: Type '{ children: Element[]; value: string; onChange: (e: string) => void; className: string; }' is not assignable to type 'IntrinsicAttributes & SelectProps'.
  Property 'children' does not exist on type 'IntrinsicAttributes & SelectProps'.
src/renderer/views/infrastructure/DeviceManagementView.tsx(164,67): error TS2339: Property 'target' does not exist on type 'string'.
src/renderer/views/infrastructure/DeviceManagementView.tsx(174,12): error TS2322: Type '{ children: Element[]; value: string; onChange: (e: string) => void; className: string; }' is not assignable to type 'IntrinsicAttributes & SelectProps'.
  Property 'children' does not exist on type 'IntrinsicAttributes & SelectProps'.
src/renderer/views/infrastructure/DeviceManagementView.tsx(176,73): error TS2339: Property 'target' does not exist on type 'string'.
src/renderer/views/infrastructure/DeviceManagementView.tsx(209,11): error TS2322: Type '{ rowData: ManagedDevice[]; columnDefs: ColDef<any, any>[]; loading: boolean; onSelectionChanged: (selectedRows: any) => void; }' is not assignable to type 'IntrinsicAttributes & VirtualizedDataGridProps<any>'.
  Property 'rowData' does not exist on type 'IntrinsicAttributes & VirtualizedDataGridProps<any>'.
src/renderer/views/infrastructure/DeviceManagementView.tsx(212,32): error TS7006: Parameter 'selectedRows' implicitly has an 'any' type.
src/renderer/views/infrastructure/EndpointDevicesView.tsx(2,10): error TS2614: Module '"../../components/organisms/DataTable"' has no exported member 'DataTable'. Did you mean to use 'import DataTable from "../../components/organisms/DataTable"' instead?
src/renderer/views/infrastructure/EndpointDevicesView.tsx(6,32): error TS2307: Cannot find module '@tanstack/react-table' or its corresponding type declarations.
src/renderer/views/infrastructure/EndpointDevicesView.tsx(47,16): error TS7031: Binding element 'getValue' implicitly has an 'any' type.
src/renderer/views/infrastructure/EndpointDevicesView.tsx(64,34): error TS2322: Type '"outline"' is not assignable to type '"link" | "primary" | "secondary" | "danger" | "ghost"'.
src/renderer/views/infrastructure/InfrastructureView.test.tsx(8,10): error TS2614: Module '"./InfrastructureView"' has no exported member 'InfrastructureView'. Did you mean to use 'import InfrastructureView from "./InfrastructureView"' instead?
src/renderer/views/infrastructure/InfrastructureView.test.tsx(30,5): error TS7018: Object literal's property 'data' implicitly has an 'any[]' type.
src/renderer/views/infrastructure/InfrastructureView.test.tsx(31,5): error TS7018: Object literal's property 'selectedItems' implicitly has an 'any[]' type.
src/renderer/views/infrastructure/InfrastructureView.test.tsx(34,5): error TS7018: Object literal's property 'error' implicitly has an 'any' type.
src/renderer/views/infrastructure/MonitoringSystemsView.tsx(2,10): error TS2614: Module '"../../components/organisms/DataTable"' has no exported member 'DataTable'. Did you mean to use 'import DataTable from "../../components/organisms/DataTable"' instead?
src/renderer/views/infrastructure/MonitoringSystemsView.tsx(6,32): error TS2307: Cannot find module '@tanstack/react-table' or its corresponding type declarations.
src/renderer/views/infrastructure/MonitoringSystemsView.tsx(34,16): error TS7031: Binding element 'getValue' implicitly has an 'any' type.
src/renderer/views/infrastructure/MonitoringSystemsView.tsx(45,16): error TS7031: Binding element 'getValue' implicitly has an 'any' type.
src/renderer/views/infrastructure/MonitoringSystemsView.tsx(62,34): error TS2322: Type '"outline"' is not assignable to type '"link" | "primary" | "secondary" | "danger" | "ghost"'.
src/renderer/views/infrastructure/NetworkDevicesView.tsx(2,10): error TS2614: Module '"../../components/organisms/DataTable"' has no exported member 'DataTable'. Did you mean to use 'import DataTable from "../../components/organisms/DataTable"' instead?
src/renderer/views/infrastructure/NetworkDevicesView.tsx(6,32): error TS2307: Cannot find module '@tanstack/react-table' or its corresponding type declarations.
src/renderer/views/infrastructure/NetworkDevicesView.tsx(47,16): error TS7031: Binding element 'getValue' implicitly has an 'any' type.
src/renderer/views/infrastructure/NetworkDevicesView.tsx(64,34): error TS2322: Type '"outline"' is not assignable to type '"link" | "primary" | "secondary" | "danger" | "ghost"'.
src/renderer/views/infrastructure/NetworkInfrastructureView.tsx(318,11): error TS2322: Type '({ accessorKey: string; header: string; size: number; cell: (info: any) => Element; } | { accessorKey: string; header: string; size: number; cell?: undefined; })[]' is not assignable to type 'ColDef<any, any>[]'.
  Type '{ accessorKey: string; header: string; size: number; cell: (info: any) => Element; } | { accessorKey: string; header: string; size: number; cell?: undefined; }' is not assignable to type 'ColDef<any, any>'.
    Type '{ accessorKey: string; header: string; size: number; cell: (info: any) => Element; }' has no properties in common with type 'ColDef<any, any>'.
src/renderer/views/infrastructure/NetworkTopologyView.tsx(2,10): error TS2614: Module '"../../components/organisms/DataTable"' has no exported member 'DataTable'. Did you mean to use 'import DataTable from "../../components/organisms/DataTable"' instead?
src/renderer/views/infrastructure/NetworkTopologyView.tsx(6,32): error TS2307: Cannot find module '@tanstack/react-table' or its corresponding type declarations.
src/renderer/views/infrastructure/NetworkTopologyView.tsx(42,16): error TS7031: Binding element 'getValue' implicitly has an 'any' type.
src/renderer/views/infrastructure/NetworkTopologyView.tsx(59,34): error TS2322: Type '"outline"' is not assignable to type '"link" | "primary" | "secondary" | "danger" | "ghost"'.
src/renderer/views/infrastructure/SecurityAppliancesView.tsx(2,10): error TS2614: Module '"../../components/organisms/DataTable"' has no exported member 'DataTable'. Did you mean to use 'import DataTable from "../../components/organisms/DataTable"' instead?
src/renderer/views/infrastructure/SecurityAppliancesView.tsx(6,32): error TS2307: Cannot find module '@tanstack/react-table' or its corresponding type declarations.
src/renderer/views/infrastructure/SecurityAppliancesView.tsx(42,16): error TS7031: Binding element 'getValue' implicitly has an 'any' type.
src/renderer/views/infrastructure/SecurityAppliancesView.tsx(59,34): error TS2322: Type '"outline"' is not assignable to type '"link" | "primary" | "secondary" | "danger" | "ghost"'.
src/renderer/views/infrastructure/ServerInventoryView.tsx(118,12): error TS2322: Type '{ children: (Element | Element[])[]; value: string; onChange: (e: string) => void; className: string; }' is not assignable to type 'IntrinsicAttributes & SelectProps'.
  Property 'children' does not exist on type 'IntrinsicAttributes & SelectProps'.
src/renderer/views/infrastructure/ServerInventoryView.tsx(120,53): error TS2339: Property 'target' does not exist on type 'string'.
src/renderer/views/infrastructure/ServerInventoryView.tsx(130,12): error TS2322: Type '{ children: (Element | Element[])[]; value: string; onChange: (e: string) => void; className: string; }' is not assignable to type 'IntrinsicAttributes & SelectProps'.
  Property 'children' does not exist on type 'IntrinsicAttributes & SelectProps'.
src/renderer/views/infrastructure/ServerInventoryView.tsx(132,55): error TS2339: Property 'target' does not exist on type 'string'.
src/renderer/views/infrastructure/ServerInventoryView.tsx(142,12): error TS2322: Type '{ children: (Element | Element[])[]; value: string; onChange: (e: string) => void; className: string; }' is not assignable to type 'IntrinsicAttributes & SelectProps'.
  Property 'children' does not exist on type 'IntrinsicAttributes & SelectProps'.
src/renderer/views/infrastructure/ServerInventoryView.tsx(144,60): error TS2339: Property 'target' does not exist on type 'string'.
src/renderer/views/infrastructure/ServerInventoryView.tsx(154,12): error TS2322: Type '{ children: (Element | Element[])[]; value: string; onChange: (e: string) => void; className: string; }' is not assignable to type 'IntrinsicAttributes & SelectProps'.
  Property 'children' does not exist on type 'IntrinsicAttributes & SelectProps'.
src/renderer/views/infrastructure/ServerInventoryView.tsx(156,66): error TS2339: Property 'target' does not exist on type 'string'.
src/renderer/views/infrastructure/ServerInventoryView.tsx(186,11): error TS2322: Type '{ rowData: ServerInventoryData[]; columnDefs: ColDef<ServerInventoryData, any>[]; loading: boolean; onSelectionChanged: (selectedRows: any) => void; }' is not assignable to type 'IntrinsicAttributes & VirtualizedDataGridProps<any>'.
  Property 'rowData' does not exist on type 'IntrinsicAttributes & VirtualizedDataGridProps<any>'.
src/renderer/views/infrastructure/ServerInventoryView.tsx(189,32): error TS7006: Parameter 'selectedRows' implicitly has an 'any' type.
src/renderer/views/infrastructure/StorageAnalysisView.tsx(2,10): error TS2614: Module '"../../components/organisms/DataTable"' has no exported member 'DataTable'. Did you mean to use 'import DataTable from "../../components/organisms/DataTable"' instead?
src/renderer/views/infrastructure/StorageAnalysisView.tsx(6,32): error TS2307: Cannot find module '@tanstack/react-table' or its corresponding type declarations.
src/renderer/views/infrastructure/StorageAnalysisView.tsx(45,16): error TS7031: Binding element 'getValue' implicitly has an 'any' type.
src/renderer/views/infrastructure/StorageAnalysisView.tsx(62,34): error TS2322: Type '"outline"' is not assignable to type '"link" | "primary" | "secondary" | "danger" | "ghost"'.
src/renderer/views/infrastructure/VirtualizationView.tsx(2,10): error TS2614: Module '"../../components/organisms/DataTable"' has no exported member 'DataTable'. Did you mean to use 'import DataTable from "../../components/organisms/DataTable"' instead?
src/renderer/views/infrastructure/VirtualizationView.tsx(6,32): error TS2307: Cannot find module '@tanstack/react-table' or its corresponding type declarations.
src/renderer/views/infrastructure/VirtualizationView.tsx(45,16): error TS7031: Binding element 'getValue' implicitly has an 'any' type.
src/renderer/views/infrastructure/VirtualizationView.tsx(62,34): error TS2322: Type '"outline"' is not assignable to type '"link" | "primary" | "secondary" | "danger" | "ghost"'.
src/renderer/views/infrastructure/WebServersView.tsx(2,10): error TS2614: Module '"../../components/organisms/DataTable"' has no exported member 'DataTable'. Did you mean to use 'import DataTable from "../../components/organisms/DataTable"' instead?
src/renderer/views/infrastructure/WebServersView.tsx(6,32): error TS2307: Cannot find module '@tanstack/react-table' or its corresponding type declarations.
src/renderer/views/infrastructure/WebServersView.tsx(46,16): error TS7031: Binding element 'getValue' implicitly has an 'any' type.
src/renderer/views/infrastructure/WebServersView.tsx(63,34): error TS2322: Type '"outline"' is not assignable to type '"link" | "primary" | "secondary" | "danger" | "ghost"'.
src/renderer/views/licensing/LicenseManagementView.test.tsx(23,5): error TS7018: Object literal's property 'data' implicitly has an 'any[]' type.
src/renderer/views/licensing/LicenseManagementView.test.tsx(28,5): error TS7018: Object literal's property 'selectedItems' implicitly has an 'any[]' type.
src/renderer/views/licensing/LicenseManagementView.test.tsx(31,5): error TS7018: Object literal's property 'error' implicitly has an 'any' type.
src/renderer/views/licensing/LicenseManagementView.tsx(8,43): error TS2307: Cannot find module '../../hooks/useLicenseManagementLogic' or its corresponding type declarations.
src/renderer/views/migration/MigrationExecutionView.test.tsx(8,10): error TS2614: Module '"./MigrationExecutionView"' has no exported member 'MigrationExecutionView'. Did you mean to use 'import MigrationExecutionView from "./MigrationExecutionView"' instead?
src/renderer/views/migration/MigrationExecutionView.test.tsx(28,5): error TS7018: Object literal's property 'waves' implicitly has an 'any[]' type.
src/renderer/views/migration/MigrationExecutionView.test.tsx(29,5): error TS7018: Object literal's property 'mappings' implicitly has an 'any[]' type.
src/renderer/views/migration/MigrationExecutionView.test.tsx(30,5): error TS7018: Object literal's property 'validationResults' implicitly has an 'any[]' type.
src/renderer/views/migration/MigrationExecutionView.test.tsx(35,5): error TS7018: Object literal's property 'error' implicitly has an 'any' type.
src/renderer/views/migration/MigrationMappingView.test.tsx(8,10): error TS2614: Module '"./MigrationMappingView"' has no exported member 'MigrationMappingView'. Did you mean to use 'import MigrationMappingView from "./MigrationMappingView"' instead?
src/renderer/views/migration/MigrationMappingView.test.tsx(28,5): error TS7018: Object literal's property 'waves' implicitly has an 'any[]' type.
src/renderer/views/migration/MigrationMappingView.test.tsx(29,5): error TS7018: Object literal's property 'mappings' implicitly has an 'any[]' type.
src/renderer/views/migration/MigrationMappingView.test.tsx(30,5): error TS7018: Object literal's property 'validationResults' implicitly has an 'any[]' type.
src/renderer/views/migration/MigrationMappingView.test.tsx(35,5): error TS7018: Object literal's property 'error' implicitly has an 'any' type.
src/renderer/views/migration/MigrationMappingView.tsx(42,63): error TS2339: Property 'validated' does not exist on type '{ total: number; pending: number; mapped: number; valid: number; invalid: number; conflicted: number; resolved: number; skipped: number; conflicts: number; }'.
src/renderer/views/migration/MigrationMappingView.tsx(43,60): error TS2339: Property 'error' does not exist on type '{ total: number; pending: number; mapped: number; valid: number; invalid: number; conflicted: number; resolved: number; skipped: number; conflicts: number; }'.
src/renderer/views/migration/MigrationPlanningView.test.tsx(8,10): error TS2614: Module '"./MigrationPlanningView"' has no exported member 'MigrationPlanningView'. Did you mean to use 'import MigrationPlanningView from "./MigrationPlanningView"' instead?
src/renderer/views/migration/MigrationPlanningView.test.tsx(28,5): error TS7018: Object literal's property 'waves' implicitly has an 'any[]' type.
src/renderer/views/migration/MigrationPlanningView.test.tsx(29,5): error TS7018: Object literal's property 'mappings' implicitly has an 'any[]' type.
src/renderer/views/migration/MigrationPlanningView.test.tsx(30,5): error TS7018: Object literal's property 'validationResults' implicitly has an 'any[]' type.
src/renderer/views/migration/MigrationPlanningView.test.tsx(35,5): error TS7018: Object literal's property 'error' implicitly has an 'any' type.
src/renderer/views/migration/MigrationPlanningView.tsx(87,7): error TS2322: Type 'ConnectDropTarget' is not assignable to type 'Ref<HTMLDivElement>'.
  Type 'ConnectDropTarget' is not assignable to type '(instance: HTMLDivElement) => void | (() => VoidOrUndefinedOnly)'.
    Type 'ReactElement<unknown, string | JSXElementConstructor<any>>' is not assignable to type 'void | (() => VoidOrUndefinedOnly)'.
src/renderer/views/migration/MigrationPlanningView.tsx(183,60): error TS2339: Property 'type' does not exist on type 'MigrationTask'.
src/renderer/views/migration/MigrationPlanningView.tsx(493,15): error TS2322: Type '"small"' is not assignable to type '"xs" | "sm" | "md" | "lg" | "xl"'.
src/renderer/views/migration/MigrationPlanningView.tsx(502,15): error TS2322: Type '"small"' is not assignable to type '"xs" | "sm" | "md" | "lg" | "xl"'.
src/renderer/views/migration/MigrationPlanningView.tsx(511,15): error TS2322: Type '"small"' is not assignable to type '"xs" | "sm" | "md" | "lg" | "xl"'.
src/renderer/views/migration/MigrationPlanningView.tsx(520,15): error TS2322: Type '"small"' is not assignable to type '"xs" | "sm" | "md" | "lg" | "xl"'.
src/renderer/views/migration/MigrationValidationView.test.tsx(8,10): error TS2614: Module '"./MigrationValidationView"' has no exported member 'MigrationValidationView'. Did you mean to use 'import MigrationValidationView from "./MigrationValidationView"' instead?
src/renderer/views/migration/MigrationValidationView.test.tsx(28,5): error TS7018: Object literal's property 'waves' implicitly has an 'any[]' type.
src/renderer/views/migration/MigrationValidationView.test.tsx(29,5): error TS7018: Object literal's property 'mappings' implicitly has an 'any[]' type.
src/renderer/views/migration/MigrationValidationView.test.tsx(30,5): error TS7018: Object literal's property 'validationResults' implicitly has an 'any[]' type.
src/renderer/views/migration/MigrationValidationView.test.tsx(35,5): error TS7018: Object literal's property 'error' implicitly has an 'any' type.
src/renderer/views/migration/MigrationValidationView.tsx(25,40): error TS7006: Parameter 'c' implicitly has an 'any' type.
src/renderer/views/migration/MigrationValidationView.tsx(25,43): error TS7006: Parameter 'i' implicitly has an 'any' type.
src/renderer/views/overview/OverviewView.test.tsx(8,10): error TS2614: Module '"./OverviewView"' has no exported member 'OverviewView'. Did you mean to use 'import OverviewView from "./OverviewView"' instead?
src/renderer/views/overview/OverviewView.test.tsx(30,5): error TS7018: Object literal's property 'data' implicitly has an 'any[]' type.
src/renderer/views/overview/OverviewView.test.tsx(31,5): error TS7018: Object literal's property 'selectedItems' implicitly has an 'any[]' type.
src/renderer/views/overview/OverviewView.test.tsx(34,5): error TS7018: Object literal's property 'error' implicitly has an 'any' type.
src/renderer/views/reports/ReportsView.test.tsx(8,10): error TS2614: Module '"./ReportsView"' has no exported member 'ReportsView'. Did you mean to use 'import ReportsView from "./ReportsView"' instead?
src/renderer/views/reports/ReportsView.test.tsx(30,5): error TS7018: Object literal's property 'data' implicitly has an 'any[]' type.
src/renderer/views/reports/ReportsView.test.tsx(31,5): error TS7018: Object literal's property 'selectedItems' implicitly has an 'any[]' type.
src/renderer/views/reports/ReportsView.test.tsx(34,5): error TS7018: Object literal's property 'error' implicitly has an 'any' type.
src/renderer/views/security/AccessReviewView.tsx(98,16): error TS2322: Type '"secondary"' is not assignable to type '"warning" | "success" | "info" | "default" | "primary" | "danger"'.
src/renderer/views/security/AccessReviewView.tsx(110,18): error TS2322: Type '"secondary" | "danger"' is not assignable to type '"warning" | "success" | "info" | "default" | "primary" | "danger"'.
  Type '"secondary"' is not assignable to type '"warning" | "success" | "info" | "default" | "primary" | "danger"'.
src/renderer/views/security/AccessReviewView.tsx(128,18): error TS2322: Type '"warning" | "success" | "secondary" | "danger"' is not assignable to type '"warning" | "success" | "info" | "default" | "primary" | "danger"'.
  Type '"secondary"' is not assignable to type '"warning" | "success" | "info" | "default" | "primary" | "danger"'.
src/renderer/views/security/AccessReviewView.tsx(147,18): error TS2322: Type '"warning" | "success" | "secondary" | "danger"' is not assignable to type '"warning" | "success" | "info" | "default" | "primary" | "danger"'.
  Type '"secondary"' is not assignable to type '"warning" | "success" | "info" | "default" | "primary" | "danger"'.
src/renderer/views/security/AccessReviewView.tsx(206,18): error TS2322: Type '"warning" | "success" | "secondary"' is not assignable to type '"warning" | "success" | "info" | "default" | "primary" | "danger"'.
  Type '"secondary"' is not assignable to type '"warning" | "success" | "info" | "default" | "primary" | "danger"'.
src/renderer/views/security/AccessReviewView.tsx(293,18): error TS2322: Type '"warning" | "success" | "secondary" | "danger"' is not assignable to type '"warning" | "success" | "info" | "default" | "primary" | "danger"'.
  Type '"secondary"' is not assignable to type '"warning" | "success" | "info" | "default" | "primary" | "danger"'.
src/renderer/views/security/AccessReviewView.tsx(529,21): error TS2322: Type '"success"' is not assignable to type '"link" | "primary" | "secondary" | "danger" | "ghost"'.
src/renderer/views/security/AccessReviewView.tsx(546,13): error TS2322: Type '{ data: AccessReviewItem[]; columnDefs: ({ field: string; headerName: string; width: number; pinned: "left"; cellRenderer?: undefined; valueFormatter?: undefined; } | { field: string; ... 4 more ...; valueFormatter?: undefined; } | { ...; } | { ...; })[]; enableVirtualization: boolean; enableFiltering: true; enableS...' is not assignable to type 'IntrinsicAttributes & VirtualizedDataGridProps<any>'.
  Property 'columnDefs' does not exist on type 'IntrinsicAttributes & VirtualizedDataGridProps<any>'. Did you mean 'columns'?
src/renderer/views/security/AccessReviewView.tsx(556,13): error TS2322: Type '{ data: AccessReviewCampaign[]; columnDefs: ({ field: string; headerName: string; width: number; pinned: "left"; cellRenderer?: undefined; valueFormatter?: undefined; } | { ...; } | { ...; } | { ...; })[]; enableVirtualization: boolean; enableFiltering: true; enableSorting: boolean; enableExport: true; }' is not assignable to type 'IntrinsicAttributes & VirtualizedDataGridProps<any>'.
  Property 'columnDefs' does not exist on type 'IntrinsicAttributes & VirtualizedDataGridProps<any>'. Did you mean 'columns'?
src/renderer/views/security/AccessReviewView.tsx(566,13): error TS2322: Type '{ data: ResourceAccessSummary[]; columnDefs: ({ field: string; headerName: string; width: number; pinned: "left"; cellRenderer?: undefined; } | { field: string; headerName: string; width: number; pinned?: undefined; cellRenderer?: undefined; } | { ...; })[]; enableVirtualization: boolean; enableFiltering: true; enab...' is not assignable to type 'IntrinsicAttributes & VirtualizedDataGridProps<any>'.
  Property 'columnDefs' does not exist on type 'IntrinsicAttributes & VirtualizedDataGridProps<any>'. Did you mean 'columns'?
src/renderer/views/security/AccessReviewView.tsx(576,13): error TS2322: Type '{ data: UserAccessSummary[]; columnDefs: ({ field: string; headerName: string; width: number; pinned: "left"; cellRenderer?: undefined; } | { field: string; headerName: string; width: number; pinned?: undefined; cellRenderer?: undefined; } | { ...; })[]; enableVirtualization: boolean; enableFiltering: true; enableSo...' is not assignable to type 'IntrinsicAttributes & VirtualizedDataGridProps<any>'.
  Property 'columnDefs' does not exist on type 'IntrinsicAttributes & VirtualizedDataGridProps<any>'. Did you mean 'columns'?
src/renderer/views/security/ComplianceDashboardView.tsx(119,18): error TS2322: Type '"warning" | "success" | "default" | "secondary" | "danger"' is not assignable to type '"warning" | "success" | "info" | "default" | "primary" | "danger"'.
  Type '"secondary"' is not assignable to type '"warning" | "success" | "info" | "default" | "primary" | "danger"'.
src/renderer/views/security/ComplianceDashboardView.tsx(177,18): error TS2322: Type '"warning" | "default" | "secondary" | "danger"' is not assignable to type '"warning" | "success" | "info" | "default" | "primary" | "danger"'.
  Type '"secondary"' is not assignable to type '"warning" | "success" | "info" | "default" | "primary" | "danger"'.
src/renderer/views/security/ComplianceDashboardView.tsx(191,11): error TS2322: Type '"danger"' is not assignable to type '"warning" | "success" | "secondary"'.
src/renderer/views/security/ComplianceDashboardView.tsx(195,18): error TS2322: Type '"warning" | "success" | "default" | "secondary"' is not assignable to type '"warning" | "success" | "info" | "default" | "primary" | "danger"'.
  Type '"secondary"' is not assignable to type '"warning" | "success" | "info" | "default" | "primary" | "danger"'.
src/renderer/views/security/ComplianceDashboardView.tsx(436,13): error TS2322: Type '{ data: FrameworkComplianceSummary[]; columnDefs: ({ field: string; headerName: string; width: number; pinned: "left"; cellRenderer?: undefined; valueFormatter?: undefined; } | { ...; } | { ...; } | { ...; })[]; enableVirtualization: boolean; enableFiltering: true; enableSorting: boolean; enableExport: true; }' is not assignable to type 'IntrinsicAttributes & VirtualizedDataGridProps<any>'.
  Property 'columnDefs' does not exist on type 'IntrinsicAttributes & VirtualizedDataGridProps<any>'. Did you mean 'columns'?
src/renderer/views/security/ComplianceDashboardView.tsx(446,13): error TS2322: Type '{ data: ComplianceFinding[]; columnDefs: ({ field: string; headerName: string; width: number; pinned: "left"; cellRenderer?: undefined; valueFormatter?: undefined; } | { field: string; ... 4 more ...; valueFormatter?: undefined; } | { ...; } | { ...; })[]; enableVirtualization: boolean; enableFiltering: true; enable...' is not assignable to type 'IntrinsicAttributes & VirtualizedDataGridProps<any>'.
  Property 'columnDefs' does not exist on type 'IntrinsicAttributes & VirtualizedDataGridProps<any>'. Did you mean 'columns'?
src/renderer/views/security/ComplianceDashboardView.tsx(456,13): error TS2322: Type '{ data: ComplianceItem[]; columnDefs: ({ field: string; headerName: string; width: number; pinned: "left"; valueFormatter?: undefined; } | { field: string; headerName: string; width: number; pinned?: undefined; valueFormatter?: undefined; } | { ...; })[]; enableVirtualization: boolean; enableFiltering: true; enableS...' is not assignable to type 'IntrinsicAttributes & VirtualizedDataGridProps<any>'.
  Property 'columnDefs' does not exist on type 'IntrinsicAttributes & VirtualizedDataGridProps<any>'. Did you mean 'columns'?
src/renderer/views/security/PolicyManagementView.test.tsx(8,10): error TS2614: Module '"./PolicyManagementView"' has no exported member 'PolicyManagementView'. Did you mean to use 'import PolicyManagementView from "./PolicyManagementView"' instead?
src/renderer/views/security/PolicyManagementView.test.tsx(23,5): error TS7018: Object literal's property 'data' implicitly has an 'any[]' type.
src/renderer/views/security/PolicyManagementView.test.tsx(25,5): error TS7018: Object literal's property 'risks' implicitly has an 'any[]' type.
src/renderer/views/security/PolicyManagementView.test.tsx(26,5): error TS7018: Object literal's property 'threats' implicitly has an 'any[]' type.
src/renderer/views/security/PolicyManagementView.test.tsx(28,5): error TS7018: Object literal's property 'selectedItems' implicitly has an 'any[]' type.
src/renderer/views/security/PolicyManagementView.test.tsx(31,5): error TS7018: Object literal's property 'error' implicitly has an 'any' type.
src/renderer/views/security/RiskAssessmentView.test.tsx(8,10): error TS2614: Module '"./RiskAssessmentView"' has no exported member 'RiskAssessmentView'. Did you mean to use 'import RiskAssessmentView from "./RiskAssessmentView"' instead?
src/renderer/views/security/RiskAssessmentView.test.tsx(23,5): error TS7018: Object literal's property 'data' implicitly has an 'any[]' type.
src/renderer/views/security/RiskAssessmentView.test.tsx(25,5): error TS7018: Object literal's property 'risks' implicitly has an 'any[]' type.
src/renderer/views/security/RiskAssessmentView.test.tsx(26,5): error TS7018: Object literal's property 'threats' implicitly has an 'any[]' type.
src/renderer/views/security/RiskAssessmentView.test.tsx(28,5): error TS7018: Object literal's property 'selectedItems' implicitly has an 'any[]' type.
src/renderer/views/security/RiskAssessmentView.test.tsx(31,5): error TS7018: Object literal's property 'error' implicitly has an 'any' type.
src/renderer/views/security/RiskAssessmentView.tsx(80,12): error TS2322: Type '{ children: (Element | Element[])[]; value: string; onChange: (e: string) => void; "data-cy": string; }' is not assignable to type 'IntrinsicAttributes & SelectProps'.
  Property 'children' does not exist on type 'IntrinsicAttributes & SelectProps'.
src/renderer/views/security/RiskAssessmentView.tsx(80,90): error TS2339: Property 'target' does not exist on type 'string'.
src/renderer/views/security/RiskAssessmentView.tsx(84,12): error TS2322: Type '{ children: (Element | Element[])[]; value: string; onChange: (e: string) => void; "data-cy": string; }' is not assignable to type 'IntrinsicAttributes & SelectProps'.
  Property 'children' does not exist on type 'IntrinsicAttributes & SelectProps'.
src/renderer/views/security/RiskAssessmentView.tsx(84,88): error TS2339: Property 'target' does not exist on type 'string'.
src/renderer/views/security/RiskAssessmentView.tsx(88,12): error TS2322: Type '{ children: (Element | Element[])[]; value: string; onChange: (e: string) => void; "data-cy": string; }' is not assignable to type 'IntrinsicAttributes & SelectProps'.
  Property 'children' does not exist on type 'IntrinsicAttributes & SelectProps'.
src/renderer/views/security/RiskAssessmentView.tsx(88,84): error TS2339: Property 'target' does not exist on type 'string'.
src/renderer/views/security/RiskAssessmentView.tsx(92,12): error TS2322: Type '{ children: (Element | Element[])[]; value: string; onChange: (e: string) => void; "data-cy": string; }' is not assignable to type 'IntrinsicAttributes & SelectProps'.
  Property 'children' does not exist on type 'IntrinsicAttributes & SelectProps'.
src/renderer/views/security/RiskAssessmentView.tsx(92,82): error TS2339: Property 'target' does not exist on type 'string'.
src/renderer/views/security/SecurityAuditView.test.tsx(8,10): error TS2614: Module '"./SecurityAuditView"' has no exported member 'SecurityAuditView'. Did you mean to use 'import SecurityAuditView from "./SecurityAuditView"' instead?
src/renderer/views/security/SecurityAuditView.test.tsx(23,5): error TS7018: Object literal's property 'data' implicitly has an 'any[]' type.
src/renderer/views/security/SecurityAuditView.test.tsx(25,5): error TS7018: Object literal's property 'risks' implicitly has an 'any[]' type.
src/renderer/views/security/SecurityAuditView.test.tsx(26,5): error TS7018: Object literal's property 'threats' implicitly has an 'any[]' type.
src/renderer/views/security/SecurityAuditView.test.tsx(28,5): error TS7018: Object literal's property 'selectedItems' implicitly has an 'any[]' type.
src/renderer/views/security/SecurityAuditView.test.tsx(31,5): error TS7018: Object literal's property 'error' implicitly has an 'any' type.
src/renderer/views/security/SecurityAuditView.tsx(137,12): error TS2322: Type '{ children: (Element | Element[])[]; value: string; onChange: (e: string) => void; "data-cy": string; }' is not assignable to type 'IntrinsicAttributes & SelectProps'.
  Property 'children' does not exist on type 'IntrinsicAttributes & SelectProps'.
src/renderer/views/security/SecurityAuditView.tsx(139,62): error TS2339: Property 'target' does not exist on type 'string'.
src/renderer/views/security/SecurityAuditView.tsx(147,12): error TS2322: Type '{ children: (Element | Element[])[]; value: string; onChange: (e: string) => void; "data-cy": string; }' is not assignable to type 'IntrinsicAttributes & SelectProps'.
  Property 'children' does not exist on type 'IntrinsicAttributes & SelectProps'.
src/renderer/views/security/SecurityAuditView.tsx(149,57): error TS2339: Property 'target' does not exist on type 'string'.
src/renderer/views/security/SecurityAuditView.tsx(157,12): error TS2322: Type '{ children: (Element | Element[])[]; value: string; onChange: (e: string) => void; "data-cy": string; }' is not assignable to type 'IntrinsicAttributes & SelectProps'.
  Property 'children' does not exist on type 'IntrinsicAttributes & SelectProps'.
src/renderer/views/security/SecurityAuditView.tsx(159,55): error TS2339: Property 'target' does not exist on type 'string'.
src/renderer/views/security/SecurityDashboardView.test.tsx(23,5): error TS7018: Object literal's property 'data' implicitly has an 'any[]' type.
src/renderer/views/security/SecurityDashboardView.test.tsx(25,5): error TS7018: Object literal's property 'risks' implicitly has an 'any[]' type.
src/renderer/views/security/SecurityDashboardView.test.tsx(26,5): error TS7018: Object literal's property 'threats' implicitly has an 'any[]' type.
src/renderer/views/security/SecurityDashboardView.test.tsx(28,5): error TS7018: Object literal's property 'selectedItems' implicitly has an 'any[]' type.
src/renderer/views/security/SecurityDashboardView.test.tsx(31,5): error TS7018: Object literal's property 'error' implicitly has an 'any' type.
src/renderer/views/security/SecurityDashboardView.tsx(8,43): error TS2307: Cannot find module '../../hooks/useSecurityDashboardLogic' or its corresponding type declarations.
src/renderer/views/security/ThreatAnalysisView.test.tsx(8,10): error TS2614: Module '"./ThreatAnalysisView"' has no exported member 'ThreatAnalysisView'. Did you mean to use 'import ThreatAnalysisView from "./ThreatAnalysisView"' instead?
src/renderer/views/security/ThreatAnalysisView.test.tsx(23,5): error TS7018: Object literal's property 'data' implicitly has an 'any[]' type.
src/renderer/views/security/ThreatAnalysisView.test.tsx(25,5): error TS7018: Object literal's property 'risks' implicitly has an 'any[]' type.
src/renderer/views/security/ThreatAnalysisView.test.tsx(26,5): error TS7018: Object literal's property 'threats' implicitly has an 'any[]' type.
src/renderer/views/security/ThreatAnalysisView.test.tsx(28,5): error TS7018: Object literal's property 'selectedItems' implicitly has an 'any[]' type.
src/renderer/views/security/ThreatAnalysisView.test.tsx(31,5): error TS7018: Object literal's property 'error' implicitly has an 'any' type.
src/renderer/views/security/ThreatAnalysisView.tsx(77,12): error TS2322: Type '{ children: (Element | Element[])[]; value: string; onChange: (e: string) => void; "data-cy": string; }' is not assignable to type 'IntrinsicAttributes & SelectProps'.
  Property 'children' does not exist on type 'IntrinsicAttributes & SelectProps'.
src/renderer/views/security/ThreatAnalysisView.tsx(77,92): error TS2339: Property 'target' does not exist on type 'string'.
src/renderer/views/security/ThreatAnalysisView.tsx(81,12): error TS2322: Type '{ children: (Element | Element[])[]; value: string; onChange: (e: string) => void; "data-cy": string; }' is not assignable to type 'IntrinsicAttributes & SelectProps'.
  Property 'children' does not exist on type 'IntrinsicAttributes & SelectProps'.
src/renderer/views/security/ThreatAnalysisView.tsx(81,88): error TS2339: Property 'target' does not exist on type 'string'.
src/renderer/views/security/ThreatAnalysisView.tsx(85,12): error TS2322: Type '{ children: (Element | Element[])[]; value: string; onChange: (e: string) => void; "data-cy": string; }' is not assignable to type 'IntrinsicAttributes & SelectProps'.
  Property 'children' does not exist on type 'IntrinsicAttributes & SelectProps'.
src/renderer/views/security/ThreatAnalysisView.tsx(85,84): error TS2339: Property 'target' does not exist on type 'string'.
src/renderer/views/security/VulnerabilityManagementView.tsx(354,11): error TS2322: Type '({ field: string; header: string; sortable: boolean; width: string; } | { render: (value: string) => Element; field: string; header: string; sortable: boolean; width: string; } | { render: (value: boolean) => Element; field: string; header: string; sortable: boolean; width: string; } | { ...; })[]' is not assignable to type 'ColDef<any, any>[]'.
  Type '{ field: string; header: string; sortable: boolean; width: string; } | { render: (value: string) => Element; field: string; header: string; sortable: boolean; width: string; } | { render: (value: boolean) => Element; field: string; header: string; sortable: boolean; width: string; } | { ...; }' is not assignable to type 'ColDef<any, any>'.
    Type '{ field: string; header: string; sortable: boolean; width: string; }' is not assignable to type 'ColDef<any, any>'.
      Types of property 'width' are incompatible.
        Type 'string' is not assignable to type 'number'.
src/renderer/views/settings/SettingsView.test.tsx(8,10): error TS2614: Module '"./SettingsView"' has no exported member 'SettingsView'. Did you mean to use 'import SettingsView from "./SettingsView"' instead?
src/renderer/views/settings/SettingsView.test.tsx(30,5): error TS7018: Object literal's property 'data' implicitly has an 'any[]' type.
src/renderer/views/settings/SettingsView.test.tsx(31,5): error TS7018: Object literal's property 'selectedItems' implicitly has an 'any[]' type.
src/renderer/views/settings/SettingsView.test.tsx(34,5): error TS7018: Object literal's property 'error' implicitly has an 'any' type.
src/renderer/views/settings/SettingsView.tsx(177,15): error TS2322: Type '{ label: string; checked: boolean; onChange: (checked: boolean) => void; helpText: string; "data-cy": string; }' is not assignable to type 'IntrinsicAttributes & CheckboxProps'.
  Property 'helpText' does not exist on type 'IntrinsicAttributes & CheckboxProps'.
src/renderer/views/settings/SettingsView.tsx(190,71): error TS2339: Property 'target' does not exist on type 'string'.
src/renderer/views/users/UsersView.test.tsx(8,10): error TS2614: Module '"./UsersView"' has no exported member 'UsersView'. Did you mean to use 'import UsersView from "./UsersView"' instead?
src/renderer/views/users/UsersView.test.tsx(30,5): error TS7018: Object literal's property 'data' implicitly has an 'any[]' type.
src/renderer/views/users/UsersView.test.tsx(31,5): error TS7018: Object literal's property 'selectedItems' implicitly has an 'any[]' type.
src/renderer/views/users/UsersView.test.tsx(34,5): error TS7018: Object literal's property 'error' implicitly has an 'any' type.
src/renderer/views/users/UsersView.tsx(38,7): error TS2322: Type 'ConnectDragSource' is not assignable to type 'Ref<HTMLDivElement>'.
  Type 'ConnectDragSource' is not assignable to type '(instance: HTMLDivElement) => void | (() => VoidOrUndefinedOnly)'.
    Type 'ReactElement<unknown, string | JSXElementConstructor<any>>' is not assignable to type 'void | (() => VoidOrUndefinedOnly)'.
src/renderer/views/users/UsersView.tsx(125,11): error TS2322: Type '{ id: string; objectId: string; displayName: string; firstName: string; lastName: string; email: string; userPrincipalName: string; department: string; jobTitle: string; officeLocation: string; ... 9 more ...; riskLevel: string; }[]' is not assignable to type 'UserData[]'.
  Type '{ id: string; objectId: string; displayName: string; firstName: string; lastName: string; email: string; userPrincipalName: string; department: string; jobTitle: string; officeLocation: string; ... 9 more ...; riskLevel: string; }' is missing the following properties from type 'UserData': mail, accountEnabled, samAccountName, companyName, and 3 more.
src/renderer/views/users/UsersView.tsx(287,6): error TS2448: Block-scoped variable 'handleViewDetails' used before its declaration.
