src/main/services/deltaSyncService.ts(295,24): error TS2339: Property 'changes' does not exist on type 'unknown'.
src/main/services/deltaSyncService.ts(328,28): error TS2339: Property 'applied' does not exist on type 'unknown'.
src/main/services/deltaSyncService.ts(329,27): error TS2339: Property 'failed' does not exist on type 'unknown'.
src/main/services/deltaSyncService.ts(330,30): error TS2339: Property 'conflicts' does not exist on type 'unknown'.
src/main/services/deltaSyncService.ts(331,30): error TS2339: Property 'bandwidth' does not exist on type 'unknown'.
src/main/services/deltaSyncService.ts(332,27): error TS2339: Property 'errors' does not exist on type 'unknown'.
src/main/services/deltaSyncService.ts(333,29): error TS2339: Property 'warnings' does not exist on type 'unknown'.
src/main/services/logicEngineService.test.ts(230,26): error TS2551: Property 'user' does not exist on type 'UserDetailProjection'. Did you mean 'User'?
src/main/services/logicEngineService.test.ts(231,26): error TS2551: Property 'groups' does not exist on type 'UserDetailProjection'. Did you mean 'Groups'?
src/main/services/logicEngineService.test.ts(232,26): error TS2551: Property 'devices' does not exist on type 'UserDetailProjection'. Did you mean 'Devices'?
src/main/services/logicEngineService.test.ts(233,26): error TS2551: Property 'apps' does not exist on type 'UserDetailProjection'. Did you mean 'Apps'?
src/main/services/logicEngineService.test.ts(247,41): error TS2551: Property 'groups' does not exist on type 'UserDetailProjection'. Did you mean 'Groups'?
src/main/services/logicEngineService.test.ts(248,41): error TS2551: Property 'devices' does not exist on type 'UserDetailProjection'. Did you mean 'Devices'?
src/main/services/logicEngineService.test.ts(249,41): error TS2551: Property 'apps' does not exist on type 'UserDetailProjection'. Did you mean 'Apps'?
src/main/services/logicEngineService.test.ts(250,41): error TS2339: Property 'fileAccess' does not exist on type 'UserDetailProjection'.
src/main/services/logicEngineService.test.ts(251,41): error TS2551: Property 'azureRoles' does not exist on type 'UserDetailProjection'. Did you mean 'AzureRoles'?
src/main/services/logicEngineService.test.ts(252,41): error TS2551: Property 'risks' does not exist on type 'UserDetailProjection'. Did you mean 'Risks'?
src/main/services/logicEngineService.test.ts(253,41): error TS2551: Property 'migrationHints' does not exist on type 'UserDetailProjection'. Did you mean 'MigrationHints'?
src/main/services/logicEngineService.test.ts(297,25): error TS2551: Property 'user' does not exist on type 'UserDetailProjection'. Did you mean 'User'?
src/main/services/logicEngineService.test.ts(328,27): error TS2339: Property 'getAllUsers' does not exist on type 'LogicEngineService'.
src/main/services/logicEngineService.test.ts(383,18): error TS2304: Cannot find name 'testDataPath'.
src/main/services/logicEngineService.test.ts(389,32): error TS2304: Cannot find name 'testDataPath'.
src/main/services/logicEngineService.test.ts(395,32): error TS2304: Cannot find name 'testDataPath'.
src/main/services/logicEngineService.test.ts(401,32): error TS2304: Cannot find name 'testDataPath'.
src/main/services/logicEngineService.test.ts(408,32): error TS2304: Cannot find name 'testDataPath'.
src/main/services/logicEngineService.test.ts(414,32): error TS2304: Cannot find name 'testDataPath'.
src/main/services/logicEngineService.test.ts(420,32): error TS2304: Cannot find name 'testDataPath'.
src/main/services/logicEngineService.test.ts(435,34): error TS2304: Cannot find name 'testDataPath'.
src/main/services/logicEngineService.ts(179,32): error TS2693: 'DataLoadErrorEventArgs' only refers to a type, but is being used as a value here.
src/main/services/logicEngineService.ts(266,31): error TS2693: 'DataLoadedEventArgs' only refers to a type, but is being used as a value here.
src/main/services/logicEngineService.ts(272,30): error TS2693: 'DataLoadErrorEventArgs' only refers to a type, but is being used as a value here.
src/main/services/migrationExecutionService.ts(451,40): error TS2339: Property 'changes' does not exist on type 'unknown'.
src/main/services/migrationExecutionService.ts(452,51): error TS2339: Property 'changes' does not exist on type 'unknown'.
src/main/services/migrationExecutionService.ts(756,35): error TS2677: A type predicate's type must be assignable to its parameter's type.
  Type 'LogEntry' is not assignable to type '{ timestamp: Date; level: any; waveId: string; userId: string; step: string; message: string; }'.
    Property 'userId' is optional in type 'LogEntry' but required in type '{ timestamp: Date; level: any; waveId: string; userId: string; step: string; message: string; }'.
src/main/services/migrationExecutionService.ts(785,3): error TS2484: Export declaration conflicts with exported declaration of 'ExecutionMode'.
src/main/services/migrationExecutionService.ts(786,3): error TS2484: Export declaration conflicts with exported declaration of 'ExecutionStrategy'.
src/main/services/migrationExecutionService.ts(787,3): error TS2484: Export declaration conflicts with exported declaration of 'MigrationPhase'.
src/main/services/migrationReportingService.ts(21,25): error TS2307: Cannot find module 'cron' or its corresponding type declarations.
src/main/services/migrationReportingService.ts(970,10): error TS2484: Export declaration conflicts with exported declaration of 'ReportType'.
src/main/services/migrationReportingService.ts(970,22): error TS2484: Export declaration conflicts with exported declaration of 'ReportFormat'.
src/main/services/migrationReportingService.ts(970,36): error TS2484: Export declaration conflicts with exported declaration of 'Report'.
src/main/services/migrationValidationService.ts(301,15): error TS2339: Property 'sourceConnected' does not exist on type '{}'.
src/main/services/migrationValidationService.ts(301,32): error TS2339: Property 'targetConnected' does not exist on type '{}'.
src/main/services/migrationValidationService.ts(301,49): error TS2339: Property 'latency' does not exist on type '{}'.
src/main/services/migrationValidationService.ts(354,13): error TS2740: Type '{}' is missing the following properties from type 'CapacityValidation': targetEnvironment, currentMailboxes, maxMailboxes, plannedMigrations, and 2 more.
src/main/services/migrationValidationService.ts(420,61): error TS2339: Property 'users' does not exist on type 'unknown'.
src/main/services/migrationValidationService.ts(526,15): error TS2339: Property 'invalidMappings' does not exist on type '{}'.
src/main/services/migrationValidationService.ts(526,32): error TS2339: Property 'unmappedResources' does not exist on type '{}'.
src/main/services/migrationValidationService.ts(526,51): error TS2339: Property 'conflicts' does not exist on type '{}'.
src/main/services/migrationValidationService.ts(609,15): error TS2339: Property 'blockedUsers' does not exist on type '{}'.
src/main/services/migrationValidationService.ts(609,29): error TS2339: Property 'circularDependencies' does not exist on type '{}'.
src/main/services/migrationValidationService.ts(687,15): error TS2339: Property 'conflicts' does not exist on type '{}'.
src/main/services/migrationValidationService.ts(754,15): error TS2339: Property 'blockers' does not exist on type '{}'.
src/main/services/migrationValidationService.ts(943,3): error TS2484: Export declaration conflicts with exported declaration of 'ValidationSeverity'.
src/main/services/migrationValidationService.ts(944,3): error TS2484: Export declaration conflicts with exported declaration of 'ValidationType'.
src/main/services/migrationValidationService.ts(945,3): error TS2484: Export declaration conflicts with exported declaration of 'ValidationResult'.
src/main/services/migrationValidationService.ts(946,3): error TS2484: Export declaration conflicts with exported declaration of 'ValidationReport'.
src/main/services/mockLogicEngineService.ts(431,18): error TS2367: This comparison appears to be unintentional because the types '"High" | "Medium" | "Low"' and '"Critical"' have no overlap.
src/main/services/mockLogicEngineService.ts(686,5): error TS2739: Type '{ antivirusInstalled: true; antivirusProduct: string; antivirusUpToDate: true; antivirusLastUpdate: Date; firewallEnabled: true; firewallProfile: string; encryptionEnabled: true; ... 6 more ...; vulnerabilityCount: number; }' is missing the following properties from type 'SecurityComplianceStatus': complianceIssues, criticalVulnerabilityCount
src/main/services/mockLogicEngineService.ts(727,11): error TS2322: Type '"Wired"' is not assignable to type '"Unknown" | "Ethernet" | "WiFi" | "Bluetooth" | "Virtual"'.
src/main/services/mockLogicEngineService.ts(736,11): error TS2322: Type '"Wireless"' is not assignable to type '"Unknown" | "Ethernet" | "WiFi" | "Bluetooth" | "Virtual"'.
src/main/services/mockLogicEngineService.ts(837,5): error TS2322: Type '({ affectedEntity: string; detectedAt: Date; remediation: string; cvssScore: number; type: string; severity: "High"; description: string; recommendation: string; category: "Security"; } | { ...; } | { ...; } | { ...; })[]' is not assignable to type 'ComputerRiskItem[]'.
  Type '{ affectedEntity: string; detectedAt: Date; remediation: string; cvssScore: number; type: string; severity: "High"; description: string; recommendation: string; category: "Security"; } | { ...; } | { ...; } | { ...; }' is not assignable to type 'ComputerRiskItem'.
    Property 'affectedComponent' is missing in type '{ affectedEntity: string; detectedAt: Date; remediation: string; cvssScore: number; type: string; severity: "High"; description: string; recommendation: string; category: "Security"; }' but required in type 'ComputerRiskItem'.
src/main/services/mockLogicEngineService.ts(842,18): error TS2367: This comparison appears to be unintentional because the types '"High" | "Medium" | "Low"' and '"Critical"' have no overlap.
src/main/services/mockLogicEngineService.ts(886,9): error TS7018: Object literal's property 'dependencies' implicitly has an 'any[]' type.
src/main/services/mockLogicEngineService.ts(1131,5): error TS2322: Type '{ policyName: string; policyGuid: `${string}-${string}-${string}-${string}-${string}`; policyType: "User" | "Computer" | "Both"; enabled: true; linkedOu: string; order: number; enforced: boolean; appliedDate: Date; }[]' is not assignable to type 'GroupPolicyAssignment[]'.
  Property 'appliesTo' is missing in type '{ policyName: string; policyGuid: `${string}-${string}-${string}-${string}-${string}`; policyType: "User" | "Computer" | "Both"; enabled: true; linkedOu: string; order: number; enforced: boolean; appliedDate: Date; }' but required in type 'GroupPolicyAssignment'.
src/main/services/mockLogicEngineService.ts(1168,5): error TS2322: Type '({ affectedEntity: string; detectedAt: Date; remediation: string; cvssScore: number; type: string; severity: "Medium"; description: string; recommendation: string; category: "Security"; } | { ...; } | { ...; })[]' is not assignable to type 'GroupRiskItem[]'.
  Type '{ affectedEntity: string; detectedAt: Date; remediation: string; cvssScore: number; type: string; severity: "Medium"; description: string; recommendation: string; category: "Security"; } | { ...; } | { ...; }' is not assignable to type 'GroupRiskItem'.
    Type '{ affectedEntity: string; detectedAt: Date; remediation: string; cvssScore: number; type: string; severity: "Medium"; description: string; recommendation: string; category: "Security"; }' is missing the following properties from type 'GroupRiskItem': affectedMembers, affectedResources
src/main/services/mockLogicEngineService.ts(1173,18): error TS2367: This comparison appears to be unintentional because the types '"High" | "Medium"' and '"Critical"' have no overlap.
src/main/services/mockLogicEngineService.ts(1242,7): error TS2353: Object literal may only specify known properties, and 'nextSyncTime' does not exist in type 'GroupSyncStatus'.
src/main/services/powerShellService.test.ts(74,21): error TS2339: Property 'dispose' does not exist on type 'PowerShellExecutionService'.
src/main/services/powerShellService.test.ts(83,20): error TS2339: Property 'queueLength' does not exist on type '{ poolSize: number; idleSessions: number; busySessions: number; activeExecutions: number; queuedRequests: number; queuePaused: boolean; cacheSize: number; scriptLibrarySize: number; totalExecutions: number; }'.
src/main/services/powerShellService.test.ts(97,51): error TS7018: Object literal's property 'users' implicitly has an 'any[]' type.
src/main/services/powerShellService.test.ts(199,36): error TS2554: Expected 2-4 arguments, but got 1.
src/main/services/powerShellService.test.ts(206,26): error TS2339: Property 'discovered' does not exist on type 'unknown'.
src/main/services/powerShellService.test.ts(219,37): error TS2554: Expected 2-4 arguments, but got 1.
src/main/services/powerShellService.test.ts(228,37): error TS2554: Expected 2-4 arguments, but got 1.
src/main/services/powerShellService.test.ts(297,20): error TS2339: Property 'queueLength' does not exist on type '{ poolSize: number; idleSessions: number; busySessions: number; activeExecutions: number; queuedRequests: number; queuePaused: boolean; cacheSize: number; scriptLibrarySize: number; totalExecutions: number; }'.
src/main/services/powerShellService.test.ts(545,53): error TS2554: Expected 0 arguments, but got 1.
src/main/services/powerShellService.test.ts(575,11): error TS2353: Object literal may only specify known properties, and 'retries' does not exist in type 'ExecutionOptions'.
src/main/services/powerShellService.test.ts(597,13): error TS2353: Object literal may only specify known properties, and 'retries' does not exist in type 'ExecutionOptions'.
src/main/services/powerShellService.test.ts(630,20): error TS2339: Property 'averageExecutionTime' does not exist on type '{ poolSize: number; idleSessions: number; busySessions: number; activeExecutions: number; queuedRequests: number; queuePaused: boolean; cacheSize: number; scriptLibrarySize: number; totalExecutions: number; }'.
src/main/services/powerShellService.test.ts(657,20): error TS2551: Property 'failedExecutions' does not exist on type '{ poolSize: number; idleSessions: number; busySessions: number; activeExecutions: number; queuedRequests: number; queuePaused: boolean; cacheSize: number; scriptLibrarySize: number; totalExecutions: number; }'. Did you mean 'activeExecutions'?
src/main/services/powerShellService.test.ts(675,21): error TS2339: Property 'dispose' does not exist on type 'PowerShellExecutionService'.
src/main/services/powerShellService.test.ts(687,21): error TS2339: Property 'dispose' does not exist on type 'PowerShellExecutionService'.
src/main/services/resourceMappingService.ts(763,10): error TS2484: Export declaration conflicts with exported declaration of 'ResourceType'.
src/main/services/resourceMappingService.ts(763,24): error TS2484: Export declaration conflicts with exported declaration of 'MappingStatus'.
src/main/services/resourceMappingService.ts(763,39): error TS2484: Export declaration conflicts with exported declaration of 'MappingStrategy'.
src/main/services/resourceMappingService.ts(763,56): error TS2484: Export declaration conflicts with exported declaration of 'ResourceMapping'.
src/main/services/rollbackService.ts(265,26): error TS2339: Property 'users' does not exist on type 'unknown'.
src/main/services/rollbackService.ts(266,27): error TS2339: Property 'groups' does not exist on type 'unknown'.
src/main/services/rollbackService.ts(267,32): error TS2339: Property 'permissions' does not exist on type 'unknown'.
src/main/services/rollbackService.ts(268,29): error TS2339: Property 'settings' does not exist on type 'unknown'.
src/main/services/rollbackService.ts(289,26): error TS2339: Property 'users' does not exist on type 'unknown'.
src/main/services/rollbackService.ts(290,27): error TS2339: Property 'groups' does not exist on type 'unknown'.
src/main/services/rollbackService.ts(291,32): error TS2339: Property 'permissions' does not exist on type 'unknown'.
src/main/services/rollbackService.ts(292,29): error TS2339: Property 'settings' does not exist on type 'unknown'.
src/main/services/rollbackService.ts(376,37): error TS2339: Property 'usersRestored' does not exist on type 'unknown'.
src/main/services/rollbackService.ts(377,38): error TS2339: Property 'groupsRestored' does not exist on type 'unknown'.
src/main/services/rollbackService.ts(378,43): error TS2339: Property 'permissionsRestored' does not exist on type 'unknown'.
src/main/services/rollbackService.ts(443,37): error TS2339: Property 'errors' does not exist on type 'unknown'.
src/main/services/rollbackService.ts(444,39): error TS2339: Property 'warnings' does not exist on type 'unknown'.
src/main/services/rollbackService.ts(632,10): error TS2484: Export declaration conflicts with exported declaration of 'RollbackPoint'.
src/preload.ts(16,3): error TS2305: Module '"./types/shared"' has no exported member 'ElectronAPI'.
src/renderer/components/atoms/Tooltip.tsx(133,9): error TS2769: No overload matches this call.
  The last overload gave the following error.
    Object literal may only specify known properties, and 'onMouseEnter