src/renderer/hooks/useMigrationReportLogic.ts(128,53): error TS2363: The right-hand side of an arithmetic operation must be of type 'any', 'number', 'bigint' or an enum type.
src/renderer/hooks/useUserDetailLogic.ts(147,7): error TS2353: Object literal may only specify known properties, and 'component' does not exist in type 'Omit<Modal, "id" | "openedAt">'.
src/renderer/lib/converters/index.ts(288,5): error TS1117: An object literal cannot have multiple properties with the same name.
src/renderer/services/dataTransformationService.ts(120,25): error TS2322: Type 'T' is not assignable to type 'object'.
src/renderer/services/dataTransformationService.ts(148,20): error TS2322: Type 'T' is not assignable to type 'object'.
src/renderer/services/dataTransformationService.ts(451,22): error TS2322: Type 'T1 & T2' is not assignable to type 'object'.
src/renderer/services/dataTransformationService.ts(452,29): error TS7053: Element implicitly has an 'any' type because expression of type 'string' can't be used to index type '{}'.
  No index signature with a parameter of type 'string' was found on type '{}'.
src/renderer/services/importService.ts(259,7): error TS2322: Type '(progress: number, message: string) => void' is not assignable to type '(progress: number, rows: number) => void'.
  Types of parameters 'message' and 'rows' are incompatible.
    Type 'number' is not assignable to type 'string'.
src/renderer/views/admin/RoleManagementView.tsx(91,12): error TS2741: Property 'children' is missing in type '{ size: "sm"; variant: "secondary"; icon: Element; onClick: () => void; disabled: any; "aria-label": string; }' but required in type 'ButtonProps'.
src/renderer/views/admin/SystemConfigurationView.tsx(107,64): error TS2339: Property 'target' does not exist on type 'boolean'.
src/renderer/views/admin/SystemConfigurationView.tsx(136,79): error TS2339: Property 'target' does not exist on type 'boolean'.
src/renderer/views/admin/SystemConfigurationView.tsx(141,72): error TS2339: Property 'target' does not exist on type 'boolean'.
src/renderer/views/admin/UserManagementView.tsx(96,12): error TS2741: Property 'children' is missing in type '{ size: "sm"; variant: "secondary"; icon: Element; onClick: () => void; "aria-label": string; }' but required in type 'ButtonProps'.
src/renderer/views/admin/UserManagementView.tsx(103,12): error TS2741: Property 'children' is missing in type '{ size: "sm"; variant: "primary" | "secondary"; icon: Element; onClick: () => Promise<void>; "aria-label": string; }' but required in type 'ButtonProps'.
src/renderer/views/admin/UserManagementView.tsx(110,12): error TS2741: Property 'children' is missing in type '{ size: "sm"; variant: "secondary"; icon: Element; onClick: () => Promise<void>; "aria-label": string; }' but required in type 'ButtonProps'.
src/renderer/views/advanced/APIManagementView.tsx(21,40): error TS2322: Type 'ForwardRefExoticComponent<Omit<LucideProps, "ref"> & RefAttributes<SVGSVGElement>>' is not assignable to type 'ReactNode'.
src/renderer/views/advanced/AssetLifecycleView.test.tsx(23,5): error TS7018: Object literal's property 'data' implicitly has an 'any[]' type.
src/renderer/views/advanced/AssetLifecycleView.test.tsx(28,5): error TS7018: Object literal's property 'selectedItems' implicitly has an 'any[]' type.
src/renderer/views/advanced/AssetLifecycleView.test.tsx(31,5): error TS7018: Object literal's property 'error' implicitly has an 'any' type.
src/renderer/views/advanced/BulkOperationsView.test.tsx(23,5): error TS7018: Object literal's property 'data' implicitly has an 'any[]' type.
src/renderer/views/advanced/BulkOperationsView.test.tsx(28,5): error TS7018: Object literal's property 'selectedItems' implicitly has an 'any[]' type.
src/renderer/views/advanced/BulkOperationsView.test.tsx(31,5): error TS7018: Object literal's property 'error' implicitly has an 'any' type.
src/renderer/views/advanced/BulkOperationsView.tsx(21,40): error TS2322: Type 'ForwardRefExoticComponent<Omit<LucideProps, "ref"> & RefAttributes<SVGSVGElement>>' is not assignable to type 'ReactNode'.
src/renderer/views/advanced/CapacityPlanningView.test.tsx(23,5): error TS7018: Object literal's property 'data' implicitly has an 'any[]' type.
src/renderer/views/advanced/CapacityPlanningView.test.tsx(28,5): error TS7018: Object literal's property 'selectedItems' implicitly has an 'any[]' type.
src/renderer/views/advanced/CapacityPlanningView.test.tsx(31,5): error TS7018: Object literal's property 'error' implicitly has an 'any' type.
src/renderer/views/advanced/ChangeManagementView.test.tsx(23,5): error TS7018: Object literal's property 'data' implicitly has an 'any[]' type.
src/renderer/views/advanced/ChangeManagementView.test.tsx(28,5): error TS7018: Object literal's property 'selectedItems' implicitly has an 'any[]' type.
src/renderer/views/advanced/ChangeManagementView.test.tsx(31,5): error TS7018: Object literal's property 'error' implicitly has an 'any' type.
src/renderer/views/advanced/DataGovernanceView.test.tsx(23,5): error TS7018: Object literal's property 'data' implicitly has an 'any[]' type.
src/renderer/views/advanced/DataGovernanceView.test.tsx(28,5): error TS7018: Object literal's property 'selectedItems' implicitly has an 'any[]' type.
src/renderer/views/advanced/DataGovernanceView.test.tsx(31,5): error TS7018: Object literal's property 'error' implicitly has an 'any' type.
src/renderer/views/advanced/DataImportExportView.test.tsx(23,5): error TS7018: Object literal's property 'data' implicitly has an 'any[]' type.
src/renderer/views/advanced/DataImportExportView.test.tsx(28,5): error TS7018: Object literal's property 'selectedItems' implicitly has an 'any[]' type.
src/renderer/views/advanced/DataImportExportView.test.tsx(31,5): error TS7018: Object literal's property 'error' implicitly has an 'any' type.
src/renderer/views/advanced/DataImportExportView.tsx(21,40): error TS2322: Type 'ForwardRefExoticComponent<Omit<LucideProps, "ref"> & RefAttributes<SVGSVGElement>>' is not assignable to type 'ReactNode'.
src/renderer/views/advanced/DiagnosticsView.test.tsx(23,5): error TS7018: Object literal's property 'data' implicitly has an 'any[]' type.
src/renderer/views/advanced/DiagnosticsView.test.tsx(28,5): error TS7018: Object literal's property 'selectedItems' implicitly has an 'any[]' type.
src/renderer/views/advanced/DiagnosticsView.test.tsx(31,5): error TS7018: Object literal's property 'error' implicitly has an 'any' type.
src/renderer/views/advanced/DiagnosticsView.tsx(21,40): error TS2322: Type 'ForwardRefExoticComponent<Omit<LucideProps, "ref"> & RefAttributes<SVGSVGElement>>' is not assignable to type 'ReactNode'.
src/renderer/views/advanced/DisasterRecoveryView.test.tsx(23,5): error TS7018: Object literal's property 'data' implicitly has an 'any[]' type.
src/renderer/views/advanced/DisasterRecoveryView.test.tsx(28,5): error TS7018: Object literal's property 'selectedItems' implicitly has an 'any[]' type.
src/renderer/views/advanced/DisasterRecoveryView.test.tsx(31,5): error TS7018: Object literal's property 'error' implicitly has an 'any' type.
src/renderer/views/advanced/eDiscoveryView.test.tsx(8,10): error TS2724: '"./eDiscoveryView"' has no exported member named 'EDiscoveryView'. Did you mean 'eDiscoveryView'?
src/renderer/views/advanced/eDiscoveryView.test.tsx(23,5): error TS7018: Object literal's property 'data' implicitly has an 'any[]' type.
src/renderer/views/advanced/eDiscoveryView.test.tsx(28,5): error TS7018: Object literal's property 'selectedItems' implicitly has an 'any[]' type.
src/renderer/views/advanced/eDiscoveryView.test.tsx(31,5): error TS7018: Object literal's property 'error' implicitly has an 'any' type.
src/renderer/views/advanced/EndpointProtectionView.test.tsx(23,5): error TS7018: Object literal's property 'data' implicitly has an 'any[]' type.
src/renderer/views/advanced/EndpointProtectionView.test.tsx(28,5): error TS7018: Object literal's property 'selectedItems' implicitly has an 'any[]' type.
src/renderer/views/advanced/EndpointProtectionView.test.tsx(31,5): error TS7018: Object literal's property 'error' implicitly has an 'any' type.
src/renderer/views/advanced/HardwareRefreshPlanningView.test.tsx(23,5): error TS7018: Object literal's property 'data' implicitly has an 'any[]' type.
src/renderer/views/advanced/HardwareRefreshPlanningView.test.tsx(28,5): error TS7018: Object literal's property 'selectedItems' implicitly has an 'any[]' type.
src/renderer/views/advanced/HardwareRefreshPlanningView.test.tsx(31,5): error TS7018: Object literal's property 'error' implicitly has an 'any' type.
src/renderer/views/advanced/HealthMonitoringView.test.tsx(23,5): error TS7018: Object literal's property 'data' implicitly has an 'any[]' type.
src/renderer/views/advanced/HealthMonitoringView.test.tsx(28,5): error TS7018: Object literal's property 'selectedItems' implicitly has an 'any[]' type.
src/renderer/views/advanced/HealthMonitoringView.test.tsx(31,5): error TS7018: Object literal's property 'error' implicitly has an 'any' type.
src/renderer/views/advanced/HealthMonitoringView.tsx(21,40): error TS2322: Type 'ForwardRefExoticComponent<Omit<LucideProps, "ref"> & RefAttributes<SVGSVGElement>>' is not assignable to type 'ReactNode'.
src/renderer/views/advanced/HybridIdentityView.test.tsx(23,5): error TS7018: Object literal's property 'data' implicitly has an 'any[]' type.
src/renderer/views/advanced/HybridIdentityView.test.tsx(28,5): error TS7018: Object literal's property 'selectedItems' implicitly has an 'any[]' type.
src/renderer/views/advanced/HybridIdentityView.test.tsx(31,5): error TS7018: Object literal's property 'error' implicitly has an 'any' type.
src/renderer/views/advanced/IncidentResponseView.test.tsx(23,5): error TS7018: Object literal's property 'data' implicitly has an 'any[]' type.
src/renderer/views/advanced/IncidentResponseView.test.tsx(28,5): error TS7018: Object literal's property 'selectedItems' implicitly has an 'any[]' type.
src/renderer/views/advanced/IncidentResponseView.test.tsx(31,5): error TS7018: Object literal's property 'error' implicitly has an 'any' type.
src/renderer/views/advanced/KnowledgeBaseView.test.tsx(23,5): error TS7018: Object literal's property 'data' implicitly has an 'any[]' type.
src/renderer/views/advanced/KnowledgeBaseView.test.tsx(28,5): error TS7018: Object literal's property 'selectedItems' implicitly has an 'any[]' type.
src/renderer/views/advanced/KnowledgeBaseView.test.tsx(31,5): error TS7018: Object literal's property 'error' implicitly has an 'any' type.
src/renderer/views/advanced/LicenseOptimizationView.test.tsx(23,5): error TS7018: Object literal's property 'data' implicitly has an 'any[]' type.
src/renderer/views/advanced/LicenseOptimizationView.test.tsx(28,5): error TS7018: Object literal's property 'selectedItems' implicitly has an 'any[]' type.
src/renderer/views/advanced/LicenseOptimizationView.test.tsx(31,5): error TS7018: Object literal's property 'error' implicitly has an 'any' type.
src/renderer/views/advanced/MFAManagementView.test.tsx(23,5): error TS7018: Object literal's property 'data' implicitly has an 'any[]' type.
src/renderer/views/advanced/MFAManagementView.test.tsx(28,5): error TS7018: Object literal's property 'selectedItems' implicitly has an 'any[]' type.
src/renderer/views/advanced/MFAManagementView.test.tsx(31,5): error TS7018: Object literal's property 'error' implicitly has an 'any' type.
src/renderer/views/advanced/NotificationRulesView.test.tsx(23,5): error TS7018: Object literal's property 'data' implicitly has an 'any[]' type.
src/renderer/views/advanced/NotificationRulesView.test.tsx(28,5): error TS7018: Object literal's property 'selectedItems' implicitly has an 'any[]' type.
src/renderer/views/advanced/NotificationRulesView.test.tsx(31,5): error TS7018: Object literal's property 'error' implicitly has an 'any' type.
src/renderer/views/advanced/NotificationRulesView.tsx(21,40): error TS2322: Type 'ForwardRefExoticComponent<Omit<LucideProps, "ref"> & RefAttributes<SVGSVGElement>>' is not assignable to type 'ReactNode'.
src/renderer/views/advanced/PerformanceDashboardView.test.tsx(23,5): error TS7018: Object literal's property 'data' implicitly has an 'any[]' type.
src/renderer/views/advanced/PerformanceDashboardView.test.tsx(28,5): error TS7018: Object literal's property 'selectedItems' implicitly has an 'any[]' type.
src/renderer/views/advanced/PerformanceDashboardView.test.tsx(31,5): error TS7018: Object literal's property 'error' implicitly has an 'any' type.
src/renderer/views/advanced/PerformanceDashboardView.tsx(21,40): error TS2322: Type 'ForwardRefExoticComponent<Omit<LucideProps, "ref"> & RefAttributes<SVGSVGElement>>' is not assignable to type 'ReactNode'.
src/renderer/views/advanced/PrivilegedAccessView.test.tsx(23,5): error TS7018: Object literal's property 'data' implicitly has an 'any[]' type.
src/renderer/views/advanced/PrivilegedAccessView.test.tsx(28,5): error TS7018: Object literal's property 'selectedItems' implicitly has an 'any[]' type.
src/renderer/views/advanced/PrivilegedAccessView.test.tsx(31,5): error TS7018: Object literal's property 'error' implicitly has an 'any' type.
src/renderer/views/advanced/ResourceOptimizationView.test.tsx(23,5): error TS7018: Object literal's property 'data' implicitly has an 'any[]' type.
src/renderer/views/advanced/ResourceOptimizationView.test.tsx(28,5): error TS7018: Object literal's property 'selectedItems' implicitly has an 'any[]' type.
src/renderer/views/advanced/ResourceOptimizationView.test.tsx(31,5): error TS7018: Object literal's property 'error' implicitly has an 'any' type.
src/renderer/views/advanced/RetentionPolicyView.test.tsx(23,5): error TS7018: Object literal's property 'data' implicitly has an 'any[]' type.
src/renderer/views/advanced/RetentionPolicyView.test.tsx(28,5): error TS7018: Object literal's property 'selectedItems' implicitly has an 'any[]' type.
src/renderer/views/advanced/RetentionPolicyView.test.tsx(31,5): error TS7018: Object literal's property 'error' implicitly has an 'any' type.
src/renderer/views/advanced/ScriptLibraryView.test.tsx(23,5): error TS7018: Object literal's property 'data' implicitly has an 'any[]' type.
src/renderer/views/advanced/ScriptLibraryView.test.tsx(28,5): error TS7018: Object literal's property 'selectedItems' implicitly has an 'any[]' type.
src/renderer/views/advanced/ScriptLibraryView.test.tsx(31,5): error TS7018: Object literal's property 'error' implicitly has an 'any' type.
src/renderer/views/advanced/ScriptLibraryView.tsx(23,50): error TS2322: Type 'ForwardRefExoticComponent<Omit<LucideProps, "ref"> & RefAttributes<SVGSVGElement>>' is not assignable to type 'ReactNode'.
src/renderer/views/advanced/ScriptLibraryView.tsx(24,52): error TS2322: Type 'ForwardRefExoticComponent<Omit<LucideProps, "ref"> & RefAttributes<SVGSVGElement>>' is not assignable to type 'ReactNode'.
src/renderer/views/advanced/ScriptLibraryView.tsx(36,40): error TS2322: Type 'ForwardRefExoticComponent<Omit<LucideProps, "ref"> & RefAttributes<SVGSVGElement>>' is not assignable to type 'ReactNode'.
src/renderer/views/advanced/ScriptLibraryView.tsx(40,48): error TS2322: Type '{ placeholder: string; icon: ForwardRefExoticComponent<Omit<LucideProps, "ref"> & RefAttributes<SVGSVGElement>>; className: string; }' is not assignable to type 'IntrinsicAttributes & InputProps & RefAttributes<HTMLInputElement>'.
  Property 'icon' does not exist on type 'IntrinsicAttributes & InputProps & RefAttributes<HTMLInputElement>'.
src/renderer/views/advanced/SecurityPostureView.test.tsx(23,5): error TS7018: Object literal's property 'data' implicitly has an 'any[]' type.
src/renderer/views/advanced/SecurityPostureView.test.tsx(28,5): error TS7018: Object literal's property 'selectedItems' implicitly has an 'any[]' type.
src/renderer/views/advanced/SecurityPostureView.test.tsx(31,5): error TS7018: Object literal's property 'error' implicitly has an 'any' type.
src/renderer/views/advanced/ServiceCatalogView.test.tsx(23,5): error TS7018: Object literal's property 'data' implicitly has an 'any[]' type.
src/renderer/views/advanced/ServiceCatalogView.test.tsx(28,5): error TS7018: Object literal's property 'selectedItems' implicitly has an 'any[]' type.
src/renderer/views/advanced/ServiceCatalogView.test.tsx(31,5): error TS7018: Object literal's property 'error' implicitly has an 'any' type.
src/renderer/views/advanced/SoftwareLicenseComplianceView.test.tsx(23,5): error TS7018: Object literal's property 'data' implicitly has an 'any[]' type.
src/renderer/views/advanced/SoftwareLicenseComplianceView.test.tsx(28,5): error TS7018: Object literal's property 'selectedItems' implicitly has an 'any[]' type.
src/renderer/views/advanced/SoftwareLicenseComplianceView.test.tsx(31,5): error TS7018: Object literal's property 'error' implicitly has an 'any' type.
src/renderer/views/advanced/SSOConfigurationView.test.tsx(23,5): error TS7018: Object literal's property 'data' implicitly has an 'any[]' type.
src/renderer/views/advanced/SSOConfigurationView.test.tsx(28,5): error TS7018: Object literal's property 'selectedItems' implicitly has an 'any[]' type.
src/renderer/views/advanced/SSOConfigurationView.test.tsx(31,5): error TS7018: Object literal's property 'error' implicitly has an 'any' type.
src/renderer/views/advanced/TagManagementView.test.tsx(23,5): error TS7018: Object literal's property 'data' implicitly has an 'any[]' type.
src/renderer/views/advanced/TagManagementView.test.tsx(28,5): error TS7018: Object literal's property 'selectedItems' implicitly has an 'any[]' type.
src/renderer/views/advanced/TagManagementView.test.tsx(31,5): error TS7018: Object literal's property 'error' implicitly has an 'any' type.
src/renderer/views/advanced/TagManagementView.tsx(21,40): error TS2322: Type 'ForwardRefExoticComponent<Omit<LucideProps, "ref"> & RefAttributes<SVGSVGElement>>' is not assignable to type 'ReactNode'.
src/renderer/views/advanced/TicketingSystemView.test.tsx(23,5): error TS7018: Object literal's property 'data' implicitly has an 'any[]' type.
src/renderer/views/advanced/TicketingSystemView.test.tsx(28,5): error TS7018: Object literal's property 'selectedItems' implicitly has an 'any[]' type.
src/renderer/views/advanced/TicketingSystemView.test.tsx(31,5): error TS7018: Object literal's property 'error' implicitly has an 'any' type.
src/renderer/views/advanced/WebhooksView.test.tsx(23,5): error TS7018: Object literal's property 'data' implicitly has an 'any[]' type.
src/renderer/views/advanced/WebhooksView.test.tsx(28,5): error TS7018: Object literal's property 'selectedItems' implicitly has an 'any[]' type.
src/renderer/views/advanced/WebhooksView.test.tsx(31,5): error TS7018: Object literal's property 'error' implicitly has an 'any' type.
src/renderer/views/advanced/WebhooksView.tsx(21,40): error TS2322: Type 'ForwardRefExoticComponent<Omit<LucideProps, "ref"> & RefAttributes<SVGSVGElement>>' is not assignable to type 'ReactNode'.
src/renderer/views/advanced/WorkflowAutomationView.test.tsx(23,5): error TS7018: Object literal's property 'data' implicitly has an 'any[]' type.
src/renderer/views/advanced/WorkflowAutomationView.test.tsx(28,5): error TS7018: Object literal's property 'selectedItems' implicitly has an 'any[]' type.
src/renderer/views/advanced/WorkflowAutomationView.test.tsx(31,5): error TS7018: Object literal's property 'error' implicitly has an 'any' type.
src/renderer/views/advanced/WorkflowAutomationView.tsx(21,40): error TS2322: Type 'ForwardRefExoticComponent<Omit<LucideProps, "ref"> & RefAttributes<SVGSVGElement>>' is not assignable to type 'ReactNode'.
src/renderer/views/analytics/ApplicationUsageView.tsx(19,28): error TS2307: Cannot find module '../../components/atoms/LoadingSpinner' or its corresponding type declarations.
src/renderer/views/analytics/ApplicationUsageView.tsx(134,12): error TS2322: Type '{ children: (Element | Element[])[]; value: string; onChange: (value: string) => void; className: string; }' is not assignable to type 'IntrinsicAttributes & SelectProps'.
  Property 'children' does not exist on type 'IntrinsicAttributes & SelectProps'.
src/renderer/views/analytics/ApplicationUsageView.tsx(144,12): error TS2322: Type '{ children: Element[]; value: "userCount" | "utilizationRate" | "totalCost"; onChange: (value: string) => void; className: string; }' is not assignable to type 'IntrinsicAttributes & SelectProps'.
  Property 'children' does not exist on type 'IntrinsicAttributes & SelectProps'.
src/renderer/views/analytics/ApplicationUsageView.tsx(243,17): error TS2322: Type 'CategoryDistribution[]' is not assignable to type 'ChartDataInput[]'.
  Type 'CategoryDistribution' is not assignable to type 'ChartDataInput'.
    Index signature for type 'string' is missing in type 'CategoryDistribution'.
src/renderer/views/analytics/BenchmarkingView.test.tsx(29,5): error TS7018: Object literal's property 'data' implicitly has an 'any' type.
src/renderer/views/analytics/BenchmarkingView.test.tsx(30,5): error TS7018: Object literal's property 'chartData' implicitly has an 'any[]' type.
src/renderer/views/analytics/BenchmarkingView.test.tsx(31,5): error TS7018: Object literal's property 'kpis' implicitly has an 'any[]' type.
src/renderer/views/analytics/BenchmarkingView.test.tsx(34,5): error TS7018: Object literal's property 'error' implicitly has an 'any' type.
src/renderer/views/analytics/BenchmarkingView.test.tsx(114,15): error TS2339: Property 'container' does not exist on type 'HTMLElement'.
src/renderer/views/analytics/CostAnalysisView.test.tsx(29,5): error TS7018: Object literal's property 'data' implicitly has an 'any' type.
src/renderer/views/analytics/CostAnalysisView.test.tsx(30,5): error TS7018: Object literal's property 'chartData' implicitly has an 'any[]' type.
src/renderer/views/analytics/CostAnalysisView.test.tsx(31,5): error TS7018: Object literal's property 'kpis' implicitly has an 'any[]' type.
src/renderer/views/analytics/CostAnalysisView.test.tsx(34,5): error TS7018: Object literal's property 'error' implicitly has an 'any' type.
src/renderer/views/analytics/CostAnalysisView.test.tsx(114,15): error TS2339: Property 'container' does not exist on type 'HTMLElement'.
src/renderer/views/analytics/CostAnalysisView.tsx(8,38): error TS2307: Cannot find module '../../hooks/useCostAnalysisLogic' or its corresponding type declarations.
src/renderer/views/analytics/CustomReportBuilderView.test.tsx(8,10): error TS2614: Module '"./CustomReportBuilderView"' has no exported member 'CustomReportBuilderView'. Did you mean to use 'import CustomReportBuilderView from "./CustomReportBuilderView"' instead?
src/renderer/views/analytics/CustomReportBuilderView.test.tsx(29,5): error TS7018: Object literal's property 'data' implicitly has an 'any' type.
src/renderer/views/analytics/CustomReportBuilderView.test.tsx(30,5): error TS7018: Object literal's property 'chartData' implicitly has an 'any[]' type.
src/renderer/views/analytics/CustomReportBuilderView.test.tsx(31,5): error TS7018: Object literal's property 'kpis' implicitly has an 'any[]' type.
src/renderer/views/analytics/CustomReportBuilderView.test.tsx(34,5): error TS7018: Object literal's property 'error' implicitly has an 'any' type.
src/renderer/views/analytics/CustomReportBuilderView.test.tsx(114,15): error TS2339: Property 'container' does not exist on type 'HTMLElement'.
src/renderer/views/analytics/CustomReportBuilderView.tsx(264,75): error TS2322: Type 'ChangeEvent<HTMLInputElement>' is not assignable to type 'string'.
src/renderer/views/analytics/CustomReportBuilderView.tsx(269,75): error TS2322: Type 'ChangeEvent<HTMLInputElement>' is not assignable to type 'string'.
src/renderer/views/analytics/CustomReportBuilderView.tsx(271,18): error TS2322: Type '{ children: Element[]; label: string; value: string; onChange: (value: string) => void; }' is not assignable to type 'IntrinsicAttributes & SelectProps'.
  Property 'children' does not exist on type 'IntrinsicAttributes & SelectProps'.
src/renderer/views/analytics/CustomReportBuilderView.tsx(349,26): error TS2322: Type '{ children: Element[]; label: string; value: string; onChange: (value: string) => void; size: string; }' is not assignable to type 'IntrinsicAttributes & SelectProps'.
  Property 'children' does not exist on type 'IntrinsicAttributes & SelectProps'.
src/renderer/views/analytics/CustomReportBuilderView.tsx(361,26): error TS2322: Type '{ children: Element[]; label: string; value: "equals" | "contains" | "starts_with" | "greater_than" | "less_than"; onChange: (value: string) => void; size: string; }' is not assignable to type 'IntrinsicAttributes & SelectProps'.
  Property 'children' does not exist on type 'IntrinsicAttributes & SelectProps'.
src/renderer/views/analytics/CustomReportBuilderView.tsx(378,80): error TS2322: Type 'ChangeEvent<HTMLInputElement>' is not assignable to type 'string'.
src/renderer/views/analytics/CustomReportBuilderView.tsx(379,27): error TS2322: Type 'string' is not assignable to type 'number'.
src/renderer/views/analytics/CustomReportBuilderView.tsx(395,18): error TS2322: Type '{ children: (Element | Element[])[]; label: string; value: string; onChange: (value: string) => void; }' is not assignable to type 'IntrinsicAttributes & SelectProps'.
  Property 'children' does not exist on type 'IntrinsicAttributes & SelectProps'.
src/renderer/views/analytics/CustomReportBuilderView.tsx(411,20): error TS2322: Type '{ children: (Element | Element[])[]; label: string; value: string; onChange: (value: string) => void; }' is not assignable to type 'IntrinsicAttributes & SelectProps'.
  Property 'children' does not exist on type 'IntrinsicAttributes & SelectProps'.
src/renderer/views/analytics/CustomReportBuilderView.tsx(426,20): error TS2322: Type '{ children: Element[]; label: string; value: "asc" | "desc"; onChange: (value: string) => void; }' is not assignable to type 'IntrinsicAttributes & SelectProps'.
  Property 'children' does not exist on type 'IntrinsicAttributes & SelectProps'.
src/renderer/views/analytics/DataVisualizationView.test.tsx(8,10): error TS2614: Module '"./DataVisualizationView"' has no exported member 'DataVisualizationView'. Did you mean to use 'import DataVisualizationView from "./DataVisualizationView"' instead?
src/renderer/views/analytics/DataVisualizationView.test.tsx(29,5): error TS7018: Object literal's property 'data' implicitly has an 'any' type.
src/renderer/views/analytics/DataVisualizationView.test.tsx(30,5): error TS7018: Object literal's property 'chartData' implicitly has an 'any[]' type.
src/renderer/views/analytics/DataVisualizationView.test.tsx(31,5): error TS7018: Object literal's property 'kpis' implicitly has an 'any[]' type.
src/renderer/views/analytics/DataVisualizationView.test.tsx(34,5): error TS7018: Object literal's property 'error' implicitly has an 'any' type.
src/renderer/views/analytics/DataVisualizationView.test.tsx(114,15): error TS2339: Property 'container' does not exist on type 'HTMLElement'.
src/renderer/views/analytics/DataVisualizationView.tsx(319,16): error TS2345: Argument of type '{ message: string; }' is not assignable to parameter of type 'string'.
src/renderer/views/analytics/DataVisualizationView.tsx(321,17): error TS2345: Argument of type '{ message: string; }' is not assignable to parameter of type 'string'.
src/renderer/views/analytics/DataVisualizationView.tsx(336,19): error TS2345: Argument of type '{ message: string; }' is not assignable to parameter of type 'string'.
src/renderer/views/analytics/DataVisualizationView.tsx(352,19): error TS2345: Argument of type '{ message: string; }' is not assignable to parameter of type 'string'.
src/renderer/views/analytics/DataVisualizationView.tsx(707,14): error TS2322: Type '{ children: Element[]; label: string; value: DataSource; onChange: (value: string) => void; "data-cy": string; }' is not assignable to type 'IntrinsicAttributes & SelectProps'.
  Property 'children' does not exist on type 'IntrinsicAttributes & SelectProps'.
src/renderer/views/analytics/DataVisualizationView.tsx(723,14): error TS2322: Type '{ children: Element[]; label: string; value: ChartType; onChange: (value: string) => void; "data-cy": string; }' is not assignable to type 'IntrinsicAttributes & SelectProps'.
  Property 'children' does not exist on type 'IntrinsicAttributes & SelectProps'.
src/renderer/views/analytics/DataVisualizationView.tsx(742,16): error TS2322: Type '{ children: Element[]; label: string; value: string; onChange: (value: string) => void; "data-cy": string; }' is not assignable to type 'IntrinsicAttributes & SelectProps'.
  Property 'children' does not exist on type 'IntrinsicAttributes & SelectProps'.
src/renderer/views/analytics/DataVisualizationView.tsx(759,14): error TS2322: Type '{ children: (Element | Element[])[]; label: string; value: string; onChange: (value: string) => void; "data-cy": string; }' is not assignable to type 'IntrinsicAttributes & SelectProps'.
  Property 'children' does not exist on type 'IntrinsicAttributes & SelectProps'.
src/renderer/views/analytics/DataVisualizationView.tsx(762,25): error TS2300: Duplicate identifier 'value'.
src/renderer/views/analytics/DataVisualizationView.tsx(763,23): error TS2300: Duplicate identifier 'value'.
src/renderer/views/analytics/DataVisualizationView.tsx(782,14): error TS2322: Type '{ children: Element[]; label: string; value: "custom" | "month" | "week" | "year" | "quarter" | "today"; onChange: (value: string) => void; "data-cy": string; }' is not assignable to type 'IntrinsicAttributes & SelectProps'.
  Property 'children' does not exist on type 'IntrinsicAttributes & SelectProps'.
src/renderer/views/analytics/DataVisualizationView.tsx(798,14): error TS2322: Type '{ children: Element[]; label: string; value: "default" | "pastel" | "vibrant" | "professional" | "monochrome"; onChange: (value: string) => void; "data-cy": string; }' is not assignable to type 'IntrinsicAttributes & SelectProps'.
  Property 'children' does not exist on type 'IntrinsicAttributes & SelectProps'.
src/renderer/views/analytics/ExecutiveDashboardView.test.tsx(8,10): error TS2614: Module '"./ExecutiveDashboardView"' has no exported member 'ExecutiveDashboardView'. Did you mean to use 'import ExecutiveDashboardView from "./ExecutiveDashboardView"' instead?
src/renderer/views/analytics/ExecutiveDashboardView.test.tsx(29,5): error TS7018: Object literal's property 'data' implicitly has an 'any' type.
src/renderer/views/analytics/ExecutiveDashboardView.test.tsx(30,5): error TS7018: Object literal's property 'chartData' implicitly has an 'any[]' type.
src/renderer/views/analytics/ExecutiveDashboardView.test.tsx(31,5): error TS7018: Object literal's property 'kpis' implicitly has an 'any[]' type.
src/renderer/views/analytics/ExecutiveDashboardView.test.tsx(34,5): error TS7018: Object literal's property 'error' implicitly has an 'any' type.
src/renderer/views/analytics/ExecutiveDashboardView.test.tsx(114,15): error TS2339: Property 'container' does not exist on type 'HTMLElement'.
src/renderer/views/analytics/ExecutiveDashboardView.tsx(295,19): error TS2322: Type 'MigrationStatusData[]' is not assignable to type 'ChartDataInput[]'.
  Type 'MigrationStatusData' is not assignable to type 'ChartDataInput'.
    Index signature for type 'string' is missing in type 'MigrationStatusData'.
src/renderer/views/analytics/GroupAnalyticsView.tsx(19,28): error TS2307: Cannot find module '../../components/atoms/LoadingSpinner' or its corresponding type declarations.
src/renderer/views/analytics/GroupAnalyticsView.tsx(115,12): error TS2322: Type '{ children: (Element | Element[])[]; value: string; onChange: (value: string) => void; className: string; }' is not assignable to type 'IntrinsicAttributes & SelectProps'.
  Property 'children' does not exist on type 'IntrinsicAttributes & SelectProps'.
src/renderer/views/analytics/GroupAnalyticsView.tsx(209,17): error TS2322: Type 'GroupTypeData[]' is not assignable to type 'ChartDataInput[]'.
  Type 'GroupTypeData' is not assignable to type 'ChartDataInput'.
    Index signature for type 'string' is missing in type 'GroupTypeData'.
src/renderer/views/analytics/index.ts(2,10): error TS2614: Module '"./ExecutiveDashboardView"' has no exported member 'ExecutiveDashboardView'. Did you mean to use 'import ExecutiveDashboardView from "./ExecutiveDashboardView"' instead?
src/renderer/views/analytics/index.ts(3,10): error TS2614: Module '"./UserAnalyticsView"' has no exported member 'UserAnalyticsView'. Did you mean to use 'import UserAnalyticsView from "./UserAnalyticsView"' instead?
src/renderer/views/analytics/index.ts(4,10): error TS2614: Module '"./MigrationReportView"' has no exported member 'MigrationReportView'. Did you mean to use 'import MigrationReportView from "./MigrationReportView"' instead?
src/renderer/views/analytics/index.ts(6,10): error TS2614: Module '"./CustomReportBuilderView"' has no exported member 'CustomReportBuilderView'. Did you mean to use 'import CustomReportBuilderView from "./CustomReportBuilderView"' instead?
src/renderer/views/analytics/index.ts(7,10): error TS2614: Module '"./ScheduledReportsView"' has no exported member 'ScheduledReportsView'. Did you mean to use 'import ScheduledReportsView from "./ScheduledReportsView"' instead?
src/renderer/views/analytics/index.ts(8,10): error TS2614: Module '"./ReportTemplatesView"' has no exported member 'ReportTemplatesView'. Did you mean to use 'import ReportTemplatesView from "./ReportTemplatesView"' instead?
src/renderer/views/analytics/index.ts(9,10): error TS2614: Module '"./DataVisualizationView"' has no exported member 'DataVisualizationView'. Did you mean to use 'import DataVisualizationView from "./DataVisualizationView"' instead?
src/renderer/views/analytics/MigrationReportView.test.tsx(8,10): error TS2614: Module '"./MigrationReportView"' has no exported member 'MigrationReportView'. Did you mean to use 'import MigrationReportView from "./MigrationReportView"' instead?
src/renderer/views/analytics/MigrationReportView.test.tsx(29,5): error TS7018: Object literal's property 'data' implicitly has an 'any' type.
src/renderer/views/analytics/MigrationReportView.test.tsx(30,5): error TS7018: Object literal's property 'chartData' implicitly has an 'any[]' type.
src/renderer/views/analytics/MigrationReportView.test.tsx(31,5): error TS7018: Object literal's property 'kpis' implicitly has an 'any[]' type.
src/renderer/views/analytics/MigrationReportView.test.tsx(34,5): error TS7018: Object literal's property 'error' implicitly has an 'any' type.
src/renderer/views/analytics/MigrationReportView.test.tsx(114,15): error TS2339: Property 'container' does not exist on type 'HTMLElement'.
src/renderer/views/analytics/MigrationReportView.tsx(249,14): error TS2322: Type '{ children: (Element | Element[])[]; value: string; onChange: (value: string) => void; className: string; "data-cy": string; }' is not assignable to type 'IntrinsicAttributes & SelectProps'.
  Property 'children' does not exist on type 'IntrinsicAttributes & SelectProps'.
src/renderer/views/analytics/MigrationReportView.tsx(372,19): error TS2322: Type 'ErrorBreakdownData[]' is not assignable to type 'ChartDataInput[]'.
  Type 'ErrorBreakdownData' is not assignable to type 'ChartDataInput'.
    Index signature for type 'string' is missing in type 'ErrorBreakdownData'.
src/renderer/views/analytics/PerformanceMetricsView.tsx(18,28): error TS2307: Cannot find module '../../components/atoms/LoadingSpinner' or its corresponding type declarations.
src/renderer/views/analytics/ReportTemplatesView.test.tsx(8,10): error TS2614: Module '"./ReportTemplatesView"' has no exported member 'ReportTemplatesView'. Did you mean to use 'import ReportTemplatesView from "./ReportTemplatesView"' instead?
src/renderer/views/analytics/ReportTemplatesView.test.tsx(29,5): error TS7018: Object literal's property 'data' implicitly has an 'any' type.
src/renderer/views/analytics/ReportTemplatesView.test.tsx(30,5): error TS7018: Object literal's property 'chartData' implicitly has an 'any[]' type.
src/renderer/views/analytics/ReportTemplatesView.test.tsx(31,5): error TS7018: Object literal's property 'kpis' implicitly has an 'any[]' type.
src/renderer/views/analytics/ReportTemplatesView.test.tsx(34,5): error TS7018: Object literal's property 'error' implicitly has an 'any' type.
src/renderer/views/analytics/ReportTemplatesView.test.tsx(114,15): error TS2339: Property 'container' does not exist on type 'HTMLElement'.
src/renderer/views/analytics/ReportTemplatesView.tsx(131,23): error TS2345: Argument of type '{ type: "error"; message: string; }' is not assignable to parameter of type 'Omit<Notification, "id" | "timestamp" | "read">'.
  Type '{ type: "error"; message: string; }' is missing the following properties from type 'Omit<Notification, "id" | "timestamp" | "read">': priority, pinned
src/renderer/views/analytics/ReportTemplatesView.tsx(241,23): error TS2345: Argument of type '{ type: "success"; message: string; }' is not assignable to parameter of type 'Omit<Notification, "id" | "timestamp" | "read">'.
  Type '{ type: "success"; message: string; }' is missing the following properties from type 'Omit<Notification, "id" | "timestamp" | "read">': priority, pinned
src/renderer/views/analytics/ReportTemplatesView.tsx(250,23): error TS2345: Argument of type '{ type: "success"; message: string; }' is not assignable to parameter of type 'Omit<Notification, "id" | "timestamp" | "read">'.
  Type '{ type: "success"; message: string; }' is missing the following properties from type 'Omit<Notification, "id" | "timestamp" | "read">': priority, pinned
src/renderer/views/analytics/ReportTemplatesView.tsx(269,23): error TS2345: Argument of type '{ type: "success"; message: string; }' is not assignable to parameter of type 'Omit<Notification, "id" | "timestamp" | "read">'.
  Type '{ type: "success"; message: string; }' is missing the following properties from type 'Omit<Notification, "id" | "timestamp" | "read">': priority, pinned
src/renderer/views/analytics/ReportTemplatesView.tsx(285,23): error TS2345: Argument of type '{ type: "success"; message: string; }' is not assignable to parameter of type 'Omit<Notification, "id" | "timestamp" | "read">'.
  Type '{ type: "success"; message: string; }' is missing the following properties from type 'Omit<Notification, "id" | "timestamp" | "read">': priority, pinned
src/renderer/views/analytics/ReportTemplatesView.tsx(295,23): error TS2345: Argument of type '{ type: "success"; message: string; }' is not assignable to parameter of type 'Omit<Notification, "id" | "timestamp" | "read">'.
  Type '{ type: "success"; message: string; }' is missing the following properties from type 'Omit<Notification, "id" | "timestamp" | "read">': priority, pinned
src/renderer/views/analytics/ReportTemplatesView.tsx(299,23): error TS2345: Argument of type '{ type: "success"; message: string; }' is not assignable to parameter of type 'Omit<Notification, "id" | "timestamp" | "read">'.
  Type '{ type: "success"; message: string; }' is missing the following properties from type 'Omit<Notification, "id" | "timestamp" | "read">': priority, pinned
src/renderer/views/analytics/ReportTemplatesView.tsx(356,48): error TS2345: Argument of type 'ChangeEvent<HTMLInputElement>' is not assignable to parameter of type 'SetStateAction<string>'.
src/renderer/views/analytics/ReportTemplatesView.tsx(357,15): error TS2322: Type '{ type: "text"; placeholder: string; value: string; onChange: (value: ChangeEvent<HTMLInputElement>) => void; icon: Element; }' is not assignable to type 'IntrinsicAttributes & InputProps & RefAttributes<HTMLInputElement>'.
  Property 'icon' does not exist on type 'IntrinsicAttributes & InputProps & RefAttributes<HTMLInputElement>'.
src/renderer/views/analytics/ReportTemplatesView.tsx(361,14): error TS2322: Type '{ children: Element[]; label: string; value: string; onChange: (value: string) => void; }' is not assignable to type 'IntrinsicAttributes & SelectProps'.
  Property 'children' does not exist on type 'IntrinsicAttributes & SelectProps'.
src/renderer/views/analytics/ReportTemplatesView.tsx(404,11): error TS2322: Type '{ data: ReportTemplate[]; columns: ColDef<any, any>[]; loading: boolean; onCellClicked: (event: any) => void; }' is not assignable to type 'IntrinsicAttributes & VirtualizedDataGridProps<ReportTemplate>'.
  Property 'onCellClicked' does not exist on type 'IntrinsicAttributes & VirtualizedDataGridProps<ReportTemplate>'.
src/renderer/views/analytics/ReportTemplatesView.tsx(450,108): error TS2322: Type 'ChangeEvent<HTMLInputElement>' is not assignable to type 'string'.
src/renderer/views/analytics/ReportTemplatesView.tsx(455,59): error TS2322: Type 'ChangeEvent<HTMLInputElement>' is not assignable to type 'string'.
src/renderer/views/analytics/ReportTemplatesView.tsx(460,14): error TS2322: Type '{ children: Element[]; label: string; value: string; onChange: (value: string) => void; required: true; }' is not assignable to type 'IntrinsicAttributes & SelectProps'.
  Property 'children' does not exist on type 'IntrinsicAttributes & SelectProps'.
src/renderer/views/analytics/ReportTemplatesView.tsx(468,14): error TS2322: Type '{ children: Element[]; label: string; value: string; onChange: (value: string) => void; required: true; }' is not assignable to type 'IntrinsicAttributes & SelectProps'.
  Property 'children' does not exist on type 'IntrinsicAttributes & SelectProps'.
src/renderer/views/analytics/ReportTemplatesView.tsx(485,71): error TS2339: Property 'split' does not exist on type 'ChangeEvent<HTMLInputElement>'.
src/renderer/views/analytics/ReportTemplatesView.tsx(485,86): error TS7006: Parameter 's' implicitly has an 'any' type.
src/renderer/views/analytics/ScheduledReportsView.test.tsx(8,10): error TS2614: Module '"./ScheduledReportsView"' has no exported member 'ScheduledReportsView'. Did you mean to use 'import ScheduledReportsView from "./ScheduledReportsView"' instead?
src/renderer/views/analytics/ScheduledReportsView.test.tsx(29,5): error TS7018: Object literal's property 'data' implicitly has an 'any' type.
src/renderer/views/analytics/ScheduledReportsView.test.tsx(30,5): error TS7018: Object literal's property 'chartData' implicitly has an 'any[]' type.
src/renderer/views/analytics/ScheduledReportsView.test.tsx(31,5): error TS7018: Object literal's property 'kpis' implicitly has an 'any[]' type.
src/renderer/views/analytics/ScheduledReportsView.test.tsx(34,5): error TS7018: Object literal's property 'error' implicitly has an 'any' type.
src/renderer/views/analytics/ScheduledReportsView.test.tsx(114,15): error TS2339: Property 'container' does not exist on type 'HTMLElement'.
src/renderer/views/analytics/TrendAnalysisView.test.tsx(29,5): error TS7018: Object literal's property 'data' implicitly has an 'any' type.
src/renderer/views/analytics/TrendAnalysisView.test.tsx(30,5): error TS7018: Object literal's property 'chartData' implicitly has an 'any[]' type.
src/renderer/views/analytics/TrendAnalysisView.test.tsx(31,5): error TS7018: Object literal's property 'kpis' implicitly has an 'any[]' type.
src/renderer/views/analytics/TrendAnalysisView.test.tsx(34,5): error TS7018: Object literal's property 'error' implicitly has an 'any' type.
src/renderer/views/analytics/TrendAnalysisView.test.tsx(114,15): error TS2339: Property 'container' does not exist on type 'HTMLElement'.
src/renderer/views/analytics/TrendAnalysisView.tsx(18,28): error TS2307: Cannot find module '../../components/atoms/LoadingSpinner' or its corresponding type declarations.
src/renderer/views/analytics/TrendAnalysisView.tsx(152,12): error TS2322: Type '{ children: Element[]; value: MetricType; onChange: (value: string) => void; className: string; }' is not assignable to type 'IntrinsicAttributes & SelectProps'.
  Property 'children' does not exist on type 'IntrinsicAttributes & SelectProps'.
src/renderer/views/analytics/TrendAnalysisView.tsx(163,12): error TS2322: Type '{ children: Element[]; value: TimeRange; onChange: (value: string) => void; className: string; }' is not assignable to type 'IntrinsicAttributes & SelectProps'.
  Property 'children' does not exist on type 'IntrinsicAttributes & SelectProps'.
src/renderer/views/analytics/UserAnalyticsView.test.tsx(8,10): error TS2614: Module '"./UserAnalyticsView"' has no exported member 'UserAnalyticsView'. Did you mean to use 'import UserAnalyticsView from "./UserAnalyticsView"' instead?
src/renderer/views/analytics/UserAnalyticsView.test.tsx(29,5): error TS7018: Object literal's property 'data' implicitly has an 'any' type.
src/renderer/views/analytics/UserAnalyticsView.test.tsx(30,5): error TS7018: Object literal's property 'chartData' implicitly has an 'any[]' type.
src/renderer/views/analytics/UserAnalyticsView.test.tsx(31,5): error TS7018: Object literal's property 'kpis' implicitly has an 'any[]' type.
src/renderer/views/analytics/UserAnalyticsView.test.tsx(34,5): error TS7018: Object literal's property 'error' implicitly has an 'any' type.
src/renderer/views/analytics/UserAnalyticsView.test.tsx(114,15): error TS2339: Property 'container' does not exist on type 'HTMLElement'.
src/renderer/views/analytics/UserAnalyticsView.tsx(156,5): error TS2339: Property 'filteredLicenseUsage' does not exist on type '{ analyticsData: AnalyticsData; isLoading: boolean; error: string; dateRange: DateRange; setDateRange: Dispatch<SetStateAction<DateRange>>; ... 5 more ...; refreshData: () => Promise<...>; }'.
src/renderer/views/analytics/UserAnalyticsView.tsx(157,5): error TS2339: Property 'filteredDepartmentBreakdown' does not exist on type '{ analyticsData: AnalyticsData; isLoading: boolean; error: string; dateRange: DateRange; setDateRange: Dispatch<SetStateAction<DateRange>>; ... 5 more ...; refreshData: () => Promise<...>; }'.
src/renderer/views/analytics/UserAnalyticsView.tsx(161,5): error TS2339: Property 'handleExportPDF' does not exist on type '{ analyticsData: AnalyticsData; isLoading: boolean; error: string; dateRange: DateRange; setDateRange: Dispatch<SetStateAction<DateRange>>; ... 5 more ...; refreshData: () => Promise<...>; }'.
src/renderer/views/analytics/UserAnalyticsView.tsx(215,14): error TS2322: Type '{ children: Element[]; value: DateRange; onChange: (value: string) => void; className: string; "data-cy": string; }' is not assignable to type 'IntrinsicAttributes & SelectProps'.
  Property 'children' does not exist on type 'IntrinsicAttributes & SelectProps'.
src/renderer/views/analytics/UserAnalyticsView.tsx(228,14): error TS2322: Type '{ children: (Element | Element[])[]; value: string; onChange: (value: string) => void; className: string; "data-cy": string; }' is not assignable to type 'IntrinsicAttributes & SelectProps'.
  Property 'children' does not exist on type 'IntrinsicAttributes & SelectProps'.
src/renderer/views/analytics/UserAnalyticsView.tsx(236,25): error TS2322: Type '{ id: string; name: string; }' is not assignable to type 'Key'.
src/renderer/views/analytics/UserAnalyticsView.tsx(236,36): error TS2322: Type '{ id: string; name: string; }' is not assignable to type 'string | number | readonly string[]'.
src/renderer/views/analytics/UserAnalyticsView.tsx(237,19): error TS2322: Type '{ id: string; name: string; }' is not assignable to type 'ReactNode'.
src/renderer/views/analytics/UserAnalyticsView.tsx(316,42): error TS7006: Parameter 'license' implicitly has an 'any' type.
src/renderer/views/analytics/UserAnalyticsView.tsx(316,51): error TS7006: Parameter 'index' implicitly has an 'any' type.
src/renderer/views/analytics/UserAnalyticsView.tsx(352,53): error TS7006: Parameter 'entry' implicitly has an 'any' type.
src/renderer/views/analytics/UserAnalyticsView.tsx(352,60): error TS7006: Parameter 'index' implicitly has an 'any' type.
src/renderer/views/assets/AssetInventoryView.test.tsx(23,5): error TS7018: Object literal's property 'data' implicitly has an 'any[]' type.
src/renderer/views/assets/AssetInventoryView.test.tsx(24,5): error TS7018: Object literal's property 'assets' implicitly has an 'any[]' type.
src/renderer/views/assets/AssetInventoryView.test.tsx(28,5): error TS7018: Object literal's property 'selectedItems' implicitly has an 'any[]' type.
src/renderer/views/assets/AssetInventoryView.test.tsx(31,5): error TS7018: Object literal's property 'error' implicitly has an 'any' type.
src/renderer/views/assets/AssetInventoryView.tsx(18,5): error TS2339: Property 'stats' does not exist on type '{ assets: AssetData[]; statistics: AssetStatistics; isLoading: boolean; error: string; searchText: string; setSearchText: Dispatch<SetStateAction<string>>; ... 5 more ...; exportAssets: () => Promise<...>; }'.
src/renderer/views/assets/AssetInventoryView.tsx(21,5): error TS2339: Property 'selectedAssetType' does not exist on type '{ assets: AssetData[]; statistics: AssetStatistics; isLoading: boolean; error: string; searchText: string; setSearchText: Dispatch<SetStateAction<string>>; ... 5 more ...; exportAssets: () => Promise<...>; }'.
src/renderer/views/assets/AssetInventoryView.tsx(22,5): error TS2339: Property 'setSelectedAssetType' does not exist on type '{ assets: AssetData[]; statistics: AssetStatistics; isLoading: boolean; error: string; searchText: string; setSearchText: Dispatch<SetStateAction<string>>; ... 5 more ...; exportAssets: () => Promise<...>; }'.
src/renderer/views/assets/AssetInventoryView.tsx(23,5): error TS2339: Property 'handleExport' does not exist on type '{ assets: AssetData[]; statistics: AssetStatistics; isLoading: boolean; error: string; searchText: string; setSearchText: Dispatch<SetStateAction<string>>; ... 5 more ...; exportAssets: () => Promise<...>; }'.
src/renderer/views/assets/AssetInventoryView.tsx(24,5): error TS2339: Property 'handleRefresh' does not exist on type '{ assets: AssetData[]; statistics: AssetStatistics; isLoading: boolean; error: string; searchText: string; setSearchText: Dispatch<SetStateAction<string>>; ... 5 more ...; exportAssets: () => Promise<...>; }'.
src/renderer/views/assets/AssetInventoryView.tsx(25,5): error TS2339: Property 'columnDefs' does not exist on type '{ assets: AssetData[]; statistics: AssetStatistics; isLoading: boolean; error: string; searchText: string; setSearchText: Dispatch<SetStateAction<string>>; ... 5 more ...; exportAssets: () => Promise<...>; }'.
src/renderer/views/assets/AssetInventoryView.tsx(83,24): error TS2322: Type '"primary" | "secondary"' is not assignable to type '"warning" | "success" | "info" | "default" | "primary" | "danger"'.
  Type '"secondary"' is not assignable to type '"warning" | "success" | "info" | "default" | "primary" | "danger"'.
src/renderer/views/assets/AssetInventoryView.tsx(98,48): error TS2345: Argument of type 'ChangeEvent<HTMLInputElement>' is not assignable to parameter of type 'SetStateAction<string>'.
src/renderer/views/assets/ComputerInventoryView.test.tsx(8,10): error TS2614: Module '"./ComputerInventoryView"' has no exported member 'ComputerInventoryView'. Did you mean to use 'import ComputerInventoryView from "./ComputerInventoryView"' instead?
src/renderer/views/assets/ComputerInventoryView.test.tsx(23,5): error TS7018: Object literal's property 'data' implicitly has an 'any[]' type.
src/renderer/views/assets/ComputerInventoryView.test.tsx(24,5): error TS7018: Object literal's property 'assets' implicitly has an 'any[]' type.
src/renderer/views/assets/ComputerInventoryView.test.tsx(28,5): error TS7018: Object literal's property 'selectedItems' implicitly has an 'any[]' type.
src/renderer/views/assets/ComputerInventoryView.test.tsx(31,5): error TS7018: Object literal's property 'error' implicitly has an 'any' type.
src/renderer/views/assets/ComputerInventoryView.tsx(111,61): error TS2345: Argument of type 'ChangeEvent<HTMLInputElement>' is not assignable to parameter of type 'string'.
src/renderer/views/assets/ComputerInventoryView.tsx(114,12): error TS2322: Type '{ children: (Element | Element[])[]; value: string; onChange: (value: string) => void; "data-cy": string; }' is not assignable to type 'IntrinsicAttributes & SelectProps'.
  Property 'children' does not exist on type 'IntrinsicAttributes & SelectProps'.
src/renderer/views/assets/ComputerInventoryView.tsx(126,12): error TS2322: Type '{ children: (Element | Element[])[]; value: string; onChange: (value: string) => void; "data-cy": string; }' is not assignable to type 'IntrinsicAttributes & SelectProps'.
  Property 'children' does not exist on type 'IntrinsicAttributes & SelectProps'.
src/renderer/views/assets/ComputerInventoryView.tsx(138,12): error TS2322: Type '{ children: (Element | Element[])[]; value: string; onChange: (value: string) => void; "data-cy": string; }' is not assignable to type 'IntrinsicAttributes & SelectProps'.
  Property 'children' does not exist on type 'IntrinsicAttributes & SelectProps'.
src/renderer/views/assets/ComputerInventoryView.tsx(150,12): error TS2322: Type '{ children: (Element | Element[])[]; value: string; onChange: (value: string) => void; "data-cy": string; }' is not assignable to type 'IntrinsicAttributes & SelectProps'.
  Property 'children' does not exist on type 'IntrinsicAttributes & SelectProps'.
src/renderer/views/assets/NetworkDeviceInventoryView.test.tsx(8,10): error TS2614: Module '"./NetworkDeviceInventoryView"' has no exported member 'NetworkDeviceInventoryView'. Did you mean to use 'import NetworkDeviceInventoryView from "./NetworkDeviceInventoryView"' instead?
src/renderer/views/assets/NetworkDeviceInventoryView.test.tsx(23,5): error TS7018: Object literal's property 'data' implicitly has an 'any[]' type.
src/renderer/views/assets/NetworkDeviceInventoryView.test.tsx(24,5): error TS7018: Object literal's property 'assets' implicitly has an 'any[]' type.
src/renderer/views/assets/NetworkDeviceInventoryView.test.tsx(28,5): error TS7018: Object literal's property 'selectedItems' implicitly has an 'any[]' type.
src/renderer/views/assets/NetworkDeviceInventoryView.test.tsx(31,5): error TS7018: Object literal's property 'error' implicitly has an 'any' type.
src/renderer/views/assets/NetworkDeviceInventoryView.tsx(153,61): error TS2345: Argument of type 'ChangeEvent<HTMLInputElement>' is not assignable to parameter of type 'string'.
src/renderer/views/assets/NetworkDeviceInventoryView.tsx(156,12): error TS2322: Type '{ children: (Element | Element[])[]; value: string; onChange: (value: string) => void; "data-cy": string; }' is not assignable to type 'IntrinsicAttributes & SelectProps'.
  Property 'children' does not exist on type 'IntrinsicAttributes & SelectProps'.
src/renderer/views/assets/NetworkDeviceInventoryView.tsx(168,12): error TS2322: Type '{ children: (Element | Element[])[]; value: string; onChange: (value: string) => void; "data-cy": string; }' is not assignable to type 'IntrinsicAttributes & SelectProps'.
  Property 'children' does not exist on type 'IntrinsicAttributes & SelectProps'.
src/renderer/views/assets/NetworkDeviceInventoryView.tsx(180,12): error TS2322: Type '{ children: (Element | Element[])[]; value: string; onChange: (value: string) => void; "data-cy": string; }' is not assignable to type 'IntrinsicAttributes & SelectProps'.
  Property 'children' does not exist on type 'IntrinsicAttributes & SelectProps'.
src/renderer/views/assets/NetworkDeviceInventoryView.tsx(192,12): error TS2322: Type '{ children: (Element | Element[])[]; value: string; onChange: (value: string) => void; "data-cy": string; }' is not assignable to type 'IntrinsicAttributes & SelectProps'.
  Property 'children' does not exist on type 'IntrinsicAttributes & SelectProps'.
src/renderer/views/assets/ServerInventoryView.test.tsx(8,10): error TS2614: Module '"./ServerInventoryView"' has no exported member 'ServerInventoryView'. Did you mean to use 'import ServerInventoryView from "./ServerInventoryView"' instead?
src/renderer/views/assets/ServerInventoryView.test.tsx(23,5): error TS7018: Object literal's property 'data' implicitly has an 'any[]' type.
src/renderer/views/assets/ServerInventoryView.test.tsx(24,5): error TS7018: Object literal's property 'assets' implicitly has an 'any[]' type.
src/renderer/views/assets/ServerInventoryView.test.tsx(28,5): error TS7018: Object literal's property 'selectedItems' implicitly has an 'any[]' type.
src/renderer/views/assets/ServerInventoryView.test.tsx(31,5): error TS7018: Object literal's property 'error' implicitly has an 'any' type.
src/renderer/views/assets/ServerInventoryView.tsx(142,61): error TS2345: Argument of type 'ChangeEvent<HTMLInputElement>' is not assignable to parameter of type 'string'.
src/renderer/views/assets/ServerInventoryView.tsx(145,12): error TS2322: Type '{ children: (Element | Element[])[]; value: string; onChange: (value: string) => void; "data-cy": string; }' is not assignable to type 'IntrinsicAttributes & SelectProps'.
  Property 'children' does not exist on type 'IntrinsicAttributes & SelectProps'.
src/renderer/views/assets/ServerInventoryView.tsx(157,12): error TS2322: Type '{ children: (Element | Element[])[]; value: string; onChange: (value: string) => void; "data-cy": string; }' is not assignable to type 'IntrinsicAttributes & SelectProps'.
  Property 'children' does not exist on type 'IntrinsicAttributes & SelectProps'.
src/renderer/views/assets/ServerInventoryView.tsx(169,12): error TS2322: Type '{ children: (Element | Element[])[]; value: string; onChange: (value: string) => void; "data-cy": string; }' is not assignable to type 'IntrinsicAttributes & SelectProps'.
  Property 'children' does not exist on type 'IntrinsicAttributes & SelectProps'.
src/renderer/views/assets/ServerInventoryView.tsx(181,12): error TS2322: Type '{ children: (Element | Element[])[]; value: string; onChange: (value: string) => void; "data-cy": string; }' is not assignable to type 'IntrinsicAttributes & SelectProps'.
  Property 'children' does not exist on type 'IntrinsicAttributes & SelectProps'.
src/renderer/views/compliance/ComplianceDashboardView.test.tsx(23,5): error TS7018: Object literal's property 'data' implicitly has an 'any[]' type.
src/renderer/views/compliance/ComplianceDashboardView.test.tsx(27,5): error TS7018: Object literal's property 'complianceStatus' implicitly has an 'any' type.
src/renderer/views/compliance/ComplianceDashboardView.test.tsx(28,5): error TS7018: Object literal's property 'selectedItems' implicitly has an 'any[]' type.
src/renderer/views/compliance/ComplianceDashboardView.test.tsx(31,5): error TS7018: Object literal's property 'error' implicitly has an 'any' type.
src/renderer/views/compliance/ComplianceReportView.test.tsx(8,10): error TS2614: Module '"./ComplianceReportView"' has no exported member 'ComplianceReportView'. Did you mean to use 'import ComplianceReportView from "./ComplianceReportView"' instead?
src/renderer/views/compliance/ComplianceReportView.test.tsx(23,5): error TS7018: Object literal's property 'data' implicitly has an 'any[]' type.
src/renderer/views/compliance/ComplianceReportView.test.tsx(27,5): error TS7018: Object literal's property 'complianceStatus' implicitly has an 'any' type.
src/renderer/views/compliance/ComplianceReportView.test.tsx(28,5): error TS7018: Object literal's property 'selectedItems' implicitly has an 'any[]' type.
src/renderer/views/compliance/ComplianceReportView.test.tsx(31,5): error TS7018: Object literal's property 'error' implicitly has an 'any' type.
src/renderer/views/compliance/ComplianceReportView.tsx(76,126): error TS2345: Argument of type 'ChangeEvent<HTMLInputElement>' is not assignable to parameter of type 'string'.
src/renderer/views/compliance/ComplianceReportView.tsx(77,12): error TS2322: Type '{ children: (Element | Element[])[]; value: string; onChange: (value: string) => void; "data-cy": string; }' is not assignable to type 'IntrinsicAttributes & SelectProps'.
  Property 'children' does not exist on type 'IntrinsicAttributes & SelectProps'.
src/renderer/views/compliance/ComplianceReportView.tsx(81,12): error TS2322: Type '{ children: (Element | Element[])[]; value: string; onChange: (value: string) => void; "data-cy": string; }' is not assignable to type 'IntrinsicAttributes & SelectProps'.
  Property 'children' does not exist on type 'IntrinsicAttributes & SelectProps'.
src/renderer/views/compliance/ComplianceReportView.tsx(85,12): error TS2322: Type '{ children: (Element | Element[])[]; value: string; onChange: (value: string) => void; "data-cy": string; }' is not assignable to type 'IntrinsicAttributes & SelectProps'.
  Property 'children' does not exist on type 'IntrinsicAttributes & SelectProps'.
src/renderer/views/compliance/ComplianceReportView.tsx(89,12): error TS2322: Type '{ children: (Element | Element[])[]; value: string; onChange: (value: string) => void; "data-cy": string; }' is not assignable to type 'IntrinsicAttributes & SelectProps'.
  Property 'children' does not exist on type 'IntrinsicAttributes & SelectProps'.
src/renderer/views/computers/ComputerDetailView.tsx(22,10): error TS2614: Module '"../../components/molecules/LoadingOverlay"' has no exported member 'LoadingOverlay'. Did you mean to use 'import LoadingOverlay from "../../components/molecules/LoadingOverlay"' instead?
src/renderer/views/discovery/ActiveDirectoryDiscoveryView.test.tsx(8,10): error TS2614: Module '"./ActiveDirectoryDiscoveryView"' has no exported member 'ActiveDirectoryDiscoveryView'. Did you mean to use 'import ActiveDirectoryDiscoveryView from "./ActiveDirectoryDiscoveryView"' instead?
src/renderer/views/discovery/ActiveDirectoryDiscoveryView.test.tsx(27,5): error TS7018: Object literal's property 'progress' implicitly has an 'any' type.
src/renderer/views/discovery/ActiveDirectoryDiscoveryView.test.tsx(28,5): error TS7018: Object literal's property 'results' implicitly has an 'any' type.
src/renderer/views/discovery/ActiveDirectoryDiscoveryView.test.tsx(29,5): error TS7018: Object literal's property 'error' implicitly has an 'any' type.
src/renderer/views/discovery/ActiveDirectoryDiscoveryView.test.tsx(30,5): error TS7018: Object literal's property 'logs' implicitly has an 'any[]' type.
src/renderer/views/discovery/ActiveDirectoryDiscoveryView.test.tsx(35,5): error TS7018: Object literal's property 'selectedProfile' implicitly has an 'any' type.
src/renderer/views/discovery/ActiveDirectoryDiscoveryView.tsx(11,8): error TS2613: Module '"d:/Scripts/UserMandA/guiv2/src/renderer/components/atoms/Spinner"' has no default export. Did you mean to use 'import { Spinner } from "d:/Scripts/UserMandA/guiv2/src/renderer/components/atoms/Spinner"' instead?
src/renderer/views/discovery/ActiveDirectoryDiscoveryView.tsx(63,54): error TS2367: This comparison appears to be unintentional because the types 'string' and 'ChangeEvent<HTMLSelectElement>' have no overlap.
src/renderer/views/discovery/ApplicationDiscoveryView.test.tsx(8,10): error TS2614: Module '"./ApplicationDiscoveryView"' has no exported member 'ApplicationDiscoveryView'. Did you mean to use 'import ApplicationDiscoveryView from "./ApplicationDiscoveryView"' instead?
src/renderer/views/discovery/ApplicationDiscoveryView.test.tsx(27,5): error TS7018: Object literal's property 'progress' implicitly has an 'any' type.
src/renderer/views/discovery/ApplicationDiscoveryView.test.tsx(28,5): error TS7018: Object literal's property 'results' implicitly has an 'any' type.
src/renderer/views/discovery/ApplicationDiscoveryView.test.tsx(29,5): error TS7018: Object literal's property 'error' implicitly has an 'any' type.
src/renderer/views/discovery/ApplicationDiscoveryView.test.tsx(30,5): error TS7018: Object literal's property 'logs' implicitly has an 'any[]' type.
src/renderer/views/discovery/ApplicationDiscoveryView.test.tsx(35,5): error TS7018: Object literal's property 'selectedProfile' implicitly has an 'any' type.
src/renderer/views/discovery/AWSCloudInfrastructureDiscoveryView.test.tsx(8,10): error TS2614: Module '"./AWSCloudInfrastructureDiscoveryView"' has no exported member 'AWSCloudInfrastructureDiscoveryView'. Did you mean to use 'import AWSCloudInfrastructureDiscoveryView from "./AWSCloudInfrastructureDiscoveryView"' instead?
src/renderer/views/discovery/AWSCloudInfrastructureDiscoveryView.test.tsx(27,5): error TS7018: Object literal's property 'progress' implicitly has an 'any' type.
src/renderer/views/discovery/AWSCloudInfrastructureDiscoveryView.test.tsx(28,5): error TS7018: Object literal's property 'results' implicitly has an 'any' type.
src/renderer/views/discovery/AWSCloudInfrastructureDiscoveryView.test.tsx(29,5): error TS7018: Object literal's property 'error' implicitly has an 'any' type.
src/renderer/views/discovery/AWSCloudInfrastructureDiscoveryView.test.tsx(30,5): error TS7018: Object literal's property 'logs' implicitly has an 'any[]' type.
src/renderer/views/discovery/AWSCloudInfrastructureDiscoveryView.test.tsx(35,5): error TS7018: Object literal's property 'selectedProfile' implicitly has an 'any' type.
src/renderer/views/discovery/AWSCloudInfrastructureDiscoveryView.tsx(243,52): error TS2322: Type 'ChangeEvent<HTMLInputElement>' is not assignable to type 'string'.
src/renderer/views/discovery/AWSCloudInfrastructureDiscoveryView.tsx(253,52): error TS2322: Type 'ChangeEvent<HTMLInputElement>' is not assignable to type 'string'.
src/renderer/views/discovery/AWSCloudInfrastructureDiscoveryView.tsx(320,71): error TS2339: Property 'target' does not exist on type 'boolean'.
src/renderer/views/discovery/AWSCloudInfrastructureDiscoveryView.tsx(327,74): error TS2339: Property 'target' does not exist on type 'boolean'.
src/renderer/views/discovery/AWSCloudInfrastructureDiscoveryView.tsx(334,77): error TS2339: Property 'target' does not exist on type 'boolean'.
src/renderer/views/discovery/AWSCloudInfrastructureDiscoveryView.tsx(433,63): error TS2322: Type 'ChangeEvent<HTMLInputElement>' is not assignable to type 'string'.
src/renderer/views/discovery/AzureDiscoveryView.test.tsx(8,10): error TS2614: Module '"./AzureDiscoveryView"' has no exported member 'AzureDiscoveryView'. Did you mean to use 'import AzureDiscoveryView from "./AzureDiscoveryView"' instead?
src/renderer/views/discovery/AzureDiscoveryView.test.tsx(27,5): error TS7018: Object literal's property 'progress' implicitly has an 'any' type.
src/renderer/views/discovery/AzureDiscoveryView.test.tsx(28,5): error TS7018: Object literal's property 'results' implicitly has an 'any' type.
src/renderer/views/discovery/AzureDiscoveryView.test.tsx(29,5): error TS7018: Object literal's property 'error' implicitly has an 'any' type.
src/renderer/views/discovery/AzureDiscoveryView.test.tsx(30,5): error TS7018: Object literal's property 'logs' implicitly has an 'any[]' type.
src/renderer/views/discovery/AzureDiscoveryView.test.tsx(35,5): error TS7018: Object literal's property 'selectedProfile' implicitly has an 'any' type.
src/renderer/views/discovery/AzureDiscoveryView.tsx(59,15): error TS2322: Type '{ status: "error" | "warning" | "success"; label: string; }' is not assignable to type 'IntrinsicAttributes & StatusIndicatorProps'.
  Property 'label' does not exist on type 'IntrinsicAttributes & StatusIndicatorProps'.
src/renderer/views/discovery/AzureDiscoveryView.tsx(85,68): error TS2345: Argument of type 'ChangeEvent<HTMLInputElement>' is not assignable to parameter of type 'string'.
src/renderer/views/discovery/AzureDiscoveryView.tsx(88,19): error TS2322: Type '{ label: string; placeholder: string; value: string; onChange: (value: ChangeEvent<HTMLInputElement>) => void; disabled: boolean; required: true; helpText: string; "data-cy": string; }' is not assignable to type 'IntrinsicAttributes & InputProps & RefAttributes<HTMLInputElement>'.
  Property 'helpText' does not exist on type 'IntrinsicAttributes & InputProps & RefAttributes<HTMLInputElement>'. Did you mean 'helperText'?
src/renderer/views/discovery/AzureDiscoveryView.tsx(176,79): error TS2345: Argument of type 'ChangeEvent<HTMLInputElement>' is not assignable to parameter of type 'string'.
src/renderer/views/discovery/AzureDiscoveryView.tsx(187,76): error TS2345: Argument of type 'ChangeEvent<HTMLInputElement>' is not assignable to parameter of type 'string'.
src/renderer/views/discovery/AzureDiscoveryView.tsx(191,19): error TS2322: Type '{ label: string; type: "number"; value: string; onChange: (value: ChangeEvent<HTMLInputElement>) => void; disabled: boolean; min: number; max: number; helpText: string; "data-cy": string; }' is not assignable to type 'IntrinsicAttributes & InputProps & RefAttributes<HTMLInputElement>'.
  Property 'helpText' does not exist on type 'IntrinsicAttributes & InputProps & RefAttributes<HTMLInputElement>'. Did you mean 'helperText'?
src/renderer/views/discovery/ConditionalAccessPoliciesDiscoveryView.test.tsx(8,10): error TS2614: Module '"./ConditionalAccessPoliciesDiscoveryView"' has no exported member 'ConditionalAccessPoliciesDiscoveryView'. Did you mean to use 'import ConditionalAccessPoliciesDiscoveryView from "./ConditionalAccessPoliciesDiscoveryView"' instead?
src/renderer/views/discovery/ConditionalAccessPoliciesDiscoveryView.test.tsx(27,5): error TS7018: Object literal's property 'progress' implicitly has an 'any' type.
src/renderer/views/discovery/ConditionalAccessPoliciesDiscoveryView.test.tsx(28,5): error TS7018: Object literal's property 'results' implicitly has an 'any' type.
src/renderer/views/discovery/ConditionalAccessPoliciesDiscoveryView.test.tsx(29,5): error TS7018: Object literal's property 'error' implicitly has an 'any' type.
src/renderer/views/discovery/ConditionalAccessPoliciesDiscoveryView.test.tsx(30,5): error TS7018: Object literal's property 'logs' implicitly has an 'any[]' type.
src/renderer/views/discovery/ConditionalAccessPoliciesDiscoveryView.test.tsx(35,5): error TS7018: Object literal's property 'selectedProfile' implicitly has an 'any' type.
src/renderer/views/discovery/ConditionalAccessPoliciesDiscoveryView.tsx(131,55): error TS2322: Type 'ChangeEvent<HTMLInputElement>' is not assignable to type 'string'.
src/renderer/views/discovery/ConditionalAccessPoliciesDiscoveryView.tsx(144,73): error TS2339: Property 'target' does not exist on type 'boolean'.
src/renderer/views/discovery/ConditionalAccessPoliciesDiscoveryView.tsx(150,72): error TS2339: Property 'target' does not exist on type 'boolean'.
src/renderer/views/discovery/ConditionalAccessPoliciesDiscoveryView.tsx(156,70): error TS2339: Property 'target' does not exist on type 'boolean'.
src/renderer/views/discovery/ConditionalAccessPoliciesDiscoveryView.tsx(168,73): error TS2345: Argument of type 'ChangeEvent<HTMLInputElement>' is not assignable to parameter of type 'string'.
src/renderer/views/discovery/ConditionalAccessPoliciesDiscoveryView.tsx(288,47): error TS2322: Type 'ChangeEvent<HTMLInputElement>' is not assignable to type 'string'.
src/renderer/views/discovery/DataLossPreventionDiscoveryView.test.tsx(8,10): error TS2614: Module '"./DataLossPreventionDiscoveryView"' has no exported member 'DataLossPreventionDiscoveryView'. Did you mean to use 'import DataLossPreventionDiscoveryView from "./DataLossPreventionDiscoveryView"' instead?
src/renderer/views/discovery/DataLossPreventionDiscoveryView.test.tsx(27,5): error TS7018: Object literal's property 'progress' implicitly has an 'any' type.
src/renderer/views/discovery/DataLossPreventionDiscoveryView.test.tsx(28,5): error TS7018: Object literal's property 'results' implicitly has an 'any' type.
src/renderer/views/discovery/DataLossPreventionDiscoveryView.test.tsx(29,5): error TS7018: Object literal's property 'error' implicitly has an 'any' type.
src/renderer/views/discovery/DataLossPreventionDiscoveryView.test.tsx(30,5): error TS7018: Object literal's property 'logs' implicitly has an 'any[]' type.
src/renderer/views/discovery/DataLossPreventionDiscoveryView.test.tsx(35,5): error TS7018: Object literal's property 'selectedProfile' implicitly has an 'any' type.
src/renderer/views/discovery/DataLossPreventionDiscoveryView.tsx(106,53): error TS2322: Type 'ChangeEvent<HTMLInputElement>' is not assignable to type 'string'.
src/renderer/views/discovery/DataLossPreventionDiscoveryView.tsx(113,145): error TS2339: Property 'target' does not exist on type 'boolean'.
src/renderer/views/discovery/DataLossPreventionDiscoveryView.tsx(114,136): error TS2339: Property 'target' does not exist on type 'boolean'.
src/renderer/views/discovery/DataLossPreventionDiscoveryView.tsx(115,148): error TS2339: Property 'target' does not exist on type 'boolean'.
src/renderer/views/discovery/DataLossPreventionDiscoveryView.tsx(176,47): error TS2322: Type 'ChangeEvent<HTMLInputElement>' is not assignable to type 'string'.
src/renderer/views/discovery/DomainDiscoveryView.test.tsx(8,10): error TS2614: Module '"./DomainDiscoveryView"' has no exported member 'DomainDiscoveryView'. Did you mean to use 'import DomainDiscoveryView from "./DomainDiscoveryView"' instead?
src/renderer/views/discovery/DomainDiscoveryView.test.tsx(38,5): error TS7018: Object literal's property 'progress' implicitly has an 'any' type.
src/renderer/views/discovery/DomainDiscoveryView.test.tsx(39,5): error TS7018: Object literal's property 'results' implicitly has an 'any' type.
src/renderer/views/discovery/DomainDiscoveryView.test.tsx(40,5): error TS7018: Object literal's property 'error' implicitly has an 'any' type.
src/renderer/views/discovery/DomainDiscoveryView.test.tsx(41,5): error TS7018: Object literal's property 'logs' implicitly has an 'any[]' type.
src/renderer/views/discovery/DomainDiscoveryView.test.tsx(46,5): error TS7018: Object literal's property 'selectedProfile' implicitly has an 'any' type.
src/renderer/views/discovery/DomainDiscoveryView.tsx(71,76): error TS2345: Argument of type 'ChangeEvent<HTMLInputElement>' is not assignable to parameter of type 'string'.
src/renderer/views/discovery/DomainDiscoveryView.tsx(82,70): error TS2345: Argument of type 'ChangeEvent<HTMLInputElement>' is not assignable to parameter of type 'string'.
src/renderer/views/discovery/DomainDiscoveryView.tsx(84,19): error TS2322: Type '{ label: string; placeholder: string; value: string; onChange: (value: ChangeEvent<HTMLInputElement>) => void; disabled: boolean; helpText: string; "data-cy": string; }' is not assignable to type 'IntrinsicAttributes & InputProps & RefAttributes<HTMLInputElement>'.
  Property 'helpText' does not exist on type 'IntrinsicAttributes & InputProps & RefAttributes<HTMLInputElement>'. Did you mean 'helperText'?
src/renderer/views/discovery/DomainDiscoveryView.tsx(128,79): error TS2345: Argument of type 'ChangeEvent<HTMLInputElement>' is not assignable to parameter of type 'string'.
src/renderer/views/discovery/DomainDiscoveryView.tsx(139,76): error TS2345: Argument of type 'ChangeEvent<HTMLInputElement>' is not assignable to parameter of type 'string'.
src/renderer/views/discovery/EnvironmentDetectionView.test.tsx(8,10): error TS2614: Module '"./EnvironmentDetectionView"' has no exported member 'EnvironmentDetectionView'. Did you mean to use 'import EnvironmentDetectionView from "./EnvironmentDetectionView"' instead?
src/renderer/views/discovery/EnvironmentDetectionView.test.tsx(27,5): error TS7018: Object literal's property 'progress' implicitly has an 'any' type.
src/renderer/views/discovery/EnvironmentDetectionView.test.tsx(28,5): error TS7018: Object literal's property 'results' implicitly has an 'any' type.
src/renderer/views/discovery/EnvironmentDetectionView.test.tsx(29,5): error TS7018: Object literal's property 'error' implicitly has an 'any' type.
src/renderer/views/discovery/EnvironmentDetectionView.test.tsx(30,5): error TS7018: Object literal's property 'logs' implicitly has an 'any[]' type.
src/renderer/views/discovery/EnvironmentDetectionView.test.tsx(35,5): error TS7018: Object literal's property 'selectedProfile' implicitly has an 'any' type.
src/renderer/views/discovery/EnvironmentDetectionView.tsx(111,66): error TS2339: Property 'target' does not exist on type 'boolean'.
src/renderer/views/discovery/EnvironmentDetectionView.tsx(116,71): error TS2339: Property 'target' does not exist on type 'boolean'.
src/renderer/views/discovery/EnvironmentDetectionView.tsx(121,64): error TS2339: Property 'target' does not exist on type 'boolean'.
src/renderer/views/discovery/EnvironmentDetectionView.tsx(126,64): error TS2339: Property 'target' does not exist on type 'boolean'.
src/renderer/views/discovery/EnvironmentDetectionView.tsx(136,73): error TS2345: Argument of type 'ChangeEvent<HTMLInputElement>' is not assignable to parameter of type 'string'.
src/renderer/views/discovery/EnvironmentDetectionView.tsx(255,51): error TS2322: Type 'ChangeEvent<HTMLInputElement>' is not assignable to type 'string'.
src/renderer/views/discovery/EnvironmentDetectionView.tsx(316,70): error TS2339: Property 'target' does not exist on type 'boolean'.
src/renderer/views/discovery/ExchangeDiscoveryView.test.tsx(8,10): error TS2614: Module '"./ExchangeDiscoveryView"' has no exported member 'ExchangeDiscoveryView'. Did you mean to use 'import ExchangeDiscoveryView from "./ExchangeDiscoveryView"' instead?
src/renderer/views/discovery/ExchangeDiscoveryView.test.tsx(27,5): error TS7018: Object literal's property 'progress' implicitly has an 'any' type.
src/renderer/views/discovery/ExchangeDiscoveryView.test.tsx(28,5): error TS7018: Object literal's property 'results' implicitly has an 'any' type.
src/renderer/views/discovery/ExchangeDiscoveryView.test.tsx(29,5): error TS7018: Object literal's property 'error' implicitly has an 'any' type.
src/renderer/views/discovery/ExchangeDiscoveryView.test.tsx(30,5): error TS7018: Object literal's property 'logs' implicitly has an 'any[]' type.
src/renderer/views/discovery/ExchangeDiscoveryView.test.tsx(35,5): error TS7018: Object literal's property 'selectedProfile' implicitly has an 'any' type.
src/renderer/views/discovery/FileSystemDiscoveryView.test.tsx(8,10): error TS2614: Module '"./FileSystemDiscoveryView"' has no exported member 'FileSystemDiscoveryView'. Did you mean to use 'import FileSystemDiscoveryView from "./FileSystemDiscoveryView"' instead?
src/renderer/views/discovery/FileSystemDiscoveryView.test.tsx(27,5): error TS7018: Object literal's property 'progress' implicitly has an 'any' type.
src/renderer/views/discovery/FileSystemDiscoveryView.test.tsx(28,5): error TS7018: Object literal's property 'results' implicitly has an 'any' type.
src/renderer/views/discovery/FileSystemDiscoveryView.test.tsx(29,5): error TS7018: Object literal's property 'error' implicitly has an 'any' type.
src/renderer/views/discovery/FileSystemDiscoveryView.test.tsx(30,5): error TS7018: Object literal's property 'logs' implicitly has an 'any[]' type.
src/renderer/views/discovery/FileSystemDiscoveryView.test.tsx(35,5): error TS7018: Object literal's property 'selectedProfile' implicitly has an 'any' type.
src/renderer/views/discovery/GoogleWorkspaceDiscoveryView.test.tsx(8,10): error TS2614: Module '"./GoogleWorkspaceDiscoveryView"' has no exported member 'GoogleWorkspaceDiscoveryView'. Did you mean to use 'import GoogleWorkspaceDiscoveryView from "./GoogleWorkspaceDiscoveryView"' instead?
src/renderer/views/discovery/GoogleWorkspaceDiscoveryView.test.tsx(27,5): error TS7018: Object literal's property 'progress' implicitly has an 'any' type.
src/renderer/views/discovery/GoogleWorkspaceDiscoveryView.test.tsx(28,5): error TS7018: Object literal's property 'results' implicitly has an 'any' type.
src/renderer/views/discovery/GoogleWorkspaceDiscoveryView.test.tsx(29,5): error TS7018: Object literal's property 'error' implicitly has an 'any' type.
src/renderer/views/discovery/GoogleWorkspaceDiscoveryView.test.tsx(30,5): error TS7018: Object literal's property 'logs' implicitly has an 'any[]' type.
src/renderer/views/discovery/GoogleWorkspaceDiscoveryView.test.tsx(35,5): error TS7018: Object literal's property 'selectedProfile' implicitly has an 'any' type.
src/renderer/views/discovery/GoogleWorkspaceDiscoveryView.tsx(110,55): error TS2322: Type 'ChangeEvent<HTMLInputElement>' is not assignable to type 'string'.
src/renderer/views/discovery/GoogleWorkspaceDiscoveryView.tsx(117,55): error TS2322: Type 'ChangeEvent<HTMLInputElement>' is not assignable to type 'string'.
src/renderer/views/discovery/GoogleWorkspaceDiscoveryView.tsx(124,55): error TS2322: Type 'ChangeEvent<HTMLInputElement>' is not assignable to type 'string'.
src/renderer/views/discovery/GoogleWorkspaceDiscoveryView.tsx(135,73): error TS2339: Property 'target' does not exist on type 'boolean'.
src/renderer/views/discovery/GoogleWorkspaceDiscoveryView.tsx(140,77): error TS2339: Property 'target' does not exist on type 'boolean'.
src/renderer/views/discovery/GoogleWorkspaceDiscoveryView.tsx(145,73): error TS2339: Property 'target' does not exist on type 'boolean'.
src/renderer/views/discovery/GoogleWorkspaceDiscoveryView.tsx(150,72): error TS2339: Property 'target' does not exist on type 'boolean'.
src/renderer/views/discovery/GoogleWorkspaceDiscoveryView.tsx(155,77): error TS2339: Property 'target' does not exist on type 'boolean'.
src/renderer/views/discovery/GoogleWorkspaceDiscoveryView.tsx(271,51): error TS2322: Type 'ChangeEvent<HTMLInputElement>' is not assignable to type 'string'.
src/renderer/views/discovery/GoogleWorkspaceDiscoveryView.tsx(281,67): error TS2339: Property 'target' does not exist on type 'boolean'.
src/renderer/views/discovery/HyperVDiscoveryView.test.tsx(8,10): error TS2614: Module '"./HyperVDiscoveryView"' has no exported member 'HyperVDiscoveryView'. Did you mean to use 'import HyperVDiscoveryView from "./HyperVDiscoveryView"' instead?
src/renderer/views/discovery/HyperVDiscoveryView.test.tsx(27,5): error TS7018: Object literal's property 'progress' implicitly has an 'any' type.
src/renderer/views/discovery/HyperVDiscoveryView.test.tsx(28,5): error TS7018: Object literal's property 'results' implicitly has an 'any' type.
src/renderer/views/discovery/HyperVDiscoveryView.test.tsx(29,5): error TS7018: Object literal's property 'error' implicitly has an 'any' type.
src/renderer/views/discovery/HyperVDiscoveryView.test.tsx(30,5): error TS7018: Object literal's property 'logs' implicitly has an 'any[]' type.
src/renderer/views/discovery/HyperVDiscoveryView.test.tsx(35,5): error TS7018: Object literal's property 'selectedProfile' implicitly has an 'any' type.
src/renderer/views/discovery/IdentityGovernanceDiscoveryView.test.tsx(8,10): error TS2614: Module '"./IdentityGovernanceDiscoveryView"' has no exported member 'IdentityGovernanceDiscoveryView'. Did you mean to use 'import IdentityGovernanceDiscoveryView from "./IdentityGovernanceDiscoveryView"' instead?
src/renderer/views/discovery/IdentityGovernanceDiscoveryView.test.tsx(27,5): error TS7018: Object literal's property 'progress' implicitly has an 'any' type.
src/renderer/views/discovery/IdentityGovernanceDiscoveryView.test.tsx(28,5): error TS7018: Object literal's property 'results' implicitly has an 'any' type.
src/renderer/views/discovery/IdentityGovernanceDiscoveryView.test.tsx(29,5): error TS7018: Object literal's property 'error' implicitly has an 'any' type.
src/renderer/views/discovery/IdentityGovernanceDiscoveryView.test.tsx(30,5): error TS7018: Object literal's property 'logs' implicitly has an 'any[]' type.
src/renderer/views/discovery/IdentityGovernanceDiscoveryView.test.tsx(35,5): error TS7018: Object literal's property 'selectedProfile' implicitly has an 'any' type.
src/renderer/views/discovery/IdentityGovernanceDiscoveryView.tsx(134,55): error TS2322: Type 'ChangeEvent<HTMLInputElement>' is not assignable to type 'string'.
src/renderer/views/discovery/IdentityGovernanceDiscoveryView.tsx(147,75): error TS2339: Property 'target' does not exist on type 'boolean'.
src/renderer/views/discovery/IdentityGovernanceDiscoveryView.tsx(153,74): error TS2339: Property 'target' does not exist on type 'boolean'.
src/renderer/views/discovery/IdentityGovernanceDiscoveryView.tsx(159,65): error TS2339: Property 'target' does not exist on type 'boolean'.
src/renderer/views/discovery/IdentityGovernanceDiscoveryView.tsx(171,73): error TS2345: Argument of type 'ChangeEvent<HTMLInputElement>' is not assignable to parameter of type 'string'.
src/renderer/views/discovery/IdentityGovernanceDiscoveryView.tsx(293,47): error TS2322: Type 'ChangeEvent<HTMLInputElement>' is not assignable to type 'string'.
src/renderer/views/discovery/InfrastructureDiscoveryHubView.test.tsx(8,10): error TS2614: Module '"./InfrastructureDiscoveryHubView"' has no exported member 'InfrastructureDiscoveryHubView'. Did you mean to use 'import InfrastructureDiscoveryHubView from "./InfrastructureDiscoveryHubView"' instead?
src/renderer/views/discovery/InfrastructureDiscoveryHubView.test.tsx(27,5): error TS7018: Object literal's property 'progress' implicitly has an 'any' type.
src/renderer/views/discovery/InfrastructureDiscoveryHubView.test.tsx(28,5): error TS7018: Object literal's property 'results' implicitly has an 'any' type.
src/renderer/views/discovery/InfrastructureDiscoveryHubView.test.tsx(29,5): error TS7018: Object literal's property 'error' implicitly has an 'any' type.
src/renderer/views/discovery/InfrastructureDiscoveryHubView.test.tsx(30,5): error TS7018: Object literal's property 'logs' implicitly has an 'any[]' type.
src/renderer/views/discovery/InfrastructureDiscoveryHubView.test.tsx(35,5): error TS7018: Object literal's property 'selectedProfile' implicitly has an 'any' type.
src/renderer/views/discovery/InfrastructureDiscoveryHubView.tsx(10,8): error TS2613: Module '"d:/Scripts/UserMandA/guiv2/src/renderer/components/atoms/Spinner"' has no default export. Did you mean to use 'import { Spinner } from "d:/Scripts/UserMandA/guiv2/src/renderer/components/atoms/Spinner"' instead?
src/renderer/views/discovery/InfrastructureDiscoveryHubView.tsx(177,46): error TS2322: Type '"loading"' is not assignable to type 'StatusType'.
src/renderer/views/discovery/InfrastructureDiscoveryHubView.tsx(329,25): error TS2322: Type '"error" | "warning" | "success" | "loading" | "info" | "neutral"' is not assignable to type 'StatusType'.
  Type '"loading"' is not assignable to type 'StatusType'.
src/renderer/views/discovery/InfrastructureDiscoveryHubView.tsx(330,25): error TS2322: Type '"xs"' is not assignable to type '"sm" | "md" | "lg"'.
src/renderer/views/discovery/IntuneDiscoveryView.test.tsx(8,10): error TS2614: Module '"./IntuneDiscoveryView"' has no exported member 'IntuneDiscoveryView'. Did you mean to use 'import IntuneDiscoveryView from "./IntuneDiscoveryView"' instead?
src/renderer/views/discovery/IntuneDiscoveryView.test.tsx(27,5): error TS7018: Object literal's property 'progress' implicitly has an 'any' type.
src/renderer/views/discovery/IntuneDiscoveryView.test.tsx(28,5): error TS7018: Object literal's property 'results' implicitly has an 'any' type.
src/renderer/views/discovery/IntuneDiscoveryView.test.tsx(29,5): error TS7018: Object literal's property 'error' implicitly has an 'any' type.
src/renderer/views/discovery/IntuneDiscoveryView.test.tsx(30,5): error TS7018: Object literal's property 'logs' implicitly has an 'any[]' type.
src/renderer/views/discovery/IntuneDiscoveryView.test.tsx(35,5): error TS7018: Object literal's property 'selectedProfile' implicitly has an 'any' type.
src/renderer/views/discovery/IntuneDiscoveryView.tsx(100,17): error TS2322: Type '(data: any[], filename: string) => void' is not assignable to type 'MouseEventHandler<HTMLButtonElement>'.
  Target signature provides too few arguments. Expected 2 or more, but got 1.
src/renderer/views/discovery/IntuneDiscoveryView.tsx(108,17): error TS2322: Type '(data: any[], filename: string) => Promise<void>' is not assignable to type 'MouseEventHandler<HTMLButtonElement>'.
  Target signature provides too few arguments. Expected 2 or more, but got 1.
src/renderer/views/discovery/IntuneDiscoveryView.tsx(193,71): error TS2345: Argument of type 'ChangeEvent<HTMLInputElement>' is not assignable to parameter of type 'string'.
src/renderer/views/discovery/IntuneDiscoveryView.tsx(442,53): error TS2322: Type 'ChangeEvent<HTMLInputElement>' is not assignable to type 'string'.
src/renderer/views/discovery/IntuneDiscoveryView.tsx(502,17): error TS2322: Type 'IntuneDevice[] | IntuneApplication[] | ConfigurationPolicy[] | CompliancePolicy[] | AppProtectionPolicy[]' is not assignable to type 'IntuneDevice[]'.
  Type 'IntuneApplication[]' is not assignable to type 'IntuneDevice[]'.
    Type 'IntuneApplication' is missing the following properties from type 'IntuneDevice': deviceName, userDisplayName, userPrincipalName, deviceType, and 16 more.
src/renderer/views/discovery/LicensingDiscoveryView.test.tsx(8,10): error TS2614: Module '"./LicensingDiscoveryView"' has no exported member 'LicensingDiscoveryView'. Did you mean to use 'import LicensingDiscoveryView from "./LicensingDiscoveryView"' instead?
src/renderer/views/discovery/LicensingDiscoveryView.test.tsx(27,5): error TS7018: Object literal's property 'progress' implicitly has an 'any' type.
src/renderer/views/discovery/LicensingDiscoveryView.test.tsx(28,5): error TS7018: Object literal's property 'results' implicitly has an 'any' type.
src/renderer/views/discovery/LicensingDiscoveryView.test.tsx(29,5): error TS7018: Object literal's property 'error' implicitly has an 'any' type.
src/renderer/views/discovery/LicensingDiscoveryView.test.tsx(30,5): error TS7018: Object literal's property 'logs' implicitly has an 'any[]' type.
src/renderer/views/discovery/LicensingDiscoveryView.test.tsx(35,5): error TS7018: Object literal's property 'selectedProfile' implicitly has an 'any' type.
src/renderer/views/discovery/LicensingDiscoveryView.tsx(82,17): error TS2322: Type '(data: any[], filename: string) => void' is not assignable to type 'MouseEventHandler<HTMLButtonElement>'.
  Target signature provides too few arguments. Expected 2 or more, but got 1.
src/renderer/views/discovery/LicensingDiscoveryView.tsx(90,17): error TS2322: Type '(data: any[], filename: string) => Promise<void>' is not assignable to type 'MouseEventHandler<HTMLButtonElement>'.
  Target signature provides too few arguments. Expected 2 or more, but got 1.
src/renderer/views/discovery/LicensingDiscoveryView.tsx(175,53): error TS2322: Type 'ChangeEvent<HTMLInputElement>' is not assignable to type 'string'.
src/renderer/views/discovery/LicensingDiscoveryView.tsx(188,71): error TS2345: Argument of type 'ChangeEvent<HTMLInputElement>' is not assignable to parameter of type 'string'.
src/renderer/views/discovery/LicensingDiscoveryView.tsx(509,53): error TS2322: Type 'ChangeEvent<HTMLInputElement>' is not assignable to type 'string'.
src/renderer/views/discovery/LicensingDiscoveryView.tsx(557,17): error TS2322: Type 'License[] | LicenseAssignment[] | Subscription[]' is not assignable to type 'License[]'.
  Type 'LicenseAssignment[]' is not assignable to type 'License[]'.
    Type 'LicenseAssignment' is missing the following properties from type 'License': skuPartNumber, productName, servicePlans, prepaidUnits, and 6 more.
src/renderer/views/discovery/NetworkDiscoveryView.test.tsx(8,10): error TS2614: Module '"./NetworkDiscoveryView"' has no exported member 'NetworkDiscoveryView'. Did you mean to use 'import NetworkDiscoveryView from "./NetworkDiscoveryView"' instead?
src/renderer/views/discovery/NetworkDiscoveryView.test.tsx(27,5): error TS7018: Object literal's property 'progress' implicitly has an 'any' type.
src/renderer/views/discovery/NetworkDiscoveryView.test.tsx(28,5): error TS7018: Object literal's property 'results' implicitly has an 'any' type.
src/renderer/views/discovery/NetworkDiscoveryView.test.tsx(29,5): error TS7018: Object literal's property 'error' implicitly has an 'any' type.
src/renderer/views/discovery/NetworkDiscoveryView.test.tsx(30,5): error TS7018: Object literal's property 'logs' implicitly has an 'any[]' type.
src/renderer/views/discovery/NetworkDiscoveryView.test.tsx(35,5): error TS7018: Object literal's property 'selectedProfile' implicitly has an 'any' type.
src/renderer/views/discovery/Office365DiscoveryView.test.tsx(8,10): error TS2614: Module '"./Office365DiscoveryView"' has no exported member 'Office365DiscoveryView'. Did you mean to use 'import Office365DiscoveryView from "./Office365DiscoveryView"' instead?
src/renderer/views/discovery/Office365DiscoveryView.test.tsx(27,5): error TS7018: Object literal's property 'progress' implicitly has an 'any' type.
src/renderer/views/discovery/Office365DiscoveryView.test.tsx(28,5): error TS7018: Object literal's property 'results' implicitly has an 'any' type.
src/renderer/views/discovery/Office365DiscoveryView.test.tsx(29,5): error TS7018: Object literal's property 'error' implicitly has an 'any' type.
src/renderer/views/discovery/Office365DiscoveryView.test.tsx(30,5): error TS7018: Object literal's property 'logs' implicitly has an 'any[]' type.
src/renderer/views/discovery/Office365DiscoveryView.test.tsx(35,5): error TS7018: Object literal's property 'selectedProfile' implicitly has an 'any' type.
src/renderer/views/discovery/OneDriveDiscoveryView.test.tsx(8,10): error TS2614: Module '"./OneDriveDiscoveryView"' has no exported member 'OneDriveDiscoveryView'. Did you mean to use 'import OneDriveDiscoveryView from "./OneDriveDiscoveryView"' instead?
src/renderer/views/discovery/OneDriveDiscoveryView.test.tsx(27,5): error TS7018: Object literal's property 'progress' implicitly has an 'any' type.
src/renderer/views/discovery/OneDriveDiscoveryView.test.tsx(28,5): error TS7018: Object literal's property 'results' implicitly has an 'any' type.
src/renderer/views/discovery/OneDriveDiscoveryView.test.tsx(29,5): error TS7018: Object literal's property 'error' implicitly has an 'any' type.
src/renderer/views/discovery/OneDriveDiscoveryView.test.tsx(30,5): error TS7018: Object literal's property 'logs' implicitly has an 'any[]' type.
src/renderer/views/discovery/OneDriveDiscoveryView.test.tsx(35,5): error TS7018: Object literal's property 'selectedProfile' implicitly has an 'any' type.
src/renderer/views/discovery/OneDriveDiscoveryView.tsx(80,54): error TS2367: This comparison appears to be unintentional because the types 'string' and 'ChangeEvent<HTMLSelectElement>' have no overlap.
src/renderer/views/discovery/OneDriveDiscoveryView.tsx(191,13): error TS2322: Type '"primary"' is not assignable to type '"warning" | "success" | "info" | "default" | "danger"'.
src/renderer/views/discovery/OneDriveDiscoveryView.tsx(481,25): error TS2322: Type '"primary"' is not assignable to type '"warning" | "success" | "info" | "default" | "danger"'.
src/renderer/views/discovery/PowerPlatformDiscoveryView.test.tsx(8,10): error TS2614: Module '"./PowerPlatformDiscoveryView"' has no exported member 'PowerPlatformDiscoveryView'. Did you mean to use 'import PowerPlatformDiscoveryView from "./PowerPlatformDiscoveryView"' instead?
src/renderer/views/discovery/PowerPlatformDiscoveryView.test.tsx(27,5): error TS7018: Object literal's property 'progress' implicitly has an 'any' type.
src/renderer/views/discovery/PowerPlatformDiscoveryView.test.tsx(28,5): error TS7018: Object literal's property 'results' implicitly has an 'any' type.
src/renderer/views/discovery/PowerPlatformDiscoveryView.test.tsx(29,5): error TS7018: Object literal's property 'error' implicitly has an 'any' type.
src/renderer/views/discovery/PowerPlatformDiscoveryView.test.tsx(30,5): error TS7018: Object literal's property 'logs' implicitly has an 'any[]' type.
src/renderer/views/discovery/PowerPlatformDiscoveryView.test.tsx(35,5): error TS7018: Object literal's property 'selectedProfile' implicitly has an 'any' type.
src/renderer/views/discovery/PowerPlatformDiscoveryView.tsx(91,17): error TS2322: Type '(data: any[], filename: string) => void' is not assignable to type 'MouseEventHandler<HTMLButtonElement>'.
  Target signature provides too few arguments. Expected 2 or more, but got 1.
src/renderer/views/discovery/PowerPlatformDiscoveryView.tsx(99,17): error TS2322: Type '(data: any[], filename: string) => Promise<void>' is not assignable to type 'MouseEventHandler<HTMLButtonElement>'.
  Target signature provides too few arguments. Expected 2 or more, but got 1.
src/renderer/views/discovery/PowerPlatformDiscoveryView.tsx(151,53): error TS2322: Type 'ChangeEvent<HTMLInputElement>' is not assignable to type 'string'.
src/renderer/views/discovery/PowerPlatformDiscoveryView.tsx(191,71): error TS2345: Argument of type 'ChangeEvent<HTMLInputElement>' is not assignable to parameter of type 'string'.
src/renderer/views/discovery/PowerPlatformDiscoveryView.tsx(436,53): error TS2322: Type 'ChangeEvent<HTMLInputElement>' is not assignable to type 'string'.
src/renderer/views/discovery/SecurityInfrastructureDiscoveryView.test.tsx(8,10): error TS2614: Module '"./SecurityInfrastructureDiscoveryView"' has no exported member 'SecurityInfrastructureDiscoveryView'. Did you mean to use 'import SecurityInfrastructureDiscoveryView from "./SecurityInfrastructureDiscoveryView"' instead?
src/renderer/views/discovery/SecurityInfrastructureDiscoveryView.test.tsx(27,5): error TS7018: Object literal's property 'progress' implicitly has an 'any' type.
src/renderer/views/discovery/SecurityInfrastructureDiscoveryView.test.tsx(28,5): error TS7018: Object literal's property 'results' implicitly has an 'any' type.
src/renderer/views/discovery/SecurityInfrastructureDiscoveryView.test.tsx(29,5): error TS7018: Object literal's property 'error' implicitly has an 'any' type.
src/renderer/views/discovery/SecurityInfrastructureDiscoveryView.test.tsx(30,5): error TS7018: Object literal's property 'logs' implicitly has an 'any[]' type.
src/renderer/views/discovery/SecurityInfrastructureDiscoveryView.test.tsx(35,5): error TS7018: Object literal's property 'selectedProfile' implicitly has an 'any' type.
src/renderer/views/discovery/SecurityInfrastructureDiscoveryView.tsx(89,54): error TS2367: This comparison appears to be unintentional because the types 'string' and 'ChangeEvent<HTMLSelectElement>' have no overlap.
src/renderer/views/discovery/SecurityInfrastructureDiscoveryView.tsx(200,13): error TS2322: Type '"primary"' is not assignable to type '"warning" | "success" | "info" | "default" | "danger"'.
src/renderer/views/discovery/SecurityInfrastructureDiscoveryView.tsx(503,25): error TS2322: Type '{ progress: number; variant: "warning" | "success" | "danger"; showLabel: true; }' is not assignable to type 'IntrinsicAttributes & ProgressBarProps'.
  Property 'progress' does not exist on type 'IntrinsicAttributes & ProgressBarProps'.
src/renderer/views/discovery/SharePointDiscoveryView.test.tsx(8,10): error TS2614: Module '"./SharePointDiscoveryView"' has no exported member 'SharePointDiscoveryView'. Did you mean to use 'import SharePointDiscoveryView from "./SharePointDiscoveryView"' instead?
src/renderer/views/discovery/SharePointDiscoveryView.test.tsx(27,5): error TS7018: Object literal's property 'progress' implicitly has an 'any' type.
src/renderer/views/discovery/SharePointDiscoveryView.test.tsx(28,5): error TS7018: Object literal's property 'results' implicitly has an 'any' type.
src/renderer/views/discovery/SharePointDiscoveryView.test.tsx(29,5): error TS7018: Object literal's property 'error' implicitly has an 'any' type.
src/renderer/views/discovery/SharePointDiscoveryView.test.tsx(30,5): error TS7018: Object literal's property 'logs' implicitly has an 'any[]' type.
src/renderer/views/discovery/SharePointDiscoveryView.test.tsx(35,5): error TS7018: Object literal's property 'selectedProfile' implicitly has an 'any' type.
src/renderer/views/discovery/SQLServerDiscoveryView.test.tsx(8,10): error TS2614: Module '"./SQLServerDiscoveryView"' has no exported member 'SQLServerDiscoveryView'. Did you mean to use 'import SQLServerDiscoveryView from "./SQLServerDiscoveryView"' instead?
src/renderer/views/discovery/SQLServerDiscoveryView.test.tsx(27,5): error TS7018: Object literal's property 'progress' implicitly has an 'any' type.
src/renderer/views/discovery/SQLServerDiscoveryView.test.tsx(28,5): error TS7018: Object literal's property 'results' implicitly has an 'any' type.
src/renderer/views/discovery/SQLServerDiscoveryView.test.tsx(29,5): error TS7018: Object literal's property 'error' implicitly has an 'any' type.
src/renderer/views/discovery/SQLServerDiscoveryView.test.tsx(30,5): error TS7018: Object literal's property 'logs' implicitly has an 'any[]' type.
src/renderer/views/discovery/SQLServerDiscoveryView.test.tsx(35,5): error TS7018: Object literal's property 'selectedProfile' implicitly has an 'any' type.
src/renderer/views/discovery/TeamsDiscoveryView.test.tsx(8,10): error TS2614: Module '"./TeamsDiscoveryView"' has no exported member 'TeamsDiscoveryView'. Did you mean to use 'import TeamsDiscoveryView from "./TeamsDiscoveryView"' instead?
src/renderer/views/discovery/TeamsDiscoveryView.test.tsx(27,5): error TS7018: Object literal's property 'progress' implicitly has an 'any' type.
src/renderer/views/discovery/TeamsDiscoveryView.test.tsx(28,5): error TS7018: Object literal's property 'results' implicitly has an 'any' type.
src/renderer/views/discovery/TeamsDiscoveryView.test.tsx(29,5): error TS7018: Object literal's property 'error' implicitly has an 'any' type.
src/renderer/views/discovery/TeamsDiscoveryView.test.tsx(30,5): error TS7018: Object literal's property 'logs' implicitly has an 'any[]' type.
src/renderer/views/discovery/TeamsDiscoveryView.test.tsx(35,5): error TS7018: Object literal's property 'selectedProfile' implicitly has an 'any' type.
src/renderer/views/discovery/TeamsDiscoveryView.tsx(337,19): error TS2322: Type 'TeamMember[] | TeamChannel[] | Team[]' is not assignable to type 'TeamMember[]'.
  Type 'TeamChannel[]' is not assignable to type 'TeamMember[]'.
    Type 'TeamChannel' is missing the following properties from type 'TeamMember': userId, userPrincipalName, role, isGuest, and 2 more.
src/renderer/views/discovery/VMwareDiscoveryView.test.tsx(8,10): error TS2614: Module '"./VMwareDiscoveryView"' has no exported member 'VMwareDiscoveryView'. Did you mean to use 'import VMwareDiscoveryView from "./VMwareDiscoveryView"' instead?
src/renderer/views/discovery/VMwareDiscoveryView.test.tsx(27,5): error TS7018: Object literal's property 'progress' implicitly has an 'any' type.
src/renderer/views/discovery/VMwareDiscoveryView.test.tsx(28,5): error TS7018: Object literal's property 'results' implicitly has an 'any' type.
src/renderer/views/discovery/VMwareDiscoveryView.test.tsx(29,5): error TS7018: Object literal's property 'error' implicitly has an 'any' type.
src/renderer/views/discovery/VMwareDiscoveryView.test.tsx(30,5): error TS7018: Object literal's property 'logs' implicitly has an 'any[]' type.
src/renderer/views/discovery/VMwareDiscoveryView.test.tsx(35,5): error TS7018: Object literal's property 'selectedProfile' implicitly has an 'any' type.
src/renderer/views/discovery/WebServerConfigurationDiscoveryView.test.tsx(8,10): error TS2614: Module '"./WebServerConfigurationDiscoveryView"' has no exported member 'WebServerConfigurationDiscoveryView'. Did you mean to use 'import WebServerConfigurationDiscoveryView from "./WebServerConfigurationDiscoveryView"' instead?
src/renderer/views/discovery/WebServerConfigurationDiscoveryView.test.tsx(27,5): error TS7018: Object literal's property 'progress' implicitly has an 'any' type.
src/renderer/views/discovery/WebServerConfigurationDiscoveryView.test.tsx(28,5): error TS7018: Object literal's property 'results' implicitly has an 'any' type.
src/renderer/views/discovery/WebServerConfigurationDiscoveryView.test.tsx(29,5): error TS7018: Object literal's property 'error' implicitly has an 'any' type.
src/renderer/views/discovery/WebServerConfigurationDiscoveryView.test.tsx(30,5): error TS7018: Object literal's property 'logs' implicitly has an 'any[]' type.
src/renderer/views/discovery/WebServerConfigurationDiscoveryView.test.tsx(35,5): error TS7018: Object literal's property 'selectedProfile' implicitly has an 'any' type.
src/renderer/views/groups/GroupDetailView.tsx(22,10): error TS2614: Module '"../../components/molecules/LoadingOverlay"' has no exported member 'LoadingOverlay'. Did you mean to use 'import LoadingOverlay from "../../components/molecules/LoadingOverlay"' instead?
src/renderer/views/groups/GroupsView.test.tsx(30,5): error TS7018: Object literal's property 'data' implicitly has an 'any[]' type.
src/renderer/views/groups/GroupsView.test.tsx(31,5): error TS7018: Object literal's property 'selectedItems' implicitly has an 'any[]' type.
src/renderer/views/groups/GroupsView.test.tsx(34,5): error TS7018: Object literal's property 'error' implicitly has an 'any' type.
src/renderer/views/groups/GroupsView.tsx(40,7): error TS2322: Type 'ConnectDragSource' is not assignable to type 'Ref<HTMLDivElement>'.
  Type 'ConnectDragSource' is not assignable to type '(instance: HTMLDivElement) => void | (() => VoidOrUndefinedOnly)'.
    Type 'ReactElement<unknown, string | JSXElementConstructor<any>>' is not assignable to type 'void | (() => VoidOrUndefinedOnly)'.
src/renderer/views/infrastructure/ApplicationServersView.tsx(2,10): error TS2614: Module '"../../components/organisms/DataTable"' has no exported member 'DataTable'. Did you mean to use 'import DataTable from "../../components/organisms/DataTable"' instead?
src/renderer/views/infrastructure/ApplicationServersView.tsx(6,32): error TS2307: Cannot find module '@tanstack/react-table' or its corresponding type declarations.
src/renderer/views/infrastructure/ApplicationServersView.tsx(41,16): error TS7031: Binding element 'getValue' implicitly has an 'any' type.
src/renderer/views/infrastructure/ApplicationServersView.tsx(58,34): error TS2322: Type '"outline"' is not assignable to type '"link" | "primary" | "secondary" | "danger" | "ghost"'.
src/renderer/views/infrastructure/AssetInventoryView.tsx(6,24): error TS2307: Cannot find module '@tanstack/react-table' or its corresponding type declarations.
src/renderer/views/infrastructure/AssetInventoryView.tsx(226,50): error TS2345: Argument of type 'ChangeEvent<HTMLInputElement>' is not assignable to parameter of type 'SetStateAction<string>'.
src/renderer/views/infrastructure/AssetInventoryView.tsx(236,48): error TS2345: Argument of type 'ChangeEvent<HTMLSelectElement>' is not assignable to parameter of type 'SetStateAction<string>'.
src/renderer/views/infrastructure/AssetInventoryView.tsx(252,50): error TS2345: Argument of type 'ChangeEvent<HTMLSelectElement>' is not assignable to parameter of type 'SetStateAction<string>'.
src/renderer/views/infrastructure/AssetInventoryView.tsx(287,11): error TS2322: Type '({ accessorKey: string; header: string; size: number; cell: (info: any) => Element; } | { accessorKey: string; header: string; size: number; cell?: undefined; })[]' is not assignable to type 'ColDef<any, any>[]'.
  Type '{ accessorKey: string; header: string; size: number; cell: (info: any) => Element; } | { accessorKey: string; header: string; size: number; cell?: undefined; }' is not assignable to type 'ColDef<any, any>'.
    Type '{ accessorKey: string; header: string; size: number; cell: (info: any) => Element; }' has no properties in common with type 'ColDef<any, any>'.
src/renderer/views/infrastructure/BackupSystemsView.tsx(2,10): error TS2614: Module '"../../components/organisms/DataTable"' has no exported member 'DataTable'. Did you mean to use 'import DataTable from "../../components/organisms/DataTable"' instead?
src/renderer/views/infrastructure/BackupSystemsView.tsx(6,32): error TS2307: Cannot find module '@tanstack/react-table' or its corresponding type declarations.
src/renderer/views/infrastructure/BackupSystemsView.tsx(35,16): error TS7031: Binding element 'getValue' implicitly has an 'any' type.
src/renderer/views/infrastructure/BackupSystemsView.tsx(57,34): error TS2322: Type '"outline"' is not assignable to type '"link" | "primary" | "secondary" | "danger" | "ghost"'.
src/renderer/views/infrastructure/CloudResourcesView.tsx(2,10): error TS2614: Module '"../../components/organisms/DataTable"' has no exported member 'DataTable'. Did you mean to use 'import DataTable from "../../components/organisms/DataTable"' instead?
src/renderer/views/infrastructure/CloudResourcesView.tsx(6,32): error TS2307: Cannot find module '@tanstack/react-table' or its corresponding type declarations.
src/renderer/views/infrastructure/CloudResourcesView.tsx(47,16): error TS7031: Binding element 'getValue' implicitly has an 'any' type.
src/renderer/views/infrastructure/CloudResourcesView.tsx(64,34): error TS2322: Type '"outline"' is not assignable to type '"link" | "primary" | "secondary" | "danger" | "ghost"'.
src/renderer/views/infrastructure/ComputerInventoryView.tsx(127,61): error TS2345: Argument of type 'ChangeEvent<HTMLInputElement>' is not assignable to parameter of type 'string'.
src/renderer/views/infrastructure/ComputerInventoryView.tsx(130,12): error TS2322: Type '{ children: (Element | Element[])[]; value: string; onChange: (value: string) => void; className: string; }' is not assignable to type 'IntrinsicAttributes & SelectProps'.
  Property 'children' does not exist on type 'IntrinsicAttributes & SelectProps'.
src/renderer/views/infrastructure/ComputerInventoryView.tsx(142,12): error TS2322: Type '{ children: (Element | Element[])[]; value: string; onChange: (value: string) => void; className: string; }' is not assignable to type 'IntrinsicAttributes & SelectProps'.
  Property 'children' does not exist on type 'IntrinsicAttributes & SelectProps'.
src/renderer/views/infrastructure/ComputerInventoryView.tsx(154,12): error TS2322: Type '{ children: (Element | Element[])[]; value: string; onChange: (value: string) => void; className: string; }' is not assignable to type 'IntrinsicAttributes & SelectProps'.
  Property 'children' does not exist on type 'IntrinsicAttributes & SelectProps'.
src/renderer/views/infrastructure/ComputerInventoryView.tsx(186,11): error TS2322: Type '{ rowData: ComputerInventoryData[]; columnDefs: ColDef<ComputerInventoryData, any>[]; loading: boolean; onSelectionChanged: (selectedRows: any) => void; }' is not assignable to type 'IntrinsicAttributes & VirtualizedDataGridProps<any>'.
  Property 'rowData' does not exist on type 'IntrinsicAttributes & VirtualizedDataGridProps<any>'.
src/renderer/views/infrastructure/ComputerInventoryView.tsx(189,32): error TS7006: Parameter 'selectedRows' implicitly has an 'any' type.
src/renderer/views/infrastructure/DatabaseInventoryView.tsx(2,10): error TS2614: Module '"../../components/organisms/DataTable"' has no exported member 'DataTable'. Did you mean to use 'import DataTable from "../../components/organisms/DataTable"' instead?
src/renderer/views/infrastructure/DatabaseInventoryView.tsx(6,32): error TS2307: Cannot find module '@tanstack/react-table' or its corresponding type declarations.
src/renderer/views/infrastructure/DatabaseInventoryView.tsx(47,16): error TS7031: Binding element 'getValue' implicitly has an 'any' type.
src/renderer/views/infrastructure/DatabaseInventoryView.tsx(64,34): error TS2322: Type '"outline"' is not assignable to type '"link" | "primary" | "secondary" | "danger" | "ghost"'.
src/renderer/views/infrastructure/DeviceManagementView.tsx(159,57): error TS2322: Type 'ChangeEvent<HTMLInputElement>' is not assignable to type 'string'.
src/renderer/views/infrastructure/DeviceManagementView.tsx(162,12): error TS2322: Type '{ children: Element[]; value: string; onChange: (value: string) => void; className: string; }' is not assignable to type 'IntrinsicAttributes & SelectProps'.
  Property 'children' does not exist on type 'IntrinsicAttributes & SelectProps'.
src/renderer/views/infrastructure/DeviceManagementView.tsx(174,12): error TS2322: Type '{ children: Element[]; value: string; onChange: (value: string) => void; className: string; }' is not assignable to type 'IntrinsicAttributes & SelectProps'.
  Property 'children' does not exist on type 'IntrinsicAttributes & SelectProps'.
src/renderer/views/infrastructure/DeviceManagementView.tsx(209,11): error TS2322: Type '{ rowData: ManagedDevice[]; columnDefs: ColDef<any, any>[]; loading: boolean; onSelectionChanged: (selectedRows: any) => void; }' is not assignable to type 'IntrinsicAttributes & VirtualizedDataGridProps<any>'.
  Property 'rowData' does not exist on type 'IntrinsicAttributes & VirtualizedDataGridProps<any>'.
src/renderer/views/infrastructure/DeviceManagementView.tsx(212,32): error TS7006: Parameter 'selectedRows' implicitly has an 'any' type.
src/renderer/views/infrastructure/EndpointDevicesView.tsx(2,10): error TS2614: Module '"../../components/organisms/DataTable"' has no exported member 'DataTable'. Did you mean to use 'import DataTable from "../../components/organisms/DataTable"' instead?
src/renderer/views/infrastructure/EndpointDevicesView.tsx(6,32): error TS2307: Cannot find module '@tanstack/react-table' or its corresponding type declarations.
src/renderer/views/infrastructure/EndpointDevicesView.tsx(47,16): error TS7031: Binding element 'getValue' implicitly has an 'any' type.
src/renderer/views/infrastructure/EndpointDevicesView.tsx(64,34): error TS2322: Type '"outline"' is not assignable to type '"link" | "primary" | "secondary" | "danger" | "ghost"'.
src/renderer/views/infrastructure/InfrastructureView.test.tsx(8,10): error TS2614: Module '"./InfrastructureView"' has no exported member 'InfrastructureView'. Did you mean to use 'import InfrastructureView from "./InfrastructureView"' instead?
src/renderer/views/infrastructure/InfrastructureView.test.tsx(30,5): error TS7018: Object literal's property 'data' implicitly has an 'any[]' type.
src/renderer/views/infrastructure/InfrastructureView.test.tsx(31,5): error TS7018: Object literal's property 'selectedItems' implicitly has an 'any[]' type.
src/renderer/views/infrastructure/InfrastructureView.test.tsx(34,5): error TS7018: Object literal's property 'error' implicitly has an 'any' type.
src/renderer/views/infrastructure/MonitoringSystemsView.tsx(2,10): error TS2614: Module '"../../components/organisms/DataTable"' has no exported member 'DataTable'. Did you mean to use 'import DataTable from "../../components/organisms/DataTable"' instead?
src/renderer/views/infrastructure/MonitoringSystemsView.tsx(6,32): error TS2307: Cannot find module '@tanstack/react-table' or its corresponding type declarations.
src/renderer/views/infrastructure/MonitoringSystemsView.tsx(34,16): error TS7031: Binding element 'getValue' implicitly has an 'any' type.
src/renderer/views/infrastructure/MonitoringSystemsView.tsx(45,16): error TS7031: Binding element 'getValue' implicitly has an 'any' type.
src/renderer/views/infrastructure/MonitoringSystemsView.tsx(62,34): error TS2322: Type '"outline"' is not assignable to type '"link" | "primary" | "secondary" | "danger" | "ghost"'.
src/renderer/views/infrastructure/NetworkDevicesView.tsx(2,10): error TS2614: Module '"../../components/organisms/DataTable"' has no exported member 'DataTable'. Did you mean to use 'import DataTable from "../../components/organisms/DataTable"' instead?
src/renderer/views/infrastructure/NetworkDevicesView.tsx(6,32): error TS2307: Cannot find module '@tanstack/react-table' or its corresponding type declarations.
src/renderer/views/infrastructure/NetworkDevicesView.tsx(47,16): error TS7031: Binding element 'getValue' implicitly has an 'any' type.
src/renderer/views/infrastructure/NetworkDevicesView.tsx(64,34): error TS2322: Type '"outline"' is not assignable to type '"link" | "primary" | "secondary" | "danger" | "ghost"'.
src/renderer/views/infrastructure/NetworkInfrastructureView.tsx(266,48): error TS2345: Argument of type 'ChangeEvent<HTMLInputElement>' is not assignable to parameter of type 'SetStateAction<string>'.
src/renderer/views/infrastructure/NetworkInfrastructureView.tsx(273,48): error TS2345: Argument of type 'ChangeEvent<HTMLSelectElement>' is not assignable to parameter of type 'SetStateAction<string>'.
src/renderer/views/infrastructure/NetworkInfrastructureView.tsx(286,50): error TS2345: Argument of type 'ChangeEvent<HTMLSelectElement>' is not assignable to parameter of type 'SetStateAction<string>'.
src/renderer/views/infrastructure/NetworkInfrastructureView.tsx(318,11): error TS2322: Type '({ accessorKey: string; header: string; size: number; cell: (info: any) => Element; } | { accessorKey: string; header: string; size: number; cell?: undefined; })[]' is not assignable to type 'ColDef<any, any>[]'.
  Type '{ accessorKey: string; header: string; size: number; cell: (info: any) => Element; } | { accessorKey: string; header: string; size: number; cell?: undefined; }' is not assignable to type 'ColDef<any, any>'.
    Type '{ accessorKey: string; header: string; size: number; cell: (info: any) => Element; }' has no properties in common with type 'ColDef<any, any>'.
src/renderer/views/infrastructure/NetworkTopologyView.tsx(2,10): error TS2614: Module '"../../components/organisms/DataTable"' has no exported member 'DataTable'. Did you mean to use 'import DataTable from "../../components/organisms/DataTable"' instead?
src/renderer/views/infrastructure/NetworkTopologyView.tsx(6,32): error TS2307: Cannot find module '@tanstack/react-table' or its corresponding type declarations.
src/renderer/views/infrastructure/NetworkTopologyView.tsx(42,16): error TS7031: Binding element 'getValue' implicitly has an 'any' type.
src/renderer/views/infrastructure/NetworkTopologyView.tsx(59,34): error TS2322: Type '"outline"' is not assignable to type '"link" | "primary" | "secondary" | "danger" | "ghost"'.
src/renderer/views/infrastructure/SecurityAppliancesView.tsx(2,10): error TS2614: Module '"../../components/organisms/DataTable"' has no exported member 'DataTable'. Did you mean to use 'import DataTable from "../../components/organisms/DataTable"' instead?
src/renderer/views/infrastructure/SecurityAppliancesView.tsx(6,32): error TS2307: Cannot find module '@tanstack/react-table' or its corresponding type declarations.
src/renderer/views/infrastructure/SecurityAppliancesView.tsx(42,16): error TS7031: Binding element 'getValue' implicitly has an 'any' type.
src/renderer/views/infrastructure/SecurityAppliancesView.tsx(59,34): error TS2322: Type '"outline"' is not assignable to type '"link" | "primary" | "secondary" | "danger" | "ghost"'.
src/renderer/views/infrastructure/ServerInventoryView.tsx(115,61): error TS2345: Argument of type 'ChangeEvent<HTMLInputElement>' is not assignable to parameter of type 'string'.
src/renderer/views/infrastructure/ServerInventoryView.tsx(118,12): error TS2322: Type '{ children: (Element | Element[])[]; value: string; onChange: (value: string) => void; className: string; }' is not assignable to type 'IntrinsicAttributes & SelectProps'.
  Property 'children' does not exist on type 'IntrinsicAttributes & SelectProps'.
src/renderer/views/infrastructure/ServerInventoryView.tsx(130,12): error TS2322: Type '{ children: (Element | Element[])[]; value: string; onChange: (value: string) => void; className: string; }' is not assignable to type 'IntrinsicAttributes & SelectProps'.
  Property 'children' does not exist on type 'IntrinsicAttributes & SelectProps'.
src/renderer/views/infrastructure/ServerInventoryView.tsx(142,12): error TS2322: Type '{ children: (Element | Element[])[]; value: string; onChange: (value: string) => void; className: string; }' is not assignable to type 'IntrinsicAttributes & SelectProps'.
  Property 'children' does not exist on type 'IntrinsicAttributes & SelectProps'.
src/renderer/views/infrastructure/ServerInventoryView.tsx(154,12): error TS2322: Type '{ children: (Element | Element[])[]; value: string; onChange: (value: string) => void; className: string; }' is not assignable to type 'IntrinsicAttributes & SelectProps'.
  Property 'children' does not exist on type 'IntrinsicAttributes & SelectProps'.
src/renderer/views/infrastructure/ServerInventoryView.tsx(186,11): error TS2322: Type '{ rowData: ServerInventoryData[]; columnDefs: ColDef<ServerInventoryData, any>[]; loading: boolean; onSelectionChanged: (selectedRows: any) => void; }' is not assignable to type 'IntrinsicAttributes & VirtualizedDataGridProps<any>'.
  Property 'rowData' does not exist on type 'IntrinsicAttributes & VirtualizedDataGridProps<any>'.
src/renderer/views/infrastructure/ServerInventoryView.tsx(189,32): error TS7006: Parameter 'selectedRows' implicitly has an 'any' type.
src/renderer/views/infrastructure/StorageAnalysisView.tsx(2,10): error TS2614: Module '"../../components/organisms/DataTable"' has no exported member 'DataTable'. Did you mean to use 'import DataTable from "../../components/organisms/DataTable"' instead?
src/renderer/views/infrastructure/StorageAnalysisView.tsx(6,32): error TS2307: Cannot find module '@tanstack/react-table' or its corresponding type declarations.
src/renderer/views/infrastructure/StorageAnalysisView.tsx(45,16): error TS7031: Binding element 'getValue' implicitly has an 'any' type.
src/renderer/views/infrastructure/StorageAnalysisView.tsx(62,34): error TS2322: Type '"outline"' is not assignable to type '"link" | "primary" | "secondary" | "danger" | "ghost"'.
src/renderer/views/infrastructure/VirtualizationView.tsx(2,10): error TS2614: Module '"../../components/organisms/DataTable"' has no exported member 'DataTable'. Did you mean to use 'import DataTable from "../../components/organisms/DataTable"' instead?
src/renderer/views/infrastructure/VirtualizationView.tsx(6,32): error TS2307: Cannot find module '@tanstack/react-table' or its corresponding type declarations.
src/renderer/views/infrastructure/VirtualizationView.tsx(45,16): error TS7031: Binding element 'getValue' implicitly has an 'any' type.
src/renderer/views/infrastructure/VirtualizationView.tsx(62,34): error TS2322: Type '"outline"' is not assignable to type '"link" | "primary" | "secondary" | "danger" | "ghost"'.
src/renderer/views/infrastructure/WebServersView.tsx(2,10): error TS2614: Module '"../../components/organisms/DataTable"' has no exported member 'DataTable'. Did you mean to use 'import DataTable from "../../components/organisms/DataTable"' instead?
src/renderer/views/infrastructure/WebServersView.tsx(6,32): error TS2307: Cannot find module '@tanstack/react-table' or its corresponding type declarations.
src/renderer/views/infrastructure/WebServersView.tsx(46,16): error TS7031: Binding element 'getValue' implicitly has an 'any' type.
src/renderer/views/infrastructure/WebServersView.tsx(63,34): error TS2322: Type '"outline"' is not assignable to type '"link" | "primary" | "secondary" | "danger" | "ghost"'.
src/renderer/views/licensing/LicenseManagementView.test.tsx(23,5): error TS7018: Object literal's property 'data' implicitly has an 'any[]' type.
src/renderer/views/licensing/LicenseManagementView.test.tsx(28,5): error TS7018: Object literal's property 'selectedItems' implicitly has an 'any[]' type.
src/renderer/views/licensing/LicenseManagementView.test.tsx(31,5): error TS7018: Object literal's property 'error' implicitly has an 'any' type.
src/renderer/views/licensing/LicenseManagementView.tsx(8,43): error TS2307: Cannot find module '../../hooks/useLicenseManagementLogic' or its corresponding type declarations.
src/renderer/views/migration/MigrationExecutionView.test.tsx(8,10): error TS2614: Module '"./MigrationExecutionView"' has no exported member 'MigrationExecutionView'. Did you mean to use 'import MigrationExecutionView from "./MigrationExecutionView"' instead?
src/renderer/views/migration/MigrationExecutionView.test.tsx(28,5): error TS7018: Object literal's property 'waves' implicitly has an 'any[]' type.
src/renderer/views/migration/MigrationExecutionView.test.tsx(29,5): error TS7018: Object literal's property 'mappings' implicitly has an 'any[]' type.
src/renderer/views/migration/MigrationExecutionView.test.tsx(30,5): error TS7018: Object literal's property 'validationResults' implicitly has an 'any[]' type.
src/renderer/views/migration/MigrationExecutionView.test.tsx(35,5): error TS7018: Object literal's property 'error' implicitly has an 'any' type.
src/renderer/views/migration/MigrationMappingView.test.tsx(8,10): error TS2614: Module '"./MigrationMappingView"' has no exported member 'MigrationMappingView'. Did you mean to use 'import MigrationMappingView from "./MigrationMappingView"' instead?
src/renderer/views/migration/MigrationMappingView.test.tsx(28,5): error TS7018: Object literal's property 'waves' implicitly has an 'any[]' type.
src/renderer/views/migration/MigrationMappingView.test.tsx(29,5): error TS7018: Object literal's property 'mappings' implicitly has an 'any[]' type.
src/renderer/views/migration/MigrationMappingView.test.tsx(30,5): error TS7018: Object literal's property 'validationResults' implicitly has an 'any[]' type.
src/renderer/views/migration/MigrationMappingView.test.tsx(35,5): error TS7018: Object literal's property 'error' implicitly has an 'any' type.
src/renderer/views/migration/MigrationMappingView.tsx(42,63): error TS2339: Property 'validated' does not exist on type '{ total: number; pending: number; mapped: number; valid: number; invalid: number; conflicted: number; resolved: number; skipped: number; conflicts: number; }'.
src/renderer/views/migration/MigrationMappingView.tsx(43,60): error TS2339: Property 'error' does not exist on type '{ total: number; pending: number; mapped: number; valid: number; invalid: number; conflicted: number; resolved: number; skipped: number; conflicts: number; }'.
src/renderer/views/migration/MigrationPlanningView.test.tsx(8,10): error TS2614: Module '"./MigrationPlanningView"' has no exported member 'MigrationPlanningView'. Did you mean to use 'import MigrationPlanningView from "./MigrationPlanningView"' instead?
src/renderer/views/migration/MigrationPlanningView.test.tsx(28,5): error TS7018: Object literal's property 'waves' implicitly has an 'any[]' type.
src/renderer/views/migration/MigrationPlanningView.test.tsx(29,5): error TS7018: Object literal's property 'mappings' implicitly has an 'any[]' type.
src/renderer/views/migration/MigrationPlanningView.test.tsx(30,5): error TS7018: Object literal's property 'validationResults' implicitly has an 'any[]' type.
src/renderer/views/migration/MigrationPlanningView.test.tsx(35,5): error TS7018: Object literal's property 'error' implicitly has an 'any' type.
src/renderer/views/migration/MigrationPlanningView.tsx(87,7): error TS2322: Type 'ConnectDropTarget' is not assignable to type 'Ref<HTMLDivElement>'.
  Type 'ConnectDropTarget' is not assignable to type '(instance: HTMLDivElement) => void | (() => VoidOrUndefinedOnly)'.
    Type 'ReactElement<unknown, string | JSXElementConstructor<any>>' is not assignable to type 'void | (() => VoidOrUndefinedOnly)'.
src/renderer/views/migration/MigrationPlanningView.tsx(261,18): error TS2345: Argument of type '{ message: string; }' is not assignable to parameter of type 'string'.
src/renderer/views/migration/MigrationPlanningView.tsx(283,23): error TS2345: Argument of type '{ message: string; }' is not assignable to parameter of type 'string'.
src/renderer/views/migration/MigrationPlanningView.tsx(289,19): error TS2345: Argument of type '{ message: string; }' is not assignable to parameter of type 'string'.
src/renderer/views/migration/MigrationPlanningView.tsx(298,17): error TS2345: Argument of type '{ message: string; }' is not assignable to parameter of type 'string'.
src/renderer/views/migration/MigrationPlanningView.tsx(302,14): error TS2345: Argument of type '{ message: string; }' is not assignable to parameter of type 'string'.
src/renderer/views/migration/MigrationPlanningView.tsx(307,19): error TS2345: Argument of type '{ message: string; }' is not assignable to parameter of type 'string'.
src/renderer/views/migration/MigrationPlanningView.tsx(309,17): error TS2345: Argument of type '{ message: string; }' is not assignable to parameter of type 'string'.
src/renderer/views/migration/MigrationPlanningView.tsx(315,17): error TS2345: Argument of type '{ message: string; }' is not assignable to parameter of type 'string'.
src/renderer/views/migration/MigrationPlanningView.tsx(320,17): error TS2345: Argument of type '{ message: string; }' is not assignable to parameter of type 'string'.
src/renderer/views/migration/MigrationPlanningView.tsx(324,14): error TS2345: Argument of type '{ message: string; }' is not assignable to parameter of type 'string'.
src/renderer/views/migration/MigrationPlanningView.tsx(330,19): error TS2345: Argument of type '{ message: string; }' is not assignable to parameter of type 'string'.
src/renderer/views/migration/MigrationPlanningView.tsx(333,17): error TS2345: Argument of type '{ message: string; }' is not assignable to parameter of type 'string'.
src/renderer/views/migration/MigrationPlanningView.tsx(339,17): error TS2345: Argument of type '{ message: string; }' is not assignable to parameter of type 'string'.
src/renderer/views/migration/MigrationPlanningView.tsx(344,14): error TS2345: Argument of type '{ message: string; }' is not assignable to parameter of type 'string'.
src/renderer/views/migration/MigrationPlanningView.tsx(349,17): error TS2345: Argument of type '{ message: string; }' is not assignable to parameter of type 'string'.
src/renderer/views/migration/MigrationPlanningView.tsx(353,14): error TS2345: Argument of type '{ message: string; }' is not assignable to parameter of type 'string'.
src/renderer/views/migration/MigrationPlanningView.tsx(369,19): error TS2345: Argument of type '{ message: string; }' is not assignable to parameter of type 'string'.
src/renderer/views/migration/MigrationPlanningView.tsx(372,21): error TS2345: Argument of type '{ message: string; }' is not assignable to parameter of type 'string'.
src/renderer/views/migration/MigrationPlanningView.tsx(375,17): error TS2345: Argument of type '{ message: string; }' is not assignable to parameter of type 'string'.
src/renderer/views/migration/MigrationPlanningView.tsx(493,15): error TS2322: Type '"small"' is not assignable to type '"xs" | "sm" | "md" | "lg" | "xl"'.
src/renderer/views/migration/MigrationPlanningView.tsx(502,15): error TS2322: Type '"small"' is not assignable to type '"xs" | "sm" | "md" | "lg" | "xl"'.
src/renderer/views/migration/MigrationPlanningView.tsx(511,15): error TS2322: Type '"small"' is not assignable to type '"xs" | "sm" | "md" | "lg" | "xl"'.
src/renderer/views/migration/MigrationPlanningView.tsx(520,15): error TS2322: Type '"small"' is not assignable to type '"xs" | "sm" | "md" | "lg" | "xl"'.
src/renderer/views/migration/MigrationPlanningView.tsx(563,29): error TS2345: Argument of type '{ message: string; }' is not assignable to parameter of type 'string'.
src/renderer/views/migration/MigrationPlanningView.tsx(660,87): error TS2769: No overload matches this call.
  Overload 1 of 5, '(value: string | number | Date): Date', gave the following error.
    Argument of type 'ChangeEvent<HTMLInputElement>' is not assignable to parameter of type 'string | number | Date'.
  Overload 2 of 5, '(vd: VarDate): Date', gave the following error.
    Argument of type 'ChangeEvent<HTMLInputElement>' is not assignable to parameter of type 'VarDate'.
      Property 'VarDate_typekey' is missing in type 'ChangeEvent<HTMLInputElement>' but required in type 'VarDate'.
  Overload 3 of 5, '(value: string | number): Date', gave the following error.
    Argument of type 'ChangeEvent<HTMLInputElement>' is not assignable to parameter of type 'string | number'.
src/renderer/views/migration/MigrationPlanningView.tsx(669,85): error TS2769: No overload matches this call.
  Overload 1 of 5, '(value: string | number | Date): Date', gave the following error.
    Argument of type 'ChangeEvent<HTMLInputElement>' is not assignable to parameter of type 'string | number | Date'.
  Overload 2 of 5, '(vd: VarDate): Date', gave the following error.
    Argument of type 'ChangeEvent<HTMLInputElement>' is not assignable to parameter of type 'VarDate'.
      Property 'VarDate_typekey' is missing in type 'ChangeEvent<HTMLInputElement>' but required in type 'VarDate'.
  Overload 3 of 5, '(value: string | number): Date', gave the following error.
    Argument of type 'ChangeEvent<HTMLInputElement>' is not assignable to parameter of type 'string | number'.
src/renderer/views/migration/MigrationValidationView.test.tsx(8,10): error TS2614: Module '"./MigrationValidationView"' has no exported member 'MigrationValidationView'. Did you mean to use 'import MigrationValidationView from "./MigrationValidationView"' instead?
src/renderer/views/migration/MigrationValidationView.test.tsx(28,5): error TS7018: Object literal's property 'waves' implicitly has an 'any[]' type.
src/renderer/views/migration/MigrationValidationView.test.tsx(29,5): error TS7018: Object literal's property 'mappings' implicitly has an 'any[]' type.
src/renderer/views/migration/MigrationValidationView.test.tsx(30,5): error TS7018: Object literal's property 'validationResults' implicitly has an 'any[]' type.
src/renderer/views/migration/MigrationValidationView.test.tsx(35,5): error TS7018: Object literal's property 'error' implicitly has an 'any' type.
src/renderer/views/migration/MigrationValidationView.tsx(25,40): error TS7006: Parameter 'c' implicitly has an 'any' type.
src/renderer/views/migration/MigrationValidationView.tsx(25,43): error TS7006: Parameter 'i' implicitly has an 'any' type.
src/renderer/views/overview/OverviewView.test.tsx(8,10): error TS2614: Module '"./OverviewView"' has no exported member 'OverviewView'. Did you mean to use 'import OverviewView from "./OverviewView"' instead?
src/renderer/views/overview/OverviewView.test.tsx(30,5): error TS7018: Object literal's property 'data' implicitly has an 'any[]' type.
src/renderer/views/overview/OverviewView.test.tsx(31,5): error TS7018: Object literal's property 'selectedItems' implicitly has an 'any[]' type.
src/renderer/views/overview/OverviewView.test.tsx(34,5): error TS7018: Object literal's property 'error' implicitly has an 'any' type.
src/renderer/views/reports/ReportsView.test.tsx(8,10): error TS2614: Module '"./ReportsView"' has no exported member 'ReportsView'. Did you mean to use 'import ReportsView from "./ReportsView"' instead?
src/renderer/views/reports/ReportsView.test.tsx(30,5): error TS7018: Object literal's property 'data' implicitly has an 'any[]' type.
src/renderer/views/reports/ReportsView.test.tsx(31,5): error TS7018: Object literal's property 'selectedItems' implicitly has an 'any[]' type.
src/renderer/views/reports/ReportsView.test.tsx(34,5): error TS7018: Object literal's property 'error' implicitly has an 'any' type.
src/renderer/views/security/PolicyManagementView.test.tsx(8,10): error TS2614: Module '"./PolicyManagementView"' has no exported member 'PolicyManagementView'. Did you mean to use 'import PolicyManagementView from "./PolicyManagementView"' instead?
src/renderer/views/security/PolicyManagementView.test.tsx(23,5): error TS7018: Object literal's property 'data' implicitly has an 'any[]' type.
src/renderer/views/security/PolicyManagementView.test.tsx(25,5): error TS7018: Object literal's property 'risks' implicitly has an 'any[]' type.
src/renderer/views/security/PolicyManagementView.test.tsx(26,5): error TS7018: Object literal's property 'threats' implicitly has an 'any[]' type.
src/renderer/views/security/PolicyManagementView.test.tsx(28,5): error TS7018: Object literal's property 'selectedItems' implicitly has an 'any[]' type.
src/renderer/views/security/PolicyManagementView.test.tsx(31,5): error TS7018: Object literal's property 'error' implicitly has an 'any' type.
src/renderer/views/security/RiskAssessmentView.test.tsx(8,10): error TS2614: Module '"./RiskAssessmentView"' has no exported member 'RiskAssessmentView'. Did you mean to use 'import RiskAssessmentView from "./RiskAssessmentView"' instead?
src/renderer/views/security/RiskAssessmentView.test.tsx(23,5): error TS7018: Object literal's property 'data' implicitly has an 'any[]' type.
src/renderer/views/security/RiskAssessmentView.test.tsx(25,5): error TS7018: Object literal's property 'risks' implicitly has an 'any[]' type.
src/renderer/views/security/RiskAssessmentView.test.tsx(26,5): error TS7018: Object literal's property 'threats' implicitly has an 'any[]' type.
src/renderer/views/security/RiskAssessmentView.test.tsx(28,5): error TS7018: Object literal's property 'selectedItems' implicitly has an 'any[]' type.
src/renderer/views/security/RiskAssessmentView.test.tsx(31,5): error TS7018: Object literal's property 'error' implicitly has an 'any' type.
src/renderer/views/security/RiskAssessmentView.tsx(79,123): error TS2345: Argument of type 'ChangeEvent<HTMLInputElement>' is not assignable to parameter of type 'string'.
src/renderer/views/security/RiskAssessmentView.tsx(80,12): error TS2322: Type '{ children: (Element | Element[])[]; value: string; onChange: (value: string) => void; "data-cy": string; }' is not assignable to type 'IntrinsicAttributes & SelectProps'.
  Property 'children' does not exist on type 'IntrinsicAttributes & SelectProps'.
src/renderer/views/security/RiskAssessmentView.tsx(84,12): error TS2322: Type '{ children: (Element | Element[])[]; value: string; onChange: (value: string) => void; "data-cy": string; }' is not assignable to type 'IntrinsicAttributes & SelectProps'.
  Property 'children' does not exist on type 'IntrinsicAttributes & SelectProps'.
src/renderer/views/security/RiskAssessmentView.tsx(88,12): error TS2322: Type '{ children: (Element | Element[])[]; value: string; onChange: (value: string) => void; "data-cy": string; }' is not assignable to type 'IntrinsicAttributes & SelectProps'.
  Property 'children' does not exist on type 'IntrinsicAttributes & SelectProps'.
src/renderer/views/security/RiskAssessmentView.tsx(92,12): error TS2322: Type '{ children: (Element | Element[])[]; value: string; onChange: (value: string) => void; "data-cy": string; }' is not assignable to type 'IntrinsicAttributes & SelectProps'.
  Property 'children' does not exist on type 'IntrinsicAttributes & SelectProps'.
src/renderer/views/security/SecurityAuditView.test.tsx(8,10): error TS2614: Module '"./SecurityAuditView"' has no exported member 'SecurityAuditView'. Did you mean to use 'import SecurityAuditView from "./SecurityAuditView"' instead?
src/renderer/views/security/SecurityAuditView.test.tsx(23,5): error TS7018: Object literal's property 'data' implicitly has an 'any[]' type.
src/renderer/views/security/SecurityAuditView.test.tsx(25,5): error TS7018: Object literal's property 'risks' implicitly has an 'any[]' type.
src/renderer/views/security/SecurityAuditView.test.tsx(26,5): error TS7018: Object literal's property 'threats' implicitly has an 'any[]' type.
src/renderer/views/security/SecurityAuditView.test.tsx(28,5): error TS7018: Object literal's property 'selectedItems' implicitly has an 'any[]' type.
src/renderer/views/security/SecurityAuditView.test.tsx(31,5): error TS7018: Object literal's property 'error' implicitly has an 'any' type.
src/renderer/views/security/SecurityAuditView.tsx(133,61): error TS2345: Argument of type 'ChangeEvent<HTMLInputElement>' is not assignable to parameter of type 'string'.
src/renderer/views/security/SecurityAuditView.tsx(137,12): error TS2322: Type '{ children: (Element | Element[])[]; value: string; onChange: (value: string) => void; "data-cy": string; }' is not assignable to type 'IntrinsicAttributes & SelectProps'.
  Property 'children' does not exist on type 'IntrinsicAttributes & SelectProps'.
src/renderer/views/security/SecurityAuditView.tsx(147,12): error TS2322: Type '{ children: (Element | Element[])[]; value: string; onChange: (value: string) => void; "data-cy": string; }' is not assignable to type 'IntrinsicAttributes & SelectProps'.
  Property 'children' does not exist on type 'IntrinsicAttributes & SelectProps'.
src/renderer/views/security/SecurityAuditView.tsx(157,12): error TS2322: Type '{ children: (Element | Element[])[]; value: string; onChange: (value: string) => void; "data-cy": string; }' is not assignable to type 'IntrinsicAttributes & SelectProps'.
  Property 'children' does not exist on type 'IntrinsicAttributes & SelectProps'.
src/renderer/views/security/SecurityAuditView.tsx(171,59): error TS2345: Argument of type 'ChangeEvent<HTMLInputElement>' is not assignable to parameter of type 'string'.
src/renderer/views/security/SecurityAuditView.tsx(178,57): error TS2345: Argument of type 'ChangeEvent<HTMLInputElement>' is not assignable to parameter of type 'string'.
src/renderer/views/security/SecurityAuditView.tsx(184,55): error TS2345: Argument of type 'ChangeEvent<HTMLInputElement>' is not assignable to parameter of type 'string'.
src/renderer/views/security/SecurityDashboardView.test.tsx(23,5): error TS7018: Object literal's property 'data' implicitly has an 'any[]' type.
src/renderer/views/security/SecurityDashboardView.test.tsx(25,5): error TS7018: Object literal's property 'risks' implicitly has an 'any[]' type.
src/renderer/views/security/SecurityDashboardView.test.tsx(26,5): error TS7018: Object literal's property 'threats' implicitly has an 'any[]' type.
src/renderer/views/security/SecurityDashboardView.test.tsx(28,5): error TS7018: Object literal's property 'selectedItems' implicitly has an 'any[]' type.
src/renderer/views/security/SecurityDashboardView.test.tsx(31,5): error TS7018: Object literal's property 'error' implicitly has an 'any' type.
src/renderer/views/security/SecurityDashboardView.tsx(8,43): error TS2307: Cannot find module '../../hooks/useSecurityDashboardLogic' or its corresponding type declarations.
src/renderer/views/security/ThreatAnalysisView.test.tsx(8,10): error TS2614: Module '"./ThreatAnalysisView"' has no exported member 'ThreatAnalysisView'. Did you mean to use 'import ThreatAnalysisView from "./ThreatAnalysisView"' instead?
src/renderer/views/security/ThreatAnalysisView.test.tsx(23,5): error TS7018: Object literal's property 'data' implicitly has an 'any[]' type.
src/renderer/views/security/ThreatAnalysisView.test.tsx(25,5): error TS7018: Object literal's property 'risks' implicitly has an 'any[]' type.
src/renderer/views/security/ThreatAnalysisView.test.tsx(26,5): error TS7018: Object literal's property 'threats' implicitly has an 'any[]' type.
src/renderer/views/security/ThreatAnalysisView.test.tsx(28,5): error TS7018: Object literal's property 'selectedItems' implicitly has an 'any[]' type.
src/renderer/views/security/ThreatAnalysisView.test.tsx(31,5): error TS7018: Object literal's property 'error' implicitly has an 'any' type.
src/renderer/views/security/ThreatAnalysisView.tsx(76,125): error TS2345: Argument of type 'ChangeEvent<HTMLInputElement>' is not assignable to parameter of type 'string'.
src/renderer/views/security/ThreatAnalysisView.tsx(77,12): error TS2322: Type '{ children: (Element | Element[])[]; value: string; onChange: (value: string) => void; "data-cy": string; }' is not assignable to type 'IntrinsicAttributes & SelectProps'.
  Property 'children' does not exist on type 'IntrinsicAttributes & SelectProps'.
src/renderer/views/security/ThreatAnalysisView.tsx(81,12): error TS2322: Type '{ children: (Element | Element[])[]; value: string; onChange: (value: string) => void; "data-cy": string; }' is not assignable to type 'IntrinsicAttributes & SelectProps'.
  Property 'children' does not exist on type 'IntrinsicAttributes & SelectProps'.
src/renderer/views/security/ThreatAnalysisView.tsx(85,12): error TS2322: Type '{ children: (Element | Element[])[]; value: string; onChange: (value: string) => void; "data-cy": string; }' is not assignable to type 'IntrinsicAttributes & SelectProps'.
  Property 'children' does not exist on type 'IntrinsicAttributes & SelectProps'.
src/renderer/views/security/VulnerabilityManagementView.tsx(256,61): error TS2345: Argument of type 'ChangeEvent<HTMLInputElement>' is not assignable to parameter of type 'string'.
src/renderer/views/security/VulnerabilityManagementView.tsx(354,11): error TS2322: Type '({ field: string; header: string; sortable: boolean; width: string; } | { render: (value: string) => Element; field: string; header: string; sortable: boolean; width: string; } | { render: (value: boolean) => Element; field: string; header: string; sortable: boolean; width: string; } | { ...; })[]' is not assignable to type 'ColDef<any, any>[]'.
  Type '{ field: string; header: string; sortable: boolean; width: string; } | { render: (value: string) => Element; field: string; header: string; sortable: boolean; width: string; } | { render: (value: boolean) => Element; field: string; header: string; sortable: boolean; width: string; } | { ...; }' is not assignable to type 'ColDef<any, any>'.
    Type '{ field: string; header: string; sortable: boolean; width: string; }' is not assignable to type 'ColDef<any, any>'.
      Types of property 'width' are incompatible.
        Type 'string' is not assignable to type 'number'.
src/renderer/views/settings/SettingsView.test.tsx(8,10): error TS2614: Module '"./SettingsView"' has no exported member 'SettingsView'. Did you mean to use 'import SettingsView from "./SettingsView"' instead?
src/renderer/views/settings/SettingsView.test.tsx(30,5): error TS7018: Object literal's property 'data' implicitly has an 'any[]' type.
src/renderer/views/settings/SettingsView.test.tsx(31,5): error TS7018: Object literal's property 'selectedItems' implicitly has an 'any[]' type.
src/renderer/views/settings/SettingsView.test.tsx(34,5): error TS7018: Object literal's property 'error' implicitly has an 'any' type.
src/renderer/views/settings/SettingsView.tsx(91,74): error TS2345: Argument of type 'ChangeEvent<HTMLInputElement>' is not assignable to parameter of type 'string'.
src/renderer/views/settings/SettingsView.tsx(99,80): error TS2345: Argument of type 'ChangeEvent<HTMLInputElement>' is not assignable to parameter of type 'string'.
src/renderer/views/settings/SettingsView.tsx(109,71): error TS2345: Argument of type 'ChangeEvent<HTMLInputElement>' is not assignable to parameter of type 'string'.
src/renderer/views/settings/SettingsView.tsx(130,87): error TS2345: Argument of type 'ChangeEvent<HTMLInputElement>' is not assignable to parameter of type 'string'.
src/renderer/views/settings/SettingsView.tsx(159,82): error TS2345: Argument of type 'ChangeEvent<HTMLInputElement>' is not assignable to parameter of type 'string'.
src/renderer/views/settings/SettingsView.tsx(177,15): error TS2322: Type '{ label: string; checked: boolean; onChange: (checked: boolean) => void; helpText: string; "data-cy": string; }' is not assignable to type 'IntrinsicAttributes & CheckboxProps'.
  Property 'helpText' does not exist on type 'IntrinsicAttributes & CheckboxProps'.
src/renderer/views/users/UsersView.test.tsx(8,10): error TS2614: Module '"./UsersView"' has no exported member 'UsersView'. Did you mean to use 'import UsersView from "./UsersView"' instead?
src/renderer/views/users/UsersView.test.tsx(30,5): error TS7018: Object literal's property 'data' implicitly has an 'any[]' type.
src/renderer/views/users/UsersView.test.tsx(31,5): error TS7018: Object literal's property 'selectedItems' implicitly has an 'any[]' type.
src/renderer/views/users/UsersView.test.tsx(34,5): error TS7018: Object literal's property 'error' implicitly has an 'any' type.
src/renderer/views/users/UsersView.tsx(38,7): error TS2322: Type 'ConnectDragSource' is not assignable to type 'Ref<HTMLDivElement>'.
  Type 'ConnectDragSource' is not assignable to type '(instance: HTMLDivElement) => void | (() => VoidOrUndefinedOnly)'.
    Type 'ReactElement<unknown, string | JSXElementConstructor<any>>' is not assignable to type 'void | (() => VoidOrUndefinedOnly)'.
src/renderer/views/users/UsersView.tsx(125,11): error TS2322: Type '{ id: string; objectId: string; displayName: string; firstName: string; lastName: string; email: string; userPrincipalName: string; department: string; jobTitle: string; officeLocation: string; ... 9 more ...; riskLevel: string; }[]' is not assignable to type 'UserData[]'.
  Type '{ id: string; objectId: string; displayName: string; firstName: string; lastName: string; email: string; userPrincipalName: string; department: string; jobTitle: string; officeLocation: string; ... 9 more ...; riskLevel: string; }' is missing the following properties from type 'UserData': mail, accountEnabled, samAccountName, companyName, and 4 more.
src/renderer/views/users/UsersView.tsx(287,6): error TS2448: Block-scoped variable 'handleViewDetails' used before its declaration.
src/renderer/views/users/UsersView.tsx(329,48): error TS2345: Argument of type 'ChangeEvent<HTMLInputElement>' is not assignable to parameter of type 'SetStateAction<string>'.
