{"numFailedTestSuites":2,"numFailedTests":17,"numPassedTestSuites":0,"numPassedTests":5,"numPendingTestSuites":5,"numPendingTests":120,"numRuntimeErrorTestSuites":1,"numTodoTests":0,"numTotalTestSuites":7,"numTotalTests":142,"openHandles":[],"snapshot":{"added":0,"didUpdate":false,"failure":false,"filesAdded":0,"filesRemoved":0,"filesRemovedList":[],"filesUnmatched":0,"filesUpdated":0,"matched":0,"total":0,"unchecked":0,"uncheckedKeysByFile":[],"unmatched":0,"updated":0},"startTime":1761247549342,"success":false,"testResults":[{"assertionResults":[{"ancestorTitles":["DataClassificationView","Rendering"],"duration":null,"failing":false,"failureDetails":[],"failureMessages":[],"fullName":"DataClassificationView Rendering renders without crashing","invocations":1,"location":null,"numPassingAsserts":0,"retryReasons":[],"startAt":1761247550397,"status":"pending","title":"renders without crashing"},{"ancestorTitles":["DataClassificationView","Rendering"],"duration":null,"failing":false,"failureDetails":[],"failureMessages":[],"fullName":"DataClassificationView Rendering displays the view title","invocations":1,"location":null,"numPassingAsserts":0,"retryReasons":[],"startAt":1761247550398,"status":"pending","title":"displays the view title"},{"ancestorTitles":["DataClassificationView","Rendering"],"duration":null,"failing":false,"failureDetails":[],"failureMessages":[],"fullName":"DataClassificationView Rendering displays the view description","invocations":1,"location":null,"numPassingAsserts":0,"retryReasons":[],"startAt":1761247550398,"status":"pending","title":"displays the view description"},{"ancestorTitles":["DataClassificationView","Rendering"],"duration":null,"failing":false,"failureDetails":[],"failureMessages":[],"fullName":"DataClassificationView Rendering displays the icon","invocations":1,"location":null,"numPassingAsserts":0,"retryReasons":[],"startAt":1761247550398,"status":"pending","title":"displays the icon"},{"ancestorTitles":["DataClassificationView","Rendering"],"duration":null,"failing":false,"failureDetails":[],"failureMessages":[],"fullName":"DataClassificationView Rendering has proper heading structure","invocations":1,"location":null,"numPassingAsserts":0,"retryReasons":[],"startAt":1761247550398,"status":"pending","title":"has proper heading structure"},{"ancestorTitles":["DataClassificationView","Loading State"],"duration":null,"failing":false,"failureDetails":[],"failureMessages":[],"fullName":"DataClassificationView Loading State shows loading state when data is loading","invocations":1,"location":null,"numPassingAsserts":0,"retryReasons":[],"startAt":1761247550398,"status":"pending","title":"shows loading state when data is loading"},{"ancestorTitles":["DataClassificationView","Loading State"],"duration":null,"failing":false,"failureDetails":[],"failureMessages":[],"fullName":"DataClassificationView Loading State does not show loading state when data is loaded","invocations":1,"location":null,"numPassingAsserts":0,"retryReasons":[],"startAt":1761247550398,"status":"pending","title":"does not show loading state when data is loaded"},{"ancestorTitles":["DataClassificationView","Data Display"],"duration":null,"failing":false,"failureDetails":[],"failureMessages":[],"fullName":"DataClassificationView Data Display displays data when loaded","invocations":1,"location":null,"numPassingAsserts":0,"retryReasons":[],"startAt":1761247550398,"status":"pending","title":"displays data when loaded"},{"ancestorTitles":["DataClassificationView","Data Display"],"duration":null,"failing":false,"failureDetails":[],"failureMessages":[],"fullName":"DataClassificationView Data Display shows empty state when no data","invocations":1,"location":null,"numPassingAsserts":0,"retryReasons":[],"startAt":1761247550398,"status":"pending","title":"shows empty state when no data"},{"ancestorTitles":["DataClassificationView","Search and Filtering"],"duration":null,"failing":false,"failureDetails":[],"failureMessages":[],"fullName":"DataClassificationView Search and Filtering renders search input","invocations":1,"location":null,"numPassingAsserts":0,"retryReasons":[],"startAt":1761247550398,"status":"pending","title":"renders search input"},{"ancestorTitles":["DataClassificationView","Search and Filtering"],"duration":null,"failing":false,"failureDetails":[],"failureMessages":[],"fullName":"DataClassificationView Search and Filtering handles search input changes","invocations":1,"location":null,"numPassingAsserts":0,"retryReasons":[],"startAt":1761247550398,"status":"pending","title":"handles search input changes"},{"ancestorTitles":["DataClassificationView","Button Actions"],"duration":null,"failing":false,"failureDetails":[],"failureMessages":[],"fullName":"DataClassificationView Button Actions renders action buttons","invocations":1,"location":null,"numPassingAsserts":0,"retryReasons":[],"startAt":1761247550398,"status":"pending","title":"renders action buttons"},{"ancestorTitles":["DataClassificationView","Button Actions"],"duration":null,"failing":false,"failureDetails":[],"failureMessages":[],"fullName":"DataClassificationView Button Actions calls exportData when export button clicked","invocations":1,"location":null,"numPassingAsserts":0,"retryReasons":[],"startAt":1761247550398,"status":"pending","title":"calls exportData when export button clicked"},{"ancestorTitles":["DataClassificationView","Button Actions"],"duration":null,"failing":false,"failureDetails":[],"failureMessages":[],"fullName":"DataClassificationView Button Actions calls refreshData when refresh button clicked","invocations":1,"location":null,"numPassingAsserts":0,"retryReasons":[],"startAt":1761247550398,"status":"pending","title":"calls refreshData when refresh button clicked"},{"ancestorTitles":["DataClassificationView","Button Actions"],"duration":null,"failing":false,"failureDetails":[],"failureMessages":[],"fullName":"DataClassificationView Button Actions disables export button when no data","invocations":1,"location":null,"numPassingAsserts":0,"retryReasons":[],"startAt":1761247550398,"status":"pending","title":"disables export button when no data"},{"ancestorTitles":["DataClassificationView","Item Selection"],"duration":null,"failing":false,"failureDetails":[],"failureMessages":[],"fullName":"DataClassificationView Item Selection allows selecting items","invocations":1,"location":null,"numPassingAsserts":0,"retryReasons":[],"startAt":1761247550398,"status":"pending","title":"allows selecting items"},{"ancestorTitles":["DataClassificationView","Item Selection"],"duration":null,"failing":false,"failureDetails":[],"failureMessages":[],"fullName":"DataClassificationView Item Selection displays selected count when items are selected","invocations":1,"location":null,"numPassingAsserts":0,"retryReasons":[],"startAt":1761247550398,"status":"pending","title":"displays selected count when items are selected"},{"ancestorTitles":["DataClassificationView","Error Handling"],"duration":null,"failing":false,"failureDetails":[],"failureMessages":[],"fullName":"DataClassificationView Error Handling displays error message when error occurs","invocations":1,"location":null,"numPassingAsserts":0,"retryReasons":[],"startAt":1761247550398,"status":"pending","title":"displays error message when error occurs"},{"ancestorTitles":["DataClassificationView","Error Handling"],"duration":null,"failing":false,"failureDetails":[],"failureMessages":[],"fullName":"DataClassificationView Error Handling does not display error when no error","invocations":1,"location":null,"numPassingAsserts":0,"retryReasons":[],"startAt":1761247550398,"status":"pending","title":"does not display error when no error"},{"ancestorTitles":["DataClassificationView","Error Handling"],"duration":null,"failing":false,"failureDetails":[],"failureMessages":[],"fullName":"DataClassificationView Error Handling shows error alert with proper styling","invocations":1,"location":null,"numPassingAsserts":0,"retryReasons":[],"startAt":1761247550398,"status":"pending","title":"shows error alert with proper styling"},{"ancestorTitles":["DataClassificationView","Accessibility"],"duration":null,"failing":false,"failureDetails":[],"failureMessages":[],"fullName":"DataClassificationView Accessibility has accessible data-cy attributes","invocations":1,"location":null,"numPassingAsserts":0,"retryReasons":[],"startAt":1761247550398,"status":"pending","title":"has accessible data-cy attributes"},{"ancestorTitles":["DataClassificationView","Accessibility"],"duration":null,"failing":false,"failureDetails":[],"failureMessages":[],"fullName":"DataClassificationView Accessibility has accessible button labels","invocations":1,"location":null,"numPassingAsserts":0,"retryReasons":[],"startAt":1761247550398,"status":"pending","title":"has accessible button labels"},{"ancestorTitles":["DataClassificationView","Accessibility"],"duration":null,"failing":false,"failureDetails":[],"failureMessages":[],"fullName":"DataClassificationView Accessibility has accessible form labels","invocations":1,"location":null,"numPassingAsserts":0,"retryReasons":[],"startAt":1761247550398,"status":"pending","title":"has accessible form labels"},{"ancestorTitles":["DataClassificationView","Integration"],"duration":null,"failing":false,"failureDetails":[],"failureMessages":[],"fullName":"DataClassificationView Integration handles complete workflow","invocations":1,"location":null,"numPassingAsserts":0,"retryReasons":[],"startAt":1761247550399,"status":"pending","title":"handles complete workflow"}],"coverage":{},"endTime":1761247551335,"message":"","name":"D:\\Scripts\\UserMandA\\guiv2\\src\\renderer\\views\\advanced\\DataClassificationView.test.tsx","startTime":1761247551335,"status":"skipped","summary":""},{"assertionResults":[{"ancestorTitles":["DataImportExportView","Rendering"],"duration":null,"failing":false,"failureDetails":[],"failureMessages":[],"fullName":"DataImportExportView Rendering renders without crashing","invocations":1,"location":null,"numPassingAsserts":0,"retryReasons":[],"startAt":1761247550500,"status":"pending","title":"renders without crashing"},{"ancestorTitles":["DataImportExportView","Rendering"],"duration":null,"failing":false,"failureDetails":[],"failureMessages":[],"fullName":"DataImportExportView Rendering displays the view title","invocations":1,"location":null,"numPassingAsserts":0,"retryReasons":[],"startAt":1761247550500,"status":"pending","title":"displays the view title"},{"ancestorTitles":["DataImportExportView","Rendering"],"duration":null,"failing":false,"failureDetails":[],"failureMessages":[],"fullName":"DataImportExportView Rendering displays the view description","invocations":1,"location":null,"numPassingAsserts":0,"retryReasons":[],"startAt":1761247550500,"status":"pending","title":"displays the view description"},{"ancestorTitles":["DataImportExportView","Rendering"],"duration":null,"failing":false,"failureDetails":[],"failureMessages":[],"fullName":"DataImportExportView Rendering displays the icon","invocations":1,"location":null,"numPassingAsserts":0,"retryReasons":[],"startAt":1761247550500,"status":"pending","title":"displays the icon"},{"ancestorTitles":["DataImportExportView","Rendering"],"duration":null,"failing":false,"failureDetails":[],"failureMessages":[],"fullName":"DataImportExportView Rendering has proper heading structure","invocations":1,"location":null,"numPassingAsserts":0,"retryReasons":[],"startAt":1761247550500,"status":"pending","title":"has proper heading structure"},{"ancestorTitles":["DataImportExportView","Loading State"],"duration":null,"failing":false,"failureDetails":[],"failureMessages":[],"fullName":"DataImportExportView Loading State shows loading state when data is loading","invocations":1,"location":null,"numPassingAsserts":0,"retryReasons":[],"startAt":1761247550500,"status":"pending","title":"shows loading state when data is loading"},{"ancestorTitles":["DataImportExportView","Loading State"],"duration":null,"failing":false,"failureDetails":[],"failureMessages":[],"fullName":"DataImportExportView Loading State does not show loading state when data is loaded","invocations":1,"location":null,"numPassingAsserts":0,"retryReasons":[],"startAt":1761247550500,"status":"pending","title":"does not show loading state when data is loaded"},{"ancestorTitles":["DataImportExportView","Data Display"],"duration":null,"failing":false,"failureDetails":[],"failureMessages":[],"fullName":"DataImportExportView Data Display displays data when loaded","invocations":1,"location":null,"numPassingAsserts":0,"retryReasons":[],"startAt":1761247550501,"status":"pending","title":"displays data when loaded"},{"ancestorTitles":["DataImportExportView","Data Display"],"duration":null,"failing":false,"failureDetails":[],"failureMessages":[],"fullName":"DataImportExportView Data Display shows empty state when no data","invocations":1,"location":null,"numPassingAsserts":0,"retryReasons":[],"startAt":1761247550501,"status":"pending","title":"shows empty state when no data"},{"ancestorTitles":["DataImportExportView","Search and Filtering"],"duration":null,"failing":false,"failureDetails":[],"failureMessages":[],"fullName":"DataImportExportView Search and Filtering renders search input","invocations":1,"location":null,"numPassingAsserts":0,"retryReasons":[],"startAt":1761247550501,"status":"pending","title":"renders search input"},{"ancestorTitles":["DataImportExportView","Search and Filtering"],"duration":null,"failing":false,"failureDetails":[],"failureMessages":[],"fullName":"DataImportExportView Search and Filtering handles search input changes","invocations":1,"location":null,"numPassingAsserts":0,"retryReasons":[],"startAt":1761247550501,"status":"pending","title":"handles search input changes"},{"ancestorTitles":["DataImportExportView","Button Actions"],"duration":null,"failing":false,"failureDetails":[],"failureMessages":[],"fullName":"DataImportExportView Button Actions renders action buttons","invocations":1,"location":null,"numPassingAsserts":0,"retryReasons":[],"startAt":1761247550501,"status":"pending","title":"renders action buttons"},{"ancestorTitles":["DataImportExportView","Button Actions"],"duration":null,"failing":false,"failureDetails":[],"failureMessages":[],"fullName":"DataImportExportView Button Actions calls exportData when export button clicked","invocations":1,"location":null,"numPassingAsserts":0,"retryReasons":[],"startAt":1761247550501,"status":"pending","title":"calls exportData when export button clicked"},{"ancestorTitles":["DataImportExportView","Button Actions"],"duration":null,"failing":false,"failureDetails":[],"failureMessages":[],"fullName":"DataImportExportView Button Actions calls refreshData when refresh button clicked","invocations":1,"location":null,"numPassingAsserts":0,"retryReasons":[],"startAt":1761247550501,"status":"pending","title":"calls refreshData when refresh button clicked"},{"ancestorTitles":["DataImportExportView","Button Actions"],"duration":null,"failing":false,"failureDetails":[],"failureMessages":[],"fullName":"DataImportExportView Button Actions disables export button when no data","invocations":1,"location":null,"numPassingAsserts":0,"retryReasons":[],"startAt":1761247550501,"status":"pending","title":"disables export button when no data"},{"ancestorTitles":["DataImportExportView","Item Selection"],"duration":null,"failing":false,"failureDetails":[],"failureMessages":[],"fullName":"DataImportExportView Item Selection allows selecting items","invocations":1,"location":null,"numPassingAsserts":0,"retryReasons":[],"startAt":1761247550501,"status":"pending","title":"allows selecting items"},{"ancestorTitles":["DataImportExportView","Item Selection"],"duration":null,"failing":false,"failureDetails":[],"failureMessages":[],"fullName":"DataImportExportView Item Selection displays selected count when items are selected","invocations":1,"location":null,"numPassingAsserts":0,"retryReasons":[],"startAt":1761247550501,"status":"pending","title":"displays selected count when items are selected"},{"ancestorTitles":["DataImportExportView","Error Handling"],"duration":null,"failing":false,"failureDetails":[],"failureMessages":[],"fullName":"DataImportExportView Error Handling displays error message when error occurs","invocations":1,"location":null,"numPassingAsserts":0,"retryReasons":[],"startAt":1761247550501,"status":"pending","title":"displays error message when error occurs"},{"ancestorTitles":["DataImportExportView","Error Handling"],"duration":null,"failing":false,"failureDetails":[],"failureMessages":[],"fullName":"DataImportExportView Error Handling does not display error when no error","invocations":1,"location":null,"numPassingAsserts":0,"retryReasons":[],"startAt":1761247550501,"status":"pending","title":"does not display error when no error"},{"ancestorTitles":["DataImportExportView","Error Handling"],"duration":null,"failing":false,"failureDetails":[],"failureMessages":[],"fullName":"DataImportExportView Error Handling shows error alert with proper styling","invocations":1,"location":null,"numPassingAsserts":0,"retryReasons":[],"startAt":1761247550501,"status":"pending","title":"shows error alert with proper styling"},{"ancestorTitles":["DataImportExportView","Accessibility"],"duration":null,"failing":false,"failureDetails":[],"failureMessages":[],"fullName":"DataImportExportView Accessibility has accessible data-cy attributes","invocations":1,"location":null,"numPassingAsserts":0,"retryReasons":[],"startAt":1761247550501,"status":"pending","title":"has accessible data-cy attributes"},{"ancestorTitles":["DataImportExportView","Accessibility"],"duration":null,"failing":false,"failureDetails":[],"failureMessages":[],"fullName":"DataImportExportView Accessibility has accessible button labels","invocations":1,"location":null,"numPassingAsserts":0,"retryReasons":[],"startAt":1761247550501,"status":"pending","title":"has accessible button labels"},{"ancestorTitles":["DataImportExportView","Accessibility"],"duration":null,"failing":false,"failureDetails":[],"failureMessages":[],"fullName":"DataImportExportView Accessibility has accessible form labels","invocations":1,"location":null,"numPassingAsserts":0,"retryReasons":[],"startAt":1761247550501,"status":"pending","title":"has accessible form labels"},{"ancestorTitles":["DataImportExportView","Integration"],"duration":null,"failing":false,"failureDetails":[],"failureMessages":[],"fullName":"DataImportExportView Integration handles complete workflow","invocations":1,"location":null,"numPassingAsserts":0,"retryReasons":[],"startAt":1761247550501,"status":"pending","title":"handles complete workflow"}],"coverage":{},"endTime":1761247551335,"message":"","name":"D:\\Scripts\\UserMandA\\guiv2\\src\\renderer\\views\\advanced\\DataImportExportView.test.tsx","startTime":1761247551335,"status":"skipped","summary":""},{"assertionResults":[{"ancestorTitles":["DisasterRecoveryView","Rendering"],"duration":null,"failing":false,"failureDetails":[],"failureMessages":[],"fullName":"DisasterRecoveryView Rendering renders without crashing","invocations":1,"location":null,"numPassingAsserts":0,"retryReasons":[],"startAt":1761247550608,"status":"pending","title":"renders without crashing"},{"ancestorTitles":["DisasterRecoveryView","Rendering"],"duration":null,"failing":false,"failureDetails":[],"failureMessages":[],"fullName":"DisasterRecoveryView Rendering displays the view title","invocations":1,"location":null,"numPassingAsserts":0,"retryReasons":[],"startAt":1761247550608,"status":"pending","title":"displays the view title"},{"ancestorTitles":["DisasterRecoveryView","Rendering"],"duration":null,"failing":false,"failureDetails":[],"failureMessages":[],"fullName":"DisasterRecoveryView Rendering displays the view description","invocations":1,"location":null,"numPassingAsserts":0,"retryReasons":[],"startAt":1761247550608,"status":"pending","title":"displays the view description"},{"ancestorTitles":["DisasterRecoveryView","Rendering"],"duration":null,"failing":false,"failureDetails":[],"failureMessages":[],"fullName":"DisasterRecoveryView Rendering displays the icon","invocations":1,"location":null,"numPassingAsserts":0,"retryReasons":[],"startAt":1761247550609,"status":"pending","title":"displays the icon"},{"ancestorTitles":["DisasterRecoveryView","Rendering"],"duration":null,"failing":false,"failureDetails":[],"failureMessages":[],"fullName":"DisasterRecoveryView Rendering has proper heading structure","invocations":1,"location":null,"numPassingAsserts":0,"retryReasons":[],"startAt":1761247550609,"status":"pending","title":"has proper heading structure"},{"ancestorTitles":["DisasterRecoveryView","Loading State"],"duration":null,"failing":false,"failureDetails":[],"failureMessages":[],"fullName":"DisasterRecoveryView Loading State shows loading state when data is loading","invocations":1,"location":null,"numPassingAsserts":0,"retryReasons":[],"startAt":1761247550609,"status":"pending","title":"shows loading state when data is loading"},{"ancestorTitles":["DisasterRecoveryView","Loading State"],"duration":null,"failing":false,"failureDetails":[],"failureMessages":[],"fullName":"DisasterRecoveryView Loading State does not show loading state when data is loaded","invocations":1,"location":null,"numPassingAsserts":0,"retryReasons":[],"startAt":1761247550609,"status":"pending","title":"does not show loading state when data is loaded"},{"ancestorTitles":["DisasterRecoveryView","Data Display"],"duration":null,"failing":false,"failureDetails":[],"failureMessages":[],"fullName":"DisasterRecoveryView Data Display displays data when loaded","invocations":1,"location":null,"numPassingAsserts":0,"retryReasons":[],"startAt":1761247550609,"status":"pending","title":"displays data when loaded"},{"ancestorTitles":["DisasterRecoveryView","Data Display"],"duration":null,"failing":false,"failureDetails":[],"failureMessages":[],"fullName":"DisasterRecoveryView Data Display shows empty state when no data","invocations":1,"location":null,"numPassingAsserts":0,"retryReasons":[],"startAt":1761247550609,"status":"pending","title":"shows empty state when no data"},{"ancestorTitles":["DisasterRecoveryView","Search and Filtering"],"duration":null,"failing":false,"failureDetails":[],"failureMessages":[],"fullName":"DisasterRecoveryView Search and Filtering renders search input","invocations":1,"location":null,"numPassingAsserts":0,"retryReasons":[],"startAt":1761247550609,"status":"pending","title":"renders search input"},{"ancestorTitles":["DisasterRecoveryView","Search and Filtering"],"duration":null,"failing":false,"failureDetails":[],"failureMessages":[],"fullName":"DisasterRecoveryView Search and Filtering handles search input changes","invocations":1,"location":null,"numPassingAsserts":0,"retryReasons":[],"startAt":1761247550609,"status":"pending","title":"handles search input changes"},{"ancestorTitles":["DisasterRecoveryView","Button Actions"],"duration":null,"failing":false,"failureDetails":[],"failureMessages":[],"fullName":"DisasterRecoveryView Button Actions renders action buttons","invocations":1,"location":null,"numPassingAsserts":0,"retryReasons":[],"startAt":1761247550609,"status":"pending","title":"renders action buttons"},{"ancestorTitles":["DisasterRecoveryView","Button Actions"],"duration":null,"failing":false,"failureDetails":[],"failureMessages":[],"fullName":"DisasterRecoveryView Button Actions calls exportData when export button clicked","invocations":1,"location":null,"numPassingAsserts":0,"retryReasons":[],"startAt":1761247550609,"status":"pending","title":"calls exportData when export button clicked"},{"ancestorTitles":["DisasterRecoveryView","Button Actions"],"duration":null,"failing":false,"failureDetails":[],"failureMessages":[],"fullName":"DisasterRecoveryView Button Actions calls refreshData when refresh button clicked","invocations":1,"location":null,"numPassingAsserts":0,"retryReasons":[],"startAt":1761247550609,"status":"pending","title":"calls refreshData when refresh button clicked"},{"ancestorTitles":["DisasterRecoveryView","Button Actions"],"duration":null,"failing":false,"failureDetails":[],"failureMessages":[],"fullName":"DisasterRecoveryView Button Actions disables export button when no data","invocations":1,"location":null,"numPassingAsserts":0,"retryReasons":[],"startAt":1761247550609,"status":"pending","title":"disables export button when no data"},{"ancestorTitles":["DisasterRecoveryView","Item Selection"],"duration":null,"failing":false,"failureDetails":[],"failureMessages":[],"fullName":"DisasterRecoveryView Item Selection allows selecting items","invocations":1,"location":null,"numPassingAsserts":0,"retryReasons":[],"startAt":1761247550609,"status":"pending","title":"allows selecting items"},{"ancestorTitles":["DisasterRecoveryView","Item Selection"],"duration":null,"failing":false,"failureDetails":[],"failureMessages":[],"fullName":"DisasterRecoveryView Item Selection displays selected count when items are selected","invocations":1,"location":null,"numPassingAsserts":0,"retryReasons":[],"startAt":1761247550609,"status":"pending","title":"displays selected count when items are selected"},{"ancestorTitles":["DisasterRecoveryView","Error Handling"],"duration":null,"failing":false,"failureDetails":[],"failureMessages":[],"fullName":"DisasterRecoveryView Error Handling displays error message when error occurs","invocations":1,"location":null,"numPassingAsserts":0,"retryReasons":[],"startAt":1761247550609,"status":"pending","title":"displays error message when error occurs"},{"ancestorTitles":["DisasterRecoveryView","Error Handling"],"duration":null,"failing":false,"failureDetails":[],"failureMessages":[],"fullName":"DisasterRecoveryView Error Handling does not display error when no error","invocations":1,"location":null,"numPassingAsserts":0,"retryReasons":[],"startAt":1761247550609,"status":"pending","title":"does not display error when no error"},{"ancestorTitles":["DisasterRecoveryView","Error Handling"],"duration":null,"failing":false,"failureDetails":[],"failureMessages":[],"fullName":"DisasterRecoveryView Error Handling shows error alert with proper styling","invocations":1,"location":null,"numPassingAsserts":0,"retryReasons":[],"startAt":1761247550609,"status":"pending","title":"shows error alert with proper styling"},{"ancestorTitles":["DisasterRecoveryView","Accessibility"],"duration":null,"failing":false,"failureDetails":[],"failureMessages":[],"fullName":"DisasterRecoveryView Accessibility has accessible data-cy attributes","invocations":1,"location":null,"numPassingAsserts":0,"retryReasons":[],"startAt":1761247550609,"status":"pending","title":"has accessible data-cy attributes"},{"ancestorTitles":["DisasterRecoveryView","Accessibility"],"duration":null,"failing":false,"failureDetails":[],"failureMessages":[],"fullName":"DisasterRecoveryView Accessibility has accessible button labels","invocations":1,"location":null,"numPassingAsserts":0,"retryReasons":[],"startAt":1761247550609,"status":"pending","title":"has accessible button labels"},{"ancestorTitles":["DisasterRecoveryView","Accessibility"],"duration":null,"failing":false,"failureDetails":[],"failureMessages":[],"fullName":"DisasterRecoveryView Accessibility has accessible form labels","invocations":1,"location":null,"numPassingAsserts":0,"retryReasons":[],"startAt":1761247550609,"status":"pending","title":"has accessible form labels"},{"ancestorTitles":["DisasterRecoveryView","Integration"],"duration":null,"failing":false,"failureDetails":[],"failureMessages":[],"fullName":"DisasterRecoveryView Integration handles complete workflow","invocations":1,"location":null,"numPassingAsserts":0,"retryReasons":[],"startAt":1761247550609,"status":"pending","title":"handles complete workflow"}],"coverage":{},"endTime":1761247551335,"message":"","name":"D:\\Scripts\\UserMandA\\guiv2\\src\\renderer\\views\\advanced\\DisasterRecoveryView.test.tsx","startTime":1761247551335,"status":"skipped","summary":""},{"assertionResults":[{"ancestorTitles":["DataGovernanceView","Rendering"],"duration":null,"failing":false,"failureDetails":[],"failureMessages":[],"fullName":"DataGovernanceView Rendering renders without crashing","invocations":1,"location":null,"numPassingAsserts":0,"retryReasons":[],"startAt":1761247550694,"status":"pending","title":"renders without crashing"},{"ancestorTitles":["DataGovernanceView","Rendering"],"duration":null,"failing":false,"failureDetails":[],"failureMessages":[],"fullName":"DataGovernanceView Rendering displays the view title","invocations":1,"location":null,"numPassingAsserts":0,"retryReasons":[],"startAt":1761247550694,"status":"pending","title":"displays the view title"},{"ancestorTitles":["DataGovernanceView","Rendering"],"duration":null,"failing":false,"failureDetails":[],"failureMessages":[],"fullName":"DataGovernanceView Rendering displays the view description","invocations":1,"location":null,"numPassingAsserts":0,"retryReasons":[],"startAt":1761247550694,"status":"pending","title":"displays the view description"},{"ancestorTitles":["DataGovernanceView","Rendering"],"duration":null,"failing":false,"failureDetails":[],"failureMessages":[],"fullName":"DataGovernanceView Rendering displays the icon","invocations":1,"location":null,"numPassingAsserts":0,"retryReasons":[],"startAt":1761247550694,"status":"pending","title":"displays the icon"},{"ancestorTitles":["DataGovernanceView","Rendering"],"duration":null,"failing":false,"failureDetails":[],"failureMessages":[],"fullName":"DataGovernanceView Rendering has proper heading structure","invocations":1,"location":null,"numPassingAsserts":0,"retryReasons":[],"startAt":1761247550694,"status":"pending","title":"has proper heading structure"},{"ancestorTitles":["DataGovernanceView","Loading State"],"duration":null,"failing":false,"failureDetails":[],"failureMessages":[],"fullName":"DataGovernanceView Loading State shows loading state when data is loading","invocations":1,"location":null,"numPassingAsserts":0,"retryReasons":[],"startAt":1761247550694,"status":"pending","title":"shows loading state when data is loading"},{"ancestorTitles":["DataGovernanceView","Loading State"],"duration":null,"failing":false,"failureDetails":[],"failureMessages":[],"fullName":"DataGovernanceView Loading State does not show loading state when data is loaded","invocations":1,"location":null,"numPassingAsserts":0,"retryReasons":[],"startAt":1761247550694,"status":"pending","title":"does not show loading state when data is loaded"},{"ancestorTitles":["DataGovernanceView","Data Display"],"duration":null,"failing":false,"failureDetails":[],"failureMessages":[],"fullName":"DataGovernanceView Data Display displays data when loaded","invocations":1,"location":null,"numPassingAsserts":0,"retryReasons":[],"startAt":1761247550694,"status":"pending","title":"displays data when loaded"},{"ancestorTitles":["DataGovernanceView","Data Display"],"duration":null,"failing":false,"failureDetails":[],"failureMessages":[],"fullName":"DataGovernanceView Data Display shows empty state when no data","invocations":1,"location":null,"numPassingAsserts":0,"retryReasons":[],"startAt":1761247550694,"status":"pending","title":"shows empty state when no data"},{"ancestorTitles":["DataGovernanceView","Search and Filtering"],"duration":null,"failing":false,"failureDetails":[],"failureMessages":[],"fullName":"DataGovernanceView Search and Filtering renders search input","invocations":1,"location":null,"numPassingAsserts":0,"retryReasons":[],"startAt":1761247550694,"status":"pending","title":"renders search input"},{"ancestorTitles":["DataGovernanceView","Search and Filtering"],"duration":null,"failing":false,"failureDetails":[],"failureMessages":[],"fullName":"DataGovernanceView Search and Filtering handles search input changes","invocations":1,"location":null,"numPassingAsserts":0,"retryReasons":[],"startAt":1761247550694,"status":"pending","title":"handles search input changes"},{"ancestorTitles":["DataGovernanceView","Button Actions"],"duration":null,"failing":false,"failureDetails":[],"failureMessages":[],"fullName":"DataGovernanceView Button Actions renders action buttons","invocations":1,"location":null,"numPassingAsserts":0,"retryReasons":[],"startAt":1761247550694,"status":"pending","title":"renders action buttons"},{"ancestorTitles":["DataGovernanceView","Button Actions"],"duration":null,"failing":false,"failureDetails":[],"failureMessages":[],"fullName":"DataGovernanceView Button Actions calls exportData when export button clicked","invocations":1,"location":null,"numPassingAsserts":0,"retryReasons":[],"startAt":1761247550694,"status":"pending","title":"calls exportData when export button clicked"},{"ancestorTitles":["DataGovernanceView","Button Actions"],"duration":null,"failing":false,"failureDetails":[],"failureMessages":[],"fullName":"DataGovernanceView Button Actions calls refreshData when refresh button clicked","invocations":1,"location":null,"numPassingAsserts":0,"retryReasons":[],"startAt":1761247550694,"status":"pending","title":"calls refreshData when refresh button clicked"},{"ancestorTitles":["DataGovernanceView","Button Actions"],"duration":null,"failing":false,"failureDetails":[],"failureMessages":[],"fullName":"DataGovernanceView Button Actions disables export button when no data","invocations":1,"location":null,"numPassingAsserts":0,"retryReasons":[],"startAt":1761247550694,"status":"pending","title":"disables export button when no data"},{"ancestorTitles":["DataGovernanceView","Item Selection"],"duration":null,"failing":false,"failureDetails":[],"failureMessages":[],"fullName":"DataGovernanceView Item Selection allows selecting items","invocations":1,"location":null,"numPassingAsserts":0,"retryReasons":[],"startAt":1761247550694,"status":"pending","title":"allows selecting items"},{"ancestorTitles":["DataGovernanceView","Item Selection"],"duration":null,"failing":false,"failureDetails":[],"failureMessages":[],"fullName":"DataGovernanceView Item Selection displays selected count when items are selected","invocations":1,"location":null,"numPassingAsserts":0,"retryReasons":[],"startAt":1761247550694,"status":"pending","title":"displays selected count when items are selected"},{"ancestorTitles":["DataGovernanceView","Error Handling"],"duration":null,"failing":false,"failureDetails":[],"failureMessages":[],"fullName":"DataGovernanceView Error Handling displays error message when error occurs","invocations":1,"location":null,"numPassingAsserts":0,"retryReasons":[],"startAt":1761247550694,"status":"pending","title":"displays error message when error occurs"},{"ancestorTitles":["DataGovernanceView","Error Handling"],"duration":null,"failing":false,"failureDetails":[],"failureMessages":[],"fullName":"DataGovernanceView Error Handling does not display error when no error","invocations":1,"location":null,"numPassingAsserts":0,"retryReasons":[],"startAt":1761247550694,"status":"pending","title":"does not display error when no error"},{"ancestorTitles":["DataGovernanceView","Error Handling"],"duration":null,"failing":false,"failureDetails":[],"failureMessages":[],"fullName":"DataGovernanceView Error Handling shows error alert with proper styling","invocations":1,"location":null,"numPassingAsserts":0,"retryReasons":[],"startAt":1761247550695,"status":"pending","title":"shows error alert with proper styling"},{"ancestorTitles":["DataGovernanceView","Accessibility"],"duration":null,"failing":false,"failureDetails":[],"failureMessages":[],"fullName":"DataGovernanceView Accessibility has accessible data-cy attributes","invocations":1,"location":null,"numPassingAsserts":0,"retryReasons":[],"startAt":1761247550695,"status":"pending","title":"has accessible data-cy attributes"},{"ancestorTitles":["DataGovernanceView","Accessibility"],"duration":null,"failing":false,"failureDetails":[],"failureMessages":[],"fullName":"DataGovernanceView Accessibility has accessible button labels","invocations":1,"location":null,"numPassingAsserts":0,"retryReasons":[],"startAt":1761247550695,"status":"pending","title":"has accessible button labels"},{"ancestorTitles":["DataGovernanceView","Accessibility"],"duration":null,"failing":false,"failureDetails":[],"failureMessages":[],"fullName":"DataGovernanceView Accessibility has accessible form labels","invocations":1,"location":null,"numPassingAsserts":0,"retryReasons":[],"startAt":1761247550695,"status":"pending","title":"has accessible form labels"},{"ancestorTitles":["DataGovernanceView","Integration"],"duration":null,"failing":false,"failureDetails":[],"failureMessages":[],"fullName":"DataGovernanceView Integration handles complete workflow","invocations":1,"location":null,"numPassingAsserts":0,"retryReasons":[],"startAt":1761247550695,"status":"pending","title":"handles complete workflow"}],"coverage":{},"endTime":1761247551335,"message":"","name":"D:\\Scripts\\UserMandA\\guiv2\\src\\renderer\\views\\advanced\\DataGovernanceView.test.tsx","startTime":1761247551335,"status":"skipped","summary":""},{"assertionResults":[{"ancestorTitles":["DiagnosticsView","Rendering"],"duration":null,"failing":false,"failureDetails":[],"failureMessages":[],"fullName":"DiagnosticsView Rendering renders without crashing","invocations":1,"location":null,"numPassingAsserts":0,"retryReasons":[],"startAt":1761247550776,"status":"pending","title":"renders without crashing"},{"ancestorTitles":["DiagnosticsView","Rendering"],"duration":null,"failing":false,"failureDetails":[],"failureMessages":[],"fullName":"DiagnosticsView Rendering displays the view title","invocations":1,"location":null,"numPassingAsserts":0,"retryReasons":[],"startAt":1761247550776,"status":"pending","title":"displays the view title"},{"ancestorTitles":["DiagnosticsView","Rendering"],"duration":null,"failing":false,"failureDetails":[],"failureMessages":[],"fullName":"DiagnosticsView Rendering displays the view description","invocations":1,"location":null,"numPassingAsserts":0,"retryReasons":[],"startAt":1761247550776,"status":"pending","title":"displays the view description"},{"ancestorTitles":["DiagnosticsView","Rendering"],"duration":null,"failing":false,"failureDetails":[],"failureMessages":[],"fullName":"DiagnosticsView Rendering displays the icon","invocations":1,"location":null,"numPassingAsserts":0,"retryReasons":[],"startAt":1761247550776,"status":"pending","title":"displays the icon"},{"ancestorTitles":["DiagnosticsView","Rendering"],"duration":null,"failing":false,"failureDetails":[],"failureMessages":[],"fullName":"DiagnosticsView Rendering has proper heading structure","invocations":1,"location":null,"numPassingAsserts":0,"retryReasons":[],"startAt":1761247550776,"status":"pending","title":"has proper heading structure"},{"ancestorTitles":["DiagnosticsView","Loading State"],"duration":null,"failing":false,"failureDetails":[],"failureMessages":[],"fullName":"DiagnosticsView Loading State shows loading state when data is loading","invocations":1,"location":null,"numPassingAsserts":0,"retryReasons":[],"startAt":1761247550776,"status":"pending","title":"shows loading state when data is loading"},{"ancestorTitles":["DiagnosticsView","Loading State"],"duration":null,"failing":false,"failureDetails":[],"failureMessages":[],"fullName":"DiagnosticsView Loading State does not show loading state when data is loaded","invocations":1,"location":null,"numPassingAsserts":0,"retryReasons":[],"startAt":1761247550776,"status":"pending","title":"does not show loading state when data is loaded"},{"ancestorTitles":["DiagnosticsView","Data Display"],"duration":null,"failing":false,"failureDetails":[],"failureMessages":[],"fullName":"DiagnosticsView Data Display displays data when loaded","invocations":1,"location":null,"numPassingAsserts":0,"retryReasons":[],"startAt":1761247550777,"status":"pending","title":"displays data when loaded"},{"ancestorTitles":["DiagnosticsView","Data Display"],"duration":null,"failing":false,"failureDetails":[],"failureMessages":[],"fullName":"DiagnosticsView Data Display shows empty state when no data","invocations":1,"location":null,"numPassingAsserts":0,"retryReasons":[],"startAt":1761247550777,"status":"pending","title":"shows empty state when no data"},{"ancestorTitles":["DiagnosticsView","Search and Filtering"],"duration":null,"failing":false,"failureDetails":[],"failureMessages":[],"fullName":"DiagnosticsView Search and Filtering renders search input","invocations":1,"location":null,"numPassingAsserts":0,"retryReasons":[],"startAt":1761247550777,"status":"pending","title":"renders search input"},{"ancestorTitles":["DiagnosticsView","Search and Filtering"],"duration":null,"failing":false,"failureDetails":[],"failureMessages":[],"fullName":"DiagnosticsView Search and Filtering handles search input changes","invocations":1,"location":null,"numPassingAsserts":0,"retryReasons":[],"startAt":1761247550777,"status":"pending","title":"handles search input changes"},{"ancestorTitles":["DiagnosticsView","Button Actions"],"duration":null,"failing":false,"failureDetails":[],"failureMessages":[],"fullName":"DiagnosticsView Button Actions renders action buttons","invocations":1,"location":null,"numPassingAsserts":0,"retryReasons":[],"startAt":1761247550777,"status":"pending","title":"renders action buttons"},{"ancestorTitles":["DiagnosticsView","Button Actions"],"duration":null,"failing":false,"failureDetails":[],"failureMessages":[],"fullName":"DiagnosticsView Button Actions calls exportData when export button clicked","invocations":1,"location":null,"numPassingAsserts":0,"retryReasons":[],"startAt":1761247550777,"status":"pending","title":"calls exportData when export button clicked"},{"ancestorTitles":["DiagnosticsView","Button Actions"],"duration":null,"failing":false,"failureDetails":[],"failureMessages":[],"fullName":"DiagnosticsView Button Actions calls refreshData when refresh button clicked","invocations":1,"location":null,"numPassingAsserts":0,"retryReasons":[],"startAt":1761247550777,"status":"pending","title":"calls refreshData when refresh button clicked"},{"ancestorTitles":["DiagnosticsView","Button Actions"],"duration":null,"failing":false,"failureDetails":[],"failureMessages":[],"fullName":"DiagnosticsView Button Actions disables export button when no data","invocations":1,"location":null,"numPassingAsserts":0,"retryReasons":[],"startAt":1761247550777,"status":"pending","title":"disables export button when no data"},{"ancestorTitles":["DiagnosticsView","Item Selection"],"duration":null,"failing":false,"failureDetails":[],"failureMessages":[],"fullName":"DiagnosticsView Item Selection allows selecting items","invocations":1,"location":null,"numPassingAsserts":0,"retryReasons":[],"startAt":1761247550777,"status":"pending","title":"allows selecting items"},{"ancestorTitles":["DiagnosticsView","Item Selection"],"duration":null,"failing":false,"failureDetails":[],"failureMessages":[],"fullName":"DiagnosticsView Item Selection displays selected count when items are selected","invocations":1,"location":null,"numPassingAsserts":0,"retryReasons":[],"startAt":1761247550777,"status":"pending","title":"displays selected count when items are selected"},{"ancestorTitles":["DiagnosticsView","Error Handling"],"duration":null,"failing":false,"failureDetails":[],"failureMessages":[],"fullName":"DiagnosticsView Error Handling displays error message when error occurs","invocations":1,"location":null,"numPassingAsserts":0,"retryReasons":[],"startAt":1761247550777,"status":"pending","title":"displays error message when error occurs"},{"ancestorTitles":["DiagnosticsView","Error Handling"],"duration":null,"failing":false,"failureDetails":[],"failureMessages":[],"fullName":"DiagnosticsView Error Handling does not display error when no error","invocations":1,"location":null,"numPassingAsserts":0,"retryReasons":[],"startAt":1761247550777,"status":"pending","title":"does not display error when no error"},{"ancestorTitles":["DiagnosticsView","Error Handling"],"duration":null,"failing":false,"failureDetails":[],"failureMessages":[],"fullName":"DiagnosticsView Error Handling shows error alert with proper styling","invocations":1,"location":null,"numPassingAsserts":0,"retryReasons":[],"startAt":1761247550777,"status":"pending","title":"shows error alert with proper styling"},{"ancestorTitles":["DiagnosticsView","Accessibility"],"duration":null,"failing":false,"failureDetails":[],"failureMessages":[],"fullName":"DiagnosticsView Accessibility has accessible data-cy attributes","invocations":1,"location":null,"numPassingAsserts":0,"retryReasons":[],"startAt":1761247550777,"status":"pending","title":"has accessible data-cy attributes"},{"ancestorTitles":["DiagnosticsView","Accessibility"],"duration":null,"failing":false,"failureDetails":[],"failureMessages":[],"fullName":"DiagnosticsView Accessibility has accessible button labels","invocations":1,"location":null,"numPassingAsserts":0,"retryReasons":[],"startAt":1761247550777,"status":"pending","title":"has accessible button labels"},{"ancestorTitles":["DiagnosticsView","Accessibility"],"duration":null,"failing":false,"failureDetails":[],"failureMessages":[],"fullName":"DiagnosticsView Accessibility has accessible form labels","invocations":1,"location":null,"numPassingAsserts":0,"retryReasons":[],"startAt":1761247550777,"status":"pending","title":"has accessible form labels"},{"ancestorTitles":["DiagnosticsView","Integration"],"duration":null,"failing":false,"failureDetails":[],"failureMessages":[],"fullName":"DiagnosticsView Integration handles complete workflow","invocations":1,"location":null,"numPassingAsserts":0,"retryReasons":[],"startAt":1761247550777,"status":"pending","title":"handles complete workflow"}],"coverage":{},"endTime":1761247551335,"message":"","name":"D:\\Scripts\\UserMandA\\guiv2\\src\\renderer\\views\\advanced\\DiagnosticsView.test.tsx","startTime":1761247551335,"status":"skipped","summary":""},{"assertionResults":[{"ancestorTitles":["OverviewView","Rendering"],"duration":23,"failing":false,"failureDetails":[{"name":"TestingLibraryElementError"}],"failureMessages":["TestingLibraryElementError: Unable to find an element by: [data-cy=\"overview-view\"]\n\nIgnored nodes: comments, script, style\n\u001b[36m<body>\u001b[39m\n  \u001b[36m<div>\u001b[39m\n    \u001b[36m<div\u001b[39m\n      \u001b[33mclass\u001b[39m=\u001b[32m\"flex items-center justify-center h-full min-h-[600px]\"\u001b[39m\n    \u001b[36m>\u001b[39m\n      \u001b[36m<div\u001b[39m\n        \u001b[33mclass\u001b[39m=\u001b[32m\"text-center\"\u001b[39m\n      \u001b[36m>\u001b[39m\n        \u001b[36m<span\u001b[39m\n          \u001b[33maria-label\u001b[39m=\u001b[32m\"Loading...\"\u001b[39m\n          \u001b[33mclass\u001b[39m=\u001b[32m\"mx-auto mb-4\"\u001b[39m\n          \u001b[33mrole\u001b[39m=\u001b[32m\"status\"\u001b[39m\n        \u001b[36m>\u001b[39m\n          \u001b[36m<svg\u001b[39m\n            \u001b[33maria-hidden\u001b[39m=\u001b[32m\"true\"\u001b[39m\n            \u001b[33mclass\u001b[39m=\u001b[32m\"lucide lucide-loader-circle animate-spin text-blue-600 dark:text-blue-400\"\u001b[39m\n            \u001b[33mfill\u001b[39m=\u001b[32m\"none\"\u001b[39m\n            \u001b[33mheight\u001b[39m=\u001b[32m\"32\"\u001b[39m\n            \u001b[33mstroke\u001b[39m=\u001b[32m\"currentColor\"\u001b[39m\n            \u001b[33mstroke-linecap\u001b[39m=\u001b[32m\"round\"\u001b[39m\n            \u001b[33mstroke-linejoin\u001b[39m=\u001b[32m\"round\"\u001b[39m\n            \u001b[33mstroke-width\u001b[39m=\u001b[32m\"2\"\u001b[39m\n            \u001b[33mviewBox\u001b[39m=\u001b[32m\"0 0 24 24\"\u001b[39m\n            \u001b[33mwidth\u001b[39m=\u001b[32m\"32\"\u001b[39m\n            \u001b[33mxmlns\u001b[39m=\u001b[32m\"http://www.w3.org/2000/svg\"\u001b[39m\n          \u001b[36m>\u001b[39m\n            \u001b[36m<path\u001b[39m\n              \u001b[33md\u001b[39m=\u001b[32m\"M21 12a9 9 0 1 1-6.219-8.56\"\u001b[39m\n            \u001b[36m/>\u001b[39m\n          \u001b[36m</svg>\u001b[39m\n          \u001b[36m<span\u001b[39m\n            \u001b[33mclass\u001b[39m=\u001b[32m\"sr-only\"\u001b[39m\n          \u001b[36m>\u001b[39m\n            \u001b[0mLoading...\u001b[0m\n          \u001b[36m</span>\u001b[39m\n        \u001b[36m</span>\u001b[39m\n        \u001b[36m<p\u001b[39m\n          \u001b[33mclass\u001b[39m=\u001b[32m\"text-[var(--text-secondary)]\"\u001b[39m\n        \u001b[36m>\u001b[39m\n          \u001b[0mLoading dashboard...\u001b[0m\n        \u001b[36m</p>\u001b[39m\n      \u001b[36m</div>\u001b[39m\n    \u001b[36m</div>\u001b[39m\n  \u001b[36m</div>\u001b[39m\n\u001b[36m</body>\u001b[39m\n    at Object.getElementError (D:\\Scripts\\UserMandA\\guiv2\\node_modules\\@testing-library\\dom\\dist\\config.js:37:19)\n    at D:\\Scripts\\UserMandA\\guiv2\\node_modules\\@testing-library\\dom\\dist\\query-helpers.js:76:38\n    at D:\\Scripts\\UserMandA\\guiv2\\node_modules\\@testing-library\\dom\\dist\\query-helpers.js:52:17\n    at D:\\Scripts\\UserMandA\\guiv2\\node_modules\\@testing-library\\dom\\dist\\query-helpers.js:95:19\n    at Object.getByTestId (D:\\Scripts\\UserMandA\\guiv2\\src\\renderer\\views\\overview\\OverviewView.test.tsx:62:21)\n    at Promise.finally.completed (D:\\Scripts\\UserMandA\\guiv2\\node_modules\\jest-circus\\build\\jestAdapterInit.js:1557:28)\n    at new Promise (<anonymous>)\n    at callAsyncCircusFn (D:\\Scripts\\UserMandA\\guiv2\\node_modules\\jest-circus\\build\\jestAdapterInit.js:1497:10)\n    at _callCircusTest (D:\\Scripts\\UserMandA\\guiv2\\node_modules\\jest-circus\\build\\jestAdapterInit.js:1007:40)\n    at _runTest (D:\\Scripts\\UserMandA\\guiv2\\node_modules\\jest-circus\\build\\jestAdapterInit.js:947:3)\n    at D:\\Scripts\\UserMandA\\guiv2\\node_modules\\jest-circus\\build\\jestAdapterInit.js:849:7\n    at _runTestsForDescribeBlock (D:\\Scripts\\UserMandA\\guiv2\\node_modules\\jest-circus\\build\\jestAdapterInit.js:862:11)\n    at _runTestsForDescribeBlock (D:\\Scripts\\UserMandA\\guiv2\\node_modules\\jest-circus\\build\\jestAdapterInit.js:857:11)\n    at _runTestsForDescribeBlock (D:\\Scripts\\UserMandA\\guiv2\\node_modules\\jest-circus\\build\\jestAdapterInit.js:857:11)\n    at run (D:\\Scripts\\UserMandA\\guiv2\\node_modules\\jest-circus\\build\\jestAdapterInit.js:761:3)\n    at runAndTransformResultsToJestFormat (D:\\Scripts\\UserMandA\\guiv2\\node_modules\\jest-circus\\build\\jestAdapterInit.js:1918:21)\n    at jestAdapter (D:\\Scripts\\UserMandA\\guiv2\\node_modules\\jest-circus\\build\\runner.js:101:19)\n    at runTestInternal (D:\\Scripts\\UserMandA\\guiv2\\node_modules\\jest-runner\\build\\index.js:275:16)\n    at runTest (D:\\Scripts\\UserMandA\\guiv2\\node_modules\\jest-runner\\build\\index.js:343:7)"],"fullName":"OverviewView Rendering renders without crashing","invocations":1,"location":null,"numPassingAsserts":0,"retryReasons":[],"startAt":1761247551058,"status":"failed","title":"renders without crashing"},{"ancestorTitles":["OverviewView","Rendering"],"duration":7,"failing":false,"failureDetails":[{"name":"TestingLibraryElementError"}],"failureMessages":["TestingLibraryElementError: Unable to find an element with the text: Overview. This could be because the text is broken up by multiple elements. In this case, you can provide a function for your text matcher to make your matcher more flexible.\n\nIgnored nodes: comments, script, style\n\u001b[36m<body>\u001b[39m\n  \u001b[36m<div>\u001b[39m\n    \u001b[36m<div\u001b[39m\n      \u001b[33mclass\u001b[39m=\u001b[32m\"flex items-center justify-center h-full min-h-[600px]\"\u001b[39m\n    \u001b[36m>\u001b[39m\n      \u001b[36m<div\u001b[39m\n        \u001b[33mclass\u001b[39m=\u001b[32m\"text-center\"\u001b[39m\n      \u001b[36m>\u001b[39m\n        \u001b[36m<span\u001b[39m\n          \u001b[33maria-label\u001b[39m=\u001b[32m\"Loading...\"\u001b[39m\n          \u001b[33mclass\u001b[39m=\u001b[32m\"mx-auto mb-4\"\u001b[39m\n          \u001b[33mrole\u001b[39m=\u001b[32m\"status\"\u001b[39m\n        \u001b[36m>\u001b[39m\n          \u001b[36m<svg\u001b[39m\n            \u001b[33maria-hidden\u001b[39m=\u001b[32m\"true\"\u001b[39m\n            \u001b[33mclass\u001b[39m=\u001b[32m\"lucide lucide-loader-circle animate-spin text-blue-600 dark:text-blue-400\"\u001b[39m\n            \u001b[33mfill\u001b[39m=\u001b[32m\"none\"\u001b[39m\n            \u001b[33mheight\u001b[39m=\u001b[32m\"32\"\u001b[39m\n            \u001b[33mstroke\u001b[39m=\u001b[32m\"currentColor\"\u001b[39m\n            \u001b[33mstroke-linecap\u001b[39m=\u001b[32m\"round\"\u001b[39m\n            \u001b[33mstroke-linejoin\u001b[39m=\u001b[32m\"round\"\u001b[39m\n            \u001b[33mstroke-width\u001b[39m=\u001b[32m\"2\"\u001b[39m\n            \u001b[33mviewBox\u001b[39m=\u001b[32m\"0 0 24 24\"\u001b[39m\n            \u001b[33mwidth\u001b[39m=\u001b[32m\"32\"\u001b[39m\n            \u001b[33mxmlns\u001b[39m=\u001b[32m\"http://www.w3.org/2000/svg\"\u001b[39m\n          \u001b[36m>\u001b[39m\n            \u001b[36m<path\u001b[39m\n              \u001b[33md\u001b[39m=\u001b[32m\"M21 12a9 9 0 1 1-6.219-8.56\"\u001b[39m\n            \u001b[36m/>\u001b[39m\n          \u001b[36m</svg>\u001b[39m\n          \u001b[36m<span\u001b[39m\n            \u001b[33mclass\u001b[39m=\u001b[32m\"sr-only\"\u001b[39m\n          \u001b[36m>\u001b[39m\n            \u001b[0mLoading...\u001b[0m\n          \u001b[36m</span>\u001b[39m\n        \u001b[36m</span>\u001b[39m\n        \u001b[36m<p\u001b[39m\n          \u001b[33mclass\u001b[39m=\u001b[32m\"text-[var(--text-secondary)]\"\u001b[39m\n        \u001b[36m>\u001b[39m\n          \u001b[0mLoading dashboard...\u001b[0m\n        \u001b[36m</p>\u001b[39m\n      \u001b[36m</div>\u001b[39m\n    \u001b[36m</div>\u001b[39m\n  \u001b[36m</div>\u001b[39m\n\u001b[36m</body>\u001b[39m\n    at Object.getElementError (D:\\Scripts\\UserMandA\\guiv2\\node_modules\\@testing-library\\dom\\dist\\config.js:37:19)\n    at D:\\Scripts\\UserMandA\\guiv2\\node_modules\\@testing-library\\dom\\dist\\query-helpers.js:76:38\n    at D:\\Scripts\\UserMandA\\guiv2\\node_modules\\@testing-library\\dom\\dist\\query-helpers.js:52:17\n    at D:\\Scripts\\UserMandA\\guiv2\\node_modules\\@testing-library\\dom\\dist\\query-helpers.js:95:19\n    at Object.getByText (D:\\Scripts\\UserMandA\\guiv2\\src\\renderer\\views\\overview\\OverviewView.test.tsx:67:21)\n    at Promise.finally.completed (D:\\Scripts\\UserMandA\\guiv2\\node_modules\\jest-circus\\build\\jestAdapterInit.js:1557:28)\n    at new Promise (<anonymous>)\n    at callAsyncCircusFn (D:\\Scripts\\UserMandA\\guiv2\\node_modules\\jest-circus\\build\\jestAdapterInit.js:1497:10)\n    at _callCircusTest (D:\\Scripts\\UserMandA\\guiv2\\node_modules\\jest-circus\\build\\jestAdapterInit.js:1007:40)\n    at _runTest (D:\\Scripts\\UserMandA\\guiv2\\node_modules\\jest-circus\\build\\jestAdapterInit.js:947:3)\n    at D:\\Scripts\\UserMandA\\guiv2\\node_modules\\jest-circus\\build\\jestAdapterInit.js:849:7\n    at _runTestsForDescribeBlock (D:\\Scripts\\UserMandA\\guiv2\\node_modules\\jest-circus\\build\\jestAdapterInit.js:862:11)\n    at _runTestsForDescribeBlock (D:\\Scripts\\UserMandA\\guiv2\\node_modules\\jest-circus\\build\\jestAdapterInit.js:857:11)\n    at _runTestsForDescribeBlock (D:\\Scripts\\UserMandA\\guiv2\\node_modules\\jest-circus\\build\\jestAdapterInit.js:857:11)\n    at run (D:\\Scripts\\UserMandA\\guiv2\\node_modules\\jest-circus\\build\\jestAdapterInit.js:761:3)\n    at runAndTransformResultsToJestFormat (D:\\Scripts\\UserMandA\\guiv2\\node_modules\\jest-circus\\build\\jestAdapterInit.js:1918:21)\n    at jestAdapter (D:\\Scripts\\UserMandA\\guiv2\\node_modules\\jest-circus\\build\\runner.js:101:19)\n    at runTestInternal (D:\\Scripts\\UserMandA\\guiv2\\node_modules\\jest-runner\\build\\index.js:275:16)\n    at runTest (D:\\Scripts\\UserMandA\\guiv2\\node_modules\\jest-runner\\build\\index.js:343:7)"],"fullName":"OverviewView Rendering displays the view title","invocations":1,"location":null,"numPassingAsserts":0,"retryReasons":[],"startAt":1761247551086,"status":"failed","title":"displays the view title"},{"ancestorTitles":["OverviewView","Rendering"],"duration":4,"failing":false,"failureDetails":[{"name":"TestingLibraryElementError"}],"failureMessages":["TestingLibraryElementError: Unable to find an element with the text: /System overview/i. This could be because the text is broken up by multiple elements. In this case, you can provide a function for your text matcher to make your matcher more flexible.\n\nIgnored nodes: comments, script, style\n\u001b[36m<body>\u001b[39m\n  \u001b[36m<div>\u001b[39m\n    \u001b[36m<div\u001b[39m\n      \u001b[33mclass\u001b[39m=\u001b[32m\"flex items-center justify-center h-full min-h-[600px]\"\u001b[39m\n    \u001b[36m>\u001b[39m\n      \u001b[36m<div\u001b[39m\n        \u001b[33mclass\u001b[39m=\u001b[32m\"text-center\"\u001b[39m\n      \u001b[36m>\u001b[39m\n        \u001b[36m<span\u001b[39m\n          \u001b[33maria-label\u001b[39m=\u001b[32m\"Loading...\"\u001b[39m\n          \u001b[33mclass\u001b[39m=\u001b[32m\"mx-auto mb-4\"\u001b[39m\n          \u001b[33mrole\u001b[39m=\u001b[32m\"status\"\u001b[39m\n        \u001b[36m>\u001b[39m\n          \u001b[36m<svg\u001b[39m\n            \u001b[33maria-hidden\u001b[39m=\u001b[32m\"true\"\u001b[39m\n            \u001b[33mclass\u001b[39m=\u001b[32m\"lucide lucide-loader-circle animate-spin text-blue-600 dark:text-blue-400\"\u001b[39m\n            \u001b[33mfill\u001b[39m=\u001b[32m\"none\"\u001b[39m\n            \u001b[33mheight\u001b[39m=\u001b[32m\"32\"\u001b[39m\n            \u001b[33mstroke\u001b[39m=\u001b[32m\"currentColor\"\u001b[39m\n            \u001b[33mstroke-linecap\u001b[39m=\u001b[32m\"round\"\u001b[39m\n            \u001b[33mstroke-linejoin\u001b[39m=\u001b[32m\"round\"\u001b[39m\n            \u001b[33mstroke-width\u001b[39m=\u001b[32m\"2\"\u001b[39m\n            \u001b[33mviewBox\u001b[39m=\u001b[32m\"0 0 24 24\"\u001b[39m\n            \u001b[33mwidth\u001b[39m=\u001b[32m\"32\"\u001b[39m\n            \u001b[33mxmlns\u001b[39m=\u001b[32m\"http://www.w3.org/2000/svg\"\u001b[39m\n          \u001b[36m>\u001b[39m\n            \u001b[36m<path\u001b[39m\n              \u001b[33md\u001b[39m=\u001b[32m\"M21 12a9 9 0 1 1-6.219-8.56\"\u001b[39m\n            \u001b[36m/>\u001b[39m\n          \u001b[36m</svg>\u001b[39m\n          \u001b[36m<span\u001b[39m\n            \u001b[33mclass\u001b[39m=\u001b[32m\"sr-only\"\u001b[39m\n          \u001b[36m>\u001b[39m\n            \u001b[0mLoading...\u001b[0m\n          \u001b[36m</span>\u001b[39m\n        \u001b[36m</span>\u001b[39m\n        \u001b[36m<p\u001b[39m\n          \u001b[33mclass\u001b[39m=\u001b[32m\"text-[var(--text-secondary)]\"\u001b[39m\n        \u001b[36m>\u001b[39m\n          \u001b[0mLoading dashboard...\u001b[0m\n        \u001b[36m</p>\u001b[39m\n      \u001b[36m</div>\u001b[39m\n    \u001b[36m</div>\u001b[39m\n  \u001b[36m</div>\u001b[39m\n\u001b[36m</body>\u001b[39m\n    at Object.getElementError (D:\\Scripts\\UserMandA\\guiv2\\node_modules\\@testing-library\\dom\\dist\\config.js:37:19)\n    at D:\\Scripts\\UserMandA\\guiv2\\node_modules\\@testing-library\\dom\\dist\\query-helpers.js:76:38\n    at D:\\Scripts\\UserMandA\\guiv2\\node_modules\\@testing-library\\dom\\dist\\query-helpers.js:52:17\n    at D:\\Scripts\\UserMandA\\guiv2\\node_modules\\@testing-library\\dom\\dist\\query-helpers.js:95:19\n    at Object.getByText (D:\\Scripts\\UserMandA\\guiv2\\src\\renderer\\views\\overview\\OverviewView.test.tsx:73:16)\n    at Promise.finally.completed (D:\\Scripts\\UserMandA\\guiv2\\node_modules\\jest-circus\\build\\jestAdapterInit.js:1557:28)\n    at new Promise (<anonymous>)\n    at callAsyncCircusFn (D:\\Scripts\\UserMandA\\guiv2\\node_modules\\jest-circus\\build\\jestAdapterInit.js:1497:10)\n    at _callCircusTest (D:\\Scripts\\UserMandA\\guiv2\\node_modules\\jest-circus\\build\\jestAdapterInit.js:1007:40)\n    at _runTest (D:\\Scripts\\UserMandA\\guiv2\\node_modules\\jest-circus\\build\\jestAdapterInit.js:947:3)\n    at D:\\Scripts\\UserMandA\\guiv2\\node_modules\\jest-circus\\build\\jestAdapterInit.js:849:7\n    at _runTestsForDescribeBlock (D:\\Scripts\\UserMandA\\guiv2\\node_modules\\jest-circus\\build\\jestAdapterInit.js:862:11)\n    at _runTestsForDescribeBlock (D:\\Scripts\\UserMandA\\guiv2\\node_modules\\jest-circus\\build\\jestAdapterInit.js:857:11)\n    at _runTestsForDescribeBlock (D:\\Scripts\\UserMandA\\guiv2\\node_modules\\jest-circus\\build\\jestAdapterInit.js:857:11)\n    at run (D:\\Scripts\\UserMandA\\guiv2\\node_modules\\jest-circus\\build\\jestAdapterInit.js:761:3)\n    at runAndTransformResultsToJestFormat (D:\\Scripts\\UserMandA\\guiv2\\node_modules\\jest-circus\\build\\jestAdapterInit.js:1918:21)\n    at jestAdapter (D:\\Scripts\\UserMandA\\guiv2\\node_modules\\jest-circus\\build\\runner.js:101:19)\n    at runTestInternal (D:\\Scripts\\UserMandA\\guiv2\\node_modules\\jest-runner\\build\\index.js:275:16)\n    at runTest (D:\\Scripts\\UserMandA\\guiv2\\node_modules\\jest-runner\\build\\index.js:343:7)"],"fullName":"OverviewView Rendering displays the view description","invocations":1,"location":null,"numPassingAsserts":0,"retryReasons":[],"startAt":1761247551093,"status":"failed","title":"displays the view description"},{"ancestorTitles":["OverviewView","Rendering"],"duration":3,"failing":false,"failureDetails":[],"failureMessages":[],"fullName":"OverviewView Rendering displays the icon","invocations":1,"location":null,"numPassingAsserts":1,"retryReasons":[],"startAt":1761247551097,"status":"passed","title":"displays the icon"},{"ancestorTitles":["OverviewView","Loading State"],"duration":24,"failing":false,"failureDetails":[{"message":"expect(received).toBeInTheDocument()\n\nreceived value must be an HTMLElement or an SVGElement.\nReceived has type:  boolean\nReceived has value: true"}],"failureMessages":["Error: expect(received).toBeInTheDocument()\n\nreceived value must be an HTMLElement or an SVGElement.\nReceived has type:  boolean\nReceived has value: true\n    at __EXTERNAL_MATCHER_TRAP__ (D:\\Scripts\\UserMandA\\guiv2\\node_modules\\expect\\build\\index.js:2240:22)\n    at Object.throwingMatcher [as toBeInTheDocument] (D:\\Scripts\\UserMandA\\guiv2\\node_modules\\expect\\build\\index.js:2241:6)\n    at Object.toBeInTheDocument (D:\\Scripts\\UserMandA\\guiv2\\src\\renderer\\views\\overview\\OverviewView.test.tsx:96:92)\n    at Promise.finally.completed (D:\\Scripts\\UserMandA\\guiv2\\node_modules\\jest-circus\\build\\jestAdapterInit.js:1557:28)\n    at new Promise (<anonymous>)\n    at callAsyncCircusFn (D:\\Scripts\\UserMandA\\guiv2\\node_modules\\jest-circus\\build\\jestAdapterInit.js:1497:10)\n    at _callCircusTest (D:\\Scripts\\UserMandA\\guiv2\\node_modules\\jest-circus\\build\\jestAdapterInit.js:1007:40)\n    at _runTest (D:\\Scripts\\UserMandA\\guiv2\\node_modules\\jest-circus\\build\\jestAdapterInit.js:947:3)\n    at D:\\Scripts\\UserMandA\\guiv2\\node_modules\\jest-circus\\build\\jestAdapterInit.js:849:7\n    at _runTestsForDescribeBlock (D:\\Scripts\\UserMandA\\guiv2\\node_modules\\jest-circus\\build\\jestAdapterInit.js:862:11)\n    at _runTestsForDescribeBlock (D:\\Scripts\\UserMandA\\guiv2\\node_modules\\jest-circus\\build\\jestAdapterInit.js:857:11)\n    at _runTestsForDescribeBlock (D:\\Scripts\\UserMandA\\guiv2\\node_modules\\jest-circus\\build\\jestAdapterInit.js:857:11)\n    at run (D:\\Scripts\\UserMandA\\guiv2\\node_modules\\jest-circus\\build\\jestAdapterInit.js:761:3)\n    at runAndTransformResultsToJestFormat (D:\\Scripts\\UserMandA\\guiv2\\node_modules\\jest-circus\\build\\jestAdapterInit.js:1918:21)\n    at jestAdapter (D:\\Scripts\\UserMandA\\guiv2\\node_modules\\jest-circus\\build\\runner.js:101:19)\n    at runTestInternal (D:\\Scripts\\UserMandA\\guiv2\\node_modules\\jest-runner\\build\\index.js:275:16)\n    at runTest (D:\\Scripts\\UserMandA\\guiv2\\node_modules\\jest-runner\\build\\index.js:343:7)"],"fullName":"OverviewView Loading State shows loading state when data is loading","invocations":1,"location":null,"numPassingAsserts":0,"retryReasons":[],"startAt":1761247551100,"status":"failed","title":"shows loading state when data is loading"},{"ancestorTitles":["OverviewView","Loading State"],"duration":6,"failing":false,"failureDetails":[{"matcherResult":{"pass":true,"message":"expect(element).not.toBeInTheDocument()\n\nexpected document not to contain element, found <span aria-label=\"Loading...\" class=\"mx-auto mb-4\" role=\"status\"><svg aria-hidden=\"true\" class=\"lucide lucide-loader-circle animate-spin text-blue-600 dark:text-blue-400\" fill=\"none\" height=\"32\" stroke=\"currentColor\" stroke-linecap=\"round\" stroke-linejoin=\"round\" stroke-width=\"2\" viewBox=\"0 0 24 24\" width=\"32\" xmlns=\"http://www.w3.org/2000/svg\"><path d=\"M21 12a9 9 0 1 1-6.219-8.56\" /></svg><span class=\"sr-only\">Loading...</span></span> instead"}}],"failureMessages":["Error: expect(element).not.toBeInTheDocument()\n\nexpected document not to contain element, found <span aria-label=\"Loading...\" class=\"mx-auto mb-4\" role=\"status\"><svg aria-hidden=\"true\" class=\"lucide lucide-loader-circle animate-spin text-blue-600 dark:text-blue-400\" fill=\"none\" height=\"32\" stroke=\"currentColor\" stroke-linecap=\"round\" stroke-linejoin=\"round\" stroke-width=\"2\" viewBox=\"0 0 24 24\" width=\"32\" xmlns=\"http://www.w3.org/2000/svg\"><path d=\"M21 12a9 9 0 1 1-6.219-8.56\" /></svg><span class=\"sr-only\">Loading...</span></span> instead\n    at Object.toBeInTheDocument (D:\\Scripts\\UserMandA\\guiv2\\src\\renderer\\views\\overview\\OverviewView.test.tsx:101:48)\n    at Promise.finally.completed (D:\\Scripts\\UserMandA\\guiv2\\node_modules\\jest-circus\\build\\jestAdapterInit.js:1557:28)\n    at new Promise (<anonymous>)\n    at callAsyncCircusFn (D:\\Scripts\\UserMandA\\guiv2\\node_modules\\jest-circus\\build\\jestAdapterInit.js:1497:10)\n    at _callCircusTest (D:\\Scripts\\UserMandA\\guiv2\\node_modules\\jest-circus\\build\\jestAdapterInit.js:1007:40)\n    at _runTest (D:\\Scripts\\UserMandA\\guiv2\\node_modules\\jest-circus\\build\\jestAdapterInit.js:947:3)\n    at D:\\Scripts\\UserMandA\\guiv2\\node_modules\\jest-circus\\build\\jestAdapterInit.js:849:7\n    at _runTestsForDescribeBlock (D:\\Scripts\\UserMandA\\guiv2\\node_modules\\jest-circus\\build\\jestAdapterInit.js:862:11)\n    at _runTestsForDescribeBlock (D:\\Scripts\\UserMandA\\guiv2\\node_modules\\jest-circus\\build\\jestAdapterInit.js:857:11)\n    at _runTestsForDescribeBlock (D:\\Scripts\\UserMandA\\guiv2\\node_modules\\jest-circus\\build\\jestAdapterInit.js:857:11)\n    at run (D:\\Scripts\\UserMandA\\guiv2\\node_modules\\jest-circus\\build\\jestAdapterInit.js:761:3)\n    at runAndTransformResultsToJestFormat (D:\\Scripts\\UserMandA\\guiv2\\node_modules\\jest-circus\\build\\jestAdapterInit.js:1918:21)\n    at jestAdapter (D:\\Scripts\\UserMandA\\guiv2\\node_modules\\jest-circus\\build\\runner.js:101:19)\n    at runTestInternal (D:\\Scripts\\UserMandA\\guiv2\\node_modules\\jest-runner\\build\\index.js:275:16)\n    at runTest (D:\\Scripts\\UserMandA\\guiv2\\node_modules\\jest-runner\\build\\index.js:343:7)"],"fullName":"OverviewView Loading State does not show loading state when data is loaded","invocations":1,"location":null,"numPassingAsserts":0,"retryReasons":[],"startAt":1761247551125,"status":"failed","title":"does not show loading state when data is loaded"},{"ancestorTitles":["OverviewView","Data Display"],"duration":4,"failing":false,"failureDetails":[],"failureMessages":[],"fullName":"OverviewView Data Display displays data when loaded","invocations":1,"location":null,"numPassingAsserts":1,"retryReasons":[],"startAt":1761247551131,"status":"passed","title":"displays data when loaded"},{"ancestorTitles":["OverviewView","Data Display"],"duration":3,"failing":false,"failureDetails":[{"matcherResult":{"message":"expect(received).toBeTruthy()\n\nReceived: null","pass":false}}],"failureMessages":["Error: expect(received).toBeTruthy()\n\nReceived: null\n    at Object.toBeTruthy (D:\\Scripts\\UserMandA\\guiv2\\src\\renderer\\views\\overview\\OverviewView.test.tsx:132:9)\n    at Promise.finally.completed (D:\\Scripts\\UserMandA\\guiv2\\node_modules\\jest-circus\\build\\jestAdapterInit.js:1557:28)\n    at new Promise (<anonymous>)\n    at callAsyncCircusFn (D:\\Scripts\\UserMandA\\guiv2\\node_modules\\jest-circus\\build\\jestAdapterInit.js:1497:10)\n    at _callCircusTest (D:\\Scripts\\UserMandA\\guiv2\\node_modules\\jest-circus\\build\\jestAdapterInit.js:1007:40)\n    at _runTest (D:\\Scripts\\UserMandA\\guiv2\\node_modules\\jest-circus\\build\\jestAdapterInit.js:947:3)\n    at D:\\Scripts\\UserMandA\\guiv2\\node_modules\\jest-circus\\build\\jestAdapterInit.js:849:7\n    at _runTestsForDescribeBlock (D:\\Scripts\\UserMandA\\guiv2\\node_modules\\jest-circus\\build\\jestAdapterInit.js:862:11)\n    at _runTestsForDescribeBlock (D:\\Scripts\\UserMandA\\guiv2\\node_modules\\jest-circus\\build\\jestAdapterInit.js:857:11)\n    at _runTestsForDescribeBlock (D:\\Scripts\\UserMandA\\guiv2\\node_modules\\jest-circus\\build\\jestAdapterInit.js:857:11)\n    at run (D:\\Scripts\\UserMandA\\guiv2\\node_modules\\jest-circus\\build\\jestAdapterInit.js:761:3)\n    at runAndTransformResultsToJestFormat (D:\\Scripts\\UserMandA\\guiv2\\node_modules\\jest-circus\\build\\jestAdapterInit.js:1918:21)\n    at jestAdapter (D:\\Scripts\\UserMandA\\guiv2\\node_modules\\jest-circus\\build\\runner.js:101:19)\n    at runTestInternal (D:\\Scripts\\UserMandA\\guiv2\\node_modules\\jest-runner\\build\\index.js:275:16)\n    at runTest (D:\\Scripts\\UserMandA\\guiv2\\node_modules\\jest-runner\\build\\index.js:343:7)"],"fullName":"OverviewView Data Display shows empty state when no data","invocations":1,"location":null,"numPassingAsserts":0,"retryReasons":[],"startAt":1761247551135,"status":"failed","title":"shows empty state when no data"},{"ancestorTitles":["OverviewView","Search and Filtering"],"duration":4,"failing":false,"failureDetails":[{"message":"expect(received).toBeInTheDocument()\n\nreceived value must be an HTMLElement or an SVGElement.\nReceived has value: null"}],"failureMessages":["Error: expect(received).toBeInTheDocument()\n\nreceived value must be an HTMLElement or an SVGElement.\nReceived has value: null\n    at __EXTERNAL_MATCHER_TRAP__ (D:\\Scripts\\UserMandA\\guiv2\\node_modules\\expect\\build\\index.js:2240:22)\n    at Object.throwingMatcher [as toBeInTheDocument] (D:\\Scripts\\UserMandA\\guiv2\\node_modules\\expect\\build\\index.js:2241:6)\n    at Object.toBeInTheDocument (D:\\Scripts\\UserMandA\\guiv2\\src\\renderer\\views\\overview\\OverviewView.test.tsx:144:27)\n    at Promise.finally.completed (D:\\Scripts\\UserMandA\\guiv2\\node_modules\\jest-circus\\build\\jestAdapterInit.js:1557:28)\n    at new Promise (<anonymous>)\n    at callAsyncCircusFn (D:\\Scripts\\UserMandA\\guiv2\\node_modules\\jest-circus\\build\\jestAdapterInit.js:1497:10)\n    at _callCircusTest (D:\\Scripts\\UserMandA\\guiv2\\node_modules\\jest-circus\\build\\jestAdapterInit.js:1007:40)\n    at _runTest (D:\\Scripts\\UserMandA\\guiv2\\node_modules\\jest-circus\\build\\jestAdapterInit.js:947:3)\n    at D:\\Scripts\\UserMandA\\guiv2\\node_modules\\jest-circus\\build\\jestAdapterInit.js:849:7\n    at _runTestsForDescribeBlock (D:\\Scripts\\UserMandA\\guiv2\\node_modules\\jest-circus\\build\\jestAdapterInit.js:862:11)\n    at _runTestsForDescribeBlock (D:\\Scripts\\UserMandA\\guiv2\\node_modules\\jest-circus\\build\\jestAdapterInit.js:857:11)\n    at _runTestsForDescribeBlock (D:\\Scripts\\UserMandA\\guiv2\\node_modules\\jest-circus\\build\\jestAdapterInit.js:857:11)\n    at run (D:\\Scripts\\UserMandA\\guiv2\\node_modules\\jest-circus\\build\\jestAdapterInit.js:761:3)\n    at runAndTransformResultsToJestFormat (D:\\Scripts\\UserMandA\\guiv2\\node_modules\\jest-circus\\build\\jestAdapterInit.js:1918:21)\n    at jestAdapter (D:\\Scripts\\UserMandA\\guiv2\\node_modules\\jest-circus\\build\\runner.js:101:19)\n    at runTestInternal (D:\\Scripts\\UserMandA\\guiv2\\node_modules\\jest-runner\\build\\index.js:275:16)\n    at runTest (D:\\Scripts\\UserMandA\\guiv2\\node_modules\\jest-runner\\build\\index.js:343:7)"],"fullName":"OverviewView Search and Filtering renders search input","invocations":1,"location":null,"numPassingAsserts":0,"retryReasons":[],"startAt":1761247551138,"status":"failed","title":"renders search input"},{"ancestorTitles":["OverviewView","Search and Filtering"],"duration":2,"failing":false,"failureDetails":[{"name":"TestingLibraryElementError"}],"failureMessages":["TestingLibraryElementError: Unable to find an element with the placeholder text of: /search/i\n\nIgnored nodes: comments, script, style\n\u001b[36m<body>\u001b[39m\n  \u001b[36m<div>\u001b[39m\n    \u001b[36m<div\u001b[39m\n      \u001b[33mclass\u001b[39m=\u001b[32m\"flex items-center justify-center h-full min-h-[600px]\"\u001b[39m\n    \u001b[36m>\u001b[39m\n      \u001b[36m<div\u001b[39m\n        \u001b[33mclass\u001b[39m=\u001b[32m\"text-center\"\u001b[39m\n      \u001b[36m>\u001b[39m\n        \u001b[36m<span\u001b[39m\n          \u001b[33maria-label\u001b[39m=\u001b[32m\"Loading...\"\u001b[39m\n          \u001b[33mclass\u001b[39m=\u001b[32m\"mx-auto mb-4\"\u001b[39m\n          \u001b[33mrole\u001b[39m=\u001b[32m\"status\"\u001b[39m\n        \u001b[36m>\u001b[39m\n          \u001b[36m<svg\u001b[39m\n            \u001b[33maria-hidden\u001b[39m=\u001b[32m\"true\"\u001b[39m\n            \u001b[33mclass\u001b[39m=\u001b[32m\"lucide lucide-loader-circle animate-spin text-blue-600 dark:text-blue-400\"\u001b[39m\n            \u001b[33mfill\u001b[39m=\u001b[32m\"none\"\u001b[39m\n            \u001b[33mheight\u001b[39m=\u001b[32m\"32\"\u001b[39m\n            \u001b[33mstroke\u001b[39m=\u001b[32m\"currentColor\"\u001b[39m\n            \u001b[33mstroke-linecap\u001b[39m=\u001b[32m\"round\"\u001b[39m\n            \u001b[33mstroke-linejoin\u001b[39m=\u001b[32m\"round\"\u001b[39m\n            \u001b[33mstroke-width\u001b[39m=\u001b[32m\"2\"\u001b[39m\n            \u001b[33mviewBox\u001b[39m=\u001b[32m\"0 0 24 24\"\u001b[39m\n            \u001b[33mwidth\u001b[39m=\u001b[32m\"32\"\u001b[39m\n            \u001b[33mxmlns\u001b[39m=\u001b[32m\"http://www.w3.org/2000/svg\"\u001b[39m\n          \u001b[36m>\u001b[39m\n            \u001b[36m<path\u001b[39m\n              \u001b[33md\u001b[39m=\u001b[32m\"M21 12a9 9 0 1 1-6.219-8.56\"\u001b[39m\n            \u001b[36m/>\u001b[39m\n          \u001b[36m</svg>\u001b[39m\n          \u001b[36m<span\u001b[39m\n            \u001b[33mclass\u001b[39m=\u001b[32m\"sr-only\"\u001b[39m\n          \u001b[36m>\u001b[39m\n            \u001b[0mLoading...\u001b[0m\n          \u001b[36m</span>\u001b[39m\n        \u001b[36m</span>\u001b[39m\n        \u001b[36m<p\u001b[39m\n          \u001b[33mclass\u001b[39m=\u001b[32m\"text-[var(--text-secondary)]\"\u001b[39m\n        \u001b[36m>\u001b[39m\n          \u001b[0mLoading dashboard...\u001b[0m\n        \u001b[36m</p>\u001b[39m\n      \u001b[36m</div>\u001b[39m\n    \u001b[36m</div>\u001b[39m\n  \u001b[36m</div>\u001b[39m\n\u001b[36m</body>\u001b[39m\n    at Object.getElementError (D:\\Scripts\\UserMandA\\guiv2\\node_modules\\@testing-library\\dom\\dist\\config.js:37:19)\n    at D:\\Scripts\\UserMandA\\guiv2\\node_modules\\@testing-library\\dom\\dist\\query-helpers.js:76:38\n    at D:\\Scripts\\UserMandA\\guiv2\\node_modules\\@testing-library\\dom\\dist\\query-helpers.js:52:17\n    at D:\\Scripts\\UserMandA\\guiv2\\node_modules\\@testing-library\\dom\\dist\\query-helpers.js:95:19\n    at Object.getByPlaceholderText (D:\\Scripts\\UserMandA\\guiv2\\src\\renderer\\views\\overview\\OverviewView.test.tsx:155:34)\n    at Promise.finally.completed (D:\\Scripts\\UserMandA\\guiv2\\node_modules\\jest-circus\\build\\jestAdapterInit.js:1557:28)\n    at new Promise (<anonymous>)\n    at callAsyncCircusFn (D:\\Scripts\\UserMandA\\guiv2\\node_modules\\jest-circus\\build\\jestAdapterInit.js:1497:10)\n    at _callCircusTest (D:\\Scripts\\UserMandA\\guiv2\\node_modules\\jest-circus\\build\\jestAdapterInit.js:1007:40)\n    at _runTest (D:\\Scripts\\UserMandA\\guiv2\\node_modules\\jest-circus\\build\\jestAdapterInit.js:947:3)\n    at D:\\Scripts\\UserMandA\\guiv2\\node_modules\\jest-circus\\build\\jestAdapterInit.js:849:7\n    at _runTestsForDescribeBlock (D:\\Scripts\\UserMandA\\guiv2\\node_modules\\jest-circus\\build\\jestAdapterInit.js:862:11)\n    at _runTestsForDescribeBlock (D:\\Scripts\\UserMandA\\guiv2\\node_modules\\jest-circus\\build\\jestAdapterInit.js:857:11)\n    at _runTestsForDescribeBlock (D:\\Scripts\\UserMandA\\guiv2\\node_modules\\jest-circus\\build\\jestAdapterInit.js:857:11)\n    at run (D:\\Scripts\\UserMandA\\guiv2\\node_modules\\jest-circus\\build\\jestAdapterInit.js:761:3)\n    at runAndTransformResultsToJestFormat (D:\\Scripts\\UserMandA\\guiv2\\node_modules\\jest-circus\\build\\jestAdapterInit.js:1918:21)\n    at jestAdapter (D:\\Scripts\\UserMandA\\guiv2\\node_modules\\jest-circus\\build\\runner.js:101:19)\n    at runTestInternal (D:\\Scripts\\UserMandA\\guiv2\\node_modules\\jest-runner\\build\\index.js:275:16)\n    at runTest (D:\\Scripts\\UserMandA\\guiv2\\node_modules\\jest-runner\\build\\index.js:343:7)"],"fullName":"OverviewView Search and Filtering handles search input changes","invocations":1,"location":null,"numPassingAsserts":0,"retryReasons":[],"startAt":1761247551142,"status":"failed","title":"handles search input changes"},{"ancestorTitles":["OverviewView","Item Selection"],"duration":4,"failing":false,"failureDetails":[{"matcherResult":{"message":"expect(received).toBeGreaterThan(expected)\n\nExpected: > 0\nReceived:   0","pass":false}}],"failureMessages":["Error: expect(received).toBeGreaterThan(expected)\n\nExpected: > 0\nReceived:   0\n    at Object.toBeGreaterThan (D:\\Scripts\\UserMandA\\guiv2\\src\\renderer\\views\\overview\\OverviewView.test.tsx:176:33)\n    at Promise.finally.completed (D:\\Scripts\\UserMandA\\guiv2\\node_modules\\jest-circus\\build\\jestAdapterInit.js:1557:28)\n    at new Promise (<anonymous>)\n    at callAsyncCircusFn (D:\\Scripts\\UserMandA\\guiv2\\node_modules\\jest-circus\\build\\jestAdapterInit.js:1497:10)\n    at _callCircusTest (D:\\Scripts\\UserMandA\\guiv2\\node_modules\\jest-circus\\build\\jestAdapterInit.js:1007:40)\n    at _runTest (D:\\Scripts\\UserMandA\\guiv2\\node_modules\\jest-circus\\build\\jestAdapterInit.js:947:3)\n    at D:\\Scripts\\UserMandA\\guiv2\\node_modules\\jest-circus\\build\\jestAdapterInit.js:849:7\n    at _runTestsForDescribeBlock (D:\\Scripts\\UserMandA\\guiv2\\node_modules\\jest-circus\\build\\jestAdapterInit.js:862:11)\n    at _runTestsForDescribeBlock (D:\\Scripts\\UserMandA\\guiv2\\node_modules\\jest-circus\\build\\jestAdapterInit.js:857:11)\n    at _runTestsForDescribeBlock (D:\\Scripts\\UserMandA\\guiv2\\node_modules\\jest-circus\\build\\jestAdapterInit.js:857:11)\n    at run (D:\\Scripts\\UserMandA\\guiv2\\node_modules\\jest-circus\\build\\jestAdapterInit.js:761:3)\n    at runAndTransformResultsToJestFormat (D:\\Scripts\\UserMandA\\guiv2\\node_modules\\jest-circus\\build\\jestAdapterInit.js:1918:21)\n    at jestAdapter (D:\\Scripts\\UserMandA\\guiv2\\node_modules\\jest-circus\\build\\runner.js:101:19)\n    at runTestInternal (D:\\Scripts\\UserMandA\\guiv2\\node_modules\\jest-runner\\build\\index.js:275:16)\n    at runTest (D:\\Scripts\\UserMandA\\guiv2\\node_modules\\jest-runner\\build\\index.js:343:7)"],"fullName":"OverviewView Item Selection allows selecting items","invocations":1,"location":null,"numPassingAsserts":0,"retryReasons":[],"startAt":1761247551145,"status":"failed","title":"allows selecting items"},{"ancestorTitles":["OverviewView","Item Selection"],"duration":2,"failing":false,"failureDetails":[{"matcherResult":{"message":"expect(received).toBeTruthy()\n\nReceived: null","pass":false}}],"failureMessages":["Error: expect(received).toBeTruthy()\n\nReceived: null\n    at Object.toBeTruthy (D:\\Scripts\\UserMa
[...]
 Received has value: null\n\n    \u001b[0m \u001b[90m 266 |\u001b[39m       \u001b[36mconst\u001b[39m { container } \u001b[33m=\u001b[39m renderWithRouter(\u001b[33m<\u001b[39m\u001b[33mOverviewView\u001b[39m \u001b[33m/\u001b[39m\u001b[33m>\u001b[39m)\u001b[33m;\u001b[39m\n     \u001b[90m 267 |\u001b[39m       \u001b[36mconst\u001b[39m alert \u001b[33m=\u001b[39m container\u001b[33m.\u001b[39mquerySelector(\u001b[32m'[role=\"alert\"]'\u001b[39m)\u001b[33m;\u001b[39m\n    \u001b[31m\u001b[1m>\u001b[22m\u001b[39m\u001b[90m 268 |\u001b[39m       expect(alert)\u001b[33m.\u001b[39mtoBeInTheDocument()\u001b[33m;\u001b[39m\n     \u001b[90m     |\u001b[39m                     \u001b[31m\u001b[1m^\u001b[22m\u001b[39m\n     \u001b[90m 269 |\u001b[39m     })\u001b[33m;\u001b[39m\n     \u001b[90m 270 |\u001b[39m   })\u001b[33m;\u001b[39m\n     \u001b[90m 271 |\u001b[39m\u001b[0m\n\n      at __EXTERNAL_MATCHER_TRAP__ (node_modules/expect/build/index.js:2240:22)\n      at Object.throwingMatcher [as toBeInTheDocument] (node_modules/expect/build/index.js:2241:6)\n      at Object.toBeInTheDocument (src/renderer/views/overview/OverviewView.test.tsx:268:21)\n\n  ● OverviewView › Accessibility › has accessible data-cy attributes\n\n    TestingLibraryElementError: Unable to find an element by: [data-cy=\"overview-view\"]\n\n    Ignored nodes: comments, script, style\n    \u001b[36m<body>\u001b[39m\n      \u001b[36m<div>\u001b[39m\n        \u001b[36m<div\u001b[39m\n          \u001b[33mclass\u001b[39m=\u001b[32m\"flex items-center justify-center h-full min-h-[600px]\"\u001b[39m\n        \u001b[36m>\u001b[39m\n          \u001b[36m<div\u001b[39m\n            \u001b[33mclass\u001b[39m=\u001b[32m\"text-center\"\u001b[39m\n          \u001b[36m>\u001b[39m\n            \u001b[36m<span\u001b[39m\n              \u001b[33maria-label\u001b[39m=\u001b[32m\"Loading...\"\u001b[39m\n              \u001b[33mclass\u001b[39m=\u001b[32m\"mx-auto mb-4\"\u001b[39m\n              \u001b[33mrole\u001b[39m=\u001b[32m\"status\"\u001b[39m\n            \u001b[36m>\u001b[39m\n              \u001b[36m<svg\u001b[39m\n                \u001b[33maria-hidden\u001b[39m=\u001b[32m\"true\"\u001b[39m\n                \u001b[33mclass\u001b[39m=\u001b[32m\"lucide lucide-loader-circle animate-spin text-blue-600 dark:text-blue-400\"\u001b[39m\n                \u001b[33mfill\u001b[39m=\u001b[32m\"none\"\u001b[39m\n                \u001b[33mheight\u001b[39m=\u001b[32m\"32\"\u001b[39m\n                \u001b[33mstroke\u001b[39m=\u001b[32m\"currentColor\"\u001b[39m\n                \u001b[33mstroke-linecap\u001b[39m=\u001b[32m\"round\"\u001b[39m\n                \u001b[33mstroke-linejoin\u001b[39m=\u001b[32m\"round\"\u001b[39m\n                \u001b[33mstroke-width\u001b[39m=\u001b[32m\"2\"\u001b[39m\n                \u001b[33mviewBox\u001b[39m=\u001b[32m\"0 0 24 24\"\u001b[39m\n                \u001b[33mwidth\u001b[39m=\u001b[32m\"32\"\u001b[39m\n                \u001b[33mxmlns\u001b[39m=\u001b[32m\"http://www.w3.org/2000/svg\"\u001b[39m\n              \u001b[36m>\u001b[39m\n                \u001b[36m<path\u001b[39m\n                  \u001b[33md\u001b[39m=\u001b[32m\"M21 12a9 9 0 1 1-6.219-8.56\"\u001b[39m\n                \u001b[36m/>\u001b[39m\n              \u001b[36m</svg>\u001b[39m\n              \u001b[36m<span\u001b[39m\n                \u001b[33mclass\u001b[39m=\u001b[32m\"sr-only\"\u001b[39m\n              \u001b[36m>\u001b[39m\n                \u001b[0mLoading...\u001b[0m\n              \u001b[36m</span>\u001b[39m\n            \u001b[36m</span>\u001b[39m\n            \u001b[36m<p\u001b[39m\n              \u001b[33mclass\u001b[39m=\u001b[32m\"text-[var(--text-secondary)]\"\u001b[39m\n            \u001b[36m>\u001b[39m\n              \u001b[0mLoading dashboard...\u001b[0m\n            \u001b[36m</p>\u001b[39m\n          \u001b[36m</div>\u001b[39m\n        \u001b[36m</div>\u001b[39m\n      \u001b[36m</div>\u001b[39m\n    \u001b[36m</body>\u001b[39m\n\n    \u001b[0m \u001b[90m 277 |\u001b[39m     it(\u001b[32m'has accessible data-cy attributes'\u001b[39m\u001b[33m,\u001b[39m () \u001b[33m=>\u001b[39m {\n     \u001b[90m 278 |\u001b[39m       renderWithRouter(\u001b[33m<\u001b[39m\u001b[33mOverviewView\u001b[39m \u001b[33m/\u001b[39m\u001b[33m>\u001b[39m)\u001b[33m;\u001b[39m\n    \u001b[31m\u001b[1m>\u001b[22m\u001b[39m\u001b[90m 279 |\u001b[39m       expect(screen\u001b[33m.\u001b[39mgetByTestId(\u001b[32m'overview-view'\u001b[39m))\u001b[33m.\u001b[39mtoBeInTheDocument()\u001b[33m;\u001b[39m\n     \u001b[90m     |\u001b[39m                     \u001b[31m\u001b[1m^\u001b[22m\u001b[39m\n     \u001b[90m 280 |\u001b[39m     })\u001b[33m;\u001b[39m\n     \u001b[90m 281 |\u001b[39m\n     \u001b[90m 282 |\u001b[39m     it(\u001b[32m'has accessible button labels'\u001b[39m\u001b[33m,\u001b[39m () \u001b[33m=>\u001b[39m {\u001b[0m\n\n      at Object.getElementError (node_modules/@testing-library/dom/dist/config.js:37:19)\n      at node_modules/@testing-library/dom/dist/query-helpers.js:76:38\n      at node_modules/@testing-library/dom/dist/query-helpers.js:52:17\n      at node_modules/@testing-library/dom/dist/query-helpers.js:95:19\n      at Object.getByTestId (src/renderer/views/overview/OverviewView.test.tsx:279:21)\n\n  ● OverviewView › Accessibility › has accessible button labels\n\n    TestingLibraryElementError: Unable to find an accessible element with the role \"button\"\n\n    Here are the accessible roles:\n\n      status:\n\n      Name \"Loading...\":\n      \u001b[36m<span\u001b[39m\n        \u001b[33maria-label\u001b[39m=\u001b[32m\"Loading...\"\u001b[39m\n        \u001b[33mclass\u001b[39m=\u001b[32m\"mx-auto mb-4\"\u001b[39m\n        \u001b[33mrole\u001b[39m=\u001b[32m\"status\"\u001b[39m\n      \u001b[36m/>\u001b[39m\n\n      --------------------------------------------------\n      paragraph:\n\n      Name \"\":\n      \u001b[36m<p\u001b[39m\n        \u001b[33mclass\u001b[39m=\u001b[32m\"text-[var(--text-secondary)]\"\u001b[39m\n      \u001b[36m/>\u001b[39m\n\n      --------------------------------------------------\n\n    Ignored nodes: comments, script, style\n    \u001b[36m<body>\u001b[39m\n      \u001b[36m<div>\u001b[39m\n        \u001b[36m<div\u001b[39m\n          \u001b[33mclass\u001b[39m=\u001b[32m\"flex items-center justify-center h-full min-h-[600px]\"\u001b[39m\n        \u001b[36m>\u001b[39m\n          \u001b[36m<div\u001b[39m\n            \u001b[33mclass\u001b[39m=\u001b[32m\"text-center\"\u001b[39m\n          \u001b[36m>\u001b[39m\n            \u001b[36m<span\u001b[39m\n              \u001b[33maria-label\u001b[39m=\u001b[32m\"Loading...\"\u001b[39m\n              \u001b[33mclass\u001b[39m=\u001b[32m\"mx-auto mb-4\"\u001b[39m\n              \u001b[33mrole\u001b[39m=\u001b[32m\"status\"\u001b[39m\n            \u001b[36m>\u001b[39m\n              \u001b[36m<svg\u001b[39m\n                \u001b[33maria-hidden\u001b[39m=\u001b[32m\"true\"\u001b[39m\n                \u001b[33mclass\u001b[39m=\u001b[32m\"lucide lucide-loader-circle animate-spin text-blue-600 dark:text-blue-400\"\u001b[39m\n                \u001b[33mfill\u001b[39m=\u001b[32m\"none\"\u001b[39m\n                \u001b[33mheight\u001b[39m=\u001b[32m\"32\"\u001b[39m\n                \u001b[33mstroke\u001b[39m=\u001b[32m\"currentColor\"\u001b[39m\n                \u001b[33mstroke-linecap\u001b[39m=\u001b[32m\"round\"\u001b[39m\n                \u001b[33mstroke-linejoin\u001b[39m=\u001b[32m\"round\"\u001b[39m\n                \u001b[33mstroke-width\u001b[39m=\u001b[32m\"2\"\u001b[39m\n                \u001b[33mviewBox\u001b[39m=\u001b[32m\"0 0 24 24\"\u001b[39m\n                \u001b[33mwidth\u001b[39m=\u001b[32m\"32\"\u001b[39m\n                \u001b[33mxmlns\u001b[39m=\u001b[32m\"http://www.w3.org/2000/svg\"\u001b[39m\n              \u001b[36m>\u001b[39m\n                \u001b[36m<path\u001b[39m\n                  \u001b[33md\u001b[39m=\u001b[32m\"M21 12a9 9 0 1 1-6.219-8.56\"\u001b[39m\n                \u001b[36m/>\u001b[39m\n              \u001b[36m</svg>\u001b[39m\n              \u001b[36m<span\u001b[39m\n                \u001b[33mclass\u001b[39m=\u001b[32m\"sr-only\"\u001b[39m\n              \u001b[36m>\u001b[39m\n                \u001b[0mLoading...\u001b[0m\n              \u001b[36m</span>\u001b[39m\n            \u001b[36m</span>\u001b[39m\n            \u001b[36m<p\u001b[39m\n              \u001b[33mclass\u001b[39m=\u001b[32m\"text-[var(--text-secondary)]\"\u001b[39m\n            \u001b[36m>\u001b[39m\n              \u001b[0mLoading dashboard...\u001b[0m\n            \u001b[36m</p>\u001b[39m\n          \u001b[36m</div>\u001b[39m\n        \u001b[36m</div>\u001b[39m\n      \u001b[36m</div>\u001b[39m\n    \u001b[36m</body>\u001b[39m\n\n    \u001b[0m \u001b[90m 282 |\u001b[39m     it(\u001b[32m'has accessible button labels'\u001b[39m\u001b[33m,\u001b[39m () \u001b[33m=>\u001b[39m {\n     \u001b[90m 283 |\u001b[39m       renderWithRouter(\u001b[33m<\u001b[39m\u001b[33mOverviewView\u001b[39m \u001b[33m/\u001b[39m\u001b[33m>\u001b[39m)\u001b[33m;\u001b[39m\n    \u001b[31m\u001b[1m>\u001b[22m\u001b[39m\u001b[90m 284 |\u001b[39m       \u001b[36mconst\u001b[39m buttons \u001b[33m=\u001b[39m screen\u001b[33m.\u001b[39mgetAllByRole(\u001b[32m'button'\u001b[39m)\u001b[33m;\u001b[39m\n     \u001b[90m     |\u001b[39m                              \u001b[31m\u001b[1m^\u001b[22m\u001b[39m\n     \u001b[90m 285 |\u001b[39m       buttons\u001b[33m.\u001b[39mforEach(button \u001b[33m=>\u001b[39m {\n     \u001b[90m 286 |\u001b[39m         \u001b[90m// Each button should have accessible text or aria-label\u001b[39m\n     \u001b[90m 287 |\u001b[39m         \u001b[36mconst\u001b[39m hasText \u001b[33m=\u001b[39m button\u001b[33m.\u001b[39mtextContent \u001b[33m&&\u001b[39m button\u001b[33m.\u001b[39mtextContent\u001b[33m.\u001b[39mlength \u001b[33m>\u001b[39m \u001b[35m0\u001b[39m\u001b[33m;\u001b[39m\u001b[0m\n\n      at Object.getElementError (node_modules/@testing-library/dom/dist/config.js:37:19)\n      at node_modules/@testing-library/dom/dist/query-helpers.js:76:38\n      at node_modules/@testing-library/dom/dist/query-helpers.js:109:15\n      at Object.getAllByRole (src/renderer/views/overview/OverviewView.test.tsx:284:30)\n\n  ● OverviewView › Accessibility › has proper heading structure\n\n    TestingLibraryElementError: Unable to find an accessible element with the role \"heading\"\n\n    Here are the accessible roles:\n\n      status:\n\n      Name \"Loading...\":\n      \u001b[36m<span\u001b[39m\n        \u001b[33maria-label\u001b[39m=\u001b[32m\"Loading...\"\u001b[39m\n        \u001b[33mclass\u001b[39m=\u001b[32m\"mx-auto mb-4\"\u001b[39m\n        \u001b[33mrole\u001b[39m=\u001b[32m\"status\"\u001b[39m\n      \u001b[36m/>\u001b[39m\n\n      --------------------------------------------------\n      paragraph:\n\n      Name \"\":\n      \u001b[36m<p\u001b[39m\n        \u001b[33mclass\u001b[39m=\u001b[32m\"text-[var(--text-secondary)]\"\u001b[39m\n      \u001b[36m/>\u001b[39m\n\n      --------------------------------------------------\n\n    Ignored nodes: comments, script, style\n    \u001b[36m<body>\u001b[39m\n      \u001b[36m<div>\u001b[39m\n        \u001b[36m<div\u001b[39m\n          \u001b[33mclass\u001b[39m=\u001b[32m\"flex items-center justify-center h-full min-h-[600px]\"\u001b[39m\n        \u001b[36m>\u001b[39m\n          \u001b[36m<div\u001b[39m\n            \u001b[33mclass\u001b[39m=\u001b[32m\"text-center\"\u001b[39m\n          \u001b[36m>\u001b[39m\n            \u001b[36m<span\u001b[39m\n              \u001b[33maria-label\u001b[39m=\u001b[32m\"Loading...\"\u001b[39m\n              \u001b[33mclass\u001b[39m=\u001b[32m\"mx-auto mb-4\"\u001b[39m\n              \u001b[33mrole\u001b[39m=\u001b[32m\"status\"\u001b[39m\n            \u001b[36m>\u001b[39m\n              \u001b[36m<svg\u001b[39m\n                \u001b[33maria-hidden\u001b[39m=\u001b[32m\"true\"\u001b[39m\n                \u001b[33mclass\u001b[39m=\u001b[32m\"lucide lucide-loader-circle animate-spin text-blue-600 dark:text-blue-400\"\u001b[39m\n                \u001b[33mfill\u001b[39m=\u001b[32m\"none\"\u001b[39m\n                \u001b[33mheight\u001b[39m=\u001b[32m\"32\"\u001b[39m\n                \u001b[33mstroke\u001b[39m=\u001b[32m\"currentColor\"\u001b[39m\n                \u001b[33mstroke-linecap\u001b[39m=\u001b[32m\"round\"\u001b[39m\n                \u001b[33mstroke-linejoin\u001b[39m=\u001b[32m\"round\"\u001b[39m\n                \u001b[33mstroke-width\u001b[39m=\u001b[32m\"2\"\u001b[39m\n                \u001b[33mviewBox\u001b[39m=\u001b[32m\"0 0 24 24\"\u001b[39m\n                \u001b[33mwidth\u001b[39m=\u001b[32m\"32\"\u001b[39m\n                \u001b[33mxmlns\u001b[39m=\u001b[32m\"http://www.w3.org/2000/svg\"\u001b[39m\n              \u001b[36m>\u001b[39m\n                \u001b[36m<path\u001b[39m\n                  \u001b[33md\u001b[39m=\u001b[32m\"M21 12a9 9 0 1 1-6.219-8.56\"\u001b[39m\n                \u001b[36m/>\u001b[39m\n              \u001b[36m</svg>\u001b[39m\n              \u001b[36m<span\u001b[39m\n                \u001b[33mclass\u001b[39m=\u001b[32m\"sr-only\"\u001b[39m\n              \u001b[36m>\u001b[39m\n                \u001b[0mLoading...\u001b[0m\n              \u001b[36m</span>\u001b[39m\n            \u001b[36m</span>\u001b[39m\n            \u001b[36m<p\u001b[39m\n              \u001b[33mclass\u001b[39m=\u001b[32m\"text-[var(--text-secondary)]\"\u001b[39m\n            \u001b[36m>\u001b[39m\n              \u001b[0mLoading dashboard...\u001b[0m\n            \u001b[36m</p>\u001b[39m\n          \u001b[36m</div>\u001b[39m\n        \u001b[36m</div>\u001b[39m\n      \u001b[36m</div>\u001b[39m\n    \u001b[36m</body>\u001b[39m\n\n    \u001b[0m \u001b[90m 293 |\u001b[39m     it(\u001b[32m'has proper heading structure'\u001b[39m\u001b[33m,\u001b[39m () \u001b[33m=>\u001b[39m {\n     \u001b[90m 294 |\u001b[39m       renderWithRouter(\u001b[33m<\u001b[39m\u001b[33mOverviewView\u001b[39m \u001b[33m/\u001b[39m\u001b[33m>\u001b[39m)\u001b[33m;\u001b[39m\n    \u001b[31m\u001b[1m>\u001b[22m\u001b[39m\u001b[90m 295 |\u001b[39m       \u001b[36mconst\u001b[39m headings \u001b[33m=\u001b[39m screen\u001b[33m.\u001b[39mgetAllByRole(\u001b[32m'heading'\u001b[39m)\u001b[33m;\u001b[39m\n     \u001b[90m     |\u001b[39m                               \u001b[31m\u001b[1m^\u001b[22m\u001b[39m\n     \u001b[90m 296 |\u001b[39m       expect(headings\u001b[33m.\u001b[39mlength)\u001b[33m.\u001b[39mtoBeGreaterThan(\u001b[35m0\u001b[39m)\u001b[33m;\u001b[39m\n     \u001b[90m 297 |\u001b[39m     })\u001b[33m;\u001b[39m\n     \u001b[90m 298 |\u001b[39m   })\u001b[33m;\u001b[39m\u001b[0m\n\n      at Object.getElementError (node_modules/@testing-library/dom/dist/config.js:37:19)\n      at node_modules/@testing-library/dom/dist/query-helpers.js:76:38\n      at node_modules/@testing-library/dom/dist/query-helpers.js:109:15\n      at Object.getAllByRole (src/renderer/views/overview/OverviewView.test.tsx:295:31)\n\n  ● OverviewView › Integration › handles complete workflow\n\n    expect(received).toBeInTheDocument()\n\n    received value must be an HTMLElement or an SVGElement.\n    Received has type:  boolean\n    Received has value: true\n\n    \u001b[0m \u001b[90m 315 |\u001b[39m\n     \u001b[90m 316 |\u001b[39m       \u001b[36mconst\u001b[39m { rerender } \u001b[33m=\u001b[39m renderWithRouter(\u001b[33m<\u001b[39m\u001b[33mOverviewView\u001b[39m \u001b[33m/\u001b[39m\u001b[33m>\u001b[39m)\u001b[33m;\u001b[39m\n    \u001b[31m\u001b[1m>\u001b[22m\u001b[39m\u001b[90m 317 |\u001b[39m       expect(screen\u001b[33m.\u001b[39mqueryAllByRole(\u001b[32m'status'\u001b[39m)\u001b[33m.\u001b[39mlength \u001b[33m>\u001b[39m \u001b[35m0\u001b[39m \u001b[33m||\u001b[39m screen\u001b[33m.\u001b[39mqueryByText(\u001b[35m/loading/i\u001b[39m))\u001b[33m.\u001b[39mtoBeInTheDocument()\u001b[33m;\u001b[39m\n     \u001b[90m     |\u001b[39m                                                                                            \u001b[31m\u001b[1m^\u001b[22m\u001b[39m\n     \u001b[90m 318 |\u001b[39m\n     \u001b[90m 319 |\u001b[39m       \u001b[90m// Data loaded\u001b[39m\n     \u001b[90m 320 |\u001b[39m       useOverviewLogic\u001b[33m.\u001b[39mmockReturnValue({\u001b[0m\n\n      at __EXTERNAL_MATCHER_TRAP__ (node_modules/expect/build/index.js:2240:22)\n      at Object.throwingMatcher [as toBeInTheDocument] (node_modules/expect/build/index.js:2241:6)\n      at Object.toBeInTheDocument (src/renderer/views/overview/OverviewView.test.tsx:317:92)\n","name":"D:\\Scripts\\UserMandA\\guiv2\\src\\renderer\\views\\overview\\OverviewView.test.tsx","startTime":1761247550785,"status":"failed","summary":""},{"assertionResults":[],"coverage":{},"endTime":1761247551335,"message":"  ● Test suite failed to run\n\n    Jest encountered an unexpected token\n\n    Jest failed to parse a file. This happens e.g. when your code or its dependencies use non-standard JavaScript syntax, or when Jest is not configured to support such syntax.\n\n    Out of the box Jest supports Babel, which will be used to transform your files into valid JS based on your Babel configuration.\n\n    By default \"node_modules\" folder is ignored by transformers.\n\n    Here's what you can do:\n     • If you are trying to use ECMAScript Modules, see https://jestjs.io/docs/ecmascript-modules for how to enable it.\n     • If you are trying to use TypeScript, see https://jestjs.io/docs/getting-started#using-typescript\n     • To have some of your \"node_modules\" files transformed, you can specify a custom \"transformIgnorePatterns\" in your config.\n     • If you need a custom transformation, specify a \"transform\" option in your config.\n     • If you simply want to mock your non-JS modules (e.g. binary assets) you can stub them out with the \"moduleNameMapper\" config option.\n\n    You'll find more details and examples of these config options in the docs:\n    https://jestjs.io/docs/configuration\n    For information about custom transformations, see:\n    https://jestjs.io/docs/code-transformation\n\n    Details:\n\n    D:\\Scripts\\UserMandA\\guiv2\\node_modules\\react-dnd\\dist\\index.js:1\n    export * from './core/index.js';\n    ^^^^^^\n\n    SyntaxError: Unexpected token 'export'\n\n    \u001b[0m \u001b[90m  8 |\u001b[39m \u001b[36mimport\u001b[39m \u001b[33mReact\u001b[39m\u001b[33m,\u001b[39m { useMemo } \u001b[36mfrom\u001b[39m \u001b[32m'react'\u001b[39m\u001b[33m;\u001b[39m\n     \u001b[90m  9 |\u001b[39m \u001b[36mimport\u001b[39m { useNavigate } \u001b[36mfrom\u001b[39m \u001b[32m'react-router-dom'\u001b[39m\u001b[33m;\u001b[39m\n    \u001b[31m\u001b[1m>\u001b[22m\u001b[39m\u001b[90m 10 |\u001b[39m \u001b[36mimport\u001b[39m { useDrag\u001b[33m,\u001b[39m \u001b[33mDragSourceMonitor\u001b[39m } \u001b[36mfrom\u001b[39m \u001b[32m'react-dnd'\u001b[39m\u001b[33m;\u001b[39m\n     \u001b[90m    |\u001b[39m \u001b[31m\u001b[1m^\u001b[22m\u001b[39m\n     \u001b[90m 11 |\u001b[39m \u001b[36mimport\u001b[39m { clsx } \u001b[36mfrom\u001b[39m \u001b[32m'clsx'\u001b[39m\u001b[33m;\u001b[39m\n     \u001b[90m 12 |\u001b[39m \u001b[36mimport\u001b[39m { \u001b[33mDownload\u001b[39m\u001b[33m,\u001b[39m \u001b[33mTrash2\u001b[39m\u001b[33m,\u001b[39m \u001b[33mRefreshCw\u001b[39m\u001b[33m,\u001b[39m \u001b[33mUsers\u001b[39m\u001b[33m,\u001b[39m \u001b[33mPlus\u001b[39m\u001b[33m,\u001b[39m \u001b[33mEye\u001b[39m\u001b[33m,\u001b[39m \u001b[33mGripVertical\u001b[39m } \u001b[36mfrom\u001b[39m \u001b[32m'lucide-react'\u001b[39m\u001b[33m;\u001b[39m\n     \u001b[90m 13 |\u001b[39m\u001b[0m\n\n      at Runtime.createScriptFromCode (node_modules/jest-runtime/build/index.js:1318:40)\n      at Object.require (src/renderer/views/groups/GroupsView.tsx:10:1)\n      at Object.require (src/renderer/views/groups/GroupsView.test.tsx:19:1)\n","name":"D:\\Scripts\\UserMandA\\guiv2\\src\\renderer\\views\\groups\\GroupsView.test.tsx","startTime":1761247551335,"status":"failed","summary":""}],"wasInterrupted":false}
