[2025-06-06 01:39:27] [INFO] [LoggerInit] Logging system initialized. LogLevel: INFO. LogFile: .\TestErrorReports\MandADiscoverySuite_TestCompany_20250606_013927.log
[2025-06-06 01:39:27] [DEBUG] [Logger] Checking for log files older than 30 days in '.\TestErrorReports'...
[2025-06-06 01:39:27] [INFO] [Logger] No log files found older than 30 days.
[2025-06-06 01:39:27] [SUCCESS] [TestSetup] Test environment initialized successfully
[2025-06-06 01:39:27] [HEADER] [TestRunner] Starting error reporting tests...
[2025-06-06 01:39:27] [INFO] [ErrorReportTest] Testing error report generation...
[2025-06-06 01:39:27] [DEBUG] [TestData] Creating test phase result for: TestDiscovery
[2025-06-06 01:39:27] [ERROR] [ErrorReportTest] Error report generation test failed: Unable to find type [DiscoveryResult].
[2025-06-06 01:39:27] [INFO] [PhaseReportTest] Testing phase-specific error reporting...
[2025-06-06 01:39:27] [DEBUG] [PhaseReportTest] Testing phase: Discovery
[2025-06-06 01:39:27] [DEBUG] [TestData] Creating test phase result for: Discovery
[2025-06-06 01:39:27] [ERROR] [PhaseReportTest] Phase-specific reporting test failed: Unable to find type [DiscoveryResult].
[2025-06-06 01:39:27] [INFO] [AnalysisTest] Testing error analysis functionality...
[2025-06-06 01:39:27] [DEBUG] [TestData] Creating test phase result for: AnalysisTest
[2025-06-06 01:39:27] [ERROR] [AnalysisTest] Error analysis test failed: Unable to find type [DiscoveryResult].
[2025-06-06 01:39:27] [INFO] [FormatTest] Testing export formats...
[2025-06-06 01:39:27] [DEBUG] [TestData] Creating test phase result for: FormatTest
[2025-06-06 01:39:27] [ERROR] [FormatTest] Export format test failed: Unable to find type [DiscoveryResult].
[2025-06-06 01:39:27] [INFO] [ContextTest] Testing error context integration...
[2025-06-06 01:39:27] [ERROR] [ContextTest] Error context integration test failed: The term 'Add-ErrorContext' is not recognized as the name of a cmdlet, function, script file, or operable program. Check the spelling of the name, or if a path was included, verify that the path is correct and try again.
[2025-06-06 01:39:27] [HEADER] [TestSummary] Test Results Summary
[2025-06-06 01:39:27] [INFO] [TestSummary] Total Tests: 5
[2025-06-06 01:39:27] [SUCCESS] [TestSummary] Passed: 0
[2025-06-06 01:39:27] [ERROR] [TestSummary] Failed: 5
[2025-06-06 01:39:27] [ERROR] [TestSummary] Success Rate: 0%
[2025-06-06 01:39:27] [INFO] [TestSummary] Individual Test Results:
[2025-06-06 01:39:27] [ERROR] [TestSummary]   BasicErrorReporting: FAIL
[2025-06-06 01:39:27] [ERROR] [TestSummary]   ExportFormats: FAIL
[2025-06-06 01:39:27] [ERROR] [TestSummary]   ErrorAnalysis: FAIL
[2025-06-06 01:39:27] [ERROR] [TestSummary]   PhaseSpecificReporting: FAIL
[2025-06-06 01:39:27] [ERROR] [TestSummary]   ErrorContextIntegration: FAIL
[2025-06-06 01:39:27] [WARN] [TestSummary] Some tests failed. Please review the error messages above.
[2025-06-06 01:39:27] [INFO] [TestSummary] Test output files generated: 1 files in .\TestErrorReports
